[ 2018-04-07T00:04:47+08:00 ] 127.0.0.1 /index.php/Home/Index/misc.php?mod=seccode&update=62321&idhash=cSAxQz88h
ERR: 非法操作:misc.php

[ 2018-04-07T00:04:48+08:00 ] 127.0.0.1 /index.php/Home/Index/static/js/common_extra.js?p2Z
ERR: 非法操作:static

[ 2018-04-07T00:09:01+08:00 ] 127.0.0.1 /index.php/Home/Index/misc.php?mod=seccode&update=62321&idhash=cSAxQz88h
ERR: 非法操作:misc.php

[ 2018-04-07T00:09:01+08:00 ] 127.0.0.1 /index.php/Home/Index/static/js/common_extra.js?p2Z
ERR: 非法操作:static

[ 2018-04-07T00:09:05+08:00 ] 127.0.0.1 /index.php/Home/Index/misc.php?mod=seccode&update=62321&idhash=cSAxQz88h
ERR: 非法操作:misc.php

[ 2018-04-07T00:09:06+08:00 ] 127.0.0.1 /index.php/Home/Index/static/js/common_extra.js?p2Z
ERR: 非法操作:static

[ 2018-04-07T00:11:36+08:00 ] 127.0.0.1 /index.php/Home/Index/misc.php?mod=seccode&update=62321&idhash=cSAxQz88h
ERR: 非法操作:misc.php

[ 2018-04-07T00:11:36+08:00 ] 127.0.0.1 /index.php/Home/Index/static/js/common_extra.js?p2Z
ERR: 非法操作:static

[ 2018-04-07T00:11:40+08:00 ] 127.0.0.1 /index.php/Home/Index/misc.php?mod=seccode&update=62321&idhash=cSAxQz88h
ERR: 非法操作:misc.php

[ 2018-04-07T00:13:00+08:00 ] 127.0.0.1 /index.php/Home/Index/misc.php?mod=seccode&update=62321&idhash=cSAxQz88h
ERR: 非法操作:misc.php

[ 2018-04-07T00:14:55+08:00 ] 127.0.0.1 /index.php/Home/Index/misc.php?mod=seccode&update=62321&idhash=cSAxQz88h
ERR: 非法操作:misc.php

[ 2018-04-07T00:15:54+08:00 ] 127.0.0.1 /index.php/Home/Index/misc.php?mod=seccode&update=62321&idhash=cSAxQz88h
ERR: 非法操作:misc.php

[ 2018-04-07T00:16:38+08:00 ] 127.0.0.1 /index.php/Home/Index/misc.php?mod=seccode&update=62321&idhash=cSAxQz88h
ERR: 非法操作:misc.php

[ 2018-04-07T00:16:48+08:00 ] 127.0.0.1 /index.php/Home/Index/misc.php?mod=seccode&update=62321&idhash=cSAxQz88h
ERR: 非法操作:misc.php

[ 2018-04-07T00:18:29+08:00 ] 127.0.0.1 /index.php/Home/Index/misc.php?mod=seccode&update=62321&idhash=cSAxQz88h
ERR: 非法操作:misc.php

[ 2018-04-07T00:18:50+08:00 ] 127.0.0.1 /index.php/Home/Index/misc.php?mod=seccode&update=62321&idhash=cSAxQz88h
ERR: 非法操作:misc.php

[ 2018-04-07T00:18:55+08:00 ] 127.0.0.1 /index.php/Home/Index/member.php?mod=logging&action=login
ERR: 非法操作:member.php

[ 2018-04-07T00:18:58+08:00 ] 127.0.0.1 /index.php/Home/Index/misc.php?mod=seccode&update=62321&idhash=cSAxQz88h
ERR: 非法操作:misc.php

[ 2018-04-07T00:19:29+08:00 ] 127.0.0.1 /index.php/Home/Index/misc.php?mod=seccode&update=62321&idhash=cSAxQz88h
ERR: 非法操作:misc.php

[ 2018-04-07T00:21:41+08:00 ] 127.0.0.1 /index.php/Home/Index/misc.php?mod=seccode&update=62321&idhash=cSAxQz88h
ERR: 非法操作:misc.php

[ 2018-04-07T00:21:45+08:00 ] 127.0.0.1 /index.php/Home/Index/misc.php?mod=seccode&update=62321&idhash=cSAxQz88h
ERR: 非法操作:misc.php

[ 2018-04-07T00:21:50+08:00 ] 127.0.0.1 /index.php/Home/Index/misc.php?mod=seccode&update=62321&idhash=cSAxQz88h
ERR: 非法操作:misc.php

[ 2018-04-07T00:23:42+08:00 ] 127.0.0.1 /index.php/Home/Index/misc.php?mod=seccode&update=62321&idhash=cSAxQz88h
ERR: 非法操作:misc.php

[ 2018-04-07T00:23:58+08:00 ] 127.0.0.1 /index.php/Home/Index/misc.php?mod=seccode&update=62321&idhash=cSAxQz88h
ERR: 非法操作:misc.php

[ 2018-04-07T00:39:16+08:00 ] 127.0.0.1 /index.php/Home/Index/member.php?mod=logging&action=login
ERR: 非法操作:member.php

[ 2018-04-07T01:20:15+08:00 ] 127.0.0.1 /index.php/Home/Index/member.php?mod=logging&action=login
ERR: 非法操作:member.php

[ 2018-04-07T01:30:04+08:00 ] 127.0.0.1 /index.php/Home/Index/misc.php?mod=seccode&update=62321&idhash=cSAxQz88h
ERR: 非法操作:misc.php

[ 2018-04-07T01:30:54+08:00 ] 127.0.0.1 /index.php/Home/Index/misc.php?mod=seccode&update=62321&idhash=cSAxQz88h
ERR: 非法操作:misc.php

[ 2018-04-07T01:31:03+08:00 ] 127.0.0.1 /index.php/Home/Index/member.php?mod=register
ERR: 非法操作:member.php

[ 2018-04-07T01:31:06+08:00 ] 127.0.0.1 /index.php/Home/Index/misc.php?mod=seccode&update=62321&idhash=cSAxQz88h
ERR: 非法操作:misc.php

[ 2018-04-07T01:33:24+08:00 ] 127.0.0.1 /index.php/Home/Index/misc.php?mod=seccode&update=62321&idhash=cSAxQz88h
ERR: 非法操作:misc.php

[ 2018-04-07T01:35:23+08:00 ] 127.0.0.1 /index.php/Home/Index/misc.php?mod=seccode&update=84124&idhash=cSAxQz88h
ERR: 非法操作:misc.php

[ 2018-04-07T01:35:28+08:00 ] 127.0.0.1 /index.php/Home/Index/misc.php?mod=seccode&update=84124&idhash=cSAxQz88h
ERR: 非法操作:misc.php

[ 2018-04-07T01:35:50+08:00 ] 127.0.0.1 /index.php/Home/Index/misc.php?mod=seccode&update=84124&idhash=cSAxQz88h
ERR: 非法操作:misc.php

[ 2018-04-07T01:35:53+08:00 ] 127.0.0.1 /index.php/Home/Index/misc.php?mod=seccode&update=84124&idhash=cSAxQz88h
ERR: 非法操作:misc.php

[ 2018-04-07T01:36:44+08:00 ] 127.0.0.1 /index.php/Home/Index/misc.php?mod=seccode&update=84124&idhash=cSAxQz88h
ERR: 非法操作:misc.php

[ 2018-04-07T01:44:53+08:00 ] 127.0.0.1 /index.php/Home/Index/misc.php?mod=seccode&update=84124&idhash=cSAxQz88h
ERR: 非法操作:misc.php

[ 2018-04-07T01:46:28+08:00 ] 127.0.0.1 /index.php/Home/Index/misc.php?mod=seccode&update=84124&idhash=cSAxQz88h
ERR: 非法操作:misc.php

[ 2018-04-07T01:47:14+08:00 ] 127.0.0.1 /index.php/Home/Index/misc.php?mod=seccode&update=08608&idhash=cSAxQz88h
ERR: 非法操作:misc.php

[ 2018-04-07T01:47:28+08:00 ] 127.0.0.1 /index.php/Home/Index/misc.php?mod=seccode&update=08608&idhash=cSAxQz88h
ERR: 非法操作:misc.php

[ 2018-04-07T01:47:32+08:00 ] 127.0.0.1 /index.php/Home/Index/misc.php?mod=seccode&update=08608&idhash=cSAxQz88h
ERR: 非法操作:misc.php

[ 2018-04-07T01:47:59+08:00 ] 127.0.0.1 /index.php/Home/Index/misc.php?mod=seccode&update=08608&idhash=cSAxQz88h
ERR: 非法操作:misc.php

[ 2018-04-07T01:48:02+08:00 ] 127.0.0.1 /index.php/Home/Index/misc.php?mod=seccode&update=08608&idhash=cSAxQz88h
ERR: 非法操作:misc.php

[ 2018-04-07T01:48:05+08:00 ] 127.0.0.1 /index.php/Home/Index/misc.php?mod=seccode&update=08608&idhash=cSAxQz88h
ERR: 非法操作:misc.php

[ 2018-04-07T01:48:26+08:00 ] 127.0.0.1 /index.php/Home/Index/misc.php?mod=seccode&update=08608&idhash=cSAxQz88h
ERR: 非法操作:misc.php

[ 2018-04-07T01:49:45+08:00 ] 127.0.0.1 /index.php/Home/Index/misc.php?mod=seccode&update=08608&idhash=cSAxQz88h
ERR: 非法操作:misc.php

[ 2018-04-07T01:50:15+08:00 ] 127.0.0.1 /index.php/Home/Index/misc.php?mod=seccode&update=08608&idhash=cSAxQz88h
ERR: 非法操作:misc.php

[ 2018-04-07T01:51:56+08:00 ] 127.0.0.1 /index.php/Home/Index/misc.php?mod=seccode&update=08608&idhash=cSAxQz88h
ERR: 非法操作:misc.php

[ 2018-04-07T01:53:23+08:00 ] 127.0.0.1 /index.php/Home/Index/misc.php?mod=seccode&update=08608&idhash=cSAxQz88h
ERR: 非法操作:misc.php

[ 2018-04-07T01:54:20+08:00 ] 127.0.0.1 /index.php/Home/Index/member.php?mod=register
ERR: 非法操作:member.php

[ 2018-04-07T01:54:23+08:00 ] 127.0.0.1 /index.php/Home/Index/misc.php?mod=seccode&update=08608&idhash=cSAxQz88h
ERR: 非法操作:misc.php

[ 2018-04-07T01:56:11+08:00 ] 127.0.0.1 /index.php/home/index/misc.php?mod=seccode&update=08608&idhash=cSAxQz88h
ERR: 非法操作:misc.php

[ 2018-04-07T01:56:15+08:00 ] 127.0.0.1 /index.php/home/index/misc.php?mod=seccode&update=08608&idhash=cSAxQz88h
ERR: 非法操作:misc.php

[ 2018-04-07T01:56:56+08:00 ] 127.0.0.1 /index.php/home/index/static//Public/Home/js/ajax.js?p2Z
ERR: 非法操作:static

[ 2018-04-07T01:58:39+08:00 ] 127.0.0.1 /index.php/home/index/misc.php?mod=seccode&update=08608&idhash=cSAxQz88h
ERR: 非法操作:misc.php

[ 2018-04-07T01:58:47+08:00 ] 127.0.0.1 /index.php/home/index/static//Public/Home/js/ajax.js?p2Z
ERR: 非法操作:static

[ 2018-04-07T01:59:58+08:00 ] 127.0.0.1 /index.php/home/index/misc.php?mod=seccode&update=08608&idhash=cSAxQz88h
ERR: 非法操作:misc.php

[ 2018-04-07T02:00:05+08:00 ] 127.0.0.1 /index.php/home/index/member.php?mod=logging&action=login&loginsubmit=yes&handlekey=login&loginhash=Lp1K8
ERR: 非法操作:member.php

[ 2018-04-07T02:00:07+08:00 ] 127.0.0.1 /index.php/home/index/misc.php?mod=seccode&update=08608&idhash=cSAxQz88h
ERR: 非法操作:misc.php

[ 2018-04-07T02:00:56+08:00 ] 127.0.0.1 /index.php/home/index/misc.php?mod=seccode&update=08608&idhash=cSAxQz88h
ERR: 非法操作:misc.php

[ 2018-04-07T02:00:59+08:00 ] 127.0.0.1 /index.php/home/index/member.php?mod=logging&action=login&loginsubmit=yes&handlekey=login&loginhash=Lp1K8
ERR: 非法操作:member.php

[ 2018-04-07T02:01:02+08:00 ] 127.0.0.1 /index.php/home/index/misc.php?mod=seccode&update=08608&idhash=cSAxQz88h
ERR: 非法操作:misc.php

[ 2018-04-07T02:01:09+08:00 ] 127.0.0.1 /index.php/home/index/misc.php?mod=seccode&update=08608&idhash=cSAxQz88h
ERR: 非法操作:misc.php

[ 2018-04-07T02:01:12+08:00 ] 127.0.0.1 /index.php/home/index/member.php?mod=logging&action=login&loginsubmit=yes&handlekey=login&loginhash=Lp1K8
ERR: 非法操作:member.php

[ 2018-04-07T02:01:14+08:00 ] 127.0.0.1 /index.php/home/index/misc.php?mod=seccode&update=08608&idhash=cSAxQz88h
ERR: 非法操作:misc.php

[ 2018-04-07T02:01:54+08:00 ] 127.0.0.1 /index.php/home/index/misc.php?mod=seccode&update=08608&idhash=cSAxQz88h
ERR: 非法操作:misc.php

[ 2018-04-07T02:05:19+08:00 ] 127.0.0.1 /index.php/home/index/misc.php?mod=seccode&update=08608&idhash=cSAxQz88h
ERR: 非法操作:misc.php

[ 2018-04-07T02:54:56+08:00 ] 127.0.0.1 /index.php/home/index/misc.php?mod=seccode&update=08608&idhash=cSAxQz88h
ERR: 非法操作:misc.php

[ 2018-04-07T02:55:11+08:00 ] 127.0.0.1 /index.php/home/index/misc.php?mod=seccode&update=08608&idhash=cSAxQz88h
ERR: 非法操作:misc.php

[ 2018-04-07T02:55:16+08:00 ] 127.0.0.1 /index.php/home/index/member.php?mod=register
ERR: 非法操作:member.php

[ 2018-04-07T02:55:18+08:00 ] 127.0.0.1 /index.php/home/index/misc.php?mod=seccode&update=08608&idhash=cSAxQz88h
ERR: 非法操作:misc.php

[ 2018-04-07T02:55:53+08:00 ] 127.0.0.1 /index.php/home/index/misc.php?mod=seccode&update=08608&idhash=cSAxQz88h
ERR: 非法操作:misc.php

[ 2018-04-07T02:56:17+08:00 ] 127.0.0.1 /index.php/home/index/misc.php?mod=seccode&update=08608&idhash=cSAxQz88h
ERR: 非法操作:misc.php

[ 2018-04-07T02:56:22+08:00 ] 127.0.0.1 /index.php/home/index/misc.php?mod=seccode&update=08608&idhash=cSAxQz88h
ERR: 非法操作:misc.php

[ 2018-04-07T02:56:46+08:00 ] 127.0.0.1 /index.php/home/index/misc.php?mod=seccode&update=08608&idhash=cSAxQz88h
ERR: 非法操作:misc.php

[ 2018-04-07T02:56:52+08:00 ] 127.0.0.1 /index.php/home/index/misc.php?mod=seccode&update=08608&idhash=cSAxQz88h
ERR: 非法操作:misc.php

[ 2018-04-07T02:57:07+08:00 ] 127.0.0.1 /index.php/home/index/misc.php?mod=seccode&update=08608&idhash=cSAxQz88h
ERR: 非法操作:misc.php

[ 2018-04-07T02:57:28+08:00 ] 127.0.0.1 /index.php/home/index/misc.php?mod=seccode&update=08608&idhash=cSAxQz88h
ERR: 非法操作:misc.php

[ 2018-04-07T02:57:39+08:00 ] 127.0.0.1 /index.php/home/index/misc.php?mod=seccode&update=08608&idhash=cSAxQz88h
ERR: 非法操作:misc.php

[ 2018-04-07T02:58:15+08:00 ] 127.0.0.1 /index.php/home/index/misc.php?mod=seccode&update=08608&idhash=cSAxQz88h
ERR: 非法操作:misc.php

[ 2018-04-07T02:58:27+08:00 ] 127.0.0.1 /index.php/home/index/misc.php?mod=seccode&update=08608&idhash=cSAxQz88h
ERR: 非法操作:misc.php

[ 2018-04-07T02:58:31+08:00 ] 127.0.0.1 /index.php/home/index/misc.php?mod=seccode&update=08608&idhash=cSAxQz88h
ERR: 非法操作:misc.php

[ 2018-04-07T02:59:00+08:00 ] 127.0.0.1 /index.php/home/index/misc.php?mod=seccode&update=08608&idhash=cSAxQz88h
ERR: 非法操作:misc.php

[ 2018-04-07T02:59:46+08:00 ] 127.0.0.1 /index.php/home/index/misc.php?mod=seccode&update=08608&idhash=cSAxQz88h
ERR: 非法操作:misc.php

[ 2018-04-07T02:59:52+08:00 ] 127.0.0.1 /index.php/home/index/misc.php?mod=seccode&update=08608&idhash=cSAxQz88h
ERR: 非法操作:misc.php

[ 2018-04-07T03:00:49+08:00 ] 127.0.0.1 /index.php/home/index/misc.php?mod=seccode&update=08608&idhash=cSAxQz88h
ERR: 非法操作:misc.php

[ 2018-04-07T03:00:57+08:00 ] 127.0.0.1 /index.php/home/index/misc.php?mod=seccode&update=08608&idhash=cSAxQz88h
ERR: 非法操作:misc.php

[ 2018-04-07T03:01:16+08:00 ] 127.0.0.1 /index.php/home/index/misc.php?mod=seccode&update=08608&idhash=cSAxQz88h
ERR: 非法操作:misc.php

[ 2018-04-07T03:01:21+08:00 ] 127.0.0.1 /index.php/home/index/misc.php?mod=seccode&update=08608&idhash=cSAxQz88h
ERR: 非法操作:misc.php

[ 2018-04-07T03:01:51+08:00 ] 127.0.0.1 /index.php/home/index/misc.php?mod=seccode&update=08608&idhash=cSAxQz88h
ERR: 非法操作:misc.php

[ 2018-04-07T03:02:20+08:00 ] 127.0.0.1 /index.php/home/index/misc.php?mod=seccode&update=08608&idhash=cSAxQz88h
ERR: 非法操作:misc.php

[ 2018-04-07T03:02:48+08:00 ] 127.0.0.1 /index.php/home/index/misc.php?mod=seccode&update=08608&idhash=cSAxQz88h
ERR: 非法操作:misc.php

[ 2018-04-07T03:03:58+08:00 ] 127.0.0.1 /index.php/home/index/misc.php?mod=seccode&update=08608&idhash=cSAxQz88h
ERR: 非法操作:misc.php

[ 2018-04-07T03:04:24+08:00 ] 127.0.0.1 /index.php/home/index/misc.php?mod=seccode&update=08608&idhash=cSAxQz88h
ERR: 非法操作:misc.php

[ 2018-04-07T03:04:26+08:00 ] 127.0.0.1 /index.php/home/index/misc.php?mod=seccode&update=08608&idhash=cSAxQz88h
ERR: 非法操作:misc.php

[ 2018-04-07T03:04:31+08:00 ] 127.0.0.1 /index.php/home/index/misc.php?mod=seccode&update=08608&idhash=cSAxQz88h
ERR: 非法操作:misc.php

[ 2018-04-07T03:04:57+08:00 ] 127.0.0.1 /index.php/home/index/misc.php?mod=seccode&update=08608&idhash=cSAxQz88h
ERR: 非法操作:misc.php

[ 2018-04-07T03:06:04+08:00 ] 127.0.0.1 /index.php/home/index/misc.php?mod=seccode&update=08608&idhash=cSAxQz88h
ERR: 非法操作:misc.php

[ 2018-04-07T03:14:28+08:00 ] 127.0.0.1 /index.php/home/index/misc.php?mod=seccode&update=08608&idhash=cSAxQz88h
ERR: 非法操作:misc.php

[ 2018-04-07T03:14:41+08:00 ] 127.0.0.1 /index.php/home/index/misc.php?mod=seccode&update=08608&idhash=cSAxQz88h
ERR: 非法操作:misc.php

[ 2018-04-07T03:15:30+08:00 ] 127.0.0.1 /index.php/home/index/misc.php?mod=seccode&update=08608&idhash=cSAxQz88h
ERR: 非法操作:misc.php

[ 2018-04-07T03:16:01+08:00 ] 127.0.0.1 /index.php/home/index/misc.php?mod=seccode&update=08608&idhash=cSAxQz88h
ERR: 非法操作:misc.php

[ 2018-04-07T03:16:19+08:00 ] 127.0.0.1 /index.php/home/index/misc.php?mod=seccode&update=08608&idhash=cSAxQz88h
ERR: 非法操作:misc.php

[ 2018-04-07T03:16:34+08:00 ] 127.0.0.1 /index.php/home/Login/login
ERR: 1146:Table 'zjbbs.bbs_login' doesn't exist
 [ SQL语句 ] : SHOW COLUMNS FROM `bbs_login`
ERR: 1146:Table 'zjbbs.bbs_login' doesn't exist
 [ SQL语句 ] : SHOW COLUMNS FROM `bbs_login`

[ 2018-04-07T03:16:43+08:00 ] 127.0.0.1 /index.php/home/Login/login
ERR: 1146:Table 'zjbbs.bbs_login' doesn't exist
 [ SQL语句 ] : SHOW COLUMNS FROM `bbs_login`
ERR: 1146:Table 'zjbbs.bbs_login' doesn't exist
 [ SQL语句 ] : SHOW COLUMNS FROM `bbs_login`

[ 2018-04-07T03:18:04+08:00 ] 127.0.0.1 /index.php/home/index/index
INFO: [ app_init ] --START--
INFO: Run Behavior\BuildLiteBehavior [ RunTime:0.000023s ]
INFO: [ app_init ] --END-- [ RunTime:0.000568s ]
INFO: [ app_begin ] --START--
INFO: Run Behavior\ReadHtmlCacheBehavior [ RunTime:0.001045s ]
INFO: [ app_begin ] --END-- [ RunTime:0.001116s ]
SQL: SHOW COLUMNS FROM `bbs_sheave` [ RunTime:0.0162s ]
SQL: SELECT * FROM `bbs_sheave` WHERE ( show_pic=0 )  [ RunTime:0.0008s ]
INFO: [ view_parse ] --START--
INFO: [ template_filter ] --START--
INFO: Run Behavior\ContentReplaceBehavior [ RunTime:0.002338s ]
INFO: [ template_filter ] --END-- [ RunTime:0.002469s ]
INFO: Run Behavior\ParseTemplateBehavior [ RunTime:0.116621s ]
INFO: [ view_parse ] --END-- [ RunTime:0.116730s ]
INFO: [ view_filter ] --START--
INFO: Run Behavior\WriteHtmlCacheBehavior [ RunTime:0.000992s ]
INFO: [ view_filter ] --END-- [ RunTime:0.001071s ]
INFO: [ app_end ] --START--
INFO: Run Behavior\ShowPageTraceBehavior [ RunTime:0.001829s ]
INFO: [ app_end ] --END-- [ RunTime:0.001984s ]

[ 2018-04-07T03:18:04+08:00 ] 127.0.0.1 /index.php/home/index/static/image/common/none.gif
INFO: [ app_init ] --START--
INFO: Run Behavior\BuildLiteBehavior [ RunTime:0.000031s ]
INFO: [ app_init ] --END-- [ RunTime:0.000780s ]

[ 2018-04-07T03:18:05+08:00 ] 127.0.0.1 /index.php/home/index/misc.php?mod=seccode&update=08608&idhash=cSAxQz88h
INFO: [ app_init ] --START--
INFO: Run Behavior\BuildLiteBehavior [ RunTime:0.000344s ]
INFO: [ app_init ] --END-- [ RunTime:0.003471s ]
INFO: [ app_begin ] --START--
INFO: Run Behavior\ReadHtmlCacheBehavior [ RunTime:0.004838s ]
INFO: [ app_begin ] --END-- [ RunTime:0.004950s ]
ERR: 非法操作:misc.php

[ 2018-04-07T03:18:13+08:00 ] 127.0.0.1 /index.php/Home/Login/login
INFO: [ app_init ] --START--
INFO: Run Behavior\BuildLiteBehavior [ RunTime:0.000033s ]
INFO: [ app_init ] --END-- [ RunTime:0.001179s ]
INFO: [ app_begin ] --START--
INFO: Run Behavior\ReadHtmlCacheBehavior [ RunTime:0.001479s ]
INFO: [ app_begin ] --END-- [ RunTime:0.001580s ]

[ 2018-04-07T03:18:21+08:00 ] 127.0.0.1 /index.php/Home/Login/login
INFO: [ app_init ] --START--
INFO: Run Behavior\BuildLiteBehavior [ RunTime:0.000016s ]
INFO: [ app_init ] --END-- [ RunTime:0.000512s ]
INFO: [ app_begin ] --START--
INFO: Run Behavior\ReadHtmlCacheBehavior [ RunTime:0.000893s ]
INFO: [ app_begin ] --END-- [ RunTime:0.000945s ]
ERR: 1146:Table 'zjbbs.bbs_login' doesn't exist
 [ SQL语句 ] : SHOW COLUMNS FROM `bbs_login`
ERR: 1146:Table 'zjbbs.bbs_login' doesn't exist
 [ SQL语句 ] : SHOW COLUMNS FROM `bbs_login`

[ 2018-04-07T03:18:56+08:00 ] 127.0.0.1 /index.php/Home/Login/login
INFO: [ app_init ] --START--
INFO: Run Behavior\BuildLiteBehavior [ RunTime:0.000021s ]
INFO: [ app_init ] --END-- [ RunTime:0.000916s ]
INFO: [ app_begin ] --START--
INFO: Run Behavior\ReadHtmlCacheBehavior [ RunTime:0.000905s ]
INFO: [ app_begin ] --END-- [ RunTime:0.000966s ]
SQL: SHOW COLUMNS FROM `bbs_user` [ RunTime:0.0231s ]
SQL: SELECT * FROM `bbs_user` WHERE `name` = '123' LIMIT 1   [ RunTime:0.0008s ]
NOTIC: [8] Undefined index: pass I:\www\bbs\Application\Home\Controller\LoginController.class.php 第 38 行.

[ 2018-04-07T03:19:43+08:00 ] 127.0.0.1 /index.php/Home/Login/login
INFO: [ app_init ] --START--
INFO: Run Behavior\BuildLiteBehavior [ RunTime:0.000022s ]
INFO: [ app_init ] --END-- [ RunTime:0.000693s ]
INFO: [ app_begin ] --START--
INFO: Run Behavior\ReadHtmlCacheBehavior [ RunTime:0.000986s ]
INFO: [ app_begin ] --END-- [ RunTime:0.001050s ]
SQL: SHOW COLUMNS FROM `bbs_user` [ RunTime:0.0050s ]
SQL: SELECT * FROM `bbs_user` WHERE `name` = '123' LIMIT 1   [ RunTime:0.0006s ]

[ 2018-04-07T03:20:26+08:00 ] 127.0.0.1 /index.php/Home/Login/login
INFO: [ app_init ] --START--
INFO: Run Behavior\BuildLiteBehavior [ RunTime:0.000017s ]
INFO: [ app_init ] --END-- [ RunTime:0.000563s ]
INFO: [ app_begin ] --START--
INFO: Run Behavior\ReadHtmlCacheBehavior [ RunTime:0.002014s ]
INFO: [ app_begin ] --END-- [ RunTime:0.002153s ]
SQL: SHOW COLUMNS FROM `bbs_user` [ RunTime:0.0144s ]
SQL: SELECT * FROM `bbs_user` WHERE `name` = '123' LIMIT 1   [ RunTime:0.0006s ]

[ 2018-04-07T03:21:02+08:00 ] 127.0.0.1 /index.php/Home/Login/login
INFO: [ app_init ] --START--
INFO: Run Behavior\BuildLiteBehavior [ RunTime:0.000014s ]
INFO: [ app_init ] --END-- [ RunTime:0.000433s ]
INFO: [ app_begin ] --START--
INFO: Run Behavior\ReadHtmlCacheBehavior [ RunTime:0.000784s ]
INFO: [ app_begin ] --END-- [ RunTime:0.000830s ]
SQL: SHOW COLUMNS FROM `bbs_user` [ RunTime:0.0120s ]
SQL: SELECT * FROM `bbs_user` WHERE `name` = '123' LIMIT 1   [ RunTime:0.0008s ]
NOTIC: [8] Undefined index: pass I:\www\bbs\Application\Home\Controller\LoginController.class.php 第 38 行.

[ 2018-04-07T03:21:28+08:00 ] 127.0.0.1 /index.php/Home/Login/login
INFO: [ app_init ] --START--
INFO: Run Behavior\BuildLiteBehavior [ RunTime:0.000018s ]
INFO: [ app_init ] --END-- [ RunTime:0.000546s ]
INFO: [ app_begin ] --START--
INFO: Run Behavior\ReadHtmlCacheBehavior [ RunTime:0.002087s ]
INFO: [ app_begin ] --END-- [ RunTime:0.002254s ]
SQL: SHOW COLUMNS FROM `bbs_user` [ RunTime:0.0121s ]
SQL: SELECT * FROM `bbs_user` WHERE `name` = '123' LIMIT 1   [ RunTime:0.0005s ]
NOTIC: [8] Undefined index: pass I:\www\bbs\Application\Home\Controller\LoginController.class.php 第 38 行.

[ 2018-04-07T03:21:58+08:00 ] 127.0.0.1 /index.php/Home/Login/login
INFO: [ app_init ] --START--
INFO: Run Behavior\BuildLiteBehavior [ RunTime:0.000026s ]
INFO: [ app_init ] --END-- [ RunTime:0.000714s ]
INFO: [ app_begin ] --START--
INFO: Run Behavior\ReadHtmlCacheBehavior [ RunTime:0.001086s ]
INFO: [ app_begin ] --END-- [ RunTime:0.001173s ]
SQL: SHOW COLUMNS FROM `bbs_user` [ RunTime:0.0069s ]
SQL: SELECT * FROM `bbs_user` WHERE `name` = '123' LIMIT 1   [ RunTime:0.0006s ]

[ 2018-04-07T03:21:58+08:00 ] 127.0.0.1 /index.php/home/index/picture/avatar_7.php
INFO: [ app_init ] --START--
INFO: Run Behavior\BuildLiteBehavior [ RunTime:0.000027s ]
INFO: [ app_init ] --END-- [ RunTime:0.000855s ]
INFO: [ app_begin ] --START--
INFO: Run Behavior\ReadHtmlCacheBehavior [ RunTime:0.001378s ]
INFO: [ app_begin ] --END-- [ RunTime:0.001480s ]
ERR: 非法操作:picture

[ 2018-04-07T03:22:06+08:00 ] 127.0.0.1 /index.php/home/index/home.php?mod=space&uid=6
INFO: [ app_init ] --START--
INFO: Run Behavior\BuildLiteBehavior [ RunTime:0.000023s ]
INFO: [ app_init ] --END-- [ RunTime:0.000692s ]
INFO: [ app_begin ] --START--
INFO: Run Behavior\ReadHtmlCacheBehavior [ RunTime:0.000856s ]
INFO: [ app_begin ] --END-- [ RunTime:0.000928s ]
ERR: 非法操作:home.php

[ 2018-04-07T03:22:09+08:00 ] 127.0.0.1 /index.php/home/index/home.php?mod=space&uid=6
INFO: [ app_init ] --START--
INFO: Run Behavior\BuildLiteBehavior [ RunTime:0.000022s ]
INFO: [ app_init ] --END-- [ RunTime:0.001019s ]
INFO: [ app_begin ] --START--
INFO: Run Behavior\ReadHtmlCacheBehavior [ RunTime:0.001826s ]
INFO: [ app_begin ] --END-- [ RunTime:0.001947s ]
ERR: 非法操作:home.php

[ 2018-04-07T03:22:43+08:00 ] 127.0.0.1 /index.php/home/index/index
INFO: [ app_init ] --START--
INFO: Run Behavior\BuildLiteBehavior [ RunTime:0.000027s ]
INFO: [ app_init ] --END-- [ RunTime:0.000888s ]
INFO: [ app_begin ] --START--
INFO: Run Behavior\ReadHtmlCacheBehavior [ RunTime:0.001715s ]
INFO: [ app_begin ] --END-- [ RunTime:0.001829s ]
SQL: SHOW COLUMNS FROM `bbs_sheave` [ RunTime:0.0145s ]
SQL: SELECT * FROM `bbs_sheave` WHERE ( show_pic=0 )  [ RunTime:0.0008s ]
INFO: [ view_parse ] --START--
INFO: [ template_filter ] --START--
INFO: Run Behavior\ContentReplaceBehavior [ RunTime:0.002489s ]
INFO: [ template_filter ] --END-- [ RunTime:0.002661s ]
INFO: Run Behavior\ParseTemplateBehavior [ RunTime:0.096199s ]
INFO: [ view_parse ] --END-- [ RunTime:0.096336s ]
INFO: [ view_filter ] --START--
INFO: Run Behavior\WriteHtmlCacheBehavior [ RunTime:0.001172s ]
INFO: [ view_filter ] --END-- [ RunTime:0.001249s ]
INFO: [ app_end ] --START--
INFO: Run Behavior\ShowPageTraceBehavior [ RunTime:0.045912s ]
INFO: [ app_end ] --END-- [ RunTime:0.046005s ]

[ 2018-04-07T03:22:44+08:00 ] 127.0.0.1 /index.php/home/index/static/image/common/none.gif
INFO: [ app_init ] --START--
INFO: Run Behavior\BuildLiteBehavior [ RunTime:0.000029s ]
INFO: [ app_init ] --END-- [ RunTime:0.002247s ]

[ 2018-04-07T03:22:44+08:00 ] 127.0.0.1 /index.php/home/index/misc.php?mod=seccode&update=08608&idhash=cSAxQz88h
INFO: [ app_init ] --START--
INFO: Run Behavior\BuildLiteBehavior [ RunTime:0.000027s ]
INFO: [ app_init ] --END-- [ RunTime:0.001183s ]
INFO: [ app_begin ] --START--
INFO: Run Behavior\ReadHtmlCacheBehavior [ RunTime:0.001543s ]
INFO: [ app_begin ] --END-- [ RunTime:0.001657s ]
ERR: 非法操作:misc.php

[ 2018-04-07T03:22:52+08:00 ] 127.0.0.1 /index.php/Home/Login/login
INFO: [ app_init ] --START--
INFO: Run Behavior\BuildLiteBehavior [ RunTime:0.000031s ]
INFO: [ app_init ] --END-- [ RunTime:0.001168s ]
INFO: [ app_begin ] --START--
INFO: Run Behavior\ReadHtmlCacheBehavior [ RunTime:0.002774s ]
INFO: [ app_begin ] --END-- [ RunTime:0.002921s ]

[ 2018-04-07T03:22:58+08:00 ] 127.0.0.1 /index.php/Home/Login/login
INFO: [ app_init ] --START--
INFO: Run Behavior\BuildLiteBehavior [ RunTime:0.000025s ]
INFO: [ app_init ] --END-- [ RunTime:0.000657s ]
INFO: [ app_begin ] --START--
INFO: Run Behavior\ReadHtmlCacheBehavior [ RunTime:0.001565s ]
INFO: [ app_begin ] --END-- [ RunTime:0.001713s ]
SQL: SHOW COLUMNS FROM `bbs_user` [ RunTime:0.0106s ]
SQL: SELECT * FROM `bbs_user` WHERE `name` = '123' LIMIT 1   [ RunTime:0.0005s ]

[ 2018-04-07T03:22:58+08:00 ] 127.0.0.1 /index.php/home/index/picture/avatar_7.php
INFO: [ app_init ] --START--
INFO: Run Behavior\BuildLiteBehavior [ RunTime:0.000026s ]
INFO: [ app_init ] --END-- [ RunTime:0.000705s ]
INFO: [ app_begin ] --START--
INFO: Run Behavior\ReadHtmlCacheBehavior [ RunTime:0.001386s ]
INFO: [ app_begin ] --END-- [ RunTime:0.001484s ]
ERR: 非法操作:picture

[ 2018-04-07T03:23:17+08:00 ] 127.0.0.1 /index.php/home/index/index
INFO: [ app_init ] --START--
INFO: Run Behavior\BuildLiteBehavior [ RunTime:0.000027s ]
INFO: [ app_init ] --END-- [ RunTime:0.000990s ]
INFO: [ app_begin ] --START--
INFO: Run Behavior\ReadHtmlCacheBehavior [ RunTime:0.002073s ]
INFO: [ app_begin ] --END-- [ RunTime:0.002285s ]
SQL: SHOW COLUMNS FROM `bbs_sheave` [ RunTime:0.0142s ]
SQL: SELECT * FROM `bbs_sheave` WHERE ( show_pic=0 )  [ RunTime:0.0008s ]
INFO: [ view_parse ] --START--
INFO: [ template_filter ] --START--
INFO: Run Behavior\ContentReplaceBehavior [ RunTime:0.002266s ]
INFO: [ template_filter ] --END-- [ RunTime:0.002391s ]
INFO: Run Behavior\ParseTemplateBehavior [ RunTime:0.088821s ]
INFO: [ view_parse ] --END-- [ RunTime:0.088933s ]
INFO: [ view_filter ] --START--
INFO: Run Behavior\WriteHtmlCacheBehavior [ RunTime:0.000807s ]
INFO: [ view_filter ] --END-- [ RunTime:0.000878s ]
INFO: [ app_end ] --START--
INFO: Run Behavior\ShowPageTraceBehavior [ RunTime:0.002618s ]
INFO: [ app_end ] --END-- [ RunTime:0.002781s ]

[ 2018-04-07T03:23:18+08:00 ] 127.0.0.1 /index.php/home/index/static/image/common/none.gif
INFO: [ app_init ] --START--
INFO: Run Behavior\BuildLiteBehavior [ RunTime:0.000027s ]
INFO: [ app_init ] --END-- [ RunTime:0.000932s ]

[ 2018-04-07T03:23:18+08:00 ] 127.0.0.1 /index.php/home/index/misc.php?mod=seccode&update=08608&idhash=cSAxQz88h
INFO: [ app_init ] --START--
INFO: Run Behavior\BuildLiteBehavior [ RunTime:0.000027s ]
INFO: [ app_init ] --END-- [ RunTime:0.001087s ]
INFO: [ app_begin ] --START--
INFO: Run Behavior\ReadHtmlCacheBehavior [ RunTime:0.002739s ]
INFO: [ app_begin ] --END-- [ RunTime:0.003029s ]
ERR: 非法操作:misc.php

[ 2018-04-07T03:23:29+08:00 ] 127.0.0.1 /index.php/Home/Login/login
INFO: [ app_init ] --START--
INFO: Run Behavior\BuildLiteBehavior [ RunTime:0.000028s ]
INFO: [ app_init ] --END-- [ RunTime:0.000844s ]
INFO: [ app_begin ] --START--
INFO: Run Behavior\ReadHtmlCacheBehavior [ RunTime:0.001506s ]
INFO: [ app_begin ] --END-- [ RunTime:0.001736s ]
SQL: SHOW COLUMNS FROM `bbs_user` [ RunTime:0.0119s ]
SQL: SELECT * FROM `bbs_user` WHERE `name` = '123' LIMIT 1   [ RunTime:0.0007s ]

[ 2018-04-07T03:23:29+08:00 ] 127.0.0.1 /index.php/home/index/picture/avatar_7.php
INFO: [ app_init ] --START--
INFO: Run Behavior\BuildLiteBehavior [ RunTime:0.000024s ]
INFO: [ app_init ] --END-- [ RunTime:0.000622s ]
INFO: [ app_begin ] --START--
INFO: Run Behavior\ReadHtmlCacheBehavior [ RunTime:0.000960s ]
INFO: [ app_begin ] --END-- [ RunTime:0.001066s ]
ERR: 非法操作:picture

[ 2018-04-07T03:23:46+08:00 ] 127.0.0.1 /index.php/home/index/index
INFO: [ app_init ] --START--
INFO: Run Behavior\BuildLiteBehavior [ RunTime:0.000028s ]
INFO: [ app_init ] --END-- [ RunTime:0.000886s ]
INFO: [ app_begin ] --START--
INFO: Run Behavior\ReadHtmlCacheBehavior [ RunTime:0.001248s ]
INFO: [ app_begin ] --END-- [ RunTime:0.001335s ]
SQL: SHOW COLUMNS FROM `bbs_sheave` [ RunTime:0.0042s ]
SQL: SELECT * FROM `bbs_sheave` WHERE ( show_pic=0 )  [ RunTime:0.0006s ]
INFO: [ view_parse ] --START--
INFO: [ template_filter ] --START--
INFO: Run Behavior\ContentReplaceBehavior [ RunTime:0.002167s ]
INFO: [ template_filter ] --END-- [ RunTime:0.002266s ]
INFO: Run Behavior\ParseTemplateBehavior [ RunTime:0.071569s ]
INFO: [ view_parse ] --END-- [ RunTime:0.071654s ]
INFO: [ view_filter ] --START--
INFO: Run Behavior\WriteHtmlCacheBehavior [ RunTime:0.000954s ]
INFO: [ view_filter ] --END-- [ RunTime:0.001021s ]
INFO: [ app_end ] --START--
INFO: Run Behavior\ShowPageTraceBehavior [ RunTime:0.015485s ]
INFO: [ app_end ] --END-- [ RunTime:0.015570s ]

[ 2018-04-07T03:23:46+08:00 ] 127.0.0.1 /index.php/home/index/static/image/common/none.gif
INFO: [ app_init ] --START--
INFO: Run Behavior\BuildLiteBehavior [ RunTime:0.000031s ]
INFO: [ app_init ] --END-- [ RunTime:0.001424s ]

[ 2018-04-07T03:23:46+08:00 ] 127.0.0.1 /index.php/home/index/misc.php?mod=seccode&update=08608&idhash=cSAxQz88h
INFO: [ app_init ] --START--
INFO: Run Behavior\BuildLiteBehavior [ RunTime:0.000026s ]
INFO: [ app_init ] --END-- [ RunTime:0.000821s ]
INFO: [ app_begin ] --START--
INFO: Run Behavior\ReadHtmlCacheBehavior [ RunTime:0.001525s ]
INFO: [ app_begin ] --END-- [ RunTime:0.001631s ]
ERR: 非法操作:misc.php

[ 2018-04-07T03:23:57+08:00 ] 127.0.0.1 /index.php/Home/Login/login
INFO: [ app_init ] --START--
INFO: Run Behavior\BuildLiteBehavior [ RunTime:0.000027s ]
INFO: [ app_init ] --END-- [ RunTime:0.000681s ]
INFO: [ app_begin ] --START--
INFO: Run Behavior\ReadHtmlCacheBehavior [ RunTime:0.000988s ]
INFO: [ app_begin ] --END-- [ RunTime:0.001088s ]
SQL: SHOW COLUMNS FROM `bbs_user` [ RunTime:0.0102s ]
SQL: SELECT * FROM `bbs_user` WHERE `name` = '123' LIMIT 1   [ RunTime:0.0005s ]

[ 2018-04-07T03:23:57+08:00 ] 127.0.0.1 /index.php/home/index/picture/avatar_7.php
INFO: [ app_init ] --START--
INFO: Run Behavior\BuildLiteBehavior [ RunTime:0.000025s ]
INFO: [ app_init ] --END-- [ RunTime:0.000654s ]
INFO: [ app_begin ] --START--
INFO: Run Behavior\ReadHtmlCacheBehavior [ RunTime:0.001393s ]
INFO: [ app_begin ] --END-- [ RunTime:0.001598s ]
ERR: 非法操作:picture

[ 2018-04-07T22:56:59+08:00 ] 127.0.0.1 /index.php/Home/Index/luntan
INFO: [ app_init ] --START--
INFO: Run Behavior\BuildLiteBehavior [ RunTime:0.000031s ]
INFO: [ app_init ] --END-- [ RunTime:0.005461s ]
INFO: [ app_begin ] --START--
INFO: Run Behavior\ReadHtmlCacheBehavior [ RunTime:0.013131s ]
INFO: [ app_begin ] --END-- [ RunTime:0.013245s ]
INFO: [ view_parse ] --START--
INFO: [ template_filter ] --START--
INFO: Run Behavior\ContentReplaceBehavior [ RunTime:0.001046s ]
INFO: [ template_filter ] --END-- [ RunTime:0.001171s ]
INFO: Run Behavior\ParseTemplateBehavior [ RunTime:0.081344s ]
INFO: [ view_parse ] --END-- [ RunTime:0.081454s ]
INFO: [ view_filter ] --START--
INFO: Run Behavior\WriteHtmlCacheBehavior [ RunTime:0.010570s ]
INFO: [ view_filter ] --END-- [ RunTime:0.010670s ]
INFO: [ app_end ] --START--
INFO: Run Behavior\ShowPageTraceBehavior [ RunTime:0.016886s ]
INFO: [ app_end ] --END-- [ RunTime:0.017003s ]

[ 2018-04-07T22:57:00+08:00 ] 127.0.0.1 /index.php/Home/Index/static/image/common/none.gif
INFO: [ app_init ] --START--
INFO: Run Behavior\BuildLiteBehavior [ RunTime:0.000027s ]
INFO: [ app_init ] --END-- [ RunTime:0.000865s ]

[ 2018-04-07T22:57:00+08:00 ] 127.0.0.1 /index.php/Home/Index/misc.php?mod=seccode&update=08608&idhash=cSAxQz88h
INFO: [ app_init ] --START--
INFO: Run Behavior\BuildLiteBehavior [ RunTime:0.000028s ]
INFO: [ app_init ] --END-- [ RunTime:0.001027s ]
INFO: [ app_begin ] --START--
INFO: Run Behavior\ReadHtmlCacheBehavior [ RunTime:0.001852s ]
INFO: [ app_begin ] --END-- [ RunTime:0.001965s ]
ERR: 非法操作:misc.php

[ 2018-04-07T22:57:03+08:00 ] 127.0.0.1 /index.php/Home/Index/index
INFO: [ app_init ] --START--
INFO: Run Behavior\BuildLiteBehavior [ RunTime:0.000056s ]
INFO: [ app_init ] --END-- [ RunTime:0.000903s ]
INFO: [ app_begin ] --START--
INFO: Run Behavior\ReadHtmlCacheBehavior [ RunTime:0.001637s ]
INFO: [ app_begin ] --END-- [ RunTime:0.001752s ]
SQL: SHOW COLUMNS FROM `bbs_sheave` [ RunTime:0.0341s ]
SQL: SELECT * FROM `bbs_sheave` WHERE ( show_pic=0 )  [ RunTime:0.0009s ]
INFO: [ view_parse ] --START--
INFO: [ template_filter ] --START--
INFO: Run Behavior\ContentReplaceBehavior [ RunTime:0.002242s ]
INFO: [ template_filter ] --END-- [ RunTime:0.002444s ]
INFO: Run Behavior\ParseTemplateBehavior [ RunTime:0.107366s ]
INFO: [ view_parse ] --END-- [ RunTime:0.107488s ]
INFO: [ view_filter ] --START--
INFO: Run Behavior\WriteHtmlCacheBehavior [ RunTime:0.001229s ]
INFO: [ view_filter ] --END-- [ RunTime:0.001323s ]
INFO: [ app_end ] --START--
INFO: Run Behavior\ShowPageTraceBehavior [ RunTime:0.002012s ]
INFO: [ app_end ] --END-- [ RunTime:0.002101s ]

[ 2018-04-07T22:57:03+08:00 ] 127.0.0.1 /index.php/Home/Index/static/image/common/none.gif
INFO: [ app_init ] --START--
INFO: Run Behavior\BuildLiteBehavior [ RunTime:0.000029s ]
INFO: [ app_init ] --END-- [ RunTime:0.000857s ]

[ 2018-04-07T22:57:03+08:00 ] 127.0.0.1 /index.php/Home/Index/misc.php?mod=seccode&update=08608&idhash=cSAxQz88h
INFO: [ app_init ] --START--
INFO: Run Behavior\BuildLiteBehavior [ RunTime:0.000025s ]
INFO: [ app_init ] --END-- [ RunTime:0.000680s ]
INFO: [ app_begin ] --START--
INFO: Run Behavior\ReadHtmlCacheBehavior [ RunTime:0.002258s ]
INFO: [ app_begin ] --END-- [ RunTime:0.003046s ]
ERR: 非法操作:misc.php

[ 2018-04-07T22:57:14+08:00 ] 127.0.0.1 /index.php/Home/Login/login
INFO: [ app_init ] --START--
INFO: Run Behavior\BuildLiteBehavior [ RunTime:0.000027s ]
INFO: [ app_init ] --END-- [ RunTime:0.000823s ]
INFO: [ app_begin ] --START--
INFO: Run Behavior\ReadHtmlCacheBehavior [ RunTime:0.001161s ]
INFO: [ app_begin ] --END-- [ RunTime:0.001225s ]
SQL: SHOW COLUMNS FROM `bbs_user` [ RunTime:0.0126s ]
SQL: SELECT * FROM `bbs_user` WHERE `name` = '123456' LIMIT 1   [ RunTime:0.0006s ]
SQL: SELECT * FROM `bbs_user` WHERE `email` = '123456' LIMIT 1   [ RunTime:0.0006s ]

[ 2018-04-07T22:57:20+08:00 ] 127.0.0.1 /index.php/Home/Login/login
INFO: [ app_init ] --START--
INFO: Run Behavior\BuildLiteBehavior [ RunTime:0.000017s ]
INFO: [ app_init ] --END-- [ RunTime:0.000521s ]
INFO: [ app_begin ] --START--
INFO: Run Behavior\ReadHtmlCacheBehavior [ RunTime:0.001282s ]
INFO: [ app_begin ] --END-- [ RunTime:0.001362s ]
SQL: SHOW COLUMNS FROM `bbs_user` [ RunTime:0.0136s ]
SQL: SELECT * FROM `bbs_user` WHERE `name` = '1234' LIMIT 1   [ RunTime:0.0006s ]
SQL: SELECT * FROM `bbs_user` WHERE `email` = '1234' LIMIT 1   [ RunTime:0.0005s ]

[ 2018-04-07T22:57:27+08:00 ] 127.0.0.1 /index.php/Home/Login/login
INFO: [ app_init ] --START--
INFO: Run Behavior\BuildLiteBehavior [ RunTime:0.000025s ]
INFO: [ app_init ] --END-- [ RunTime:0.000783s ]
INFO: [ app_begin ] --START--
INFO: Run Behavior\ReadHtmlCacheBehavior [ RunTime:0.000907s ]
INFO: [ app_begin ] --END-- [ RunTime:0.000966s ]
SQL: SHOW COLUMNS FROM `bbs_user` [ RunTime:0.0135s ]
SQL: SELECT * FROM `bbs_user` WHERE `name` = '123' LIMIT 1   [ RunTime:0.0007s ]

[ 2018-04-07T22:57:27+08:00 ] 127.0.0.1 /index.php/Home/Index/picture/avatar_7.php
INFO: [ app_init ] --START--
INFO: Run Behavior\BuildLiteBehavior [ RunTime:0.000029s ]
INFO: [ app_init ] --END-- [ RunTime:0.000943s ]
INFO: [ app_begin ] --START--
INFO: Run Behavior\ReadHtmlCacheBehavior [ RunTime:0.001565s ]
INFO: [ app_begin ] --END-- [ RunTime:0.001704s ]
ERR: 非法操作:picture

[ 2018-04-07T22:57:32+08:00 ] 127.0.0.1 /index.php/Home/Index/home.php?mod=space&uid=6
INFO: [ app_init ] --START--
INFO: Run Behavior\BuildLiteBehavior [ RunTime:0.000156s ]
INFO: [ app_init ] --END-- [ RunTime:0.002010s ]
INFO: [ app_begin ] --START--
INFO: Run Behavior\ReadHtmlCacheBehavior [ RunTime:0.001502s ]
INFO: [ app_begin ] --END-- [ RunTime:0.001639s ]
ERR: 非法操作:home.php

[ 2018-04-07T22:57:34+08:00 ] 127.0.0.1 /index.php/Home/Index/home.php?mod=space&uid=6
INFO: [ app_init ] --START--
INFO: Run Behavior\BuildLiteBehavior [ RunTime:0.000028s ]
INFO: [ app_init ] --END-- [ RunTime:0.000741s ]
INFO: [ app_begin ] --START--
INFO: Run Behavior\ReadHtmlCacheBehavior [ RunTime:0.001950s ]
INFO: [ app_begin ] --END-- [ RunTime:0.002141s ]
ERR: 非法操作:home.php

[ 2018-04-07T22:58:35+08:00 ] 127.0.0.1 /index.php/Home/Index/home.php?mod=space&uid=6
INFO: [ app_init ] --START--
INFO: Run Behavior\BuildLiteBehavior [ RunTime:0.000025s ]
INFO: [ app_init ] --END-- [ RunTime:0.000662s ]
INFO: [ app_begin ] --START--
INFO: Run Behavior\ReadHtmlCacheBehavior [ RunTime:0.000770s ]
INFO: [ app_begin ] --END-- [ RunTime:0.000834s ]
ERR: 非法操作:home.php

[ 2018-04-07T22:59:15+08:00 ] 127.0.0.1 /index.php/Home/Index/index
INFO: [ app_init ] --START--
INFO: Run Behavior\BuildLiteBehavior [ RunTime:0.000031s ]
INFO: [ app_init ] --END-- [ RunTime:0.001006s ]
INFO: [ app_begin ] --START--
INFO: Run Behavior\ReadHtmlCacheBehavior [ RunTime:0.001770s ]
INFO: [ app_begin ] --END-- [ RunTime:0.001890s ]
SQL: SHOW COLUMNS FROM `bbs_sheave` [ RunTime:0.0060s ]
SQL: SELECT * FROM `bbs_sheave` WHERE ( show_pic=0 )  [ RunTime:0.0007s ]
INFO: [ view_parse ] --START--
INFO: [ template_filter ] --START--
INFO: Run Behavior\ContentReplaceBehavior [ RunTime:0.001571s ]
INFO: [ template_filter ] --END-- [ RunTime:0.001658s ]
INFO: Run Behavior\ParseTemplateBehavior [ RunTime:0.077403s ]
INFO: [ view_parse ] --END-- [ RunTime:0.077484s ]
INFO: [ view_filter ] --START--
INFO: Run Behavior\WriteHtmlCacheBehavior [ RunTime:0.001013s ]
INFO: [ view_filter ] --END-- [ RunTime:0.002031s ]
INFO: [ app_end ] --START--
INFO: Run Behavior\ShowPageTraceBehavior [ RunTime:0.001248s ]
INFO: [ app_end ] --END-- [ RunTime:0.001401s ]

[ 2018-04-07T22:59:15+08:00 ] 127.0.0.1 /index.php/Home/Index/static/image/common/none.gif
INFO: [ app_init ] --START--
INFO: Run Behavior\BuildLiteBehavior [ RunTime:0.000032s ]
INFO: [ app_init ] --END-- [ RunTime:0.000803s ]

[ 2018-04-07T22:59:16+08:00 ] 127.0.0.1 /index.php/Home/Index/misc.php?mod=seccode&update=08608&idhash=cSAxQz88h
INFO: [ app_init ] --START--
INFO: Run Behavior\BuildLiteBehavior [ RunTime:0.000032s ]
INFO: [ app_init ] --END-- [ RunTime:0.001079s ]
INFO: [ app_begin ] --START--
INFO: Run Behavior\ReadHtmlCacheBehavior [ RunTime:0.001742s ]
INFO: [ app_begin ] --END-- [ RunTime:0.001874s ]
ERR: 非法操作:misc.php

[ 2018-04-07T23:04:55+08:00 ] 127.0.0.1 /index.php/Home/Index/index
INFO: [ app_init ] --START--
INFO: Run Behavior\BuildLiteBehavior [ RunTime:0.000029s ]
INFO: [ app_init ] --END-- [ RunTime:0.001013s ]
INFO: [ app_begin ] --START--
INFO: Run Behavior\ReadHtmlCacheBehavior [ RunTime:0.001919s ]
INFO: [ app_begin ] --END-- [ RunTime:0.002046s ]
SQL: SHOW COLUMNS FROM `bbs_sheave` [ RunTime:0.0070s ]
SQL: SELECT * FROM `bbs_sheave` WHERE ( show_pic=0 )  [ RunTime:0.0012s ]
INFO: [ view_parse ] --START--
INFO: [ template_filter ] --START--
INFO: Run Behavior\ContentReplaceBehavior [ RunTime:0.002394s ]
INFO: [ template_filter ] --END-- [ RunTime:0.002526s ]
INFO: Run Behavior\ParseTemplateBehavior [ RunTime:0.101074s ]
INFO: [ view_parse ] --END-- [ RunTime:0.101167s ]
INFO: [ view_filter ] --START--
INFO: Run Behavior\WriteHtmlCacheBehavior [ RunTime:0.000821s ]
INFO: [ view_filter ] --END-- [ RunTime:0.000874s ]
INFO: [ app_end ] --START--
INFO: Run Behavior\ShowPageTraceBehavior [ RunTime:0.008299s ]
INFO: [ app_end ] --END-- [ RunTime:0.008416s ]

[ 2018-04-07T23:04:56+08:00 ] 127.0.0.1 /index.php/Home/Index/static/image/common/none.gif
INFO: [ app_init ] --START--
INFO: Run Behavior\BuildLiteBehavior [ RunTime:0.000029s ]
INFO: [ app_init ] --END-- [ RunTime:0.000882s ]

[ 2018-04-07T23:04:56+08:00 ] 127.0.0.1 /index.php/Home/Index/misc.php?mod=seccode&update=08608&idhash=cSAxQz88h
INFO: [ app_init ] --START--
INFO: Run Behavior\BuildLiteBehavior [ RunTime:0.000031s ]
INFO: [ app_init ] --END-- [ RunTime:0.000856s ]
INFO: [ app_begin ] --START--
INFO: Run Behavior\ReadHtmlCacheBehavior [ RunTime:0.001889s ]
INFO: [ app_begin ] --END-- [ RunTime:0.002013s ]
ERR: 非法操作:misc.php

[ 2018-04-07T23:05:08+08:00 ] 127.0.0.1 /index.php/Home/Login/login
INFO: [ app_init ] --START--
INFO: Run Behavior\BuildLiteBehavior [ RunTime:0.000029s ]
INFO: [ app_init ] --END-- [ RunTime:0.000931s ]
INFO: [ app_begin ] --START--
INFO: Run Behavior\ReadHtmlCacheBehavior [ RunTime:0.001866s ]
INFO: [ app_begin ] --END-- [ RunTime:0.002084s ]
SQL: SHOW COLUMNS FROM `bbs_user` [ RunTime:0.0197s ]
SQL: SELECT * FROM `bbs_user` WHERE `name` = '123' LIMIT 1   [ RunTime:0.0197s ]

[ 2018-04-07T23:05:08+08:00 ] 127.0.0.1 /index.php/Home/Index/picture/avatar_7.php
INFO: [ app_init ] --START--
INFO: Run Behavior\BuildLiteBehavior [ RunTime:0.000026s ]
INFO: [ app_init ] --END-- [ RunTime:0.000800s ]
INFO: [ app_begin ] --START--
INFO: Run Behavior\ReadHtmlCacheBehavior [ RunTime:0.001527s ]
INFO: [ app_begin ] --END-- [ RunTime:0.001745s ]
ERR: 非法操作:picture

[ 2018-04-07T23:05:57+08:00 ] 127.0.0.1 /index.php/Home/Index/index
INFO: [ app_init ] --START--
INFO: Run Behavior\BuildLiteBehavior [ RunTime:0.000026s ]
INFO: [ app_init ] --END-- [ RunTime:0.000838s ]
INFO: [ app_begin ] --START--
INFO: Run Behavior\ReadHtmlCacheBehavior [ RunTime:0.001693s ]
INFO: [ app_begin ] --END-- [ RunTime:0.001814s ]
SQL: SHOW COLUMNS FROM `bbs_sheave` [ RunTime:0.0143s ]
SQL: SELECT * FROM `bbs_sheave` WHERE ( show_pic=0 )  [ RunTime:0.0013s ]
INFO: [ view_parse ] --START--
INFO: [ template_filter ] --START--
INFO: Run Behavior\ContentReplaceBehavior [ RunTime:0.002104s ]
INFO: [ template_filter ] --END-- [ RunTime:0.002241s ]
INFO: Run Behavior\ParseTemplateBehavior [ RunTime:0.113766s ]
INFO: [ view_parse ] --END-- [ RunTime:0.113877s ]
INFO: [ view_filter ] --START--
INFO: Run Behavior\WriteHtmlCacheBehavior [ RunTime:0.001072s ]
INFO: [ view_filter ] --END-- [ RunTime:0.001152s ]
INFO: [ app_end ] --START--
INFO: Run Behavior\ShowPageTraceBehavior [ RunTime:0.002155s ]
INFO: [ app_end ] --END-- [ RunTime:0.002310s ]

[ 2018-04-07T23:05:57+08:00 ] 127.0.0.1 /index.php/Home/Index/static/image/common/none.gif
INFO: [ app_init ] --START--
INFO: Run Behavior\BuildLiteBehavior [ RunTime:0.000030s ]
INFO: [ app_init ] --END-- [ RunTime:0.001443s ]

[ 2018-04-07T23:05:57+08:00 ] 127.0.0.1 /index.php/Home/Index/misc.php?mod=seccode&update=08608&idhash=cSAxQz88h
INFO: [ app_init ] --START--
INFO: Run Behavior\BuildLiteBehavior [ RunTime:0.000028s ]
INFO: [ app_init ] --END-- [ RunTime:0.001355s ]
INFO: [ app_begin ] --START--
INFO: Run Behavior\ReadHtmlCacheBehavior [ RunTime:0.001913s ]
INFO: [ app_begin ] --END-- [ RunTime:0.002041s ]
ERR: 非法操作:misc.php

[ 2018-04-07T23:06:12+08:00 ] 127.0.0.1 /index.php/Home/Login/login
INFO: [ app_init ] --START--
INFO: Run Behavior\BuildLiteBehavior [ RunTime:0.000061s ]
INFO: [ app_init ] --END-- [ RunTime:0.001465s ]
INFO: [ app_begin ] --START--
INFO: Run Behavior\ReadHtmlCacheBehavior [ RunTime:0.001514s ]
INFO: [ app_begin ] --END-- [ RunTime:0.001628s ]
SQL: SHOW COLUMNS FROM `bbs_user` [ RunTime:0.0260s ]
SQL: SELECT * FROM `bbs_user` WHERE `name` = '123' LIMIT 1   [ RunTime:0.0434s ]

[ 2018-04-07T23:11:14+08:00 ] 127.0.0.1 /index.php/Home/Index/index
INFO: [ app_init ] --START--
INFO: Run Behavior\BuildLiteBehavior [ RunTime:0.000033s ]
INFO: [ app_init ] --END-- [ RunTime:0.000978s ]
INFO: [ app_begin ] --START--
INFO: Run Behavior\ReadHtmlCacheBehavior [ RunTime:0.002456s ]
INFO: [ app_begin ] --END-- [ RunTime:0.002593s ]
SQL: SHOW COLUMNS FROM `bbs_sheave` [ RunTime:0.0237s ]
SQL: SELECT * FROM `bbs_sheave` WHERE ( show_pic=0 )  [ RunTime:0.0028s ]
INFO: [ view_parse ] --START--
INFO: [ template_filter ] --START--
INFO: Run Behavior\ContentReplaceBehavior [ RunTime:0.002780s ]
INFO: [ template_filter ] --END-- [ RunTime:0.002928s ]
INFO: Run Behavior\ParseTemplateBehavior [ RunTime:0.103858s ]
INFO: [ view_parse ] --END-- [ RunTime:0.103965s ]
INFO: [ view_filter ] --START--
INFO: Run Behavior\WriteHtmlCacheBehavior [ RunTime:0.001558s ]
INFO: [ view_filter ] --END-- [ RunTime:0.001671s ]
INFO: [ app_end ] --START--
INFO: Run Behavior\ShowPageTraceBehavior [ RunTime:0.007654s ]
INFO: [ app_end ] --END-- [ RunTime:0.007829s ]

[ 2018-04-07T23:11:15+08:00 ] 127.0.0.1 /index.php/Home/Index/static/image/common/none.gif
INFO: [ app_init ] --START--
INFO: Run Behavior\BuildLiteBehavior [ RunTime:0.000031s ]
INFO: [ app_init ] --END-- [ RunTime:0.009395s ]

[ 2018-04-07T23:11:15+08:00 ] 127.0.0.1 /index.php/Home/Index/misc.php?mod=seccode&update=08608&idhash=cSAxQz88h
INFO: [ app_init ] --START--
INFO: Run Behavior\BuildLiteBehavior [ RunTime:0.000028s ]
INFO: [ app_init ] --END-- [ RunTime:0.000891s ]
INFO: [ app_begin ] --START--
INFO: Run Behavior\ReadHtmlCacheBehavior [ RunTime:0.001889s ]
INFO: [ app_begin ] --END-- [ RunTime:0.002068s ]
ERR: 非法操作:misc.php

[ 2018-04-07T23:11:28+08:00 ] 127.0.0.1 /index.php/Home/Login/login
INFO: [ app_init ] --START--
INFO: Run Behavior\BuildLiteBehavior [ RunTime:0.000074s ]
INFO: [ app_init ] --END-- [ RunTime:0.001847s ]
INFO: [ app_begin ] --START--
INFO: Run Behavior\ReadHtmlCacheBehavior [ RunTime:0.001899s ]
INFO: [ app_begin ] --END-- [ RunTime:0.002025s ]
SQL: SHOW COLUMNS FROM `bbs_user` [ RunTime:0.0163s ]
SQL: SELECT * FROM `bbs_user` WHERE `name` = '123' LIMIT 1   [ RunTime:0.0010s ]

[ 2018-04-07T23:11:31+08:00 ] 127.0.0.1 /index.php/Home/Index/home.php?mod=space&uid=6
INFO: [ app_init ] --START--
INFO: Run Behavior\BuildLiteBehavior [ RunTime:0.000040s ]
INFO: [ app_init ] --END-- [ RunTime:0.000992s ]
INFO: [ app_begin ] --START--
INFO: Run Behavior\ReadHtmlCacheBehavior [ RunTime:0.001414s ]
INFO: [ app_begin ] --END-- [ RunTime:0.001594s ]
ERR: 非法操作:home.php

[ 2018-04-07T23:12:21+08:00 ] 127.0.0.1 /index.php/Home/Index/index
INFO: [ app_init ] --START--
INFO: Run Behavior\BuildLiteBehavior [ RunTime:0.000028s ]
INFO: [ app_init ] --END-- [ RunTime:0.000902s ]
INFO: [ app_begin ] --START--
INFO: Run Behavior\ReadHtmlCacheBehavior [ RunTime:0.002451s ]
INFO: [ app_begin ] --END-- [ RunTime:0.002564s ]
SQL: SHOW COLUMNS FROM `bbs_sheave` [ RunTime:0.0143s ]
SQL: SELECT * FROM `bbs_sheave` WHERE ( show_pic=0 )  [ RunTime:0.0007s ]
INFO: [ view_parse ] --START--
INFO: [ template_filter ] --START--
INFO: Run Behavior\ContentReplaceBehavior [ RunTime:0.002409s ]
INFO: [ template_filter ] --END-- [ RunTime:0.002548s ]
INFO: Run Behavior\ParseTemplateBehavior [ RunTime:0.092181s ]
INFO: [ view_parse ] --END-- [ RunTime:0.092268s ]
INFO: [ view_filter ] --START--
INFO: Run Behavior\WriteHtmlCacheBehavior [ RunTime:0.001015s ]
INFO: [ view_filter ] --END-- [ RunTime:0.001089s ]
INFO: [ app_end ] --START--
INFO: Run Behavior\ShowPageTraceBehavior [ RunTime:0.002023s ]
INFO: [ app_end ] --END-- [ RunTime:0.002163s ]

[ 2018-04-07T23:12:22+08:00 ] 127.0.0.1 /index.php/Home/Index/static/image/common/none.gif
INFO: [ app_init ] --START--
INFO: Run Behavior\BuildLiteBehavior [ RunTime:0.000030s ]
INFO: [ app_init ] --END-- [ RunTime:0.000908s ]

[ 2018-04-07T23:12:22+08:00 ] 127.0.0.1 /index.php/Home/Index/misc.php?mod=seccode&update=08608&idhash=cSAxQz88h
INFO: [ app_init ] --START--
INFO: Run Behavior\BuildLiteBehavior [ RunTime:0.000028s ]
INFO: [ app_init ] --END-- [ RunTime:0.000988s ]
INFO: [ app_begin ] --START--
INFO: Run Behavior\ReadHtmlCacheBehavior [ RunTime:0.001625s ]
INFO: [ app_begin ] --END-- [ RunTime:0.001857s ]
ERR: 非法操作:misc.php

[ 2018-04-07T23:12:36+08:00 ] 127.0.0.1 /index.php/Home/Login/login
INFO: [ app_init ] --START--
INFO: Run Behavior\BuildLiteBehavior [ RunTime:0.000027s ]
INFO: [ app_init ] --END-- [ RunTime:0.000906s ]
INFO: [ app_begin ] --START--
INFO: Run Behavior\ReadHtmlCacheBehavior [ RunTime:0.001668s ]
INFO: [ app_begin ] --END-- [ RunTime:0.001821s ]
SQL: SHOW COLUMNS FROM `bbs_user` [ RunTime:0.0195s ]
SQL: SELECT * FROM `bbs_user` WHERE `name` = '123' LIMIT 1   [ RunTime:0.0020s ]

[ 2018-04-07T23:12:55+08:00 ] 127.0.0.1 /index.php/Home/Index/index
INFO: [ app_init ] --START--
INFO: Run Behavior\BuildLiteBehavior [ RunTime:0.000028s ]
INFO: [ app_init ] --END-- [ RunTime:0.001005s ]
INFO: [ app_begin ] --START--
INFO: Run Behavior\ReadHtmlCacheBehavior [ RunTime:0.001835s ]
INFO: [ app_begin ] --END-- [ RunTime:0.001963s ]
SQL: SHOW COLUMNS FROM `bbs_sheave` [ RunTime:0.0137s ]
SQL: SELECT * FROM `bbs_sheave` WHERE ( show_pic=0 )  [ RunTime:0.0025s ]
INFO: [ view_parse ] --START--
INFO: [ template_filter ] --START--
INFO: Run Behavior\ContentReplaceBehavior [ RunTime:0.003145s ]
INFO: [ template_filter ] --END-- [ RunTime:0.003285s ]
INFO: Run Behavior\ParseTemplateBehavior [ RunTime:0.124400s ]
INFO: [ view_parse ] --END-- [ RunTime:0.124505s ]
INFO: [ view_filter ] --START--
INFO: Run Behavior\WriteHtmlCacheBehavior [ RunTime:0.001054s ]
INFO: [ view_filter ] --END-- [ RunTime:0.001195s ]
INFO: [ app_end ] --START--
INFO: Run Behavior\ShowPageTraceBehavior [ RunTime:0.001679s ]
INFO: [ app_end ] --END-- [ RunTime:0.001780s ]

[ 2018-04-07T23:12:55+08:00 ] 127.0.0.1 /index.php/Home/Index/static/image/common/none.gif
INFO: [ app_init ] --START--
INFO: Run Behavior\BuildLiteBehavior [ RunTime:0.000028s ]
INFO: [ app_init ] --END-- [ RunTime:0.000969s ]

[ 2018-04-07T23:12:55+08:00 ] 127.0.0.1 /index.php/Home/Index/misc.php?mod=seccode&update=08608&idhash=cSAxQz88h
INFO: [ app_init ] --START--
INFO: Run Behavior\BuildLiteBehavior [ RunTime:0.000028s ]
INFO: [ app_init ] --END-- [ RunTime:0.000729s ]
INFO: [ app_begin ] --START--
INFO: Run Behavior\ReadHtmlCacheBehavior [ RunTime:0.001822s ]
INFO: [ app_begin ] --END-- [ RunTime:0.001949s ]
ERR: 非法操作:misc.php

[ 2018-04-07T23:13:11+08:00 ] 127.0.0.1 /index.php/Home/Index/index
INFO: [ app_init ] --START--
INFO: Run Behavior\BuildLiteBehavior [ RunTime:0.000075s ]
INFO: [ app_init ] --END-- [ RunTime:0.001670s ]
INFO: [ app_begin ] --START--
INFO: Run Behavior\ReadHtmlCacheBehavior [ RunTime:0.002712s ]
INFO: [ app_begin ] --END-- [ RunTime:0.002828s ]
SQL: SHOW COLUMNS FROM `bbs_sheave` [ RunTime:0.0149s ]
SQL: SELECT * FROM `bbs_sheave` WHERE ( show_pic=0 )  [ RunTime:0.0009s ]
INFO: [ view_parse ] --START--
INFO: [ template_filter ] --START--
INFO: Run Behavior\ContentReplaceBehavior [ RunTime:0.002283s ]
INFO: [ template_filter ] --END-- [ RunTime:0.002402s ]
INFO: Run Behavior\ParseTemplateBehavior [ RunTime:0.114607s ]
INFO: [ view_parse ] --END-- [ RunTime:0.114826s ]
INFO: [ view_filter ] --START--
INFO: Run Behavior\WriteHtmlCacheBehavior [ RunTime:0.001338s ]
INFO: [ view_filter ] --END-- [ RunTime:0.001436s ]
INFO: [ app_end ] --START--
INFO: Run Behavior\ShowPageTraceBehavior [ RunTime:0.001647s ]
INFO: [ app_end ] --END-- [ RunTime:0.001730s ]

[ 2018-04-07T23:13:12+08:00 ] 127.0.0.1 /index.php/Home/Index/static/image/common/none.gif
INFO: [ app_init ] --START--
INFO: Run Behavior\BuildLiteBehavior [ RunTime:0.000029s ]
INFO: [ app_init ] --END-- [ RunTime:0.000868s ]

[ 2018-04-07T23:13:12+08:00 ] 127.0.0.1 /index.php/Home/Index/misc.php?mod=seccode&update=08608&idhash=cSAxQz88h
INFO: [ app_init ] --START--
INFO: Run Behavior\BuildLiteBehavior [ RunTime:0.000060s ]
INFO: [ app_init ] --END-- [ RunTime:0.001047s ]
INFO: [ app_begin ] --START--
INFO: Run Behavior\ReadHtmlCacheBehavior [ RunTime:0.001647s ]
INFO: [ app_begin ] --END-- [ RunTime:0.001762s ]
ERR: 非法操作:misc.php

[ 2018-04-07T23:13:14+08:00 ] 127.0.0.1 /index.php/Home/Index/member.php?mod=register
INFO: [ app_init ] --START--
INFO: Run Behavior\BuildLiteBehavior [ RunTime:0.000029s ]
INFO: [ app_init ] --END-- [ RunTime:0.000908s ]
INFO: [ app_begin ] --START--
INFO: Run Behavior\ReadHtmlCacheBehavior [ RunTime:0.001543s ]
INFO: [ app_begin ] --END-- [ RunTime:0.001649s ]
ERR: 非法操作:member.php

[ 2018-04-07T23:13:16+08:00 ] 127.0.0.1 /index.php/Home/Index/index
INFO: [ app_init ] --START--
INFO: Run Behavior\BuildLiteBehavior [ RunTime:0.000029s ]
INFO: [ app_init ] --END-- [ RunTime:0.000923s ]
INFO: [ app_begin ] --START--
INFO: Run Behavior\ReadHtmlCacheBehavior [ RunTime:0.001492s ]
INFO: [ app_begin ] --END-- [ RunTime:0.001596s ]
SQL: SHOW COLUMNS FROM `bbs_sheave` [ RunTime:0.0145s ]
SQL: SELECT * FROM `bbs_sheave` WHERE ( show_pic=0 )  [ RunTime:0.0010s ]
INFO: [ view_parse ] --START--
INFO: [ template_filter ] --START--
INFO: Run Behavior\ContentReplaceBehavior [ RunTime:0.003110s ]
INFO: [ template_filter ] --END-- [ RunTime:0.003431s ]
INFO: Run Behavior\ParseTemplateBehavior [ RunTime:0.107615s ]
INFO: [ view_parse ] --END-- [ RunTime:0.107727s ]
INFO: [ view_filter ] --START--
INFO: Run Behavior\WriteHtmlCacheBehavior [ RunTime:0.001275s ]
INFO: [ view_filter ] --END-- [ RunTime:0.001366s ]
INFO: [ app_end ] --START--
INFO: Run Behavior\ShowPageTraceBehavior [ RunTime:0.006959s ]
INFO: [ app_end ] --END-- [ RunTime:0.007125s ]

[ 2018-04-07T23:13:16+08:00 ] 127.0.0.1 /index.php/Home/Index/static/image/common/none.gif
INFO: [ app_init ] --START--
INFO: Run Behavior\BuildLiteBehavior [ RunTime:0.000026s ]
INFO: [ app_init ] --END-- [ RunTime:0.000881s ]

[ 2018-04-07T23:13:16+08:00 ] 127.0.0.1 /index.php/Home/Index/misc.php?mod=seccode&update=08608&idhash=cSAxQz88h
INFO: [ app_init ] --START--
INFO: Run Behavior\BuildLiteBehavior [ RunTime:0.000028s ]
INFO: [ app_init ] --END-- [ RunTime:0.000928s ]
INFO: [ app_begin ] --START--
INFO: Run Behavior\ReadHtmlCacheBehavior [ RunTime:0.012696s ]
INFO: [ app_begin ] --END-- [ RunTime:0.012829s ]
ERR: 非法操作:misc.php

[ 2018-04-07T23:13:28+08:00 ] 127.0.0.1 /index.php/Home/Login/login
INFO: [ app_init ] --START--
INFO: Run Behavior\BuildLiteBehavior [ RunTime:0.000022s ]
INFO: [ app_init ] --END-- [ RunTime:0.000673s ]
INFO: [ app_begin ] --START--
INFO: Run Behavior\ReadHtmlCacheBehavior [ RunTime:0.001043s ]
INFO: [ app_begin ] --END-- [ RunTime:0.001115s ]
SQL: SHOW COLUMNS FROM `bbs_user` [ RunTime:0.0475s ]
SQL: SELECT * FROM `bbs_user` WHERE `name` = '123' LIMIT 1   [ RunTime:0.0057s ]

[ 2018-04-07T23:16:29+08:00 ] 127.0.0.1 /index.php/Home/Index/index
INFO: [ app_init ] --START--
INFO: Run Behavior\BuildLiteBehavior [ RunTime:0.000028s ]
INFO: [ app_init ] --END-- [ RunTime:0.000987s ]
INFO: [ app_begin ] --START--
INFO: Run Behavior\ReadHtmlCacheBehavior [ RunTime:0.001535s ]
INFO: [ app_begin ] --END-- [ RunTime:0.001648s ]
SQL: SHOW COLUMNS FROM `bbs_sheave` [ RunTime:0.0146s ]
SQL: SELECT * FROM `bbs_sheave` WHERE ( show_pic=0 )  [ RunTime:0.0008s ]
INFO: [ view_parse ] --START--
INFO: [ template_filter ] --START--
INFO: Run Behavior\ContentReplaceBehavior [ RunTime:0.005885s ]
INFO: [ template_filter ] --END-- [ RunTime:0.006021s ]
INFO: Run Behavior\ParseTemplateBehavior [ RunTime:0.100467s ]
INFO: [ view_parse ] --END-- [ RunTime:0.100568s ]
INFO: [ view_filter ] --START--
INFO: Run Behavior\WriteHtmlCacheBehavior [ RunTime:0.000940s ]
INFO: [ view_filter ] --END-- [ RunTime:0.001032s ]
INFO: [ app_end ] --START--
INFO: Run Behavior\ShowPageTraceBehavior [ RunTime:0.002824s ]
INFO: [ app_end ] --END-- [ RunTime:0.002936s ]

[ 2018-04-07T23:16:30+08:00 ] 127.0.0.1 /index.php/Home/Index/static/image/common/none.gif
INFO: [ app_init ] --START--
INFO: Run Behavior\BuildLiteBehavior [ RunTime:0.000032s ]
INFO: [ app_init ] --END-- [ RunTime:0.000829s ]

[ 2018-04-07T23:16:30+08:00 ] 127.0.0.1 /index.php/Home/Index/misc.php?mod=seccode&update=08608&idhash=cSAxQz88h
INFO: [ app_init ] --START--
INFO: Run Behavior\BuildLiteBehavior [ RunTime:0.000032s ]
INFO: [ app_init ] --END-- [ RunTime:0.000984s ]
INFO: [ app_begin ] --START--
INFO: Run Behavior\ReadHtmlCacheBehavior [ RunTime:0.002190s ]
INFO: [ app_begin ] --END-- [ RunTime:0.002317s ]
ERR: 非法操作:misc.php

[ 2018-04-07T23:16:39+08:00 ] 127.0.0.1 /index.php/Home/Login/login
INFO: [ app_init ] --START--
INFO: Run Behavior\BuildLiteBehavior [ RunTime:0.000027s ]
INFO: [ app_init ] --END-- [ RunTime:0.000827s ]
INFO: [ app_begin ] --START--
INFO: Run Behavior\ReadHtmlCacheBehavior [ RunTime:0.001667s ]
INFO: [ app_begin ] --END-- [ RunTime:0.001775s ]

[ 2018-04-07T23:16:44+08:00 ] 127.0.0.1 /index.php/Home/Login/login
INFO: [ app_init ] --START--
INFO: Run Behavior\BuildLiteBehavior [ RunTime:0.000025s ]
INFO: [ app_init ] --END-- [ RunTime:0.000666s ]
INFO: [ app_begin ] --START--
INFO: Run Behavior\ReadHtmlCacheBehavior [ RunTime:0.001525s ]
INFO: [ app_begin ] --END-- [ RunTime:0.001665s ]
SQL: SHOW COLUMNS FROM `bbs_user` [ RunTime:0.0171s ]
SQL: SELECT * FROM `bbs_user` WHERE `name` = '123' LIMIT 1   [ RunTime:0.0010s ]

[ 2018-04-07T23:17:04+08:00 ] 127.0.0.1 /index.php/Home/Index/index
INFO: [ app_init ] --START--
INFO: Run Behavior\BuildLiteBehavior [ RunTime:0.000034s ]
INFO: [ app_init ] --END-- [ RunTime:0.001506s ]
INFO: [ app_begin ] --START--
INFO: Run Behavior\ReadHtmlCacheBehavior [ RunTime:0.001806s ]
INFO: [ app_begin ] --END-- [ RunTime:0.001946s ]
SQL: SHOW COLUMNS FROM `bbs_sheave` [ RunTime:0.0182s ]
SQL: SELECT * FROM `bbs_sheave` WHERE ( show_pic=0 )  [ RunTime:0.0011s ]
INFO: [ view_parse ] --START--
INFO: [ template_filter ] --START--
INFO: Run Behavior\ContentReplaceBehavior [ RunTime:0.003636s ]
INFO: [ template_filter ] --END-- [ RunTime:0.003808s ]
INFO: Run Behavior\ParseTemplateBehavior [ RunTime:0.124451s ]
INFO: [ view_parse ] --END-- [ RunTime:0.124567s ]
INFO: [ view_filter ] --START--
INFO: Run Behavior\WriteHtmlCacheBehavior [ RunTime:0.001227s ]
INFO: [ view_filter ] --END-- [ RunTime:0.001325s ]
INFO: [ app_end ] --START--
INFO: Run Behavior\ShowPageTraceBehavior [ RunTime:0.001695s ]
INFO: [ app_end ] --END-- [ RunTime:0.001788s ]

[ 2018-04-07T23:17:05+08:00 ] 127.0.0.1 /index.php/Home/Index/static/image/common/none.gif
INFO: [ app_init ] --START--
INFO: Run Behavior\BuildLiteBehavior [ RunTime:0.000031s ]
INFO: [ app_init ] --END-- [ RunTime:0.000918s ]

[ 2018-04-07T23:17:05+08:00 ] 127.0.0.1 /index.php/Home/Index/misc.php?mod=seccode&update=08608&idhash=cSAxQz88h
INFO: [ app_init ] --START--
INFO: Run Behavior\BuildLiteBehavior [ RunTime:0.000029s ]
INFO: [ app_init ] --END-- [ RunTime:0.000752s ]
INFO: [ app_begin ] --START--
INFO: Run Behavior\ReadHtmlCacheBehavior [ RunTime:0.001850s ]
INFO: [ app_begin ] --END-- [ RunTime:0.002002s ]
ERR: 非法操作:misc.php

[ 2018-04-07T23:17:16+08:00 ] 127.0.0.1 /index.php/Home/Login/login
INFO: [ app_init ] --START--
INFO: Run Behavior\BuildLiteBehavior [ RunTime:0.000072s ]
INFO: [ app_init ] --END-- [ RunTime:0.001054s ]
INFO: [ app_begin ] --START--
INFO: Run Behavior\ReadHtmlCacheBehavior [ RunTime:0.001896s ]
INFO: [ app_begin ] --END-- [ RunTime:0.002024s ]
SQL: SHOW COLUMNS FROM `bbs_user` [ RunTime:0.0165s ]
SQL: SELECT * FROM `bbs_user` WHERE `name` = '123' LIMIT 1   [ RunTime:0.0008s ]

[ 2018-04-07T23:17:49+08:00 ] 127.0.0.1 /index.php/Home/Index/index
INFO: [ app_init ] --START--
INFO: Run Behavior\BuildLiteBehavior [ RunTime:0.000029s ]
INFO: [ app_init ] --END-- [ RunTime:0.000897s ]
INFO: [ app_begin ] --START--
INFO: Run Behavior\ReadHtmlCacheBehavior [ RunTime:0.002796s ]
INFO: [ app_begin ] --END-- [ RunTime:0.003052s ]
SQL: SHOW COLUMNS FROM `bbs_sheave` [ RunTime:0.0130s ]
SQL: SELECT * FROM `bbs_sheave` WHERE ( show_pic=0 )  [ RunTime:0.0019s ]
INFO: [ view_parse ] --START--
INFO: [ template_filter ] --START--
INFO: Run Behavior\ContentReplaceBehavior [ RunTime:0.003318s ]
INFO: [ template_filter ] --END-- [ RunTime:0.003957s ]
INFO: Run Behavior\ParseTemplateBehavior [ RunTime:0.116143s ]
INFO: [ view_parse ] --END-- [ RunTime:0.116269s ]
INFO: [ view_filter ] --START--
INFO: Run Behavior\WriteHtmlCacheBehavior [ RunTime:0.001305s ]
INFO: [ view_filter ] --END-- [ RunTime:0.001389s ]
INFO: [ app_end ] --START--
INFO: Run Behavior\ShowPageTraceBehavior [ RunTime:0.004949s ]
INFO: [ app_end ] --END-- [ RunTime:0.005142s ]

[ 2018-04-07T23:21:15+08:00 ] 127.0.0.1 /index.php/Home/Index/index
INFO: [ app_init ] --START--
INFO: Run Behavior\BuildLiteBehavior [ RunTime:0.000034s ]
INFO: [ app_init ] --END-- [ RunTime:0.001002s ]
INFO: [ app_begin ] --START--
INFO: Run Behavior\ReadHtmlCacheBehavior [ RunTime:0.002912s ]
INFO: [ app_begin ] --END-- [ RunTime:0.003114s ]
SQL: SHOW COLUMNS FROM `bbs_sheave` [ RunTime:0.0161s ]
SQL: SELECT * FROM `bbs_sheave` WHERE ( show_pic=0 )  [ RunTime:0.0007s ]
INFO: [ view_parse ] --START--
INFO: [ template_filter ] --START--
INFO: Run Behavior\ContentReplaceBehavior [ RunTime:0.003393s ]
INFO: [ template_filter ] --END-- [ RunTime:0.003654s ]
INFO: Run Behavior\ParseTemplateBehavior [ RunTime:0.099135s ]
INFO: [ view_parse ] --END-- [ RunTime:0.099243s ]
INFO: [ view_filter ] --START--
INFO: Run Behavior\WriteHtmlCacheBehavior [ RunTime:0.002230s ]
INFO: [ view_filter ] --END-- [ RunTime:0.002323s ]
INFO: [ app_end ] --START--
INFO: Run Behavior\ShowPageTraceBehavior [ RunTime:0.005368s ]
INFO: [ app_end ] --END-- [ RunTime:0.005971s ]

[ 2018-04-07T23:21:16+08:00 ] 127.0.0.1 /index.php/Home/Index/static/image/common/none.gif
INFO: [ app_init ] --START--
INFO: Run Behavior\BuildLiteBehavior [ RunTime:0.000026s ]
INFO: [ app_init ] --END-- [ RunTime:0.000834s ]

[ 2018-04-07T23:21:16+08:00 ] 127.0.0.1 /index.php/Home/Index/misc.php?mod=seccode&update=08608&idhash=cSAxQz88h
INFO: [ app_init ] --START--
INFO: Run Behavior\BuildLiteBehavior [ RunTime:0.000031s ]
INFO: [ app_init ] --END-- [ RunTime:0.000821s ]
INFO: [ app_begin ] --START--
INFO: Run Behavior\ReadHtmlCacheBehavior [ RunTime:0.002947s ]
INFO: [ app_begin ] --END-- [ RunTime:0.003229s ]
ERR: 非法操作:misc.php

[ 2018-04-07T23:21:32+08:00 ] 127.0.0.1 /index.php/Home/Login/login
INFO: [ app_init ] --START--
INFO: Run Behavior\BuildLiteBehavior [ RunTime:0.000025s ]
INFO: [ app_init ] --END-- [ RunTime:0.000818s ]
INFO: [ app_begin ] --START--
INFO: Run Behavior\ReadHtmlCacheBehavior [ RunTime:0.002312s ]
INFO: [ app_begin ] --END-- [ RunTime:0.002538s ]
SQL: SHOW COLUMNS FROM `bbs_user` [ RunTime:0.0609s ]
SQL: SELECT * FROM `bbs_user` WHERE `name` = '123' LIMIT 1   [ RunTime:0.0128s ]

[ 2018-04-07T23:23:43+08:00 ] 127.0.0.1 /index.php/Home/Index/index
INFO: [ app_init ] --START--
INFO: Run Behavior\BuildLiteBehavior [ RunTime:0.000041s ]
INFO: [ app_init ] --END-- [ RunTime:0.001017s ]
INFO: [ app_begin ] --START--
INFO: Run Behavior\ReadHtmlCacheBehavior [ RunTime:0.002315s ]
INFO: [ app_begin ] --END-- [ RunTime:0.002513s ]
SQL: SHOW COLUMNS FROM `bbs_sheave` [ RunTime:0.0108s ]
SQL: SELECT * FROM `bbs_sheave` WHERE ( show_pic=0 )  [ RunTime:0.0009s ]
INFO: [ view_parse ] --START--
INFO: [ template_filter ] --START--
INFO: Run Behavior\ContentReplaceBehavior [ RunTime:0.003475s ]
INFO: [ template_filter ] --END-- [ RunTime:0.003628s ]
INFO: Run Behavior\ParseTemplateBehavior [ RunTime:0.127872s ]
INFO: [ view_parse ] --END-- [ RunTime:0.128011s ]
INFO: [ view_filter ] --START--
INFO: Run Behavior\WriteHtmlCacheBehavior [ RunTime:0.001212s ]
INFO: [ view_filter ] --END-- [ RunTime:0.001354s ]
INFO: [ app_end ] --START--
INFO: Run Behavior\ShowPageTraceBehavior [ RunTime:0.001994s ]
INFO: [ app_end ] --END-- [ RunTime:0.002149s ]

[ 2018-04-07T23:23:44+08:00 ] 127.0.0.1 /index.php/Home/Index/static/image/common/none.gif
INFO: [ app_init ] --START--
INFO: Run Behavior\BuildLiteBehavior [ RunTime:0.000028s ]
INFO: [ app_init ] --END-- [ RunTime:0.000913s ]

[ 2018-04-07T23:23:44+08:00 ] 127.0.0.1 /index.php/Home/Index/misc.php?mod=seccode&update=08608&idhash=cSAxQz88h
INFO: [ app_init ] --START--
INFO: Run Behavior\BuildLiteBehavior [ RunTime:0.000029s ]
INFO: [ app_init ] --END-- [ RunTime:0.001046s ]
INFO: [ app_begin ] --START--
INFO: Run Behavior\ReadHtmlCacheBehavior [ RunTime:0.002045s ]
INFO: [ app_begin ] --END-- [ RunTime:0.002177s ]
ERR: 非法操作:misc.php

[ 2018-04-07T23:23:56+08:00 ] 127.0.0.1 /index.php/Home/Login/login
INFO: [ app_init ] --START--
INFO: Run Behavior\BuildLiteBehavior [ RunTime:0.000102s ]
INFO: [ app_init ] --END-- [ RunTime:0.002190s ]
INFO: [ app_begin ] --START--
INFO: Run Behavior\ReadHtmlCacheBehavior [ RunTime:0.001824s ]
INFO: [ app_begin ] --END-- [ RunTime:0.001939s ]
SQL: SHOW COLUMNS FROM `bbs_user` [ RunTime:0.0251s ]
SQL: SELECT * FROM `bbs_user` WHERE `name` = '123' LIMIT 1   [ RunTime:0.0009s ]

[ 2018-04-07T23:24:20+08:00 ] 127.0.0.1 /index.php/Home/Index/index
INFO: [ app_init ] --START--
INFO: Run Behavior\BuildLiteBehavior [ RunTime:0.000029s ]
INFO: [ app_init ] --END-- [ RunTime:0.000899s ]
INFO: [ app_begin ] --START--
INFO: Run Behavior\ReadHtmlCacheBehavior [ RunTime:0.001493s ]
INFO: [ app_begin ] --END-- [ RunTime:0.001606s ]
SQL: SHOW COLUMNS FROM `bbs_sheave` [ RunTime:0.0079s ]
SQL: SELECT * FROM `bbs_sheave` WHERE ( show_pic=0 )  [ RunTime:0.0020s ]
INFO: [ view_parse ] --START--
INFO: [ template_filter ] --START--
INFO: Run Behavior\ContentReplaceBehavior [ RunTime:0.008170s ]
INFO: [ template_filter ] --END-- [ RunTime:0.008607s ]
INFO: Run Behavior\ParseTemplateBehavior [ RunTime:0.130811s ]
INFO: [ view_parse ] --END-- [ RunTime:0.130968s ]
INFO: [ view_filter ] --START--
INFO: Run Behavior\WriteHtmlCacheBehavior [ RunTime:0.000778s ]
INFO: [ view_filter ] --END-- [ RunTime:0.000851s ]
INFO: [ app_end ] --START--
INFO: Run Behavior\ShowPageTraceBehavior [ RunTime:0.001603s ]
INFO: [ app_end ] --END-- [ RunTime:0.001717s ]

[ 2018-04-07T23:24:21+08:00 ] 127.0.0.1 /index.php/Home/Index/static/image/common/none.gif
INFO: [ app_init ] --START--
INFO: Run Behavior\BuildLiteBehavior [ RunTime:0.000030s ]
INFO: [ app_init ] --END-- [ RunTime:0.000962s ]

[ 2018-04-07T23:24:21+08:00 ] 127.0.0.1 /index.php/Home/Index/misc.php?mod=seccode&update=08608&idhash=cSAxQz88h
INFO: [ app_init ] --START--
INFO: Run Behavior\BuildLiteBehavior [ RunTime:0.000028s ]
INFO: [ app_init ] --END-- [ RunTime:0.000831s ]
INFO: [ app_begin ] --START--
INFO: Run Behavior\ReadHtmlCacheBehavior [ RunTime:0.001643s ]
INFO: [ app_begin ] --END-- [ RunTime:0.001749s ]
ERR: 非法操作:misc.php

[ 2018-04-07T23:24:31+08:00 ] 127.0.0.1 /index.php/Home/Login/login
INFO: [ app_init ] --START--
INFO: Run Behavior\BuildLiteBehavior [ RunTime:0.000029s ]
INFO: [ app_init ] --END-- [ RunTime:0.000886s ]
INFO: [ app_begin ] --START--
INFO: Run Behavior\ReadHtmlCacheBehavior [ RunTime:0.004034s ]
INFO: [ app_begin ] --END-- [ RunTime:0.004153s ]
SQL: SHOW COLUMNS FROM `bbs_user` [ RunTime:0.0410s ]
SQL: SELECT * FROM `bbs_user` WHERE `name` = '123' LIMIT 1   [ RunTime:0.0388s ]

