[ 2018-03-13T10:18:59+08:00 ] ::1 /Public/Admin/js/echart.js
INFO: [ app_init ] --START--
INFO: Run Behavior\BuildLiteBehavior [ RunTime:0.000000s ]
INFO: [ app_init ] --END-- [ RunTime:0.002000s ]
ERR: 无法加载模块:Public

[ 2018-03-13T10:18:59+08:00 ] ::1 /Public/Admin/js/index.js
INFO: [ app_init ] --START--
INFO: Run Behavior\BuildLiteBehavior [ RunTime:0.000000s ]
INFO: [ app_init ] --END-- [ RunTime:0.002000s ]
ERR: 无法加载模块:Public

[ 2018-03-13T10:19:00+08:00 ] ::1 /Public/Admin/js/index.js
INFO: [ app_init ] --START--
INFO: Run Behavior\BuildLiteBehavior [ RunTime:0.000000s ]
INFO: [ app_init ] --END-- [ RunTime:0.002000s ]
ERR: 无法加载模块:Public

[ 2018-03-13T10:19:00+08:00 ] ::1 /Public/Admin/js/echart.js
INFO: [ app_init ] --START--
INFO: Run Behavior\BuildLiteBehavior [ RunTime:0.000000s ]
INFO: [ app_init ] --END-- [ RunTime:0.002001s ]
ERR: 无法加载模块:Public

[ 2018-03-13T10:19:01+08:00 ] ::1 /Public/Admin/favicon.ico
INFO: [ app_init ] --START--
INFO: Run Behavior\BuildLiteBehavior [ RunTime:0.000000s ]
INFO: [ app_init ] --END-- [ RunTime:0.001000s ]
ERR: 无法加载模块:Public

[ 2018-03-13T10:19:08+08:00 ] ::1 /Public/Admin/js/echart.js
INFO: [ app_init ] --START--
INFO: Run Behavior\BuildLiteBehavior [ RunTime:0.000000s ]
INFO: [ app_init ] --END-- [ RunTime:0.001000s ]
ERR: 无法加载模块:Public

[ 2018-03-13T10:19:08+08:00 ] ::1 /Public/Admin/js/index.js
INFO: [ app_init ] --START--
INFO: Run Behavior\BuildLiteBehavior [ RunTime:0.000000s ]
INFO: [ app_init ] --END-- [ RunTime:0.001000s ]
ERR: 无法加载模块:Public

[ 2018-03-13T10:19:19+08:00 ] ::1 /Public/Admin/js/index.js
INFO: [ app_init ] --START--
INFO: Run Behavior\BuildLiteBehavior [ RunTime:0.000000s ]
INFO: [ app_init ] --END-- [ RunTime:0.001000s ]
ERR: 无法加载模块:Public

[ 2018-03-13T10:19:19+08:00 ] ::1 /Public/Admin/js/echart.js
INFO: [ app_init ] --START--
INFO: Run Behavior\BuildLiteBehavior [ RunTime:0.000000s ]
INFO: [ app_init ] --END-- [ RunTime:0.001000s ]
ERR: 无法加载模块:Public

[ 2018-03-13T10:19:19+08:00 ] ::1 /Public/Admin/js/index.js
INFO: [ app_init ] --START--
INFO: Run Behavior\BuildLiteBehavior [ RunTime:0.000000s ]
INFO: [ app_init ] --END-- [ RunTime:0.001000s ]
ERR: 无法加载模块:Public

[ 2018-03-13T10:19:19+08:00 ] ::1 /Public/Admin/js/echart.js
INFO: [ app_init ] --START--
INFO: Run Behavior\BuildLiteBehavior [ RunTime:0.000000s ]
INFO: [ app_init ] --END-- [ RunTime:0.001000s ]
ERR: 无法加载模块:Public

[ 2018-03-13T10:36:32+08:00 ] 127.0.0.1 http://config.pinyin.sogou.com/api/toolbox/geturl.php?h=A83B1775FD736C2D98E8E8340FAFFF21&v=8.8.0.1953&r=6965_sogou_pinyin_7.4.0.4502_6965.1418093056
INFO: [ app_init ] --START--
INFO: Run Behavior\BuildLiteBehavior [ RunTime:0.000000s ]
INFO: [ app_init ] --END-- [ RunTime:0.000000s ]
ERR: 无法加载模块:Api

[ 2018-03-13T11:51:53+08:00 ] 127.0.0.1 http://config.pinyin.sogou.com/api/toolbox/geturl.php?h=A83B1775FD736C2D98E8E8340FAFFF21&v=8.8.0.1953&r=6965_sogou_pinyin_7.4.0.4502_6965.1418093056
INFO: [ app_init ] --START--
INFO: Run Behavior\BuildLiteBehavior [ RunTime:0.000000s ]
INFO: [ app_init ] --END-- [ RunTime:0.086005s ]
ERR: 无法加载模块:Api

[ 2018-03-13T11:56:20+08:00 ] 127.0.0.1 http://config.pinyin.sogou.com/api/toolbox/geturl.php?h=A83B1775FD736C2D98E8E8340FAFFF21&v=8.8.0.1953&r=6965_sogou_pinyin_7.4.0.4502_6965.1418093056
INFO: [ app_init ] --START--
INFO: Run Behavior\BuildLiteBehavior [ RunTime:0.000000s ]
INFO: [ app_init ] --END-- [ RunTime:0.002000s ]
ERR: 无法加载模块:Api

[ 2018-03-13T12:00:52+08:00 ] 127.0.0.1 http://config.pinyin.sogou.com/api/toolbox/geturl.php?h=A83B1775FD736C2D98E8E8340FAFFF21&v=8.8.0.1953&r=6965_sogou_pinyin_7.4.0.4502_6965.1418093056
INFO: [ app_init ] --START--
INFO: Run Behavior\BuildLiteBehavior [ RunTime:0.000000s ]
INFO: [ app_init ] --END-- [ RunTime:0.062004s ]
ERR: 无法加载模块:Api

[ 2018-03-13T15:59:09+08:00 ] 127.0.0.1 http://config.pinyin.sogou.com/api/toolbox/geturl.php?h=A83B1775FD736C2D98E8E8340FAFFF21&v=8.8.0.1953&r=6965_sogou_pinyin_7.4.0.4502_6965.1418093056
INFO: [ app_init ] --START--
INFO: Run Behavior\BuildLiteBehavior [ RunTime:0.000000s ]
INFO: [ app_init ] --END-- [ RunTime:0.000000s ]
ERR: 无法加载模块:Api

[ 2018-03-13T16:03:28+08:00 ] 127.0.0.1 http://config.pinyin.sogou.com/api/toolbox/geturl.php?h=A83B1775FD736C2D98E8E8340FAFFF21&v=8.8.0.1953&r=6965_sogou_pinyin_7.4.0.4502_6965.1418093056
INFO: [ app_init ] --START--
INFO: Run Behavior\BuildLiteBehavior [ RunTime:0.000000s ]
INFO: [ app_init ] --END-- [ RunTime:0.000000s ]
ERR: 无法加载模块:Api

[ 2018-03-13T16:06:11+08:00 ] 127.0.0.1 http://config.pinyin.sogou.com/api/toolbox/geturl.php?h=A83B1775FD736C2D98E8E8340FAFFF21&v=8.8.0.1953&r=6965_sogou_pinyin_7.4.0.4502_6965.1418093056
INFO: [ app_init ] --START--
INFO: Run Behavior\BuildLiteBehavior [ RunTime:0.000000s ]
INFO: [ app_init ] --END-- [ RunTime:0.000000s ]
ERR: 无法加载模块:Api

[ 2018-03-13T16:07:42+08:00 ] 127.0.0.1 http://config.pinyin.sogou.com/api/toolbox/geturl.php?h=A83B1775FD736C2D98E8E8340FAFFF21&v=8.8.0.1953&r=6965_sogou_pinyin_7.4.0.4502_6965.1418093056
INFO: [ app_init ] --START--
INFO: Run Behavior\BuildLiteBehavior [ RunTime:0.000000s ]
INFO: [ app_init ] --END-- [ RunTime:0.001000s ]
ERR: 无法加载模块:Api

[ 2018-03-13T16:52:43+08:00 ] ::1 /sys-data.html
INFO: [ app_init ] --START--
INFO: Run Behavior\BuildLiteBehavior [ RunTime:0.000000s ]
INFO: [ app_init ] --END-- [ RunTime:0.001000s ]
ERR: 无法加载模块:Sys-data

[ 2018-03-13T16:52:45+08:00 ] ::1 /sys-set.html
INFO: [ app_init ] --START--
INFO: Run Behavior\BuildLiteBehavior [ RunTime:0.000000s ]
INFO: [ app_init ] --END-- [ RunTime:0.000000s ]
ERR: 无法加载模块:Sys-set

[ 2018-03-13T16:54:23+08:00 ] ::1 /echart.html
INFO: [ app_init ] --START--
INFO: Run Behavior\BuildLiteBehavior [ RunTime:0.000000s ]
INFO: [ app_init ] --END-- [ RunTime:0.000000s ]
ERR: 无法加载模块:Echart

[ 2018-03-13T19:24:33+08:00 ] 127.0.0.1 http://input.shouji.sogou.com/jsp/personalcenter/pcgettime.jsp?h=A83B1775FD736C2D98E8E8340FAFFF21&v=8.8.0.1953&r=6965_sogou_pinyin_7.4.0.4502_6965.1418093056&St=1&Ut=1
INFO: [ app_init ] --START--
INFO: Run Behavior\BuildLiteBehavior [ RunTime:0.000000s ]
INFO: [ app_init ] --END-- [ RunTime:0.000000s ]
ERR: 无法加载模块:Jsp

[ 2018-03-13T19:24:39+08:00 ] 127.0.0.1 http://ime.sogou.com/version.txt?h=A83B1775FD736C2D98E8E8340FAFFF21&v=8.8.0.1953&r=6965_sogou_pinyin_7.4.0.4502_6965.1418093056&type=2&mc=EOPAOFCCEILDZ&proc=ugLUEwLUvxa*&pproc=zxHWBg9Yzxi*&uid=1&s=1&l=0&sd=0&mod=2&bdf=0&scc=1&uex=1&dus=354818513&cus=350027617&di=1&udim=0&dpv=0&dpt=0&dpvn=0&dptn=0&tsn=0&tcn=0&trn=2&msn=0&mcn=0&bsn=0&bcn=0&ess=1&crn=2&srn=2&opl=2%7C2%7C2%7C0%7C0%7C2&ops=0%7C0%7C0%7C0%7C0%7C0&opc=0%7C0%7C0%7C0%7C0%7C0&opr=0%7C0%7C2%7C0%7C0%7C0&set=0&cesi=1&rktfc=0&sysdf=20140716&sysdv=20171011&x64=1&pf=1&prcat=r2vUDwLUzuLUDgvS&prctp=000206A7&mhz=2193&mmb=8139&vo=393217&fvo=6.1.7601.23915&pvo=6.1.7601&ubt=1&btf=0&sodalibf=0&Rep=0&IdxPre=-2&IdxAft=-2&FcdUp=1&ChgSknTm=0&UDRep=0&fp=3%7C0%7C0%7C0%7C0%7C0%7C0%7C0%7C0%7C0%7C0%7C0%7C0%7C0%7C0%7C0%7C0%7C0%7C0%7C0%7C0%7C0%7C0%7C0&ls=0%7C0%7C0%7C0%7C0%7C0%7C0%7C0%7C0%7C0%7C0%7C0%7C0%7C0%7C0%7C0%7C0%7C0%7C0%7C0&us=0%7C0%7C0%7C0%7C0%7C0%7C0%7C0%7C0%7C0%7C0%7C0%7C0%7C0%7C0%7C0%7C0%7C0%7C0%7C0%7C0&skbd=0%7C0%7C0%7C0%7C0%7C0%7C0%7C0%7C0%7C0%7C0%7C0%7C3%7C0%7C0%7C0%7C0&pcs=2%7C0%7C0%7C0%7C0%7C0%7C0%7C0%7C0%7C0%7C0%7C0%7C0%7C0%7C0%7C0%7C0%7C0%7C0%7C0%7C0%7C0%7C0%7C0%7C0%7C0%7C0%7C0%7C0%7C0%7C0%7C0&ldf=0&wc=30&wc2=16&lt=2018-3-13.19%3A24%3A32&scr1=0/0&scr2=12916/14895&scr3=0/0&scr4=1000/1000&scr5=0/0&scr6=0/0&scr6m=0/0&bksp=131&csh=0&csel=0&ccancel=0&cfail=0&lcfail=0&creq=5&ccomb=2&csend=2&chit=0&csela=0&csac=0&csasc=0&lcsh=1&lcfsh=1&lcse=1&lcfse=1&outc=16&cad=0&cadf=0&saf=0&safs=0&abss=0&absf=0&absos=0&spedmex=&perfSM=162&perfST=0&perfSN=92&perfKM=4&perfKT=0&perfKN=4611&perfUM=16585&perfUT=6&perfUN=12195652&perfAM=4497&perfAT=3&perfAN=34&perfCM=116&perfCT=0&perfCN=91&perfCKM=0&perfCKT=0&perfCKN=91&perfCVM=4492&perfCVT=3&perfCVN=28&perfLM=16&perfLT=0&perfLN=3815&perfCSM=1083&perfCST=2&perfCSN=91&s2=1&s3=1&s4=0&s5=0&s6=0&s7=0&s8=0&s9=14&qmb=0&qmbm=0&qmbt=86609&SknMd5=&SknId=&ClDct=-14108-14108-4-49111+60393&IgnrSknFntStng=0&IgnrSknFntSzStng=0&IgnrSknClrStng=0&StsAprnc=0&ImTr=1&QnPn=1&ShngPn=0&SprSPJP=1&UrlGd=1&QckInpt=1&MkNm=1&MhYn=0&MhTp=1&LstInptTm=0&CntBHFltr=0&CntBH=0&CntEngFl=0&CntEngInpt=0&CntNms=0&CntNrml=0&CntSpSw=0&CntTmpEng=0&CntUrlFl=0&CntVMd=0&InptStl=0&MlUrlFl=1&HdStsWhnFlScrn=1&UsClDct=1&ClDctAtUpt=1&UsrPhrs=1&AtUpdt=2&mid=y&MGO=0&MGP=0&MGQ=0&MGC=0&MGI=0&nat=1&flashctrlver=&sf=1&defBro=za**&6=1&B=9.11.9600.18920&lb=1&bd=1&I=1&O=1&tqe=1&sfsw=001&hipc=0&sknbx=0&psdt=0&psdtr=-1&olsw=0&olft=0&olsl=0&olslft=0&olbksp=0&olocc=0&br0=0&br1=0&br2=0&br3=0&br4=0&br5=0&br6=0&br7=0&sbcn=0%7C0%7C0%7C0%7C0%7C0%7C0%7C0&gfgc=0&gfsc=0&gfnbnc=0&clf=0&cpdam=0&cpen=0&udec=0&sdec=0&kndt=4%7C0%7C0%7C0%7C0%7C0%7C0%7C0%7C0%7C0%7C0%7C0%7C0%7C0%7C0%7C0%7C0%7C0%7C0%7C0%7C0%7C0%7C0%7C0%7C0%7C0%7C0%7C0%7C0%7C0%7C0%7C0%7C0%7C0%7C0%7C0%7C0%7C0%7C0%7C0%7C0%7C0%7C0%7C0%7C0%7C0%7C0%7C0%7C0%7C0%7C0%7C0%7C0%7C0%7C0%7C0%7C0%7C0%7C0%7C0%7C0%7C0%7C0%7C2%7C0%7C0%7C0%7C0%7C0&nks=25%7C0%7C15%7C0%7C1%7C0%7C0%7C0%7C34%7C24%7C129%7C16%7C0%7C15%7C0%7C1%7C0%7C0%7C0%7C14%7C0%7C13%7C0%7C1%7C0%7C0%7C0%7C1%7C0%7C0%7C0%7C1%7C0%7C0%7C0%7C3%7C0%7C3%7C0%7C0%7C0%7C0%7C0%7C2%7C2%7C1%7C2%7C1%7C2%7C&shew=4&slew=0&sheuw=0&sleuw=0&qies=0&qieu=0&urluse=0&urlshow=0&siii=0&sisr=0&sirs=0&sivr=0&sirc=0&hintshow=16&hintsel=0&hintclt=0&ss=0
INFO: [ app_init ] --START--
INFO: Run Behavior\BuildLiteBehavior [ RunTime:0.000000s ]
INFO: [ app_init ] --END-- [ RunTime:0.000000s ]
ERR: 无法加载模块:1

[ 2018-03-13T19:24:43+08:00 ] 127.0.0.1 http://ime.sogou.com/version.txt?h=A83B1775FD736C2D98E8E8340FAFFF21&v=8.8.0.1953&r=6965_sogou_pinyin_7.4.0.4502_6965.1418093056&type=2&mc=EOPAOFCCEILDZ&proc=ugLUEwLUvxa*&pproc=zxHWBg9Yzxi*&uid=1&s=1&l=0&sd=0&mod=2&bdf=0&scc=1&uex=1&dus=354818513&cus=350027617&di=1&udim=0&dpv=0&dpt=0&dpvn=0&dptn=0&tsn=0&tcn=0&trn=2&msn=0&mcn=0&bsn=0&bcn=0&ess=1&crn=2&srn=2&opl=2%7C2%7C2%7C0%7C0%7C2&ops=0%7C0%7C0%7C0%7C0%7C0&opc=0%7C0%7C0%7C0%7C0%7C0&opr=0%7C0%7C2%7C0%7C0%7C0&set=0&cesi=1&rktfc=0&sysdf=20140716&sysdv=20171011&x64=1&pf=1&prcat=r2vUDwLUzuLUDgvS&prctp=000206A7&mhz=2193&mmb=8139&vo=393217&fvo=6.1.7601.23915&pvo=6.1.7601&ubt=1&btf=0&sodalibf=0&Rep=0&IdxPre=-2&IdxAft=-2&FcdUp=1&ChgSknTm=0&UDRep=0&fp=3%7C0%7C0%7C0%7C0%7C0%7C0%7C0%7C0%7C0%7C0%7C0%7C0%7C0%7C0%7C0%7C0%7C0%7C0%7C0%7C0%7C0%7C0%7C0&ls=0%7C0%7C0%7C0%7C0%7C0%7C0%7C0%7C0%7C0%7C0%7C0%7C0%7C0%7C0%7C0%7C0%7C0%7C0%7C0&us=0%7C0%7C0%7C0%7C0%7C0%7C0%7C0%7C0%7C0%7C0%7C0%7C0%7C0%7C0%7C0%7C0%7C0%7C0%7C0%7C0&skbd=0%7C0%7C0%7C0%7C0%7C0%7C0%7C0%7C0%7C0%7C0%7C0%7C3%7C0%7C0%7C0%7C0&pcs=2%7C0%7C0%7C0%7C0%7C0%7C0%7C0%7C0%7C0%7C0%7C0%7C0%7C0%7C0%7C0%7C0%7C0%7C0%7C0%7C0%7C0%7C0%7C0%7C0%7C0%7C0%7C0%7C0%7C0%7C0%7C0&ldf=0&wc=30&wc2=16&lt=2018-3-13.19%3A24%3A32&scr1=0/0&scr2=12916/14895&scr3=0/0&scr4=1000/1000&scr5=0/0&scr6=0/0&scr6m=0/0&bksp=131&csh=0&csel=0&ccancel=0&cfail=0&lcfail=0&creq=5&ccomb=2&csend=2&chit=0&csela=0&csac=0&csasc=0&lcsh=1&lcfsh=1&lcse=1&lcfse=1&outc=16&cad=0&cadf=0&saf=0&safs=0&abss=0&absf=0&absos=0&spedmex=&perfSM=162&perfST=0&perfSN=92&perfKM=4&perfKT=0&perfKN=4611&perfUM=16585&perfUT=6&perfUN=12195652&perfAM=4497&perfAT=3&perfAN=34&perfCM=116&perfCT=0&perfCN=91&perfCKM=0&perfCKT=0&perfCKN=91&perfCVM=4492&perfCVT=3&perfCVN=28&perfLM=16&perfLT=0&perfLN=3815&perfCSM=1083&perfCST=2&perfCSN=91&s2=1&s3=1&s4=0&s5=0&s6=0&s7=0&s8=0&s9=14&qmb=0&qmbm=0&qmbt=86609&SknMd5=&SknId=&ClDct=-14108-14108-4-49111+60393&IgnrSknFntStng=0&IgnrSknFntSzStng=0&IgnrSknClrStng=0&StsAprnc=0&ImTr=1&QnPn=1&ShngPn=0&SprSPJP=1&UrlGd=1&QckInpt=1&MkNm=1&MhYn=0&MhTp=1&LstInptTm=0&CntBHFltr=0&CntBH=0&CntEngFl=0&CntEngInpt=0&CntNms=0&CntNrml=0&CntSpSw=0&CntTmpEng=0&CntUrlFl=0&CntVMd=0&InptStl=0&MlUrlFl=1&HdStsWhnFlScrn=1&UsClDct=1&ClDctAtUpt=1&UsrPhrs=1&AtUpdt=2&mid=y&MGO=0&MGP=0&MGQ=0&MGC=0&MGI=0&nat=1&flashctrlver=&sf=1&defBro=za**&6=1&B=9.11.9600.18920&lb=1&bd=1&I=1&O=1&tqe=1&sfsw=001&hipc=0&sknbx=0&psdt=0&psdtr=-1&olsw=0&olft=0&olsl=0&olslft=0&olbksp=0&olocc=0&br0=0&br1=0&br2=0&br3=0&br4=0&br5=0&br6=0&br7=0&sbcn=0%7C0%7C0%7C0%7C0%7C0%7C0%7C0&gfgc=0&gfsc=0&gfnbnc=0&clf=0&cpdam=0&cpen=0&udec=0&sdec=0&kndt=4%7C0%7C0%7C0%7C0%7C0%7C0%7C0%7C0%7C0%7C0%7C0%7C0%7C0%7C0%7C0%7C0%7C0%7C0%7C0%7C0%7C0%7C0%7C0%7C0%7C0%7C0%7C0%7C0%7C0%7C0%7C0%7C0%7C0%7C0%7C0%7C0%7C0%7C0%7C0%7C0%7C0%7C0%7C0%7C0%7C0%7C0%7C0%7C0%7C0%7C0%7C0%7C0%7C0%7C0%7C0%7C0%7C0%7C0%7C0%7C0%7C0%7C0%7C2%7C0%7C0%7C0%7C0%7C0&nks=25%7C0%7C15%7C0%7C1%7C0%7C0%7C0%7C34%7C24%7C129%7C16%7C0%7C15%7C0%7C1%7C0%7C0%7C0%7C14%7C0%7C13%7C0%7C1%7C0%7C0%7C0%7C1%7C0%7C0%7C0%7C1%7C0%7C0%7C0%7C3%7C0%7C3%7C0%7C0%7C0%7C0%7C0%7C2%7C2%7C1%7C2%7C1%7C2%7C&shew=4&slew=0&sheuw=0&sleuw=0&qies=0&qieu=0&urluse=0&urlshow=0&siii=0&sisr=0&sirs=0&sivr=0&sirc=0&hintshow=16&hintsel=0&hintclt=0&ss=0
INFO: [ app_init ] --START--
INFO: Run Behavior\BuildLiteBehavior [ RunTime:0.000000s ]
INFO: [ app_init ] --END-- [ RunTime:0.001000s ]
ERR: 无法加载模块:1

[ 2018-03-13T19:24:47+08:00 ] 127.0.0.1 http://ime.sogou.com/version.txt?h=A83B1775FD736C2D98E8E8340FAFFF21&v=8.8.0.1953&r=6965_sogou_pinyin_7.4.0.4502_6965.1418093056&type=2&mc=EOPAOFCCEILDZ&proc=ugLUEwLUvxa*&pproc=zxHWBg9Yzxi*&uid=1&s=1&l=0&sd=0&mod=2&bdf=0&scc=1&uex=1&dus=354818513&cus=350027617&di=1&udim=0&dpv=0&dpt=0&dpvn=0&dptn=0&tsn=0&tcn=0&trn=2&msn=0&mcn=0&bsn=0&bcn=0&ess=1&crn=2&srn=2&opl=2%7C2%7C2%7C0%7C0%7C2&ops=0%7C0%7C0%7C0%7C0%7C0&opc=0%7C0%7C0%7C0%7C0%7C0&opr=0%7C0%7C2%7C0%7C0%7C0&set=0&cesi=1&rktfc=0&sysdf=20140716&sysdv=20171011&x64=1&pf=1&prcat=r2vUDwLUzuLUDgvS&prctp=000206A7&mhz=2193&mmb=8139&vo=393217&fvo=6.1.7601.23915&pvo=6.1.7601&ubt=1&btf=0&sodalibf=0&Rep=0&IdxPre=-2&IdxAft=-2&FcdUp=1&ChgSknTm=0&UDRep=0&fp=3%7C0%7C0%7C0%7C0%7C0%7C0%7C0%7C0%7C0%7C0%7C0%7C0%7C0%7C0%7C0%7C0%7C0%7C0%7C0%7C0%7C0%7C0%7C0&ls=0%7C0%7C0%7C0%7C0%7C0%7C0%7C0%7C0%7C0%7C0%7C0%7C0%7C0%7C0%7C0%7C0%7C0%7C0%7C0&us=0%7C0%7C0%7C0%7C0%7C0%7C0%7C0%7C0%7C0%7C0%7C0%7C0%7C0%7C0%7C0%7C0%7C0%7C0%7C0%7C0&skbd=0%7C0%7C0%7C0%7C0%7C0%7C0%7C0%7C0%7C0%7C0%7C0%7C3%7C0%7C0%7C0%7C0&pcs=2%7C0%7C0%7C0%7C0%7C0%7C0%7C0%7C0%7C0%7C0%7C0%7C0%7C0%7C0%7C0%7C0%7C0%7C0%7C0%7C0%7C0%7C0%7C0%7C0%7C0%7C0%7C0%7C0%7C0%7C0%7C0&ldf=0&wc=30&wc2=16&lt=2018-3-13.19%3A24%3A32&scr1=0/0&scr2=12916/14895&scr3=0/0&scr4=1000/1000&scr5=0/0&scr6=0/0&scr6m=0/0&bksp=131&csh=0&csel=0&ccancel=0&cfail=0&lcfail=0&creq=5&ccomb=2&csend=2&chit=0&csela=0&csac=0&csasc=0&lcsh=1&lcfsh=1&lcse=1&lcfse=1&outc=16&cad=0&cadf=0&saf=0&safs=0&abss=0&absf=0&absos=0&spedmex=&perfSM=162&perfST=0&perfSN=92&perfKM=4&perfKT=0&perfKN=4611&perfUM=16585&perfUT=6&perfUN=12195652&perfAM=4497&perfAT=3&perfAN=34&perfCM=116&perfCT=0&perfCN=91&perfCKM=0&perfCKT=0&perfCKN=91&perfCVM=4492&perfCVT=3&perfCVN=28&perfLM=16&perfLT=0&perfLN=3815&perfCSM=1083&perfCST=2&perfCSN=91&s2=1&s3=1&s4=0&s5=0&s6=0&s7=0&s8=0&s9=14&qmb=0&qmbm=0&qmbt=86609&SknMd5=&SknId=&ClDct=-14108-14108-4-49111+60393&IgnrSknFntStng=0&IgnrSknFntSzStng=0&IgnrSknClrStng=0&StsAprnc=0&ImTr=1&QnPn=1&ShngPn=0&SprSPJP=1&UrlGd=1&QckInpt=1&MkNm=1&MhYn=0&MhTp=1&LstInptTm=0&CntBHFltr=0&CntBH=0&CntEngFl=0&CntEngInpt=0&CntNms=0&CntNrml=0&CntSpSw=0&CntTmpEng=0&CntUrlFl=0&CntVMd=0&InptStl=0&MlUrlFl=1&HdStsWhnFlScrn=1&UsClDct=1&ClDctAtUpt=1&UsrPhrs=1&AtUpdt=2&mid=y&MGO=0&MGP=0&MGQ=0&MGC=0&MGI=0&nat=1&flashctrlver=&sf=1&defBro=za**&6=1&B=9.11.9600.18920&lb=1&bd=1&I=1&O=1&tqe=1&sfsw=001&hipc=0&sknbx=0&psdt=0&psdtr=-1&olsw=0&olft=0&olsl=0&olslft=0&olbksp=0&olocc=0&br0=0&br1=0&br2=0&br3=0&br4=0&br5=0&br6=0&br7=0&sbcn=0%7C0%7C0%7C0%7C0%7C0%7C0%7C0&gfgc=0&gfsc=0&gfnbnc=0&clf=0&cpdam=0&cpen=0&udec=0&sdec=0&kndt=4%7C0%7C0%7C0%7C0%7C0%7C0%7C0%7C0%7C0%7C0%7C0%7C0%7C0%7C0%7C0%7C0%7C0%7C0%7C0%7C0%7C0%7C0%7C0%7C0%7C0%7C0%7C0%7C0%7C0%7C0%7C0%7C0%7C0%7C0%7C0%7C0%7C0%7C0%7C0%7C0%7C0%7C0%7C0%7C0%7C0%7C0%7C0%7C0%7C0%7C0%7C0%7C0%7C0%7C0%7C0%7C0%7C0%7C0%7C0%7C0%7C0%7C0%7C2%7C0%7C0%7C0%7C0%7C0&nks=25%7C0%7C15%7C0%7C1%7C0%7C0%7C0%7C34%7C24%7C129%7C16%7C0%7C15%7C0%7C1%7C0%7C0%7C0%7C14%7C0%7C13%7C0%7C1%7C0%7C0%7C0%7C1%7C0%7C0%7C0%7C1%7C0%7C0%7C0%7C3%7C0%7C3%7C0%7C0%7C0%7C0%7C0%7C2%7C2%7C1%7C2%7C1%7C2%7C&shew=4&slew=0&sheuw=0&sleuw=0&qies=0&qieu=0&urluse=0&urlshow=0&siii=0&sisr=0&sirs=0&sivr=0&sirc=0&hintshow=16&hintsel=0&hintclt=0&ss=0
INFO: [ app_init ] --START--
INFO: Run Behavior\BuildLiteBehavior [ RunTime:0.000000s ]
INFO: [ app_init ] --END-- [ RunTime:0.001000s ]
ERR: 无法加载模块:1

[ 2018-03-13T19:34:32+08:00 ] 127.0.0.1 http://input.shouji.sogou.com/jsp/personalcenter/pcgettime.jsp?h=A83B1775FD736C2D98E8E8340FAFFF21&v=8.8.0.1953&r=6965_sogou_pinyin_7.4.0.4502_6965.1418093056&St=1&Ut=1
INFO: [ app_init ] --START--
INFO: Run Behavior\BuildLiteBehavior [ RunTime:0.000000s ]
INFO: [ app_init ] --END-- [ RunTime:0.001001s ]
ERR: 无法加载模块:Jsp

[ 2018-03-13T19:34:50+08:00 ] 127.0.0.1 http://ime.sogou.com/version.txt?h=A83B1775FD736C2D98E8E8340FAFFF21&v=8.8.0.1953&r=6965_sogou_pinyin_7.4.0.4502_6965.1418093056&type=2&mc=EOPAOFCCEILDZ&proc=ugLUEwLUvxa*&pproc=zxHWBg9Yzxi*&uid=1&s=1&l=0&sd=0&mod=2&bdf=0&scc=1&uex=1&dus=354818513&cus=350027485&di=1&udim=0&dpv=0&dpt=0&dpvn=0&dptn=0&tsn=0&tcn=0&trn=0&msn=0&mcn=0&bsn=0&bcn=0&ess=1&crn=0&srn=0&opl=2%7C2%7C2%7C0%7C0%7C2&ops=0%7C0%7C0%7C0%7C0%7C0&opc=0%7C0%7C0%7C0%7C0%7C0&opr=0%7C0%7C0%7C0%7C0%7C0&set=0&cesi=1&rktfc=0&sysdf=20140716&sysdv=20171011&x64=1&pf=1&prcat=r2vUDwLUzuLUDgvS&prctp=000206A7&mhz=2194&mmb=8139&vo=393217&fvo=6.1.7601.23915&pvo=6.1.7601&ubt=1&btf=0&sodalibf=0&FcdUp=1&ChgSknTm=0&UDRep=0&fp=3%7C0%7C0%7C0%7C0%7C0%7C0%7C0%7C0%7C0%7C0%7C0%7C0%7C0%7C0%7C0%7C0%7C0%7C0%7C0%7C0%7C0%7C0%7C0&ls=0%7C0%7C0%7C0%7C0%7C0%7C0%7C0%7C0%7C0%7C0%7C0%7C0%7C0%7C0%7C0%7C0%7C0%7C0%7C0&us=0%7C0%7C0%7C0%7C0%7C0%7C0%7C0%7C0%7C0%7C0%7C0%7C0%7C0%7C0%7C0%7C0%7C0%7C0%7C0%7C0&skbd=0%7C0%7C0%7C0%7C0%7C0%7C0%7C0%7C0%7C0%7C0%7C0%7C0%7C0%7C0%7C0%7C0&pcs=2%7C0%7C0%7C0%7C0%7C0%7C0%7C0%7C0%7C0%7C0%7C0%7C0%7C0%7C0%7C0%7C0%7C0%7C0%7C0%7C0%7C0%7C0%7C0%7C0%7C0%7C0%7C0%7C0%7C0%7C0%7C0&ldf=0&wc=30&wc2=0&lt=2018-3-13.19%3A34%3A32&scr1=0/0&scr2=0/0&scr3=0/0&scr4=0/0&scr5=0/0&scr6=0/0&scr6m=0/0&bksp=0&csh=0&csel=0&ccancel=0&cfail=0&lcfail=0&creq=0&ccomb=0&csend=0&chit=0&csela=0&csac=0&csasc=0&lcsh=0&lcfsh=0&lcse=0&lcfse=0&outc=0&cad=0&cadf=0&saf=0&safs=0&abss=0&absf=0&absos=0&spedmex=&perfSM=17&perfST=0&perfSN=1&perfKM=0&perfKT=0&perfKN=0&perfUM=0&perfUT=0&perfUN=0&perfAM=0&perfAT=0&perfAN=0&perfCM=2&perfCT=0&perfCN=1&perfCKM=0&perfCKT=0&perfCKN=1&perfCVM=0&perfCVT=0&perfCVN=0&perfLM=0&perfLT=0&perfLN=0&perfCSM=0&perfCST=0&perfCSN=1&s2=0&s3=0&s4=0&s5=0&s6=0&s7=0&s8=0&s9=0&qmb=0&qmbm=0&qmbt=599&SknMd5=&SknId=&ClDct=-14108-14108-4-49111+60393&IgnrSknFntStng=0&IgnrSknFntSzStng=0&IgnrSknClrStng=0&StsAprnc=0&ImTr=1&QnPn=1&ShngPn=0&SprSPJP=1&UrlGd=1&QckInpt=1&MkNm=1&MhYn=0&MhTp=1&LstInptTm=0&CntBHFltr=0&CntBH=0&CntEngFl=0&CntEngInpt=0&CntNms=0&CntNrml=0&CntSpSw=0&CntTmpEng=0&CntUrlFl=0&CntVMd=0&InptStl=0&MlUrlFl=1&HdStsWhnFlScrn=1&UsClDct=1&ClDctAtUpt=1&UsrPhrs=1&AtUpdt=2&mid=y&MGO=0&MGP=0&MGQ=0&MGC=0&MGI=0&nat=1&flashctrlver=&sf=1&defBro=za**&6=1&B=9.11.9600.18920&lb=1&bd=1&I=1&O=1&tqe=1&sfsw=001&hipc=0&sknbx=0&psdt=0&psdtr=-1&olsw=0&olft=0&olsl=0&olslft=0&olbksp=0&olocc=0&br0=0&br1=0&br2=0&br3=0&br4=0&br5=0&br6=0&br7=0&sbcn=0%7C0%7C0%7C0%7C0%7C0%7C0%7C0&gfgc=0&gfsc=0&gfnbnc=0&clf=0&cpdam=0&cpen=0&udec=0&sdec=0&nks=0%7C0%7C0%7C0%7C0%7C0%7C0%7C0%7C0%7C0%7C0%7C0%7C0%7C0%7C0%7C0%7C0%7C0%7C0%7C0%7C0%7C0%7C0%7C0%7C0%7C0%7C0%7C0%7C0%7C0%7C0%7C0%7C0%7C0%7C0%7C0%7C0%7C0%7C0%7C0%7C0%7C0%7C0%7C0%7C0%7C0%7C0%7C0%7C0%7C&shew=0&slew=0&sheuw=0&sleuw=0&qies=0&qieu=0&urluse=0&urlshow=0&siii=0&sisr=0&sirs=0&sivr=0&sirc=0&hintshow=0&hintsel=0&hintclt=0&ss=0
INFO: [ app_init ] --START--
INFO: Run Behavior\BuildLiteBehavior [ RunTime:0.001000s ]
INFO: [ app_init ] --END-- [ RunTime:0.001000s ]
ERR: 无法加载模块:1

[ 2018-03-13T19:34:54+08:00 ] 127.0.0.1 http://ime.sogou.com/version.txt?h=A83B1775FD736C2D98E8E8340FAFFF21&v=8.8.0.1953&r=6965_sogou_pinyin_7.4.0.4502_6965.1418093056&type=2&mc=EOPAOFCCEILDZ&proc=ugLUEwLUvxa*&pproc=zxHWBg9Yzxi*&uid=1&s=1&l=0&sd=0&mod=2&bdf=0&scc=1&uex=1&dus=354818513&cus=350027485&di=1&udim=0&dpv=0&dpt=0&dpvn=0&dptn=0&tsn=0&tcn=0&trn=0&msn=0&mcn=0&bsn=0&bcn=0&ess=1&crn=0&srn=0&opl=2%7C2%7C2%7C0%7C0%7C2&ops=0%7C0%7C0%7C0%7C0%7C0&opc=0%7C0%7C0%7C0%7C0%7C0&opr=0%7C0%7C0%7C0%7C0%7C0&set=0&cesi=1&rktfc=0&sysdf=20140716&sysdv=20171011&x64=1&pf=1&prcat=r2vUDwLUzuLUDgvS&prctp=000206A7&mhz=2194&mmb=8139&vo=393217&fvo=6.1.7601.23915&pvo=6.1.7601&ubt=1&btf=0&sodalibf=0&FcdUp=1&ChgSknTm=0&UDRep=0&fp=3%7C0%7C0%7C0%7C0%7C0%7C0%7C0%7C0%7C0%7C0%7C0%7C0%7C0%7C0%7C0%7C0%7C0%7C0%7C0%7C0%7C0%7C0%7C0&ls=0%7C0%7C0%7C0%7C0%7C0%7C0%7C0%7C0%7C0%7C0%7C0%7C0%7C0%7C0%7C0%7C0%7C0%7C0%7C0&us=0%7C0%7C0%7C0%7C0%7C0%7C0%7C0%7C0%7C0%7C0%7C0%7C0%7C0%7C0%7C0%7C0%7C0%7C0%7C0%7C0&skbd=0%7C0%7C0%7C0%7C0%7C0%7C0%7C0%7C0%7C0%7C0%7C0%7C0%7C0%7C0%7C0%7C0&pcs=2%7C0%7C0%7C0%7C0%7C0%7C0%7C0%7C0%7C0%7C0%7C0%7C0%7C0%7C0%7C0%7C0%7C0%7C0%7C0%7C0%7C0%7C0%7C0%7C0%7C0%7C0%7C0%7C0%7C0%7C0%7C0&ldf=0&wc=30&wc2=0&lt=2018-3-13.19%3A34%3A32&scr1=0/0&scr2=0/0&scr3=0/0&scr4=0/0&scr5=0/0&scr6=0/0&scr6m=0/0&bksp=0&csh=0&csel=0&ccancel=0&cfail=0&lcfail=0&creq=0&ccomb=0&csend=0&chit=0&csela=0&csac=0&csasc=0&lcsh=0&lcfsh=0&lcse=0&lcfse=0&outc=0&cad=0&cadf=0&saf=0&safs=0&abss=0&absf=0&absos=0&spedmex=&perfSM=17&perfST=0&perfSN=1&perfKM=0&perfKT=0&perfKN=0&perfUM=0&perfUT=0&perfUN=0&perfAM=0&perfAT=0&perfAN=0&perfCM=2&perfCT=0&perfCN=1&perfCKM=0&perfCKT=0&perfCKN=1&perfCVM=0&perfCVT=0&perfCVN=0&perfLM=0&perfLT=0&perfLN=0&perfCSM=0&perfCST=0&perfCSN=1&s2=0&s3=0&s4=0&s5=0&s6=0&s7=0&s8=0&s9=0&qmb=0&qmbm=0&qmbt=599&SknMd5=&SknId=&ClDct=-14108-14108-4-49111+60393&IgnrSknFntStng=0&IgnrSknFntSzStng=0&IgnrSknClrStng=0&StsAprnc=0&ImTr=1&QnPn=1&ShngPn=0&SprSPJP=1&UrlGd=1&QckInpt=1&MkNm=1&MhYn=0&MhTp=1&LstInptTm=0&CntBHFltr=0&CntBH=0&CntEngFl=0&CntEngInpt=0&CntNms=0&CntNrml=0&CntSpSw=0&CntTmpEng=0&CntUrlFl=0&CntVMd=0&InptStl=0&MlUrlFl=1&HdStsWhnFlScrn=1&UsClDct=1&ClDctAtUpt=1&UsrPhrs=1&AtUpdt=2&mid=y&MGO=0&MGP=0&MGQ=0&MGC=0&MGI=0&nat=1&flashctrlver=&sf=1&defBro=za**&6=1&B=9.11.9600.18920&lb=1&bd=1&I=1&O=1&tqe=1&sfsw=001&hipc=0&sknbx=0&psdt=0&psdtr=-1&olsw=0&olft=0&olsl=0&olslft=0&olbksp=0&olocc=0&br0=0&br1=0&br2=0&br3=0&br4=0&br5=0&br6=0&br7=0&sbcn=0%7C0%7C0%7C0%7C0%7C0%7C0%7C0&gfgc=0&gfsc=0&gfnbnc=0&clf=0&cpdam=0&cpen=0&udec=0&sdec=0&nks=0%7C0%7C0%7C0%7C0%7C0%7C0%7C0%7C0%7C0%7C0%7C0%7C0%7C0%7C0%7C0%7C0%7C0%7C0%7C0%7C0%7C0%7C0%7C0%7C0%7C0%7C0%7C0%7C0%7C0%7C0%7C0%7C0%7C0%7C0%7C0%7C0%7C0%7C0%7C0%7C0%7C0%7C0%7C0%7C0%7C0%7C0%7C0%7C0%7C&shew=0&slew=0&sheuw=0&sleuw=0&qies=0&qieu=0&urluse=0&urlshow=0&siii=0&sisr=0&sirs=0&sivr=0&sirc=0&hintshow=0&hintsel=0&hintclt=0&ss=0
INFO: [ app_init ] --START--
INFO: Run Behavior\BuildLiteBehavior [ RunTime:0.000000s ]
INFO: [ app_init ] --END-- [ RunTime:0.000000s ]
ERR: 无法加载模块:1

[ 2018-03-13T19:34:58+08:00 ] 127.0.0.1 http://ime.sogou.com/version.txt?h=A83B1775FD736C2D98E8E8340FAFFF21&v=8.8.0.1953&r=6965_sogou_pinyin_7.4.0.4502_6965.1418093056&type=2&mc=EOPAOFCCEILDZ&proc=ugLUEwLUvxa*&pproc=zxHWBg9Yzxi*&uid=1&s=1&l=0&sd=0&mod=2&bdf=0&scc=1&uex=1&dus=354818513&cus=350027485&di=1&udim=0&dpv=0&dpt=0&dpvn=0&dptn=0&tsn=0&tcn=0&trn=0&msn=0&mcn=0&bsn=0&bcn=0&ess=1&crn=0&srn=0&opl=2%7C2%7C2%7C0%7C0%7C2&ops=0%7C0%7C0%7C0%7C0%7C0&opc=0%7C0%7C0%7C0%7C0%7C0&opr=0%7C0%7C0%7C0%7C0%7C0&set=0&cesi=1&rktfc=0&sysdf=20140716&sysdv=20171011&x64=1&pf=1&prcat=r2vUDwLUzuLUDgvS&prctp=000206A7&mhz=2194&mmb=8139&vo=393217&fvo=6.1.7601.23915&pvo=6.1.7601&ubt=1&btf=0&sodalibf=0&FcdUp=1&ChgSknTm=0&UDRep=0&fp=3%7C0%7C0%7C0%7C0%7C0%7C0%7C0%7C0%7C0%7C0%7C0%7C0%7C0%7C0%7C0%7C0%7C0%7C0%7C0%7C0%7C0%7C0%7C0&ls=0%7C0%7C0%7C0%7C0%7C0%7C0%7C0%7C0%7C0%7C0%7C0%7C0%7C0%7C0%7C0%7C0%7C0%7C0%7C0&us=0%7C0%7C0%7C0%7C0%7C0%7C0%7C0%7C0%7C0%7C0%7C0%7C0%7C0%7C0%7C0%7C0%7C0%7C0%7C0%7C0&skbd=0%7C0%7C0%7C0%7C0%7C0%7C0%7C0%7C0%7C0%7C0%7C0%7C0%7C0%7C0%7C0%7C0&pcs=2%7C0%7C0%7C0%7C0%7C0%7C0%7C0%7C0%7C0%7C0%7C0%7C0%7C0%7C0%7C0%7C0%7C0%7C0%7C0%7C0%7C0%7C0%7C0%7C0%7C0%7C0%7C0%7C0%7C0%7C0%7C0&ldf=0&wc=30&wc2=0&lt=2018-3-13.19%3A34%3A32&scr1=0/0&scr2=0/0&scr3=0/0&scr4=0/0&scr5=0/0&scr6=0/0&scr6m=0/0&bksp=0&csh=0&csel=0&ccancel=0&cfail=0&lcfail=0&creq=0&ccomb=0&csend=0&chit=0&csela=0&csac=0&csasc=0&lcsh=0&lcfsh=0&lcse=0&lcfse=0&outc=0&cad=0&cadf=0&saf=0&safs=0&abss=0&absf=0&absos=0&spedmex=&perfSM=17&perfST=0&perfSN=1&perfKM=0&perfKT=0&perfKN=0&perfUM=0&perfUT=0&perfUN=0&perfAM=0&perfAT=0&perfAN=0&perfCM=2&perfCT=0&perfCN=1&perfCKM=0&perfCKT=0&perfCKN=1&perfCVM=0&perfCVT=0&perfCVN=0&perfLM=0&perfLT=0&perfLN=0&perfCSM=0&perfCST=0&perfCSN=1&s2=0&s3=0&s4=0&s5=0&s6=0&s7=0&s8=0&s9=0&qmb=0&qmbm=0&qmbt=599&SknMd5=&SknId=&ClDct=-14108-14108-4-49111+60393&IgnrSknFntStng=0&IgnrSknFntSzStng=0&IgnrSknClrStng=0&StsAprnc=0&ImTr=1&QnPn=1&ShngPn=0&SprSPJP=1&UrlGd=1&QckInpt=1&MkNm=1&MhYn=0&MhTp=1&LstInptTm=0&CntBHFltr=0&CntBH=0&CntEngFl=0&CntEngInpt=0&CntNms=0&CntNrml=0&CntSpSw=0&CntTmpEng=0&CntUrlFl=0&CntVMd=0&InptStl=0&MlUrlFl=1&HdStsWhnFlScrn=1&UsClDct=1&ClDctAtUpt=1&UsrPhrs=1&AtUpdt=2&mid=y&MGO=0&MGP=0&MGQ=0&MGC=0&MGI=0&nat=1&flashctrlver=&sf=1&defBro=za**&6=1&B=9.11.9600.18920&lb=1&bd=1&I=1&O=1&tqe=1&sfsw=001&hipc=0&sknbx=0&psdt=0&psdtr=-1&olsw=0&olft=0&olsl=0&olslft=0&olbksp=0&olocc=0&br0=0&br1=0&br2=0&br3=0&br4=0&br5=0&br6=0&br7=0&sbcn=0%7C0%7C0%7C0%7C0%7C0%7C0%7C0&gfgc=0&gfsc=0&gfnbnc=0&clf=0&cpdam=0&cpen=0&udec=0&sdec=0&nks=0%7C0%7C0%7C0%7C0%7C0%7C0%7C0%7C0%7C0%7C0%7C0%7C0%7C0%7C0%7C0%7C0%7C0%7C0%7C0%7C0%7C0%7C0%7C0%7C0%7C0%7C0%7C0%7C0%7C0%7C0%7C0%7C0%7C0%7C0%7C0%7C0%7C0%7C0%7C0%7C0%7C0%7C0%7C0%7C0%7C0%7C0%7C0%7C0%7C&shew=0&slew=0&sheuw=0&sleuw=0&qies=0&qieu=0&urluse=0&urlshow=0&siii=0&sisr=0&sirs=0&sivr=0&sirc=0&hintshow=0&hintsel=0&hintclt=0&ss=0
INFO: [ app_init ] --START--
INFO: Run Behavior\BuildLiteBehavior [ RunTime:0.000000s ]
INFO: [ app_init ] --END-- [ RunTime:0.001000s ]
ERR: 无法加载模块:1

[ 2018-03-13T19:45:44+08:00 ] 127.0.0.1 http://config.pinyin.sogou.com/api/toolbox/geturl.php?h=A83B1775FD736C2D98E8E8340FAFFF21&v=8.8.0.1953&r=6965_sogou_pinyin_7.4.0.4502_6965.1418093056
INFO: [ app_init ] --START--
INFO: Run Behavior\BuildLiteBehavior [ RunTime:0.000000s ]
INFO: [ app_init ] --END-- [ RunTime:0.001000s ]
ERR: 无法加载模块:Api

[ 2018-03-13T19:46:38+08:00 ] 127.0.0.1 http://config.pinyin.sogou.com/api/toolbox/geturl.php?h=A83B1775FD736C2D98E8E8340FAFFF21&v=8.8.0.1953&r=6965_sogou_pinyin_7.4.0.4502_6965.1418093056
INFO: [ app_init ] --START--
INFO: Run Behavior\BuildLiteBehavior [ RunTime:0.000000s ]
INFO: [ app_init ] --END-- [ RunTime:0.001000s ]
ERR: 无法加载模块:Api

[ 2018-03-13T19:46:56+08:00 ] 127.0.0.1 http://www.sogou.com/imewis/msugg?ifc=4&em=4
INFO: [ app_init ] --START--
INFO: Run Behavior\BuildLiteBehavior [ RunTime:0.000000s ]
INFO: [ app_init ] --END-- [ RunTime:0.001000s ]
ERR: 无法加载模块:Imewis

[ 2018-03-13T19:46:56+08:00 ] 127.0.0.1 http://info.pinyin.sogou.com/ime_push/file.php?from=smart&si=1&type=6&h=A83B1775FD736C2D98E8E8340FAFFF21&v=8.8.0.1953&r=6965_sogou_pinyin_7.4.0.4502_6965.1418093056
INFO: [ app_init ] --START--
INFO: Run Behavior\BuildLiteBehavior [ RunTime:0.000000s ]
INFO: [ app_init ] --END-- [ RunTime:0.001000s ]
ERR: 无法加载模块:Ime_push

[ 2018-03-13T19:47:05+08:00 ] 127.0.0.1 http://www.sogou.com/imewis/msugg?ifc=4&em=4
INFO: [ app_init ] --START--
INFO: Run Behavior\BuildLiteBehavior [ RunTime:0.000000s ]
INFO: [ app_init ] --END-- [ RunTime:0.001001s ]
ERR: 无法加载模块:Imewis

[ 2018-03-13T19:47:05+08:00 ] 127.0.0.1 http://info.pinyin.sogou.com/ime_push/file.php?from=smart&si=1&type=6&h=A83B1775FD736C2D98E8E8340FAFFF21&v=8.8.0.1953&r=6965_sogou_pinyin_7.4.0.4502_6965.1418093056
INFO: [ app_init ] --START--
INFO: Run Behavior\BuildLiteBehavior [ RunTime:0.000000s ]
INFO: [ app_init ] --END-- [ RunTime:0.000000s ]
ERR: 无法加载模块:Ime_push

[ 2018-03-13T19:54:33+08:00 ] 127.0.0.1 http://input.shouji.sogou.com/jsp/personalcenter/pcgettime.jsp?h=A83B1775FD736C2D98E8E8340FAFFF21&v=8.8.0.1953&r=6965_sogou_pinyin_7.4.0.4502_6965.1418093056&St=1&Ut=1
INFO: [ app_init ] --START--
INFO: Run Behavior\BuildLiteBehavior [ RunTime:0.000000s ]
INFO: [ app_init ] --END-- [ RunTime:0.001000s ]
ERR: 无法加载模块:Jsp

[ 2018-03-13T19:54:38+08:00 ] 127.0.0.1 http://ime.sogou.com/version.txt?h=A83B1775FD736C2D98E8E8340FAFFF21&v=8.8.0.1953&r=6965_sogou_pinyin_7.4.0.4502_6965.1418093056&type=2&mc=EOPAOFCCEILDZ&proc=ugLUEwLUvxa*&pproc=y2HYB21L&uid=1&s=1&l=0&sd=0&mod=2&bdf=0&scc=1&uex=1&dus=354818513&cus=350046765&di=1&udim=0&dpv=0&dpt=0&dpvn=0&dptn=0&tsn=0&tcn=0&trn=2&msn=0&mcn=0&bsn=0&bcn=0&ess=1&crn=2&srn=2&opl=2%7C2%7C2%7C0%7C0%7C2&ops=0%7C0%7C0%7C0%7C0%7C0&opc=0%7C0%7C0%7C0%7C0%7C0&opr=0%7C2%7C0%7C0%7C0%7C0&set=0&cesi=1&rktfc=0&sysdf=20140716&sysdv=20171011&x64=1&pf=1&prcat=r2vUDwLUzuLUDgvS&prctp=000206A7&mhz=2193&mmb=8139&vo=393217&fvo=6.1.7601.23915&pvo=6.1.7601&ubt=1&btf=0&sodalibf=0&FcdUp=1&ChgSknTm=0&UDRep=0&fp=3%7C0%7C0%7C0%7C0%7C0%7C0%7C0%7C0%7C0%7C0%7C0%7C0%7C0%7C0%7C0%7C0%7C0%7C0%7C0%7C0%7C0%7C0%7C0&ls=0%7C0%7C0%7C0%7C0%7C0%7C0%7C0%7C0%7C0%7C0%7C0%7C0%7C0%7C0%7C0%7C0%7C0%7C0%7C0&us=0%7C0%7C0%7C0%7C0%7C0%7C0%7C0%7C0%7C0%7C0%7C0%7C0%7C0%7C0%7C0%7C0%7C0%7C0%7C0%7C0&skbd=0%7C0%7C0%7C0%7C0%7C0%7C0%7C0%7C0%7C0%7C0%7C0%7C0%7C0%7C0%7C0%7C0&pcs=2%7C0%7C0%7C0%7C0%7C0%7C0%7C0%7C0%7C0%7C0%7C0%7C0%7C0%7C0%7C0%7C0%7C0%7C0%7C0%7C0%7C0%7C0%7C0%7C0%7C0%7C0%7C0%7C0%7C0%7C0%7C0&ldf=0&wc=41&wc2=4&lt=2018-3-13.19%3A54%3A32&scr1=0/0&scr2=1000/1000&scr3=2997/2997&scr4=0/0&scr5=0/0&scr6=0/0&scr6m=0/0&bksp=22&csh=0&csel=0&ccancel=0&cfail=0&lcfail=0&creq=0&ccomb=0&csend=0&chit=0&csela=0&csac=0&csasc=0&lcsh=0&lcfsh=0&lcse=0&lcfse=0&outc=4&cad=0&cadf=0&saf=0&safs=0&abss=0&absf=0&absos=0&spedmex=&perfSM=42&perfST=0&perfSN=7&perfKM=0&perfKT=0&perfKN=0&perfUM=93&perfUT=0&perfUN=4101&perfAM=0&perfAT=0&perfAN=0&perfCM=3&perfCT=0&perfCN=7&perfCKM=0&perfCKT=0&perfCKN=7&perfCVM=0&perfCVT=0&perfCVN=0&perfLM=0&perfLT=0&perfLN=97&perfCSM=0&perfCST=0&perfCSN=7&s2=0&s3=0&s4=0&s5=0&s6=0&s7=0&s8=0&s9=4&qmb=0&qmbm=0&qmbt=1199&SknMd5=&SknId=&ClDct=-14108-14108-4-49111+60393&IgnrSknFntStng=0&IgnrSknFntSzStng=0&IgnrSknClrStng=0&StsAprnc=0&ImTr=1&QnPn=1&ShngPn=0&SprSPJP=1&UrlGd=1&QckInpt=1&MkNm=1&MhYn=0&MhTp=1&LstInptTm=0&CntBHFltr=0&CntBH=0&CntEngFl=0&CntEngInpt=0&CntNms=0&CntNrml=0&CntSpSw=0&CntTmpEng=0&CntUrlFl=0&CntVMd=0&InptStl=0&MlUrlFl=1&HdStsWhnFlScrn=1&UsClDct=1&ClDctAtUpt=1&UsrPhrs=1&AtUpdt=2&mid=y&MGO=0&MGP=0&MGQ=0&MGC=0&MGI=0&nat=1&flashctrlver=&sf=1&defBro=za**&6=1&B=9.11.9600.18920&lb=1&bd=1&I=1&O=1&tqe=1&sfsw=001&hipc=0&sknbx=0&psdt=0&psdtr=-1&olsw=0&olft=0&olsl=0&olslft=0&olbksp=0&olocc=0&br0=0&br1=0&br2=0&br3=0&br4=0&br5=0&br6=0&br7=0&sbcn=0%7C0%7C0%7C0%7C0%7C0%7C0%7C0&gfgc=0&gfsc=0&gfnbnc=0&clf=0&cpdam=0&cpen=0&udec=0&sdec=0&nks=4%7C0%7C1%7C3%7C0%7C0%7C0%7C0%7C11%7C0%7C30%7C4%7C0%7C1%7C3%7C0%7C0%7C0%7C0%7C4%7C0%7C1%7C3%7C0%7C0%7C0%7C0%7C2%7C0%7C0%7C2%7C0%7C0%7C0%7C0%7C0%7C0%7C0%7C0%7C0%7C0%7C0%7C0%7C0%7C0%7C1%7C3%7C1%7C3%7C&shew=0&slew=0&sheuw=0&sleuw=0&qies=0&qieu=0&urluse=0&urlshow=0&siii=0&sisr=0&sirs=0&sivr=0&sirc=0&hintshow=4&hintsel=0&hintclt=0&ss=0
INFO: [ app_init ] --START--
INFO: Run Behavior\BuildLiteBehavior [ RunTime:0.000000s ]
INFO: [ app_init ] --END-- [ RunTime:0.001000s ]
ERR: 无法加载模块:1

[ 2018-03-13T19:54:42+08:00 ] 127.0.0.1 http://ime.sogou.com/version.txt?h=A83B1775FD736C2D98E8E8340FAFFF21&v=8.8.0.1953&r=6965_sogou_pinyin_7.4.0.4502_6965.1418093056&type=2&mc=EOPAOFCCEILDZ&proc=ugLUEwLUvxa*&pproc=y2HYB21L&uid=1&s=1&l=0&sd=0&mod=2&bdf=0&scc=1&uex=1&dus=354818513&cus=350046765&di=1&udim=0&dpv=0&dpt=0&dpvn=0&dptn=0&tsn=0&tcn=0&trn=2&msn=0&mcn=0&bsn=0&bcn=0&ess=1&crn=2&srn=2&opl=2%7C2%7C2%7C0%7C0%7C2&ops=0%7C0%7C0%7C0%7C0%7C0&opc=0%7C0%7C0%7C0%7C0%7C0&opr=0%7C2%7C0%7C0%7C0%7C0&set=0&cesi=1&rktfc=0&sysdf=20140716&sysdv=20171011&x64=1&pf=1&prcat=r2vUDwLUzuLUDgvS&prctp=000206A7&mhz=2193&mmb=8139&vo=393217&fvo=6.1.7601.23915&pvo=6.1.7601&ubt=1&btf=0&sodalibf=0&FcdUp=1&ChgSknTm=0&UDRep=0&fp=3%7C0%7C0%7C0%7C0%7C0%7C0%7C0%7C0%7C0%7C0%7C0%7C0%7C0%7C0%7C0%7C0%7C0%7C0%7C0%7C0%7C0%7C0%7C0&ls=0%7C0%7C0%7C0%7C0%7C0%7C0%7C0%7C0%7C0%7C0%7C0%7C0%7C0%7C0%7C0%7C0%7C0%7C0%7C0&us=0%7C0%7C0%7C0%7C0%7C0%7C0%7C0%7C0%7C0%7C0%7C0%7C0%7C0%7C0%7C0%7C0%7C0%7C0%7C0%7C0&skbd=0%7C0%7C0%7C0%7C0%7C0%7C0%7C0%7C0%7C0%7C0%7C0%7C0%7C0%7C0%7C0%7C0&pcs=2%7C0%7C0%7C0%7C0%7C0%7C0%7C0%7C0%7C0%7C0%7C0%7C0%7C0%7C0%7C0%7C0%7C0%7C0%7C0%7C0%7C0%7C0%7C0%7C0%7C0%7C0%7C0%7C0%7C0%7C0%7C0&ldf=0&wc=41&wc2=4&lt=2018-3-13.19%3A54%3A32&scr1=0/0&scr2=1000/1000&scr3=2997/2997&scr4=0/0&scr5=0/0&scr6=0/0&scr6m=0/0&bksp=22&csh=0&csel=0&ccancel=0&cfail=0&lcfail=0&creq=0&ccomb=0&csend=0&chit=0&csela=0&csac=0&csasc=0&lcsh=0&lcfsh=0&lcse=0&lcfse=0&outc=4&cad=0&cadf=0&saf=0&safs=0&abss=0&absf=0&absos=0&spedmex=&perfSM=42&perfST=0&perfSN=7&perfKM=0&perfKT=0&perfKN=0&perfUM=93&perfUT=0&perfUN=4101&perfAM=0&perfAT=0&perfAN=0&perfCM=3&perfCT=0&perfCN=7&perfCKM=0&perfCKT=0&perfCKN=7&perfCVM=0&perfCVT=0&perfCVN=0&perfLM=0&perfLT=0&perfLN=97&perfCSM=0&perfCST=0&perfCSN=7&s2=0&s3=0&s4=0&s5=0&s6=0&s7=0&s8=0&s9=4&qmb=0&qmbm=0&qmbt=1199&SknMd5=&SknId=&ClDct=-14108-14108-4-49111+60393&IgnrSknFntStng=0&IgnrSknFntSzStng=0&IgnrSknClrStng=0&StsAprnc=0&ImTr=1&QnPn=1&ShngPn=0&SprSPJP=1&UrlGd=1&QckInpt=1&MkNm=1&MhYn=0&MhTp=1&LstInptTm=0&CntBHFltr=0&CntBH=0&CntEngFl=0&CntEngInpt=0&CntNms=0&CntNrml=0&CntSpSw=0&CntTmpEng=0&CntUrlFl=0&CntVMd=0&InptStl=0&MlUrlFl=1&HdStsWhnFlScrn=1&UsClDct=1&ClDctAtUpt=1&UsrPhrs=1&AtUpdt=2&mid=y&MGO=0&MGP=0&MGQ=0&MGC=0&MGI=0&nat=1&flashctrlver=&sf=1&defBro=za**&6=1&B=9.11.9600.18920&lb=1&bd=1&I=1&O=1&tqe=1&sfsw=001&hipc=0&sknbx=0&psdt=0&psdtr=-1&olsw=0&olft=0&olsl=0&olslft=0&olbksp=0&olocc=0&br0=0&br1=0&br2=0&br3=0&br4=0&br5=0&br6=0&br7=0&sbcn=0%7C0%7C0%7C0%7C0%7C0%7C0%7C0&gfgc=0&gfsc=0&gfnbnc=0&clf=0&cpdam=0&cpen=0&udec=0&sdec=0&nks=4%7C0%7C1%7C3%7C0%7C0%7C0%7C0%7C11%7C0%7C30%7C4%7C0%7C1%7C3%7C0%7C0%7C0%7C0%7C4%7C0%7C1%7C3%7C0%7C0%7C0%7C0%7C2%7C0%7C0%7C2%7C0%7C0%7C0%7C0%7C0%7C0%7C0%7C0%7C0%7C0%7C0%7C0%7C0%7C0%7C1%7C3%7C1%7C3%7C&shew=0&slew=0&sheuw=0&sleuw=0&qies=0&qieu=0&urluse=0&urlshow=0&siii=0&sisr=0&sirs=0&sivr=0&sirc=0&hintshow=4&hintsel=0&hintclt=0&ss=0
INFO: [ app_init ] --START--
INFO: Run Behavior\BuildLiteBehavior [ RunTime:0.000000s ]
INFO: [ app_init ] --END-- [ RunTime:0.001000s ]
ERR: 无法加载模块:1

[ 2018-03-13T19:54:46+08:00 ] 127.0.0.1 http://ime.sogou.com/version.txt?h=A83B1775FD736C2D98E8E8340FAFFF21&v=8.8.0.1953&r=6965_sogou_pinyin_7.4.0.4502_6965.1418093056&type=2&mc=EOPAOFCCEILDZ&proc=ugLUEwLUvxa*&pproc=y2HYB21L&uid=1&s=1&l=0&sd=0&mod=2&bdf=0&scc=1&uex=1&dus=354818513&cus=350046765&di=1&udim=0&dpv=0&dpt=0&dpvn=0&dptn=0&tsn=0&tcn=0&trn=2&msn=0&mcn=0&bsn=0&bcn=0&ess=1&crn=2&srn=2&opl=2%7C2%7C2%7C0%7C0%7C2&ops=0%7C0%7C0%7C0%7C0%7C0&opc=0%7C0%7C0%7C0%7C0%7C0&opr=0%7C2%7C0%7C0%7C0%7C0&set=0&cesi=1&rktfc=0&sysdf=20140716&sysdv=20171011&x64=1&pf=1&prcat=r2vUDwLUzuLUDgvS&prctp=000206A7&mhz=2193&mmb=8139&vo=393217&fvo=6.1.7601.23915&pvo=6.1.7601&ubt=1&btf=0&sodalibf=0&FcdUp=1&ChgSknTm=0&UDRep=0&fp=3%7C0%7C0%7C0%7C0%7C0%7C0%7C0%7C0%7C0%7C0%7C0%7C0%7C0%7C0%7C0%7C0%7C0%7C0%7C0%7C0%7C0%7C0%7C0&ls=0%7C0%7C0%7C0%7C0%7C0%7C0%7C0%7C0%7C0%7C0%7C0%7C0%7C0%7C0%7C0%7C0%7C0%7C0%7C0&us=0%7C0%7C0%7C0%7C0%7C0%7C0%7C0%7C0%7C0%7C0%7C0%7C0%7C0%7C0%7C0%7C0%7C0%7C0%7C0%7C0&skbd=0%7C0%7C0%7C0%7C0%7C0%7C0%7C0%7C0%7C0%7C0%7C0%7C0%7C0%7C0%7C0%7C0&pcs=2%7C0%7C0%7C0%7C0%7C0%7C0%7C0%7C0%7C0%7C0%7C0%7C0%7C0%7C0%7C0%7C0%7C0%7C0%7C0%7C0%7C0%7C0%7C0%7C0%7C0%7C0%7C0%7C0%7C0%7C0%7C0&ldf=0&wc=41&wc2=4&lt=2018-3-13.19%3A54%3A32&scr1=0/0&scr2=1000/1000&scr3=2997/2997&scr4=0/0&scr5=0/0&scr6=0/0&scr6m=0/0&bksp=22&csh=0&csel=0&ccancel=0&cfail=0&lcfail=0&creq=0&ccomb=0&csend=0&chit=0&csela=0&csac=0&csasc=0&lcsh=0&lcfsh=0&lcse=0&lcfse=0&outc=4&cad=0&cadf=0&saf=0&safs=0&abss=0&absf=0&absos=0&spedmex=&perfSM=42&perfST=0&perfSN=7&perfKM=0&perfKT=0&perfKN=0&perfUM=93&perfUT=0&perfUN=4101&perfAM=0&perfAT=0&perfAN=0&perfCM=3&perfCT=0&perfCN=7&perfCKM=0&perfCKT=0&perfCKN=7&perfCVM=0&perfCVT=0&perfCVN=0&perfLM=0&perfLT=0&perfLN=97&perfCSM=0&perfCST=0&perfCSN=7&s2=0&s3=0&s4=0&s5=0&s6=0&s7=0&s8=0&s9=4&qmb=0&qmbm=0&qmbt=1199&SknMd5=&SknId=&ClDct=-14108-14108-4-49111+60393&IgnrSknFntStng=0&IgnrSknFntSzStng=0&IgnrSknClrStng=0&StsAprnc=0&ImTr=1&QnPn=1&ShngPn=0&SprSPJP=1&UrlGd=1&QckInpt=1&MkNm=1&MhYn=0&MhTp=1&LstInptTm=0&CntBHFltr=0&CntBH=0&CntEngFl=0&CntEngInpt=0&CntNms=0&CntNrml=0&CntSpSw=0&CntTmpEng=0&CntUrlFl=0&CntVMd=0&InptStl=0&MlUrlFl=1&HdStsWhnFlScrn=1&UsClDct=1&ClDctAtUpt=1&UsrPhrs=1&AtUpdt=2&mid=y&MGO=0&MGP=0&MGQ=0&MGC=0&MGI=0&nat=1&flashctrlver=&sf=1&defBro=za**&6=1&B=9.11.9600.18920&lb=1&bd=1&I=1&O=1&tqe=1&sfsw=001&hipc=0&sknbx=0&psdt=0&psdtr=-1&olsw=0&olft=0&olsl=0&olslft=0&olbksp=0&olocc=0&br0=0&br1=0&br2=0&br3=0&br4=0&br5=0&br6=0&br7=0&sbcn=0%7C0%7C0%7C0%7C0%7C0%7C0%7C0&gfgc=0&gfsc=0&gfnbnc=0&clf=0&cpdam=0&cpen=0&udec=0&sdec=0&nks=4%7C0%7C1%7C3%7C0%7C0%7C0%7C0%7C11%7C0%7C30%7C4%7C0%7C1%7C3%7C0%7C0%7C0%7C0%7C4%7C0%7C1%7C3%7C0%7C0%7C0%7C0%7C2%7C0%7C0%7C2%7C0%7C0%7C0%7C0%7C0%7C0%7C0%7C0%7C0%7C0%7C0%7C0%7C0%7C0%7C1%7C3%7C1%7C3%7C&shew=0&slew=0&sheuw=0&sleuw=0&qies=0&qieu=0&urluse=0&urlshow=0&siii=0&sisr=0&sirs=0&sivr=0&sirc=0&hintshow=4&hintsel=0&hintclt=0&ss=0
INFO: [ app_init ] --START--
INFO: Run Behavior\BuildLiteBehavior [ RunTime:0.000000s ]
INFO: [ app_init ] --END-- [ RunTime:0.001000s ]
ERR: 无法加载模块:1

[ 2018-03-13T20:34:33+08:00 ] 127.0.0.1 http://input.shouji.sogou.com/jsp/personalcenter/pcgettime.jsp?h=A83B1775FD736C2D98E8E8340FAFFF21&v=8.8.0.1953&r=6965_sogou_pinyin_7.4.0.4502_6965.1418093056&St=1&Ut=1
INFO: [ app_init ] --START--
INFO: Run Behavior\BuildLiteBehavior [ RunTime:0.000000s ]
INFO: [ app_init ] --END-- [ RunTime:0.001000s ]
ERR: 无法加载模块:Jsp

[ 2018-03-13T20:34:39+08:00 ] 127.0.0.1 http://ime.sogou.com/version.txt?h=A83B1775FD736C2D98E8E8340FAFFF21&v=8.8.0.1953&r=6965_sogou_pinyin_7.4.0.4502_6965.1418093056&type=2&mc=EOPAOFCCEILDZ&proc=ugLUEwLUvxa*&pproc=C2LKzwjHCG**&uid=1&s=1&l=0&sd=0&mod=2&bdf=0&scc=1&uex=1&dus=354818513&cus=350051717&di=1&udim=0&dpv=0&dpt=0&dpvn=0&dptn=0&tsn=0&tcn=0&trn=0&msn=0&mcn=0&bsn=0&bcn=0&ess=1&crn=0&srn=0&opl=2%7C2%7C2%7C0%7C0%7C2&ops=0%7C0%7C0%7C0%7C0%7C0&opc=0%7C0%7C0%7C0%7C0%7C0&opr=0%7C0%7C0%7C0%7C0%7C0&set=0&cesi=1&rktfc=0&sysdf=20140716&sysdv=20171011&x64=1&pf=1&prcat=r2vUDwLUzuLUDgvS&prctp=000206A7&mhz=2195&mmb=8139&vo=393217&fvo=6.1.7601.23915&pvo=6.1.7601&ubt=1&btf=0&sodalibf=0&FcdUp=1&ChgSknTm=0&UDRep=0&fp=3%7C0%7C0%7C0%7C0%7C0%7C0%7C0%7C0%7C0%7C0%7C0%7C0%7C0%7C0%7C0%7C0%7C0%7C0%7C0%7C0%7C0%7C0%7C0&ls=0%7C0%7C0%7C0%7C0%7C0%7C0%7C0%7C0%7C0%7C0%7C0%7C0%7C0%7C0%7C0%7C0%7C0%7C0%7C0&us=0%7C0%7C0%7C0%7C0%7C0%7C0%7C0%7C0%7C0%7C0%7C0%7C0%7C0%7C0%7C0%7C0%7C0%7C0%7C0%7C0&skbd=0%7C0%7C0%7C0%7C0%7C0%7C0%7C0%7C0%7C0%7C0%7C0%7C0%7C0%7C0%7C0%7C0&pcs=2%7C0%7C0%7C0%7C0%7C0%7C0%7C0%7C0%7C0%7C0%7C0%7C0%7C0%7C0%7C0%7C0%7C0%7C0%7C0%7C0%7C0%7C0%7C0%7C0%7C0%7C0%7C0%7C0%7C0%7C0%7C0&ldf=0&wc=41&wc2=0&lt=2018-3-13.20%3A34%3A33&scr1=0/0&scr2=0/0&scr3=0/0&scr4=0/0&scr5=0/0&scr6=0/0&scr6m=0/0&bksp=21&csh=0&csel=0&ccancel=0&cfail=0&lcfail=0&creq=0&ccomb=0&csend=0&chit=0&csela=0&csac=0&csasc=0&lcsh=0&lcfsh=0&lcse=0&lcfse=0&outc=0&cad=0&cadf=0&saf=0&safs=0&abss=0&absf=0&absos=0&spedmex=&perfSM=21&perfST=0&perfSN=2&perfKM=0&perfKT=0&perfKN=0&perfUM=0&perfUT=0&perfUN=0&perfAM=0&perfAT=0&perfAN=0&perfCM=2&perfCT=0&perfCN=2&perfCKM=0&perfCKT=0&perfCKN=2&perfCVM=0&perfCVT=0&perfCVN=0&perfLM=0&perfLT=0&perfLN=0&perfCSM=0&perfCST=0&perfCSN=2&s2=0&s3=0&s4=0&s5=0&s6=0&s7=0&s8=0&s9=0&qmb=0&qmbm=0&qmbt=2401&SknMd5=&SknId=&ClDct=-14108-14108-4-49111+60393&IgnrSknFntStng=0&IgnrSknFntSzStng=0&IgnrSknClrStng=0&StsAprnc=0&ImTr=1&QnPn=1&ShngPn=0&SprSPJP=1&UrlGd=1&QckInpt=1&MkNm=1&MhYn=0&MhTp=1&LstInptTm=0&CntBHFltr=0&CntBH=0&CntEngFl=0&CntEngInpt=0&CntNms=0&CntNrml=0&CntSpSw=0&CntTmpEng=0&CntUrlFl=0&CntVMd=0&InptStl=0&MlUrlFl=1&HdStsWhnFlScrn=1&UsClDct=1&ClDctAtUpt=1&UsrPhrs=1&AtUpdt=2&mid=y&MGO=0&MGP=0&MGQ=0&MGC=0&MGI=0&nat=1&flashctrlver=&sf=1&defBro=za**&6=1&B=9.11.9600.18920&lb=1&bd=1&I=1&O=1&tqe=1&sfsw=001&hipc=0&sknbx=0&psdt=0&psdtr=-1&olsw=0&olft=0&olsl=0&olslft=0&olbksp=0&olocc=0&br0=0&br1=0&br2=0&br3=0&br4=0&br5=0&br6=0&br7=0&sbcn=0%7C0%7C0%7C0%7C0%7C0%7C0%7C0&gfgc=0&gfsc=0&gfnbnc=0&clf=0&cpdam=0&cpen=0&udec=0&sdec=0&nks=0%7C0%7C0%7C0%7C0%7C0%7C0%7C0%7C0%7C0%7C0%7C0%7C0%7C0%7C0%7C0%7C0%7C0%7C0%7C0%7C0%7C0%7C0%7C0%7C0%7C0%7C0%7C0%7C0%7C0%7C0%7C0%7C0%7C0%7C0%7C0%7C0%7C0%7C0%7C0%7C0%7C0%7C0%7C0%7C0%7C0%7C0%7C0%7C0%7C&shew=0&slew=0&sheuw=0&sleuw=0&qies=0&qieu=0&urluse=0&urlshow=0&siii=0&sisr=0&sirs=0&sivr=0&sirc=0&hintshow=0&hintsel=0&hintclt=0&ss=0
INFO: [ app_init ] --START--
INFO: Run Behavior\BuildLiteBehavior [ RunTime:0.000000s ]
INFO: [ app_init ] --END-- [ RunTime:0.000000s ]
ERR: 无法加载模块:1

[ 2018-03-13T20:34:43+08:00 ] 127.0.0.1 http://ime.sogou.com/version.txt?h=A83B1775FD736C2D98E8E8340FAFFF21&v=8.8.0.1953&r=6965_sogou_pinyin_7.4.0.4502_6965.1418093056&type=2&mc=EOPAOFCCEILDZ&proc=ugLUEwLUvxa*&pproc=C2LKzwjHCG**&uid=1&s=1&l=0&sd=0&mod=2&bdf=0&scc=1&uex=1&dus=354818513&cus=350051717&di=1&udim=0&dpv=0&dpt=0&dpvn=0&dptn=0&tsn=0&tcn=0&trn=0&msn=0&mcn=0&bsn=0&bcn=0&ess=1&crn=0&srn=0&opl=2%7C2%7C2%7C0%7C0%7C2&ops=0%7C0%7C0%7C0%7C0%7C0&opc=0%7C0%7C0%7C0%7C0%7C0&opr=0%7C0%7C0%7C0%7C0%7C0&set=0&cesi=1&rktfc=0&sysdf=20140716&sysdv=20171011&x64=1&pf=1&prcat=r2vUDwLUzuLUDgvS&prctp=000206A7&mhz=2195&mmb=8139&vo=393217&fvo=6.1.7601.23915&pvo=6.1.7601&ubt=1&btf=0&sodalibf=0&FcdUp=1&ChgSknTm=0&UDRep=0&fp=3%7C0%7C0%7C0%7C0%7C0%7C0%7C0%7C0%7C0%7C0%7C0%7C0%7C0%7C0%7C0%7C0%7C0%7C0%7C0%7C0%7C0%7C0%7C0&ls=0%7C0%7C0%7C0%7C0%7C0%7C0%7C0%7C0%7C0%7C0%7C0%7C0%7C0%7C0%7C0%7C0%7C0%7C0%7C0&us=0%7C0%7C0%7C0%7C0%7C0%7C0%7C0%7C0%7C0%7C0%7C0%7C0%7C0%7C0%7C0%7C0%7C0%7C0%7C0%7C0&skbd=0%7C0%7C0%7C0%7C0%7C0%7C0%7C0%7C0%7C0%7C0%7C0%7C0%7C0%7C0%7C0%7C0&pcs=2%7C0%7C0%7C0%7C0%7C0%7C0%7C0%7C0%7C0%7C0%7C0%7C0%7C0%7C0%7C0%7C0%7C0%7C0%7C0%7C0%7C0%7C0%7C0%7C0%7C0%7C0%7C0%7C0%7C0%7C0%7C0&ldf=0&wc=41&wc2=0&lt=2018-3-13.20%3A34%3A33&scr1=0/0&scr2=0/0&scr3=0/0&scr4=0/0&scr5=0/0&scr6=0/0&scr6m=0/0&bksp=21&csh=0&csel=0&ccancel=0&cfail=0&lcfail=0&creq=0&ccomb=0&csend=0&chit=0&csela=0&csac=0&csasc=0&lcsh=0&lcfsh=0&lcse=0&lcfse=0&outc=0&cad=0&cadf=0&saf=0&safs=0&abss=0&absf=0&absos=0&spedmex=&perfSM=21&perfST=0&perfSN=2&perfKM=0&perfKT=0&perfKN=0&perfUM=0&perfUT=0&perfUN=0&perfAM=0&perfAT=0&perfAN=0&perfCM=2&perfCT=0&perfCN=2&perfCKM=0&perfCKT=0&perfCKN=2&perfCVM=0&perfCVT=0&perfCVN=0&perfLM=0&perfLT=0&perfLN=0&perfCSM=0&perfCST=0&perfCSN=2&s2=0&s3=0&s4=0&s5=0&s6=0&s7=0&s8=0&s9=0&qmb=0&qmbm=0&qmbt=2401&SknMd5=&SknId=&ClDct=-14108-14108-4-49111+60393&IgnrSknFntStng=0&IgnrSknFntSzStng=0&IgnrSknClrStng=0&StsAprnc=0&ImTr=1&QnPn=1&ShngPn=0&SprSPJP=1&UrlGd=1&QckInpt=1&MkNm=1&MhYn=0&MhTp=1&LstInptTm=0&CntBHFltr=0&CntBH=0&CntEngFl=0&CntEngInpt=0&CntNms=0&CntNrml=0&CntSpSw=0&CntTmpEng=0&CntUrlFl=0&CntVMd=0&InptStl=0&MlUrlFl=1&HdStsWhnFlScrn=1&UsClDct=1&ClDctAtUpt=1&UsrPhrs=1&AtUpdt=2&mid=y&MGO=0&MGP=0&MGQ=0&MGC=0&MGI=0&nat=1&flashctrlver=&sf=1&defBro=za**&6=1&B=9.11.9600.18920&lb=1&bd=1&I=1&O=1&tqe=1&sfsw=001&hipc=0&sknbx=0&psdt=0&psdtr=-1&olsw=0&olft=0&olsl=0&olslft=0&olbksp=0&olocc=0&br0=0&br1=0&br2=0&br3=0&br4=0&br5=0&br6=0&br7=0&sbcn=0%7C0%7C0%7C0%7C0%7C0%7C0%7C0&gfgc=0&gfsc=0&gfnbnc=0&clf=0&cpdam=0&cpen=0&udec=0&sdec=0&nks=0%7C0%7C0%7C0%7C0%7C0%7C0%7C0%7C0%7C0%7C0%7C0%7C0%7C0%7C0%7C0%7C0%7C0%7C0%7C0%7C0%7C0%7C0%7C0%7C0%7C0%7C0%7C0%7C0%7C0%7C0%7C0%7C0%7C0%7C0%7C0%7C0%7C0%7C0%7C0%7C0%7C0%7C0%7C0%7C0%7C0%7C0%7C0%7C0%7C&shew=0&slew=0&sheuw=0&sleuw=0&qies=0&qieu=0&urluse=0&urlshow=0&siii=0&sisr=0&sirs=0&sivr=0&sirc=0&hintshow=0&hintsel=0&hintclt=0&ss=0
INFO: [ app_init ] --START--
INFO: Run Behavior\BuildLiteBehavior [ RunTime:0.000000s ]
INFO: [ app_init ] --END-- [ RunTime:0.000000s ]
ERR: 无法加载模块:1

[ 2018-03-13T20:34:47+08:00 ] 127.0.0.1 http://ime.sogou.com/version.txt?h=A83B1775FD736C2D98E8E8340FAFFF21&v=8.8.0.1953&r=6965_sogou_pinyin_7.4.0.4502_6965.1418093056&type=2&mc=EOPAOFCCEILDZ&proc=ugLUEwLUvxa*&pproc=C2LKzwjHCG**&uid=1&s=1&l=0&sd=0&mod=2&bdf=0&scc=1&uex=1&dus=354818513&cus=350051717&di=1&udim=0&dpv=0&dpt=0&dpvn=0&dptn=0&tsn=0&tcn=0&trn=0&msn=0&mcn=0&bsn=0&bcn=0&ess=1&crn=0&srn=0&opl=2%7C2%7C2%7C0%7C0%7C2&ops=0%7C0%7C0%7C0%7C0%7C0&opc=0%7C0%7C0%7C0%7C0%7C0&opr=0%7C0%7C0%7C0%7C0%7C0&set=0&cesi=1&rktfc=0&sysdf=20140716&sysdv=20171011&x64=1&pf=1&prcat=r2vUDwLUzuLUDgvS&prctp=000206A7&mhz=2195&mmb=8139&vo=393217&fvo=6.1.7601.23915&pvo=6.1.7601&ubt=1&btf=0&sodalibf=0&FcdUp=1&ChgSknTm=0&UDRep=0&fp=3%7C0%7C0%7C0%7C0%7C0%7C0%7C0%7C0%7C0%7C0%7C0%7C0%7C0%7C0%7C0%7C0%7C0%7C0%7C0%7C0%7C0%7C0%7C0&ls=0%7C0%7C0%7C0%7C0%7C0%7C0%7C0%7C0%7C0%7C0%7C0%7C0%7C0%7C0%7C0%7C0%7C0%7C0%7C0&us=0%7C0%7C0%7C0%7C0%7C0%7C0%7C0%7C0%7C0%7C0%7C0%7C0%7C0%7C0%7C0%7C0%7C0%7C0%7C0%7C0&skbd=0%7C0%7C0%7C0%7C0%7C0%7C0%7C0%7C0%7C0%7C0%7C0%7C0%7C0%7C0%7C0%7C0&pcs=2%7C0%7C0%7C0%7C0%7C0%7C0%7C0%7C0%7C0%7C0%7C0%7C0%7C0%7C0%7C0%7C0%7C0%7C0%7C0%7C0%7C0%7C0%7C0%7C0%7C0%7C0%7C0%7C0%7C0%7C0%7C0&ldf=0&wc=41&wc2=0&lt=2018-3-13.20%3A34%3A33&scr1=0/0&scr2=0/0&scr3=0/0&scr4=0/0&scr5=0/0&scr6=0/0&scr6m=0/0&bksp=21&csh=0&csel=0&ccancel=0&cfail=0&lcfail=0&creq=0&ccomb=0&csend=0&chit=0&csela=0&csac=0&csasc=0&lcsh=0&lcfsh=0&lcse=0&lcfse=0&outc=0&cad=0&cadf=0&saf=0&safs=0&abss=0&absf=0&absos=0&spedmex=&perfSM=21&perfST=0&perfSN=2&perfKM=0&perfKT=0&perfKN=0&perfUM=0&perfUT=0&perfUN=0&perfAM=0&perfAT=0&perfAN=0&perfCM=2&perfCT=0&perfCN=2&perfCKM=0&perfCKT=0&perfCKN=2&perfCVM=0&perfCVT=0&perfCVN=0&perfLM=0&perfLT=0&perfLN=0&perfCSM=0&perfCST=0&perfCSN=2&s2=0&s3=0&s4=0&s5=0&s6=0&s7=0&s8=0&s9=0&qmb=0&qmbm=0&qmbt=2401&SknMd5=&SknId=&ClDct=-14108-14108-4-49111+60393&IgnrSknFntStng=0&IgnrSknFntSzStng=0&IgnrSknClrStng=0&StsAprnc=0&ImTr=1&QnPn=1&ShngPn=0&SprSPJP=1&UrlGd=1&QckInpt=1&MkNm=1&MhYn=0&MhTp=1&LstInptTm=0&CntBHFltr=0&CntBH=0&CntEngFl=0&CntEngInpt=0&CntNms=0&CntNrml=0&CntSpSw=0&CntTmpEng=0&CntUrlFl=0&CntVMd=0&InptStl=0&MlUrlFl=1&HdStsWhnFlScrn=1&UsClDct=1&ClDctAtUpt=1&UsrPhrs=1&AtUpdt=2&mid=y&MGO=0&MGP=0&MGQ=0&MGC=0&MGI=0&nat=1&flashctrlver=&sf=1&defBro=za**&6=1&B=9.11.9600.18920&lb=1&bd=1&I=1&O=1&tqe=1&sfsw=001&hipc=0&sknbx=0&psdt=0&psdtr=-1&olsw=0&olft=0&olsl=0&olslft=0&olbksp=0&olocc=0&br0=0&br1=0&br2=0&br3=0&br4=0&br5=0&br6=0&br7=0&sbcn=0%7C0%7C0%7C0%7C0%7C0%7C0%7C0&gfgc=0&gfsc=0&gfnbnc=0&clf=0&cpdam=0&cpen=0&udec=0&sdec=0&nks=0%7C0%7C0%7C0%7C0%7C0%7C0%7C0%7C0%7C0%7C0%7C0%7C0%7C0%7C0%7C0%7C0%7C0%7C0%7C0%7C0%7C0%7C0%7C0%7C0%7C0%7C0%7C0%7C0%7C0%7C0%7C0%7C0%7C0%7C0%7C0%7C0%7C0%7C0%7C0%7C0%7C0%7C0%7C0%7C0%7C0%7C0%7C0%7C0%7C&shew=0&slew=0&sheuw=0&sleuw=0&qies=0&qieu=0&urluse=0&urlshow=0&siii=0&sisr=0&sirs=0&sivr=0&sirc=0&hintshow=0&hintsel=0&hintclt=0&ss=0
INFO: [ app_init ] --START--
INFO: Run Behavior\BuildLiteBehavior [ RunTime:0.000000s ]
INFO: [ app_init ] --END-- [ RunTime:0.000000s ]
ERR: 无法加载模块:1

[ 2018-03-13T21:54:35+08:00 ] 127.0.0.1 http://input.shouji.sogou.com/jsp/personalcenter/pcgettime.jsp?h=A83B1775FD736C2D98E8E8340FAFFF21&v=8.8.0.1953&r=6965_sogou_pinyin_7.4.0.4502_6965.1418093056&St=1&Ut=1
INFO: [ app_init ] --START--
INFO: Run Behavior\BuildLiteBehavior [ RunTime:0.000000s ]
INFO: [ app_init ] --END-- [ RunTime:0.001000s ]
ERR: 无法加载模块:Jsp

[ 2018-03-13T21:54:42+08:00 ] 127.0.0.1 http://ime.sogou.com/version.txt?h=A83B1775FD736C2D98E8E8340FAFFF21&v=8.8.0.1953&r=6965_sogou_pinyin_7.4.0.4502_6965.1418093056&type=2&mc=EOPAOFCCEILDZ&proc=ugLUEwLUvxa*&pproc=rNnWvwLW&uid=1&s=1&l=0&sd=0&mod=2&bdf=0&scc=1&uex=1&dus=354818513&cus=350071617&di=1&udim=0&dpv=0&dpt=0&dpvn=0&dptn=0&tsn=0&tcn=0&trn=0&msn=0&mcn=0&bsn=0&bcn=0&ess=1&crn=0&srn=0&opl=2%7C2%7C2%7C0%7C0%7C2&ops=0%7C0%7C0%7C0%7C0%7C0&opc=0%7C0%7C0%7C0%7C0%7C0&opr=0%7C0%7C0%7C0%7C0%7C0&set=0&cesi=1&rktfc=0&sysdf=20140716&sysdv=20171011&x64=1&pf=1&prcat=r2vUDwLUzuLUDgvS&prctp=000206A7&mhz=2194&mmb=8139&vo=393217&fvo=6.1.7601.23915&pvo=6.1.7601&ubt=1&btf=0&sodalibf=0&FcdUp=1&ChgSknTm=0&UDRep=0&fp=3%7C0%7C0%7C0%7C0%7C0%7C0%7C0%7C0%7C0%7C0%7C0%7C0%7C0%7C0%7C0%7C0%7C0%7C0%7C0%7C0%7C0%7C0%7C0&ls=0%7C0%7C0%7C0%7C0%7C0%7C0%7C0%7C0%7C0%7C0%7C0%7C0%7C0%7C0%7C0%7C0%7C0%7C0%7C0&us=0%7C0%7C0%7C0%7C0%7C0%7C0%7C0%7C0%7C0%7C0%7C0%7C0%7C0%7C0%7C0%7C0%7C0%7C0%7C0%7C0&skbd=0%7C0%7C0%7C0%7C0%7C0%7C0%7C0%7C0%7C0%7C0%7C0%7C0%7C0%7C0%7C0%7C0&pcs=2%7C0%7C0%7C0%7C0%7C0%7C0%7C0%7C0%7C0%7C0%7C0%7C0%7C0%7C0%7C0%7C0%7C0%7C0%7C0%7C0%7C0%7C0%7C0%7C0%7C0%7C0%7C0%7C0%7C0%7C0%7C0&ldf=0&wc=41&wc2=0&lt=2018-3-13.21%3A54%3A35&scr1=0/0&scr2=0/0&scr3=0/0&scr4=0/0&scr5=0/0&scr6=0/0&scr6m=0/0&bksp=0&csh=0&csel=0&ccancel=0&cfail=0&lcfail=0&creq=0&ccomb=0&csend=0&chit=0&csela=0&csac=0&csasc=0&lcsh=0&lcfsh=0&lcse=0&lcfse=0&outc=0&cad=0&cadf=0&saf=0&safs=0&abss=0&absf=0&absos=0&spedmex=&perfSM=7872&perfST=1&perfSN=5&perfKM=0&perfKT=0&perfKN=0&perfUM=1464&perfUT=4&perfUN=249&perfAM=0&perfAT=0&perfAN=0&perfCM=6275&perfCT=1&perfCN=5&perfCKM=0&perfCKT=0&perfCKN=5&perfCVM=0&perfCVT=0&perfCVN=0&perfLM=616&perfLT=1&perfLN=20&perfCSM=70&perfCST=0&perfCSN=5&s2=0&s3=0&s4=0&s5=0&s6=0&s7=0&s8=0&s9=0&qmb=0&qmbm=0&qmbt=4803&SknMd5=&SknId=&ClDct=-14108-14108-4-49111+60393&IgnrSknFntStng=0&IgnrSknFntSzStng=0&IgnrSknClrStng=0&StsAprnc=0&ImTr=1&QnPn=1&ShngPn=0&SprSPJP=1&UrlGd=1&QckInpt=1&MkNm=1&MhYn=0&MhTp=1&LstInptTm=0&CntBHFltr=0&CntBH=0&CntEngFl=0&CntEngInpt=0&CntNms=0&CntNrml=0&CntSpSw=0&CntTmpEng=0&CntUrlFl=0&CntVMd=0&InptStl=0&MlUrlFl=1&HdStsWhnFlScrn=1&UsClDct=1&ClDctAtUpt=1&UsrPhrs=1&AtUpdt=2&mid=y&MGO=0&MGP=0&MGQ=0&MGC=0&MGI=0&nat=1&flashctrlver=&sf=1&defBro=za**&6=1&B=9.11.9600.18920&lb=1&bd=1&I=1&O=1&tqe=1&sfsw=001&hipc=0&sknbx=0&psdt=0&psdtr=-1&olsw=0&olft=0&olsl=0&olslft=0&olbksp=0&olocc=0&br0=0&br1=0&br2=0&br3=0&br4=0&br5=0&br6=0&br7=0&sbcn=0%7C0%7C0%7C0%7C0%7C0%7C0%7C0&gfgc=0&gfsc=0&gfnbnc=0&clf=0&cpdam=0&cpen=0&udec=0&sdec=0&nks=0%7C0%7C0%7C0%7C0%7C0%7C0%7C0%7C0%7C0%7C0%7C0%7C0%7C0%7C0%7C0%7C0%7C0%7C0%7C0%7C0%7C0%7C0%7C0%7C0%7C0%7C0%7C0%7C0%7C0%7C0%7C0%7C0%7C0%7C0%7C0%7C0%7C0%7C0%7C0%7C0%7C0%7C0%7C0%7C0%7C0%7C0%7C0%7C0%7C&shew=0&slew=0&sheuw=0&sleuw=0&qies=0&qieu=0&urluse=0&urlshow=0&siii=0&sisr=0&sirs=0&sivr=0&sirc=0&hintshow=0&hintsel=0&hintclt=0&ss=0
INFO: [ app_init ] --START--
INFO: Run Behavior\BuildLiteBehavior [ RunTime:0.000000s ]
INFO: [ app_init ] --END-- [ RunTime:0.000000s ]
ERR: 无法加载模块:1

[ 2018-03-13T21:54:46+08:00 ] 127.0.0.1 http://ime.sogou.com/version.txt?h=A83B1775FD736C2D98E8E8340FAFFF21&v=8.8.0.1953&r=6965_sogou_pinyin_7.4.0.4502_6965.1418093056&type=2&mc=EOPAOFCCEILDZ&proc=ugLUEwLUvxa*&pproc=rNnWvwLW&uid=1&s=1&l=0&sd=0&mod=2&bdf=0&scc=1&uex=1&dus=354818513&cus=350071617&di=1&udim=0&dpv=0&dpt=0&dpvn=0&dptn=0&tsn=0&tcn=0&trn=0&msn=0&mcn=0&bsn=0&bcn=0&ess=1&crn=0&srn=0&opl=2%7C2%7C2%7C0%7C0%7C2&ops=0%7C0%7C0%7C0%7C0%7C0&opc=0%7C0%7C0%7C0%7C0%7C0&opr=0%7C0%7C0%7C0%7C0%7C0&set=0&cesi=1&rktfc=0&sysdf=20140716&sysdv=20171011&x64=1&pf=1&prcat=r2vUDwLUzuLUDgvS&prctp=000206A7&mhz=2194&mmb=8139&vo=393217&fvo=6.1.7601.23915&pvo=6.1.7601&ubt=1&btf=0&sodalibf=0&FcdUp=1&ChgSknTm=0&UDRep=0&fp=3%7C0%7C0%7C0%7C0%7C0%7C0%7C0%7C0%7C0%7C0%7C0%7C0%7C0%7C0%7C0%7C0%7C0%7C0%7C0%7C0%7C0%7C0%7C0&ls=0%7C0%7C0%7C0%7C0%7C0%7C0%7C0%7C0%7C0%7C0%7C0%7C0%7C0%7C0%7C0%7C0%7C0%7C0%7C0&us=0%7C0%7C0%7C0%7C0%7C0%7C0%7C0%7C0%7C0%7C0%7C0%7C0%7C0%7C0%7C0%7C0%7C0%7C0%7C0%7C0&skbd=0%7C0%7C0%7C0%7C0%7C0%7C0%7C0%7C0%7C0%7C0%7C0%7C0%7C0%7C0%7C0%7C0&pcs=2%7C0%7C0%7C0%7C0%7C0%7C0%7C0%7C0%7C0%7C0%7C0%7C0%7C0%7C0%7C0%7C0%7C0%7C0%7C0%7C0%7C0%7C0%7C0%7C0%7C0%7C0%7C0%7C0%7C0%7C0%7C0&ldf=0&wc=41&wc2=0&lt=2018-3-13.21%3A54%3A35&scr1=0/0&scr2=0/0&scr3=0/0&scr4=0/0&scr5=0/0&scr6=0/0&scr6m=0/0&bksp=0&csh=0&csel=0&ccancel=0&cfail=0&lcfail=0&creq=0&ccomb=0&csend=0&chit=0&csela=0&csac=0&csasc=0&lcsh=0&lcfsh=0&lcse=0&lcfse=0&outc=0&cad=0&cadf=0&saf=0&safs=0&abss=0&absf=0&absos=0&spedmex=&perfSM=7872&perfST=1&perfSN=5&perfKM=0&perfKT=0&perfKN=0&perfUM=1464&perfUT=4&perfUN=249&perfAM=0&perfAT=0&perfAN=0&perfCM=6275&perfCT=1&perfCN=5&perfCKM=0&perfCKT=0&perfCKN=5&perfCVM=0&perfCVT=0&perfCVN=0&perfLM=616&perfLT=1&perfLN=20&perfCSM=70&perfCST=0&perfCSN=5&s2=0&s3=0&s4=0&s5=0&s6=0&s7=0&s8=0&s9=0&qmb=0&qmbm=0&qmbt=4803&SknMd5=&SknId=&ClDct=-14108-14108-4-49111+60393&IgnrSknFntStng=0&IgnrSknFntSzStng=0&IgnrSknClrStng=0&StsAprnc=0&ImTr=1&QnPn=1&ShngPn=0&SprSPJP=1&UrlGd=1&QckInpt=1&MkNm=1&MhYn=0&MhTp=1&LstInptTm=0&CntBHFltr=0&CntBH=0&CntEngFl=0&CntEngInpt=0&CntNms=0&CntNrml=0&CntSpSw=0&CntTmpEng=0&CntUrlFl=0&CntVMd=0&InptStl=0&MlUrlFl=1&HdStsWhnFlScrn=1&UsClDct=1&ClDctAtUpt=1&UsrPhrs=1&AtUpdt=2&mid=y&MGO=0&MGP=0&MGQ=0&MGC=0&MGI=0&nat=1&flashctrlver=&sf=1&defBro=za**&6=1&B=9.11.9600.18920&lb=1&bd=1&I=1&O=1&tqe=1&sfsw=001&hipc=0&sknbx=0&psdt=0&psdtr=-1&olsw=0&olft=0&olsl=0&olslft=0&olbksp=0&olocc=0&br0=0&br1=0&br2=0&br3=0&br4=0&br5=0&br6=0&br7=0&sbcn=0%7C0%7C0%7C0%7C0%7C0%7C0%7C0&gfgc=0&gfsc=0&gfnbnc=0&clf=0&cpdam=0&cpen=0&udec=0&sdec=0&nks=0%7C0%7C0%7C0%7C0%7C0%7C0%7C0%7C0%7C0%7C0%7C0%7C0%7C0%7C0%7C0%7C0%7C0%7C0%7C0%7C0%7C0%7C0%7C0%7C0%7C0%7C0%7C0%7C0%7C0%7C0%7C0%7C0%7C0%7C0%7C0%7C0%7C0%7C0%7C0%7C0%7C0%7C0%7C0%7C0%7C0%7C0%7C0%7C0%7C&shew=0&slew=0&sheuw=0&sleuw=0&qies=0&qieu=0&urluse=0&urlshow=0&siii=0&sisr=0&sirs=0&sivr=0&sirc=0&hintshow=0&hintsel=0&hintclt=0&ss=0
INFO: [ app_init ] --START--
INFO: Run Behavior\BuildLiteBehavior [ RunTime:0.000000s ]
INFO: [ app_init ] --END-- [ RunTime:0.000000s ]
ERR: 无法加载模块:1

[ 2018-03-13T21:54:50+08:00 ] 127.0.0.1 http://ime.sogou.com/version.txt?h=A83B1775FD736C2D98E8E8340FAFFF21&v=8.8.0.1953&r=6965_sogou_pinyin_7.4.0.4502_6965.1418093056&type=2&mc=EOPAOFCCEILDZ&proc=ugLUEwLUvxa*&pproc=rNnWvwLW&uid=1&s=1&l=0&sd=0&mod=2&bdf=0&scc=1&uex=1&dus=354818513&cus=350071617&di=1&udim=0&dpv=0&dpt=0&dpvn=0&dptn=0&tsn=0&tcn=0&trn=0&msn=0&mcn=0&bsn=0&bcn=0&ess=1&crn=0&srn=0&opl=2%7C2%7C2%7C0%7C0%7C2&ops=0%7C0%7C0%7C0%7C0%7C0&opc=0%7C0%7C0%7C0%7C0%7C0&opr=0%7C0%7C0%7C0%7C0%7C0&set=0&cesi=1&rktfc=0&sysdf=20140716&sysdv=20171011&x64=1&pf=1&prcat=r2vUDwLUzuLUDgvS&prctp=000206A7&mhz=2194&mmb=8139&vo=393217&fvo=6.1.7601.23915&pvo=6.1.7601&ubt=1&btf=0&sodalibf=0&FcdUp=1&ChgSknTm=0&UDRep=0&fp=3%7C0%7C0%7C0%7C0%7C0%7C0%7C0%7C0%7C0%7C0%7C0%7C0%7C0%7C0%7C0%7C0%7C0%7C0%7C0%7C0%7C0%7C0%7C0&ls=0%7C0%7C0%7C0%7C0%7C0%7C0%7C0%7C0%7C0%7C0%7C0%7C0%7C0%7C0%7C0%7C0%7C0%7C0%7C0&us=0%7C0%7C0%7C0%7C0%7C0%7C0%7C0%7C0%7C0%7C0%7C0%7C0%7C0%7C0%7C0%7C0%7C0%7C0%7C0%7C0&skbd=0%7C0%7C0%7C0%7C0%7C0%7C0%7C0%7C0%7C0%7C0%7C0%7C0%7C0%7C0%7C0%7C0&pcs=2%7C0%7C0%7C0%7C0%7C0%7C0%7C0%7C0%7C0%7C0%7C0%7C0%7C0%7C0%7C0%7C0%7C0%7C0%7C0%7C0%7C0%7C0%7C0%7C0%7C0%7C0%7C0%7C0%7C0%7C0%7C0&ldf=0&wc=41&wc2=0&lt=2018-3-13.21%3A54%3A35&scr1=0/0&scr2=0/0&scr3=0/0&scr4=0/0&scr5=0/0&scr6=0/0&scr6m=0/0&bksp=0&csh=0&csel=0&ccancel=0&cfail=0&lcfail=0&creq=0&ccomb=0&csend=0&chit=0&csela=0&csac=0&csasc=0&lcsh=0&lcfsh=0&lcse=0&lcfse=0&outc=0&cad=0&cadf=0&saf=0&safs=0&abss=0&absf=0&absos=0&spedmex=&perfSM=7872&perfST=1&perfSN=5&perfKM=0&perfKT=0&perfKN=0&perfUM=1464&perfUT=4&perfUN=249&perfAM=0&perfAT=0&perfAN=0&perfCM=6275&perfCT=1&perfCN=5&perfCKM=0&perfCKT=0&perfCKN=5&perfCVM=0&perfCVT=0&perfCVN=0&perfLM=616&perfLT=1&perfLN=20&perfCSM=70&perfCST=0&perfCSN=5&s2=0&s3=0&s4=0&s5=0&s6=0&s7=0&s8=0&s9=0&qmb=0&qmbm=0&qmbt=4803&SknMd5=&SknId=&ClDct=-14108-14108-4-49111+60393&IgnrSknFntStng=0&IgnrSknFntSzStng=0&IgnrSknClrStng=0&StsAprnc=0&ImTr=1&QnPn=1&ShngPn=0&SprSPJP=1&UrlGd=1&QckInpt=1&MkNm=1&MhYn=0&MhTp=1&LstInptTm=0&CntBHFltr=0&CntBH=0&CntEngFl=0&CntEngInpt=0&CntNms=0&CntNrml=0&CntSpSw=0&CntTmpEng=0&CntUrlFl=0&CntVMd=0&InptStl=0&MlUrlFl=1&HdStsWhnFlScrn=1&UsClDct=1&ClDctAtUpt=1&UsrPhrs=1&AtUpdt=2&mid=y&MGO=0&MGP=0&MGQ=0&MGC=0&MGI=0&nat=1&flashctrlver=&sf=1&defBro=za**&6=1&B=9.11.9600.18920&lb=1&bd=1&I=1&O=1&tqe=1&sfsw=001&hipc=0&sknbx=0&psdt=0&psdtr=-1&olsw=0&olft=0&olsl=0&olslft=0&olbksp=0&olocc=0&br0=0&br1=0&br2=0&br3=0&br4=0&br5=0&br6=0&br7=0&sbcn=0%7C0%7C0%7C0%7C0%7C0%7C0%7C0&gfgc=0&gfsc=0&gfnbnc=0&clf=0&cpdam=0&cpen=0&udec=0&sdec=0&nks=0%7C0%7C0%7C0%7C0%7C0%7C0%7C0%7C0%7C0%7C0%7C0%7C0%7C0%7C0%7C0%7C0%7C0%7C0%7C0%7C0%7C0%7C0%7C0%7C0%7C0%7C0%7C0%7C0%7C0%7C0%7C0%7C0%7C0%7C0%7C0%7C0%7C0%7C0%7C0%7C0%7C0%7C0%7C0%7C0%7C0%7C0%7C0%7C0%7C&shew=0&slew=0&sheuw=0&sleuw=0&qies=0&qieu=0&urluse=0&urlshow=0&siii=0&sisr=0&sirs=0&sivr=0&sirc=0&hintshow=0&hintsel=0&hintclt=0&ss=0
INFO: [ app_init ] --START--
INFO: Run Behavior\BuildLiteBehavior [ RunTime:0.000000s ]
INFO: [ app_init ] --END-- [ RunTime:0.001000s ]
ERR: 无法加载模块:1

[ 2018-03-13T22:20:05+08:00 ] 127.0.0.1 http://config.pinyin.sogou.com/api/toolbox/geturl.php?h=A83B1775FD736C2D98E8E8340FAFFF21&v=8.8.0.1953&r=6965_sogou_pinyin_7.4.0.4502_6965.1418093056
INFO: [ app_init ] --START--
INFO: Run Behavior\BuildLiteBehavior [ RunTime:0.000000s ]
INFO: [ app_init ] --END-- [ RunTime:0.000000s ]
ERR: 无法加载模块:Api

[ 2018-03-13T22:21:00+08:00 ] 127.0.0.1 http://config.pinyin.sogou.com/api/toolbox/geturl.php?h=A83B1775FD736C2D98E8E8340FAFFF21&v=8.8.0.1953&r=6965_sogou_pinyin_7.4.0.4502_6965.1418093056
INFO: [ app_init ] --START--
INFO: Run Behavior\BuildLiteBehavior [ RunTime:0.000000s ]
INFO: [ app_init ] --END-- [ RunTime:0.001000s ]
ERR: 无法加载模块:Api

[ 2018-03-13T22:23:08+08:00 ] 127.0.0.1 http://config.pinyin.sogou.com/api/toolbox/geturl.php?h=A83B1775FD736C2D98E8E8340FAFFF21&v=8.8.0.1953&r=6965_sogou_pinyin_7.4.0.4502_6965.1418093056
INFO: [ app_init ] --START--
INFO: Run Behavior\BuildLiteBehavior [ RunTime:0.000000s ]
INFO: [ app_init ] --END-- [ RunTime:0.001000s ]
ERR: 无法加载模块:Api

