[ 2018-03-03T13:26:07+08:00 ] 127.0.0.1 /favicon.ico
INFO: [ app_init ] --START--
INFO: Run Behavior\BuildLiteBehavior [ RunTime:0.000014s ]
INFO: [ app_init ] --END-- [ RunTime:0.000298s ]
ERR: 无法加载模块:Favicon

[ 2018-03-03T13:47:26+08:00 ] 127.0.0.1 /Public/Admin/favicon.ico
INFO: [ app_init ] --START--
INFO: Run Behavior\BuildLiteBehavior [ RunTime:0.000024s ]
INFO: [ app_init ] --END-- [ RunTime:0.000413s ]
ERR: 无法加载模块:Public

[ 2018-03-03T14:53:47+08:00 ] 127.0.0.1 /Public/Admin/js/index.js
INFO: [ app_init ] --START--
INFO: Run Behavior\BuildLiteBehavior [ RunTime:0.000024s ]
INFO: [ app_init ] --END-- [ RunTime:0.000588s ]
ERR: 无法加载模块:Public

[ 2018-03-03T14:53:47+08:00 ] 127.0.0.1 /Public/Admin/js/echart.js
INFO: [ app_init ] --START--
INFO: Run Behavior\BuildLiteBehavior [ RunTime:0.000038s ]
INFO: [ app_init ] --END-- [ RunTime:0.000718s ]
ERR: 无法加载模块:Public

[ 2018-03-03T14:53:47+08:00 ] 127.0.0.1 /Public/Admin/js/echart.js
INFO: [ app_init ] --START--
INFO: Run Behavior\BuildLiteBehavior [ RunTime:0.000030s ]
INFO: [ app_init ] --END-- [ RunTime:0.000737s ]
ERR: 无法加载模块:Public

[ 2018-03-03T14:54:52+08:00 ] 127.0.0.1 /Public/Admin/js/echart.js
INFO: [ app_init ] --START--
INFO: Run Behavior\BuildLiteBehavior [ RunTime:0.000025s ]
INFO: [ app_init ] --END-- [ RunTime:0.000575s ]
ERR: 无法加载模块:Public

[ 2018-03-03T14:54:52+08:00 ] 127.0.0.1 /Public/Admin/js/index.js
INFO: [ app_init ] --START--
INFO: Run Behavior\BuildLiteBehavior [ RunTime:0.000028s ]
INFO: [ app_init ] --END-- [ RunTime:0.000735s ]
ERR: 无法加载模块:Public

[ 2018-03-03T14:54:52+08:00 ] 127.0.0.1 /Public/Admin/js/echart.js
INFO: [ app_init ] --START--
INFO: Run Behavior\BuildLiteBehavior [ RunTime:0.000016s ]
INFO: [ app_init ] --END-- [ RunTime:0.000441s ]
ERR: 无法加载模块:Public

[ 2018-03-03T14:57:03+08:00 ] 127.0.0.1 /Public/Admin/js/index.js
INFO: [ app_init ] --START--
INFO: Run Behavior\BuildLiteBehavior [ RunTime:0.000028s ]
INFO: [ app_init ] --END-- [ RunTime:0.000781s ]
ERR: 无法加载模块:Public

[ 2018-03-03T14:57:03+08:00 ] 127.0.0.1 /Public/Admin/js/echart.js
INFO: [ app_init ] --START--
INFO: Run Behavior\BuildLiteBehavior [ RunTime:0.000090s ]
INFO: [ app_init ] --END-- [ RunTime:0.001531s ]
ERR: 无法加载模块:Public

[ 2018-03-03T14:57:03+08:00 ] 127.0.0.1 /Public/Admin/js/index.js
INFO: [ app_init ] --START--
INFO: Run Behavior\BuildLiteBehavior [ RunTime:0.000015s ]
INFO: [ app_init ] --END-- [ RunTime:0.000475s ]
ERR: 无法加载模块:Public

[ 2018-03-03T14:57:04+08:00 ] 127.0.0.1 /Public/Admin/js/echart.js
INFO: [ app_init ] --START--
INFO: Run Behavior\BuildLiteBehavior [ RunTime:0.000016s ]
INFO: [ app_init ] --END-- [ RunTime:0.000423s ]
ERR: 无法加载模块:Public

[ 2018-03-03T19:36:01+08:00 ] 127.0.0.1 /Public/Admin/js/echart.js
INFO: [ app_init ] --START--
INFO: Run Behavior\BuildLiteBehavior [ RunTime:0.000032s ]
INFO: [ app_init ] --END-- [ RunTime:0.000693s ]
ERR: 无法加载模块:Public

[ 2018-03-03T19:36:01+08:00 ] 127.0.0.1 /Public/Admin/js/index.js
INFO: [ app_init ] --START--
INFO: Run Behavior\BuildLiteBehavior [ RunTime:0.000028s ]
INFO: [ app_init ] --END-- [ RunTime:0.000897s ]
ERR: 无法加载模块:Public

[ 2018-03-03T19:36:01+08:00 ] 127.0.0.1 /Public/Admin/js/echart.js
INFO: [ app_init ] --START--
INFO: Run Behavior\BuildLiteBehavior [ RunTime:0.000027s ]
INFO: [ app_init ] --END-- [ RunTime:0.000724s ]
ERR: 无法加载模块:Public

[ 2018-03-03T19:36:26+08:00 ] 127.0.0.1 /Public/Admin/js/echart.js
INFO: [ app_init ] --START--
INFO: Run Behavior\BuildLiteBehavior [ RunTime:0.000029s ]
INFO: [ app_init ] --END-- [ RunTime:0.000676s ]
ERR: 无法加载模块:Public

[ 2018-03-03T19:36:26+08:00 ] 127.0.0.1 /Public/Admin/js/index.js
INFO: [ app_init ] --START--
INFO: Run Behavior\BuildLiteBehavior [ RunTime:0.000029s ]
INFO: [ app_init ] --END-- [ RunTime:0.000767s ]
ERR: 无法加载模块:Public

[ 2018-03-03T19:36:26+08:00 ] 127.0.0.1 /Public/Admin/js/index.js
INFO: [ app_init ] --START--
INFO: Run Behavior\BuildLiteBehavior [ RunTime:0.000019s ]
INFO: [ app_init ] --END-- [ RunTime:0.000498s ]
ERR: 无法加载模块:Public

[ 2018-03-03T19:36:26+08:00 ] 127.0.0.1 /Public/Admin/js/echart.js
INFO: [ app_init ] --START--
INFO: Run Behavior\BuildLiteBehavior [ RunTime:0.000025s ]
INFO: [ app_init ] --END-- [ RunTime:0.000631s ]
ERR: 无法加载模块:Public

[ 2018-03-03T19:36:31+08:00 ] 127.0.0.1 /Public/Admin/js/echart.js
INFO: [ app_init ] --START--
INFO: Run Behavior\BuildLiteBehavior [ RunTime:0.000033s ]
INFO: [ app_init ] --END-- [ RunTime:0.000903s ]
ERR: 无法加载模块:Public

[ 2018-03-03T19:36:31+08:00 ] 127.0.0.1 /Public/Admin/js/index.js
INFO: [ app_init ] --START--
INFO: Run Behavior\BuildLiteBehavior [ RunTime:0.000033s ]
INFO: [ app_init ] --END-- [ RunTime:0.000879s ]
ERR: 无法加载模块:Public

[ 2018-03-03T19:36:31+08:00 ] 127.0.0.1 /Public/Admin/js/index.js
INFO: [ app_init ] --START--
INFO: Run Behavior\BuildLiteBehavior [ RunTime:0.000016s ]
INFO: [ app_init ] --END-- [ RunTime:0.000438s ]
ERR: 无法加载模块:Public

[ 2018-03-03T19:36:31+08:00 ] 127.0.0.1 /Public/Admin/js/echart.js
INFO: [ app_init ] --START--
INFO: Run Behavior\BuildLiteBehavior [ RunTime:0.000027s ]
INFO: [ app_init ] --END-- [ RunTime:0.000692s ]
ERR: 无法加载模块:Public

[ 2018-03-03T19:36:32+08:00 ] 127.0.0.1 /Public/Admin/js/index.js
INFO: [ app_init ] --START--
INFO: Run Behavior\BuildLiteBehavior [ RunTime:0.000031s ]
INFO: [ app_init ] --END-- [ RunTime:0.000793s ]
ERR: 无法加载模块:Public

[ 2018-03-03T19:36:32+08:00 ] 127.0.0.1 /Public/Admin/js/echart.js
INFO: [ app_init ] --START--
INFO: Run Behavior\BuildLiteBehavior [ RunTime:0.000034s ]
INFO: [ app_init ] --END-- [ RunTime:0.000812s ]
ERR: 无法加载模块:Public

[ 2018-03-03T19:36:33+08:00 ] 127.0.0.1 /Public/Admin/js/index.js
INFO: [ app_init ] --START--
INFO: Run Behavior\BuildLiteBehavior [ RunTime:0.000022s ]
INFO: [ app_init ] --END-- [ RunTime:0.001128s ]
ERR: 无法加载模块:Public

[ 2018-03-03T19:36:33+08:00 ] 127.0.0.1 /Public/Admin/js/echart.js
INFO: [ app_init ] --START--
INFO: Run Behavior\BuildLiteBehavior [ RunTime:0.000024s ]
INFO: [ app_init ] --END-- [ RunTime:0.000602s ]
ERR: 无法加载模块:Public

[ 2018-03-03T19:37:39+08:00 ] 127.0.0.1 /Public/Admin/js/index.js
INFO: [ app_init ] --START--
INFO: Run Behavior\BuildLiteBehavior [ RunTime:0.000032s ]
INFO: [ app_init ] --END-- [ RunTime:0.000804s ]
ERR: 无法加载模块:Public

[ 2018-03-03T19:37:39+08:00 ] 127.0.0.1 /Public/Admin/js/echart.js
INFO: [ app_init ] --START--
INFO: Run Behavior\BuildLiteBehavior [ RunTime:0.000030s ]
INFO: [ app_init ] --END-- [ RunTime:0.000755s ]
ERR: 无法加载模块:Public

[ 2018-03-03T19:37:39+08:00 ] 127.0.0.1 /Public/Admin/js/index.js
INFO: [ app_init ] --START--
INFO: Run Behavior\BuildLiteBehavior [ RunTime:0.000027s ]
INFO: [ app_init ] --END-- [ RunTime:0.000719s ]
ERR: 无法加载模块:Public

[ 2018-03-03T19:37:40+08:00 ] 127.0.0.1 /Public/Admin/js/echart.js
INFO: [ app_init ] --START--
INFO: Run Behavior\BuildLiteBehavior [ RunTime:0.000018s ]
INFO: [ app_init ] --END-- [ RunTime:0.000386s ]
ERR: 无法加载模块:Public

[ 2018-03-03T19:50:25+08:00 ] 127.0.0.1 /Public/Admin/js/echart.js
INFO: [ app_init ] --START--
INFO: Run Behavior\BuildLiteBehavior [ RunTime:0.000031s ]
INFO: [ app_init ] --END-- [ RunTime:0.000756s ]
ERR: 无法加载模块:Public

[ 2018-03-03T19:50:25+08:00 ] 127.0.0.1 /Public/Admin/js/index.js
INFO: [ app_init ] --START--
INFO: Run Behavior\BuildLiteBehavior [ RunTime:0.000032s ]
INFO: [ app_init ] --END-- [ RunTime:0.000932s ]
ERR: 无法加载模块:Public

[ 2018-03-03T19:50:25+08:00 ] 127.0.0.1 /Public/Admin/js/echart.js
INFO: [ app_init ] --START--
INFO: Run Behavior\BuildLiteBehavior [ RunTime:0.000024s ]
INFO: [ app_init ] --END-- [ RunTime:0.000604s ]
ERR: 无法加载模块:Public

[ 2018-03-03T19:51:57+08:00 ] 127.0.0.1 /Public/Admin/js/echart.js
INFO: [ app_init ] --START--
INFO: Run Behavior\BuildLiteBehavior [ RunTime:0.000028s ]
INFO: [ app_init ] --END-- [ RunTime:0.000696s ]
ERR: 无法加载模块:Public

[ 2018-03-03T19:51:57+08:00 ] 127.0.0.1 /Public/Admin/js/index.js
INFO: [ app_init ] --START--
INFO: Run Behavior\BuildLiteBehavior [ RunTime:0.000026s ]
INFO: [ app_init ] --END-- [ RunTime:0.000651s ]
ERR: 无法加载模块:Public

[ 2018-03-03T19:51:57+08:00 ] 127.0.0.1 /Public/Admin/js/index.js
INFO: [ app_init ] --START--
INFO: Run Behavior\BuildLiteBehavior [ RunTime:0.000018s ]
INFO: [ app_init ] --END-- [ RunTime:0.000449s ]
ERR: 无法加载模块:Public

[ 2018-03-03T19:51:57+08:00 ] 127.0.0.1 /Public/Admin/js/echart.js
INFO: [ app_init ] --START--
INFO: Run Behavior\BuildLiteBehavior [ RunTime:0.000030s ]
INFO: [ app_init ] --END-- [ RunTime:0.000775s ]
ERR: 无法加载模块:Public

[ 2018-03-03T19:52:49+08:00 ] 127.0.0.1 /Public/Admin/js/echart.js
INFO: [ app_init ] --START--
INFO: Run Behavior\BuildLiteBehavior [ RunTime:0.000031s ]
INFO: [ app_init ] --END-- [ RunTime:0.000762s ]
ERR: 无法加载模块:Public

[ 2018-03-03T19:52:49+08:00 ] 127.0.0.1 /Public/Admin/js/index.js
INFO: [ app_init ] --START--
INFO: Run Behavior\BuildLiteBehavior [ RunTime:0.000030s ]
INFO: [ app_init ] --END-- [ RunTime:0.000843s ]
ERR: 无法加载模块:Public

[ 2018-03-03T19:52:49+08:00 ] 127.0.0.1 /Public/Admin/js/index.js
INFO: [ app_init ] --START--
INFO: Run Behavior\BuildLiteBehavior [ RunTime:0.000030s ]
INFO: [ app_init ] --END-- [ RunTime:0.000820s ]
ERR: 无法加载模块:Public

[ 2018-03-03T19:52:49+08:00 ] 127.0.0.1 /Public/Admin/js/echart.js
INFO: [ app_init ] --START--
INFO: Run Behavior\BuildLiteBehavior [ RunTime:0.000017s ]
INFO: [ app_init ] --END-- [ RunTime:0.000411s ]
ERR: 无法加载模块:Public

[ 2018-03-03T20:09:40+08:00 ] 127.0.0.1 /Public/Admin/js/echart.js
INFO: [ app_init ] --START--
INFO: Run Behavior\BuildLiteBehavior [ RunTime:0.000027s ]
INFO: [ app_init ] --END-- [ RunTime:0.000735s ]
ERR: 无法加载模块:Public

[ 2018-03-03T20:09:40+08:00 ] 127.0.0.1 /Public/Admin/js/index.js
INFO: [ app_init ] --START--
INFO: Run Behavior\BuildLiteBehavior [ RunTime:0.000032s ]
INFO: [ app_init ] --END-- [ RunTime:0.001514s ]
ERR: 无法加载模块:Public

[ 2018-03-03T20:09:41+08:00 ] 127.0.0.1 /Public/Admin/js/echart.js
INFO: [ app_init ] --START--
INFO: Run Behavior\BuildLiteBehavior [ RunTime:0.000025s ]
INFO: [ app_init ] --END-- [ RunTime:0.000586s ]
ERR: 无法加载模块:Public

[ 2018-03-03T20:10:36+08:00 ] 127.0.0.1 /Public/Admin/js/index.js
INFO: [ app_init ] --START--
INFO: Run Behavior\BuildLiteBehavior [ RunTime:0.000031s ]
INFO: [ app_init ] --END-- [ RunTime:0.000723s ]
ERR: 无法加载模块:Public

[ 2018-03-03T20:10:36+08:00 ] 127.0.0.1 /Public/Admin/js/echart.js
INFO: [ app_init ] --START--
INFO: Run Behavior\BuildLiteBehavior [ RunTime:0.000030s ]
INFO: [ app_init ] --END-- [ RunTime:0.001243s ]
ERR: 无法加载模块:Public

[ 2018-03-03T20:10:36+08:00 ] 127.0.0.1 /Public/Admin/js/index.js
INFO: [ app_init ] --START--
INFO: Run Behavior\BuildLiteBehavior [ RunTime:0.000016s ]
INFO: [ app_init ] --END-- [ RunTime:0.000399s ]
ERR: 无法加载模块:Public

[ 2018-03-03T20:10:37+08:00 ] 127.0.0.1 /Public/Admin/js/echart.js
INFO: [ app_init ] --START--
INFO: Run Behavior\BuildLiteBehavior [ RunTime:0.000017s ]
INFO: [ app_init ] --END-- [ RunTime:0.000428s ]
ERR: 无法加载模块:Public

[ 2018-03-03T20:10:50+08:00 ] 127.0.0.1 /Public/Admin/js/index.js
INFO: [ app_init ] --START--
INFO: Run Behavior\BuildLiteBehavior [ RunTime:0.000033s ]
INFO: [ app_init ] --END-- [ RunTime:0.000778s ]
ERR: 无法加载模块:Public

[ 2018-03-03T20:10:50+08:00 ] 127.0.0.1 /Public/Admin/js/echart.js
INFO: [ app_init ] --START--
INFO: Run Behavior\BuildLiteBehavior [ RunTime:0.000034s ]
INFO: [ app_init ] --END-- [ RunTime:0.000790s ]
ERR: 无法加载模块:Public

[ 2018-03-03T20:12:50+08:00 ] 127.0.0.1 /Public/Admin/js/index.js
INFO: [ app_init ] --START--
INFO: Run Behavior\BuildLiteBehavior [ RunTime:0.000032s ]
INFO: [ app_init ] --END-- [ RunTime:0.000746s ]
ERR: 无法加载模块:Public

[ 2018-03-03T20:12:50+08:00 ] 127.0.0.1 /Public/Admin/js/echart.js
INFO: [ app_init ] --START--
INFO: Run Behavior\BuildLiteBehavior [ RunTime:0.000030s ]
INFO: [ app_init ] --END-- [ RunTime:0.005602s ]
ERR: 无法加载模块:Public

[ 2018-03-03T20:22:06+08:00 ] 127.0.0.1 /Public/Admin/js/index.js
INFO: [ app_init ] --START--
INFO: Run Behavior\BuildLiteBehavior [ RunTime:0.000033s ]
INFO: [ app_init ] --END-- [ RunTime:0.000839s ]
ERR: 无法加载模块:Public

[ 2018-03-03T20:22:06+08:00 ] 127.0.0.1 /Public/Admin/js/echart.js
INFO: [ app_init ] --START--
INFO: Run Behavior\BuildLiteBehavior [ RunTime:0.000029s ]
INFO: [ app_init ] --END-- [ RunTime:0.000769s ]
ERR: 无法加载模块:Public

[ 2018-03-03T20:22:06+08:00 ] 127.0.0.1 /Public/Admin/js/index.js
INFO: [ app_init ] --START--
INFO: Run Behavior\BuildLiteBehavior [ RunTime:0.000029s ]
INFO: [ app_init ] --END-- [ RunTime:0.000726s ]
ERR: 无法加载模块:Public

[ 2018-03-03T20:22:06+08:00 ] 127.0.0.1 /Public/Admin/js/echart.js
INFO: [ app_init ] --START--
INFO: Run Behavior\BuildLiteBehavior [ RunTime:0.000025s ]
INFO: [ app_init ] --END-- [ RunTime:0.000629s ]
ERR: 无法加载模块:Public

[ 2018-03-03T20:22:41+08:00 ] 127.0.0.1 /Public/Admin/js/echart.js
INFO: [ app_init ] --START--
INFO: Run Behavior\BuildLiteBehavior [ RunTime:0.000031s ]
INFO: [ app_init ] --END-- [ RunTime:0.000766s ]
ERR: 无法加载模块:Public

[ 2018-03-03T20:22:41+08:00 ] 127.0.0.1 /Public/Admin/js/index.js
INFO: [ app_init ] --START--
INFO: Run Behavior\BuildLiteBehavior [ RunTime:0.000042s ]
INFO: [ app_init ] --END-- [ RunTime:0.000897s ]
ERR: 无法加载模块:Public

[ 2018-03-03T20:22:41+08:00 ] 127.0.0.1 /Public/Admin/js/index.js
INFO: [ app_init ] --START--
INFO: Run Behavior\BuildLiteBehavior [ RunTime:0.000030s ]
INFO: [ app_init ] --END-- [ RunTime:0.000584s ]
ERR: 无法加载模块:Public

[ 2018-03-03T20:22:41+08:00 ] 127.0.0.1 /Public/Admin/js/echart.js
INFO: [ app_init ] --START--
INFO: Run Behavior\BuildLiteBehavior [ RunTime:0.000027s ]
INFO: [ app_init ] --END-- [ RunTime:0.000595s ]
ERR: 无法加载模块:Public

[ 2018-03-03T20:24:11+08:00 ] 127.0.0.1 /Public/Admin/js/index.js
INFO: [ app_init ] --START--
INFO: Run Behavior\BuildLiteBehavior [ RunTime:0.000028s ]
INFO: [ app_init ] --END-- [ RunTime:0.000667s ]
ERR: 无法加载模块:Public

[ 2018-03-03T20:24:11+08:00 ] 127.0.0.1 /Public/Admin/js/echart.js
INFO: [ app_init ] --START--
INFO: Run Behavior\BuildLiteBehavior [ RunTime:0.000024s ]
INFO: [ app_init ] --END-- [ RunTime:0.000592s ]
ERR: 无法加载模块:Public

[ 2018-03-03T20:30:25+08:00 ] 127.0.0.1 /Public/Admin/js/index.js
INFO: [ app_init ] --START--
INFO: Run Behavior\BuildLiteBehavior [ RunTime:0.000027s ]
INFO: [ app_init ] --END-- [ RunTime:0.000656s ]
ERR: 无法加载模块:Public

[ 2018-03-03T20:30:25+08:00 ] 127.0.0.1 /Public/Admin/js/echart.js
INFO: [ app_init ] --START--
INFO: Run Behavior\BuildLiteBehavior [ RunTime:0.000036s ]
INFO: [ app_init ] --END-- [ RunTime:0.001001s ]
ERR: 无法加载模块:Public

[ 2018-03-03T20:30:25+08:00 ] 127.0.0.1 /Public/Admin/js/index.js
INFO: [ app_init ] --START--
INFO: Run Behavior\BuildLiteBehavior [ RunTime:0.000030s ]
INFO: [ app_init ] --END-- [ RunTime:0.000807s ]
ERR: 无法加载模块:Public

[ 2018-03-03T20:30:25+08:00 ] 127.0.0.1 /Public/Admin/js/echart.js
INFO: [ app_init ] --START--
INFO: Run Behavior\BuildLiteBehavior [ RunTime:0.000029s ]
INFO: [ app_init ] --END-- [ RunTime:0.000700s ]
ERR: 无法加载模块:Public

[ 2018-03-03T20:30:36+08:00 ] 127.0.0.1 /Public/Admin/js/index.js
INFO: [ app_init ] --START--
INFO: Run Behavior\BuildLiteBehavior [ RunTime:0.000028s ]
INFO: [ app_init ] --END-- [ RunTime:0.000666s ]
ERR: 无法加载模块:Public

[ 2018-03-03T20:30:36+08:00 ] 127.0.0.1 /Public/Admin/js/echart.js
INFO: [ app_init ] --START--
INFO: Run Behavior\BuildLiteBehavior [ RunTime:0.000028s ]
INFO: [ app_init ] --END-- [ RunTime:0.000847s ]
ERR: 无法加载模块:Public

[ 2018-03-03T20:30:36+08:00 ] 127.0.0.1 /Public/Admin/js/index.js
INFO: [ app_init ] --START--
INFO: Run Behavior\BuildLiteBehavior [ RunTime:0.000019s ]
INFO: [ app_init ] --END-- [ RunTime:0.000459s ]
ERR: 无法加载模块:Public

[ 2018-03-03T20:30:36+08:00 ] 127.0.0.1 /Public/Admin/js/echart.js
INFO: [ app_init ] --START--
INFO: Run Behavior\BuildLiteBehavior [ RunTime:0.000017s ]
INFO: [ app_init ] --END-- [ RunTime:0.000416s ]
ERR: 无法加载模块:Public

[ 2018-03-03T20:32:45+08:00 ] 127.0.0.1 /Public/Admin/js/echart.js
INFO: [ app_init ] --START--
INFO: Run Behavior\BuildLiteBehavior [ RunTime:0.000030s ]
INFO: [ app_init ] --END-- [ RunTime:0.000791s ]
ERR: 无法加载模块:Public

[ 2018-03-03T20:32:45+08:00 ] 127.0.0.1 /Public/Admin/js/index.js
INFO: [ app_init ] --START--
INFO: Run Behavior\BuildLiteBehavior [ RunTime:0.000028s ]
INFO: [ app_init ] --END-- [ RunTime:0.009973s ]
ERR: 无法加载模块:Public

[ 2018-03-03T20:32:45+08:00 ] 127.0.0.1 /Public/Admin/js/index.js
INFO: [ app_init ] --START--
INFO: Run Behavior\BuildLiteBehavior [ RunTime:0.000030s ]
INFO: [ app_init ] --END-- [ RunTime:0.000765s ]
ERR: 无法加载模块:Public

[ 2018-03-03T20:32:45+08:00 ] 127.0.0.1 /Public/Admin/js/echart.js
INFO: [ app_init ] --START--
INFO: Run Behavior\BuildLiteBehavior [ RunTime:0.000037s ]
INFO: [ app_init ] --END-- [ RunTime:0.000858s ]
ERR: 无法加载模块:Public

[ 2018-03-03T20:34:05+08:00 ] 127.0.0.1 /Public/Admin/js/index.js
INFO: [ app_init ] --START--
INFO: Run Behavior\BuildLiteBehavior [ RunTime:0.000032s ]
INFO: [ app_init ] --END-- [ RunTime:0.000720s ]
ERR: 无法加载模块:Public

[ 2018-03-03T20:34:05+08:00 ] 127.0.0.1 /Public/Admin/js/echart.js
INFO: [ app_init ] --START--
INFO: Run Behavior\BuildLiteBehavior [ RunTime:0.000037s ]
INFO: [ app_init ] --END-- [ RunTime:0.001258s ]
ERR: 无法加载模块:Public

[ 2018-03-03T20:34:05+08:00 ] 127.0.0.1 /Public/Admin/js/index.js
INFO: [ app_init ] --START--
INFO: Run Behavior\BuildLiteBehavior [ RunTime:0.000026s ]
INFO: [ app_init ] --END-- [ RunTime:0.000658s ]
ERR: 无法加载模块:Public

[ 2018-03-03T20:34:05+08:00 ] 127.0.0.1 /Public/Admin/js/echart.js
INFO: [ app_init ] --START--
INFO: Run Behavior\BuildLiteBehavior [ RunTime:0.000028s ]
INFO: [ app_init ] --END-- [ RunTime:0.000673s ]
ERR: 无法加载模块:Public

[ 2018-03-03T20:38:57+08:00 ] 127.0.0.1 /Public/Admin/js/index.js
INFO: [ app_init ] --START--
INFO: Run Behavior\BuildLiteBehavior [ RunTime:0.000032s ]
INFO: [ app_init ] --END-- [ RunTime:0.001137s ]
ERR: 无法加载模块:Public

[ 2018-03-03T20:38:57+08:00 ] 127.0.0.1 /Public/Admin/js/echart.js
INFO: [ app_init ] --START--
INFO: Run Behavior\BuildLiteBehavior [ RunTime:0.000723s ]
INFO: [ app_init ] --END-- [ RunTime:0.004229s ]
ERR: 无法加载模块:Public

[ 2018-03-03T20:38:57+08:00 ] 127.0.0.1 /Public/Admin/js/index.js
INFO: [ app_init ] --START--
INFO: Run Behavior\BuildLiteBehavior [ RunTime:0.000045s ]
INFO: [ app_init ] --END-- [ RunTime:0.001034s ]
ERR: 无法加载模块:Public

[ 2018-03-03T20:38:58+08:00 ] 127.0.0.1 /Public/Admin/js/echart.js
INFO: [ app_init ] --START--
INFO: Run Behavior\BuildLiteBehavior [ RunTime:0.000027s ]
INFO: [ app_init ] --END-- [ RunTime:0.000635s ]
ERR: 无法加载模块:Public

[ 2018-03-03T20:40:01+08:00 ] 127.0.0.1 /Public/Admin/js/index.js
INFO: [ app_init ] --START--
INFO: Run Behavior\BuildLiteBehavior [ RunTime:0.000034s ]
INFO: [ app_init ] --END-- [ RunTime:0.001238s ]
ERR: 无法加载模块:Public

[ 2018-03-03T20:40:01+08:00 ] 127.0.0.1 /Public/Admin/js/echart.js
INFO: [ app_init ] --START--
INFO: Run Behavior\BuildLiteBehavior [ RunTime:0.000021s ]
INFO: [ app_init ] --END-- [ RunTime:0.000670s ]
ERR: 无法加载模块:Public

[ 2018-03-03T20:40:01+08:00 ] 127.0.0.1 /Public/Admin/js/index.js
INFO: [ app_init ] --START--
INFO: Run Behavior\BuildLiteBehavior [ RunTime:0.000023s ]
INFO: [ app_init ] --END-- [ RunTime:0.000582s ]
ERR: 无法加载模块:Public

[ 2018-03-03T20:40:01+08:00 ] 127.0.0.1 /Public/Admin/js/echart.js
INFO: [ app_init ] --START--
INFO: Run Behavior\BuildLiteBehavior [ RunTime:0.000018s ]
INFO: [ app_init ] --END-- [ RunTime:0.000459s ]
ERR: 无法加载模块:Public

[ 2018-03-03T20:56:28+08:00 ] 127.0.0.1 /Public/Admin/js/index.js
INFO: [ app_init ] --START--
INFO: Run Behavior\BuildLiteBehavior [ RunTime:0.000133s ]
INFO: [ app_init ] --END-- [ RunTime:0.001398s ]
ERR: 无法加载模块:Public

[ 2018-03-03T20:56:28+08:00 ] 127.0.0.1 /Public/Admin/js/echart.js
INFO: [ app_init ] --START--
INFO: Run Behavior\BuildLiteBehavior [ RunTime:0.000034s ]
INFO: [ app_init ] --END-- [ RunTime:0.001422s ]
ERR: 无法加载模块:Public

[ 2018-03-03T21:02:02+08:00 ] 127.0.0.1 /Public/Admin/js/index.js
INFO: [ app_init ] --START--
INFO: Run Behavior\BuildLiteBehavior [ RunTime:0.000029s ]
INFO: [ app_init ] --END-- [ RunTime:0.003535s ]
ERR: 无法加载模块:Public

[ 2018-03-03T21:02:02+08:00 ] 127.0.0.1 /Public/Admin/js/echart.js
INFO: [ app_init ] --START--
INFO: Run Behavior\BuildLiteBehavior [ RunTime:0.000025s ]
INFO: [ app_init ] --END-- [ RunTime:0.000783s ]
ERR: 无法加载模块:Public

[ 2018-03-03T21:02:02+08:00 ] 127.0.0.1 /Public/Admin/js/index.js
INFO: [ app_init ] --START--
INFO: Run Behavior\BuildLiteBehavior [ RunTime:0.000033s ]
INFO: [ app_init ] --END-- [ RunTime:0.000759s ]
ERR: 无法加载模块:Public

[ 2018-03-03T21:02:02+08:00 ] 127.0.0.1 /Public/Admin/js/echart.js
INFO: [ app_init ] --START--
INFO: Run Behavior\BuildLiteBehavior [ RunTime:0.000019s ]
INFO: [ app_init ] --END-- [ RunTime:0.000529s ]
ERR: 无法加载模块:Public

[ 2018-03-03T21:10:09+08:00 ] 127.0.0.1 /Public/Admin/js/index.js
INFO: [ app_init ] --START--
INFO: Run Behavior\BuildLiteBehavior [ RunTime:0.000029s ]
INFO: [ app_init ] --END-- [ RunTime:0.000672s ]
ERR: 无法加载模块:Public

[ 2018-03-03T21:10:09+08:00 ] 127.0.0.1 /Public/Admin/js/echart.js
INFO: [ app_init ] --START--
INFO: Run Behavior\BuildLiteBehavior [ RunTime:0.000031s ]
INFO: [ app_init ] --END-- [ RunTime:0.000957s ]
ERR: 无法加载模块:Public

[ 2018-03-03T21:10:09+08:00 ] 127.0.0.1 /Public/Admin/js/index.js
INFO: [ app_init ] --START--
INFO: Run Behavior\BuildLiteBehavior [ RunTime:0.000022s ]
INFO: [ app_init ] --END-- [ RunTime:0.000789s ]
ERR: 无法加载模块:Public

[ 2018-03-03T21:10:10+08:00 ] 127.0.0.1 /Public/Admin/js/echart.js
INFO: [ app_init ] --START--
INFO: Run Behavior\BuildLiteBehavior [ RunTime:0.000018s ]
INFO: [ app_init ] --END-- [ RunTime:0.000452s ]
ERR: 无法加载模块:Public

[ 2018-03-03T21:10:21+08:00 ] 127.0.0.1 /Public/Admin/js/index.js
INFO: [ app_init ] --START--
INFO: Run Behavior\BuildLiteBehavior [ RunTime:0.000030s ]
INFO: [ app_init ] --END-- [ RunTime:0.000784s ]
ERR: 无法加载模块:Public

[ 2018-03-03T21:10:21+08:00 ] 127.0.0.1 /Public/Admin/js/echart.js
INFO: [ app_init ] --START--
INFO: Run Behavior\BuildLiteBehavior [ RunTime:0.000031s ]
INFO: [ app_init ] --END-- [ RunTime:0.000828s ]
ERR: 无法加载模块:Public

[ 2018-03-03T21:13:36+08:00 ] 127.0.0.1 /Public/Admin/js/index.js
INFO: [ app_init ] --START--
INFO: Run Behavior\BuildLiteBehavior [ RunTime:0.000096s ]
INFO: [ app_init ] --END-- [ RunTime:0.001104s ]
ERR: 无法加载模块:Public

[ 2018-03-03T21:13:36+08:00 ] 127.0.0.1 /Public/Admin/js/echart.js
INFO: [ app_init ] --START--
INFO: Run Behavior\BuildLiteBehavior [ RunTime:0.000029s ]
INFO: [ app_init ] --END-- [ RunTime:0.000857s ]
ERR: 无法加载模块:Public

[ 2018-03-03T21:13:56+08:00 ] 127.0.0.1 /Public/Admin/js/index.js
INFO: [ app_init ] --START--
INFO: Run Behavior\BuildLiteBehavior [ RunTime:0.000032s ]
INFO: [ app_init ] --END-- [ RunTime:0.000788s ]
ERR: 无法加载模块:Public

[ 2018-03-03T21:13:56+08:00 ] 127.0.0.1 /Public/Admin/js/echart.js
INFO: [ app_init ] --START--
INFO: Run Behavior\BuildLiteBehavior [ RunTime:0.000030s ]
INFO: [ app_init ] --END-- [ RunTime:0.000814s ]
ERR: 无法加载模块:Public

[ 2018-03-03T21:13:56+08:00 ] 127.0.0.1 /Public/Admin/js/index.js
INFO: [ app_init ] --START--
INFO: Run Behavior\BuildLiteBehavior [ RunTime:0.000031s ]
INFO: [ app_init ] --END-- [ RunTime:0.000726s ]
ERR: 无法加载模块:Public

[ 2018-03-03T21:13:56+08:00 ] 127.0.0.1 /Public/Admin/js/echart.js
INFO: [ app_init ] --START--
INFO: Run Behavior\BuildLiteBehavior [ RunTime:0.000021s ]
INFO: [ app_init ] --END-- [ RunTime:0.000672s ]
ERR: 无法加载模块:Public

[ 2018-03-03T21:19:23+08:00 ] 127.0.0.1 /Public/Admin/js/index.js
INFO: [ app_init ] --START--
INFO: Run Behavior\BuildLiteBehavior [ RunTime:0.000028s ]
INFO: [ app_init ] --END-- [ RunTime:0.000629s ]
ERR: 无法加载模块:Public

[ 2018-03-03T21:19:23+08:00 ] 127.0.0.1 /Public/Admin/js/echart.js
INFO: [ app_init ] --START--
INFO: Run Behavior\BuildLiteBehavior [ RunTime:0.000030s ]
INFO: [ app_init ] --END-- [ RunTime:0.001321s ]
ERR: 无法加载模块:Public

[ 2018-03-03T21:19:23+08:00 ] 127.0.0.1 /Public/Admin/js/index.js
INFO: [ app_init ] --START--
INFO: Run Behavior\BuildLiteBehavior [ RunTime:0.000019s ]
INFO: [ app_init ] --END-- [ RunTime:0.000655s ]
ERR: 无法加载模块:Public

[ 2018-03-03T21:19:23+08:00 ] 127.0.0.1 /Public/Admin/js/echart.js
INFO: [ app_init ] --START--
INFO: Run Behavior\BuildLiteBehavior [ RunTime:0.000021s ]
INFO: [ app_init ] --END-- [ RunTime:0.000530s ]
ERR: 无法加载模块:Public

[ 2018-03-03T21:19:42+08:00 ] 127.0.0.1 /Public/Admin/js/echart.js
INFO: [ app_init ] --START--
INFO: Run Behavior\BuildLiteBehavior [ RunTime:0.000024s ]
INFO: [ app_init ] --END-- [ RunTime:0.000622s ]
ERR: 无法加载模块:Public

[ 2018-03-03T21:19:42+08:00 ] 127.0.0.1 /Public/Admin/js/index.js
INFO: [ app_init ] --START--
INFO: Run Behavior\BuildLiteBehavior [ RunTime:0.000036s ]
INFO: [ app_init ] --END-- [ RunTime:0.000653s ]
ERR: 无法加载模块:Public

[ 2018-03-03T21:19:42+08:00 ] 127.0.0.1 /Public/Admin/js/index.js
INFO: [ app_init ] --START--
INFO: Run Behavior\BuildLiteBehavior [ RunTime:0.000029s ]
INFO: [ app_init ] --END-- [ RunTime:0.000706s ]
ERR: 无法加载模块:Public

[ 2018-03-03T21:19:42+08:00 ] 127.0.0.1 /Public/Admin/js/echart.js
INFO: [ app_init ] --START--
INFO: Run Behavior\BuildLiteBehavior [ RunTime:0.000029s ]
INFO: [ app_init ] --END-- [ RunTime:0.000659s ]
ERR: 无法加载模块:Public

[ 2018-03-03T21:21:24+08:00 ] 127.0.0.1 /Public/Admin/js/index.js
INFO: [ app_init ] --START--
INFO: Run Behavior\BuildLiteBehavior [ RunTime:0.000026s ]
INFO: [ app_init ] --END-- [ RunTime:0.000836s ]
ERR: 无法加载模块:Public


[ 2018-03-03T21:21:24+08:00 ] 127.0.0.1 /Public/Admin/js/index.js
INFO: [ app_init ] --START--
INFO: Run Behavior\BuildLiteBehavior [ RunTime:0.000031s ]
INFO: [ app_init ] --END-- [ RunTime:0.001010s ]
ERR: 无法加载模块:Public

[ 2018-03-03T21:21:24+08:00 ] 127.0.0.1 /Public/Admin/js/echart.js
INFO: [ app_init ] --START--
INFO: Run Behavior\BuildLiteBehavior [ RunTime:0.000020s ]
INFO: [ app_init ] --END-- [ RunTime:0.000525s ]
ERR: 无法加载模块:Public

[ 2018-03-03T21:22:59+08:00 ] 127.0.0.1 /Public/Admin/js/echart.js
INFO: [ app_init ] --START--
INFO: Run Behavior\BuildLiteBehavior [ RunTime:0.000029s ]
INFO: [ app_init ] --END-- [ RunTime:0.000743s ]
ERR: 无法加载模块:Public

[ 2018-03-03T21:22:59+08:00 ] 127.0.0.1 /Public/Admin/js/index.js
INFO: [ app_init ] --START--
INFO: Run Behavior\BuildLiteBehavior [ RunTime:0.000025s ]
INFO: [ app_init ] --END-- [ RunTime:0.000731s ]
ERR: 无法加载模块:Public

[ 2018-03-03T21:22:59+08:00 ] 127.0.0.1 /Public/Admin/js/index.js
INFO: [ app_init ] --START--
INFO: Run Behavior\BuildLiteBehavior [ RunTime:0.000028s ]
INFO: [ app_init ] --END-- [ RunTime:0.000679s ]
ERR: 无法加载模块:Public

[ 2018-03-03T21:22:59+08:00 ] 127.0.0.1 /Public/Admin/js/echart.js
INFO: [ app_init ] --START--
INFO: Run Behavior\BuildLiteBehavior [ RunTime:0.000019s ]
INFO: [ app_init ] --END-- [ RunTime:0.000674s ]
ERR: 无法加载模块:Public

[ 2018-03-03T21:23:09+08:00 ] 127.0.0.1 /user/activate/
INFO: [ app_init ] --START--
INFO: Run Behavior\BuildLiteBehavior [ RunTime:0.000018s ]
INFO: [ app_init ] --END-- [ RunTime:0.000430s ]
ERR: 无法加载模块:User

[ 2018-03-03T21:23:21+08:00 ] 127.0.0.1 /user/activate/
INFO: [ app_init ] --START--
INFO: Run Behavior\BuildLiteBehavior [ RunTime:0.000027s ]
INFO: [ app_init ] --END-- [ RunTime:0.000494s ]
ERR: 无法加载模块:User

[ 2018-03-03T21:23:27+08:00 ] 127.0.0.1 /user/activate/
INFO: [ app_init ] --START--
INFO: Run Behavior\BuildLiteBehavior [ RunTime:0.000025s ]
INFO: [ app_init ] --END-- [ RunTime:0.000626s ]
ERR: 无法加载模块:User

[ 2018-03-03T21:24:44+08:00 ] 127.0.0.1 /Public/Admin/js/index.js
INFO: [ app_init ] --START--
INFO: Run Behavior\BuildLiteBehavior [ RunTime:0.000029s ]
INFO: [ app_init ] --END-- [ RunTime:0.000739s ]
ERR: 无法加载模块:Public


[ 2018-03-03T21:24:44+08:00 ] 127.0.0.1 /Public/Admin/js/index.js
INFO: [ app_init ] --START--
INFO: Run Behavior\BuildLiteBehavior [ RunTime:0.000029s ]
INFO: [ app_init ] --END-- [ RunTime:0.000685s ]
ERR: 无法加载模块:Public

[ 2018-03-03T21:24:44+08:00 ] 127.0.0.1 /Public/Admin/js/echart.js
INFO: [ app_init ] --START--
INFO: Run Behavior\BuildLiteBehavior [ RunTime:0.000027s ]
INFO: [ app_init ] --END-- [ RunTime:0.000697s ]
ERR: 无法加载模块:Public

[ 2018-03-03T21:35:39+08:00 ] 127.0.0.1 /Public/Admin/js/index.js
INFO: [ app_init ] --START--
INFO: Run Behavior\BuildLiteBehavior [ RunTime:0.000031s ]
INFO: [ app_init ] --END-- [ RunTime:0.000767s ]
ERR: 无法加载模块:Public

[ 2018-03-03T21:35:39+08:00 ] 127.0.0.1 /Public/Admin/js/echart.js
INFO: [ app_init ] --START--
INFO: Run Behavior\BuildLiteBehavior [ RunTime:0.000033s ]
INFO: [ app_init ] --END-- [ RunTime:0.000966s ]
ERR: 无法加载模块:Public

[ 2018-03-03T21:35:39+08:00 ] 127.0.0.1 /Public/Admin/js/index.js
INFO: [ app_init ] --START--
INFO: Run Behavior\BuildLiteBehavior [ RunTime:0.000029s ]
INFO: [ app_init ] --END-- [ RunTime:0.000716s ]
ERR: 无法加载模块:Public

[ 2018-03-03T21:35:40+08:00 ] 127.0.0.1 /Public/Admin/js/echart.js
INFO: [ app_init ] --START--
INFO: Run Behavior\BuildLiteBehavior [ RunTime:0.000031s ]
INFO: [ app_init ] --END-- [ RunTime:0.000749s ]
ERR: 无法加载模块:Public

[ 2018-03-03T21:37:41+08:00 ] 127.0.0.1 /Public/Admin/js/index.js
INFO: [ app_init ] --START--
INFO: Run Behavior\BuildLiteBehavior [ RunTime:0.000050s ]
INFO: [ app_init ] --END-- [ RunTime:0.000920s ]
ERR: 无法加载模块:Public

[ 2018-03-03T21:37:41+08:00 ] 127.0.0.1 /Public/Admin/js/echart.js
INFO: [ app_init ] --START--
INFO: Run Behavior\BuildLiteBehavior [ RunTime:0.000034s ]
INFO: [ app_init ] --END-- [ RunTime:0.002906s ]
ERR: 无法加载模块:Public

[ 2018-03-03T21:37:41+08:00 ] 127.0.0.1 /Public/Admin/js/index.js
INFO: [ app_init ] --START--
INFO: Run Behavior\BuildLiteBehavior [ RunTime:0.000025s ]
INFO: [ app_init ] --END-- [ RunTime:0.000638s ]
ERR: 无法加载模块:Public

[ 2018-03-03T21:37:41+08:00 ] 127.0.0.1 /Public/Admin/js/echart.js
INFO: [ app_init ] --START--
INFO: Run Behavior\BuildLiteBehavior [ RunTime:0.000036s ]
INFO: [ app_init ] --END-- [ RunTime:0.001140s ]
ERR: 无法加载模块:Public

[ 2018-03-03T21:40:22+08:00 ] 127.0.0.1 /Public/Admin/js/echart.js
INFO: [ app_init ] --START--
INFO: Run Behavior\BuildLiteBehavior [ RunTime:0.000025s ]
INFO: [ app_init ] --END-- [ RunTime:0.000698s ]
ERR: 无法加载模块:Public

[ 2018-03-03T21:40:22+08:00 ] 127.0.0.1 /Public/Admin/js/index.js
INFO: [ app_init ] --START--
INFO: Run Behavior\BuildLiteBehavior [ RunTime:0.000021s ]
INFO: [ app_init ] --END-- [ RunTime:0.000526s ]
ERR: 无法加载模块:Public

[ 2018-03-03T21:40:22+08:00 ] 127.0.0.1 /Public/Admin/js/echart.js
INFO: [ app_init ] --START--
INFO: Run Behavior\BuildLiteBehavior [ RunTime:0.000018s ]
INFO: [ app_init ] --END-- [ RunTime:0.000463s ]
ERR: 无法加载模块:Public

[ 2018-03-03T21:40:50+08:00 ] 127.0.0.1 /Public/Admin/js/index.js
INFO: [ app_init ] --START--
INFO: Run Behavior\BuildLiteBehavior [ RunTime:0.000032s ]
INFO: [ app_init ] --END-- [ RunTime:0.000750s ]
ERR: 无法加载模块:Public

[ 2018-03-03T21:40:50+08:00 ] 127.0.0.1 /Public/Admin/js/echart.js
INFO: [ app_init ] --START--
INFO: Run Behavior\BuildLiteBehavior [ RunTime:0.000035s ]
INFO: [ app_init ] --END-- [ RunTime:0.001482s ]
ERR: 无法加载模块:Public

[ 2018-03-03T21:40:50+08:00 ] 127.0.0.1 /Public/Admin/js/index.js
INFO: [ app_init ] --START--
INFO: Run Behavior\BuildLiteBehavior [ RunTime:0.000019s ]
INFO: [ app_init ] --END-- [ RunTime:0.000518s ]
ERR: 无法加载模块:Public

[ 2018-03-03T21:40:50+08:00 ] 127.0.0.1 /Public/Admin/js/echart.js
INFO: [ app_init ] --START--
INFO: Run Behavior\BuildLiteBehavior [ RunTime:0.000016s ]
INFO: [ app_init ] --END-- [ RunTime:0.000384s ]
ERR: 无法加载模块:Public

[ 2018-03-03T21:44:25+08:00 ] 127.0.0.1 /Public/Admin/js/index.js
INFO: [ app_init ] --START--
INFO: Run Behavior\BuildLiteBehavior [ RunTime:0.000029s ]
INFO: [ app_init ] --END-- [ RunTime:0.000673s ]
ERR: 无法加载模块:Public

[ 2018-03-03T21:44:25+08:00 ] 127.0.0.1 /Public/Admin/js/echart.js
INFO: [ app_init ] --START--
INFO: Run Behavior\BuildLiteBehavior [ RunTime:0.000030s ]
INFO: [ app_init ] --END-- [ RunTime:0.000820s ]
ERR: 无法加载模块:Public

[ 2018-03-03T21:44:25+08:00 ] 127.0.0.1 /Public/Admin/js/index.js
INFO: [ app_init ] --START--
INFO: Run Behavior\BuildLiteBehavior [ RunTime:0.000031s ]
INFO: [ app_init ] --END-- [ RunTime:0.000768s ]
ERR: 无法加载模块:Public

[ 2018-03-03T21:44:26+08:00 ] 127.0.0.1 /Public/Admin/js/echart.js
INFO: [ app_init ] --START--
INFO: Run Behavior\BuildLiteBehavior [ RunTime:0.000026s ]
INFO: [ app_init ] --END-- [ RunTime:0.000641s ]
ERR: 无法加载模块:Public

[ 2018-03-03T21:50:42+08:00 ] 127.0.0.1 /Public/Admin/js/echart.js
INFO: [ app_init ] --START--
INFO: Run Behavior\BuildLiteBehavior [ RunTime:0.000029s ]
INFO: [ app_init ] --END-- [ RunTime:0.000693s ]
ERR: 无法加载模块:Public

[ 2018-03-03T21:50:42+08:00 ] 127.0.0.1 /Public/Admin/js/index.js
INFO: [ app_init ] --START--
INFO: Run Behavior\BuildLiteBehavior [ RunTime:0.000026s ]
INFO: [ app_init ] --END-- [ RunTime:0.000819s ]
ERR: 无法加载模块:Public

[ 2018-03-03T21:50:42+08:00 ] 127.0.0.1 /Public/Admin/js/echart.js
INFO: [ app_init ] --START--
INFO: Run Behavior\BuildLiteBehavior [ RunTime:0.000032s ]
INFO: [ app_init ] --END-- [ RunTime:0.000807s ]
ERR: 无法加载模块:Public

[ 2018-03-03T21:52:40+08:00 ] 127.0.0.1 /Public/Admin/js/echart.js
INFO: [ app_init ] --START--
INFO: Run Behavior\BuildLiteBehavior [ RunTime:0.000031s ]
INFO: [ app_init ] --END-- [ RunTime:0.000745s ]
ERR: 无法加载模块:Public

[ 2018-03-03T21:52:40+08:00 ] 127.0.0.1 /Public/Admin/js/index.js
INFO: [ app_init ] --START--
INFO: Run Behavior\BuildLiteBehavior [ RunTime:0.000050s ]
INFO: [ app_init ] --END-- [ RunTime:0.001265s ]
ERR: 无法加载模块:Public

[ 2018-03-03T21:52:40+08:00 ] 127.0.0.1 /Public/Admin/js/echart.js
INFO: [ app_init ] --START--
INFO: Run Behavior\BuildLiteBehavior [ RunTime:0.000030s ]
INFO: [ app_init ] --END-- [ RunTime:0.000660s ]
ERR: 无法加载模块:Public

[ 2018-03-03T21:59:55+08:00 ] 127.0.0.1 /Public/Admin/js/index.js
INFO: [ app_init ] --START--
INFO: Run Behavior\BuildLiteBehavior [ RunTime:0.000032s ]
INFO: [ app_init ] --END-- [ RunTime:0.000775s ]
ERR: 无法加载模块:Public

[ 2018-03-03T21:59:55+08:00 ] 127.0.0.1 /Public/Admin/js/echart.js
INFO: [ app_init ] --START--
INFO: Run Behavior\BuildLiteBehavior [ RunTime:0.000029s ]
INFO: [ app_init ] --END-- [ RunTime:0.000983s ]
ERR: 无法加载模块:Public

[ 2018-03-03T21:59:55+08:00 ] 127.0.0.1 /Public/Admin/js/index.js
INFO: [ app_init ] --START--
INFO: Run Behavior\BuildLiteBehavior [ RunTime:0.000018s ]
INFO: [ app_init ] --END-- [ RunTime:0.000467s ]
ERR: 无法加载模块:Public

[ 2018-03-03T21:59:56+08:00 ] 127.0.0.1 /Public/Admin/js/echart.js
INFO: [ app_init ] --START--
INFO: Run Behavior\BuildLiteBehavior [ RunTime:0.000019s ]
INFO: [ app_init ] --END-- [ RunTime:0.000429s ]
ERR: 无法加载模块:Public

[ 2018-03-03T22:04:48+08:00 ] 127.0.0.1 /Public/Admin/js/index.js
INFO: [ app_init ] --START--
INFO: Run Behavior\BuildLiteBehavior [ RunTime:0.000029s ]
INFO: [ app_init ] --END-- [ RunTime:0.000681s ]
ERR: 无法加载模块:Public

[ 2018-03-03T22:04:48+08:00 ] 127.0.0.1 /Public/Admin/js/echart.js
INFO: [ app_init ] --START--
INFO: Run Behavior\BuildLiteBehavior [ RunTime:0.000029s ]
INFO: [ app_init ] --END-- [ RunTime:0.000885s ]
ERR: 无法加载模块:Public

[ 2018-03-03T22:04:48+08:00 ] 127.0.0.1 /Public/Admin/js/index.js
INFO: [ app_init ] --START--
INFO: Run Behavior\BuildLiteBehavior [ RunTime:0.000024s ]
INFO: [ app_init ] --END-- [ RunTime:0.000644s ]
ERR: 无法加载模块:Public

[ 2018-03-03T22:04:48+08:00 ] 127.0.0.1 /Public/Admin/js/echart.js
INFO: [ app_init ] --START--
INFO: Run Behavior\BuildLiteBehavior [ RunTime:0.000019s ]
INFO: [ app_init ] --END-- [ RunTime:0.000558s ]
ERR: 无法加载模块:Public

