[ 2018-03-24T15:10:27+08:00 ] 127.0.0.1 /favicon.ico
INFO: [ app_init ] --START--
INFO: Run Behavior\BuildLiteBehavior [ RunTime:0.000025s ]
INFO: [ app_init ] --END-- [ RunTime:0.010373s ]
ERR: 无法加载模块:Favicon

[ 2018-03-24T15:10:31+08:00 ] 127.0.0.1 /Public/Admin/js/index.js
INFO: [ app_init ] --START--
INFO: Run Behavior\BuildLiteBehavior [ RunTime:0.000031s ]
INFO: [ app_init ] --END-- [ RunTime:0.000940s ]
ERR: 无法加载模块:Public

[ 2018-03-24T15:10:31+08:00 ] 127.0.0.1 /Public/Admin/images/aiwrap.png
INFO: [ app_init ] --START--
INFO: Run Behavior\BuildLiteBehavior [ RunTime:0.000030s ]
INFO: [ app_init ] --END-- [ RunTime:0.001143s ]
ERR: 无法加载模块:Public

[ 2018-03-24T15:10:37+08:00 ] 127.0.0.1 /index.php/js/nv_8.js
INFO: [ app_init ] --START--
INFO: Run Behavior\BuildLiteBehavior [ RunTime:0.000028s ]
INFO: [ app_init ] --END-- [ RunTime:0.000950s ]
ERR: 无法加载模块:Js

[ 2018-03-24T15:10:37+08:00 ] 127.0.0.1 /index.php/js/nv_8.js
INFO: [ app_init ] --START--
INFO: Run Behavior\BuildLiteBehavior [ RunTime:0.000027s ]
INFO: [ app_init ] --END-- [ RunTime:0.000832s ]
ERR: 无法加载模块:Js

[ 2018-03-24T15:12:52+08:00 ] 127.0.0.1 /index.php/gerenziliao.html
INFO: [ app_init ] --START--
INFO: Run Behavior\BuildLiteBehavior [ RunTime:0.000072s ]
INFO: [ app_init ] --END-- [ RunTime:0.002470s ]
ERR: 无法加载模块:Gerenziliao

[ 2018-03-24T15:21:35+08:00 ] 127.0.0.1 /index.php/js/nv_8.js
INFO: [ app_init ] --START--
INFO: Run Behavior\BuildLiteBehavior [ RunTime:0.000034s ]
INFO: [ app_init ] --END-- [ RunTime:0.002935s ]
ERR: 无法加载模块:Js

[ 2018-03-24T15:21:36+08:00 ] 127.0.0.1 /index.php/js/nv_8.js
INFO: [ app_init ] --START--
INFO: Run Behavior\BuildLiteBehavior [ RunTime:0.000026s ]
INFO: [ app_init ] --END-- [ RunTime:0.000668s ]
ERR: 无法加载模块:Js

[ 2018-03-24T15:30:29+08:00 ] 127.0.0.1 /Public/Home/images/search_.png
INFO: [ app_init ] --START--
INFO: Run Behavior\BuildLiteBehavior [ RunTime:0.000027s ]
INFO: [ app_init ] --END-- [ RunTime:0.000747s ]
ERR: 无法加载模块:Public

[ 2018-03-24T16:11:18+08:00 ] 127.0.0.1 /favicon.ico
INFO: [ app_init ] --START--
INFO: Run Behavior\BuildLiteBehavior [ RunTime:0.000029s ]
INFO: [ app_init ] --END-- [ RunTime:0.001063s ]
ERR: 无法加载模块:Favicon

[ 2018-03-24T16:11:21+08:00 ] 127.0.0.1 /Public/Admin/js/index.js
INFO: [ app_init ] --START--
INFO: Run Behavior\BuildLiteBehavior [ RunTime:0.000026s ]
INFO: [ app_init ] --END-- [ RunTime:0.000716s ]
ERR: 无法加载模块:Public

[ 2018-03-24T16:11:21+08:00 ] 127.0.0.1 /Public/Admin/js/index.js
INFO: [ app_init ] --START--
INFO: Run Behavior\BuildLiteBehavior [ RunTime:0.000033s ]
INFO: [ app_init ] --END-- [ RunTime:0.001548s ]
ERR: 无法加载模块:Public

[ 2018-03-24T16:11:21+08:00 ] 127.0.0.1 /Public/Admin/images/aiwrap.png
INFO: [ app_init ] --START--
INFO: Run Behavior\BuildLiteBehavior [ RunTime:0.000029s ]
INFO: [ app_init ] --END-- [ RunTime:0.000757s ]
ERR: 无法加载模块:Public

[ 2018-03-24T16:11:38+08:00 ] 127.0.0.1 /Public/Admin/js/index.js
INFO: [ app_init ] --START--
INFO: Run Behavior\BuildLiteBehavior [ RunTime:0.000031s ]
INFO: [ app_init ] --END-- [ RunTime:0.000859s ]
ERR: 无法加载模块:Public

[ 2018-03-24T16:11:38+08:00 ] 127.0.0.1 /Public/Admin/images/aiwrap.png
INFO: [ app_init ] --START--
INFO: Run Behavior\BuildLiteBehavior [ RunTime:0.000031s ]
INFO: [ app_init ] --END-- [ RunTime:0.000766s ]
ERR: 无法加载模块:Public

[ 2018-03-24T16:44:14+08:00 ] 127.0.0.1 /Public/Home/picture/nophoto.gif
INFO: [ app_init ] --START--
INFO: Run Behavior\BuildLiteBehavior [ RunTime:0.000030s ]
INFO: [ app_init ] --END-- [ RunTime:0.000901s ]
ERR: 无法加载模块:Public

[ 2018-03-24T16:44:31+08:00 ] 127.0.0.1 /Public/Home/picture/nophoto.gif
INFO: [ app_init ] --START--
INFO: Run Behavior\BuildLiteBehavior [ RunTime:0.000035s ]
INFO: [ app_init ] --END-- [ RunTime:0.000880s ]
ERR: 无法加载模块:Public

[ 2018-03-24T16:44:35+08:00 ] 127.0.0.1 /Public/Home/picture/nophoto.gif
INFO: [ app_init ] --START--
INFO: Run Behavior\BuildLiteBehavior [ RunTime:0.000035s ]
INFO: [ app_init ] --END-- [ RunTime:0.000899s ]
ERR: 无法加载模块:Public

[ 2018-03-24T16:44:50+08:00 ] 127.0.0.1 /Public/Home/picture/nophoto.gif
INFO: [ app_init ] --START--
INFO: Run Behavior\BuildLiteBehavior [ RunTime:0.000029s ]
INFO: [ app_init ] --END-- [ RunTime:0.000705s ]
ERR: 无法加载模块:Public

[ 2018-03-24T16:45:23+08:00 ] 127.0.0.1 /Public/Home/picture/nophoto.gif
INFO: [ app_init ] --START--
INFO: Run Behavior\BuildLiteBehavior [ RunTime:0.000031s ]
INFO: [ app_init ] --END-- [ RunTime:0.000938s ]
ERR: 无法加载模块:Public

[ 2018-03-24T16:45:29+08:00 ] 127.0.0.1 /Public/Home/picture/nophoto.gif
INFO: [ app_init ] --START--
INFO: Run Behavior\BuildLiteBehavior [ RunTime:0.000033s ]
INFO: [ app_init ] --END-- [ RunTime:0.000834s ]
ERR: 无法加载模块:Public

[ 2018-03-24T16:45:39+08:00 ] 127.0.0.1 /Public/Home/picture/nophoto.gif
INFO: [ app_init ] --START--
INFO: Run Behavior\BuildLiteBehavior [ RunTime:0.000033s ]
INFO: [ app_init ] --END-- [ RunTime:0.000852s ]
ERR: 无法加载模块:Public

[ 2018-03-24T16:50:50+08:00 ] 127.0.0.1 /Public/Home/picture/nophoto.gif
INFO: [ app_init ] --START--
INFO: Run Behavior\BuildLiteBehavior [ RunTime:0.000034s ]
INFO: [ app_init ] --END-- [ RunTime:0.001065s ]
ERR: 无法加载模块:Public

[ 2018-03-24T16:50:56+08:00 ] 127.0.0.1 /Public/Home/picture/nophoto.gif
INFO: [ app_init ] --START--
INFO: Run Behavior\BuildLiteBehavior [ RunTime:0.000031s ]
INFO: [ app_init ] --END-- [ RunTime:0.000943s ]
ERR: 无法加载模块:Public

[ 2018-03-24T16:55:22+08:00 ] 127.0.0.1 /Public/Home/picture/nophoto.gif
INFO: [ app_init ] --START--
INFO: Run Behavior\BuildLiteBehavior [ RunTime:0.000034s ]
INFO: [ app_init ] --END-- [ RunTime:0.001325s ]
ERR: 无法加载模块:Public

[ 2018-03-24T16:55:58+08:00 ] 127.0.0.1 /Public/Home/picture/nophoto.gif
INFO: [ app_init ] --START--
INFO: Run Behavior\BuildLiteBehavior [ RunTime:0.000033s ]
INFO: [ app_init ] --END-- [ RunTime:0.001037s ]
ERR: 无法加载模块:Public

[ 2018-03-24T16:56:01+08:00 ] 127.0.0.1 /Public/Home/picture/nophoto.gif
INFO: [ app_init ] --START--
INFO: Run Behavior\BuildLiteBehavior [ RunTime:0.000032s ]
INFO: [ app_init ] --END-- [ RunTime:0.001453s ]
ERR: 无法加载模块:Public

[ 2018-03-24T16:56:06+08:00 ] 127.0.0.1 /Public/Home/picture/nophoto.gif
INFO: [ app_init ] --START--
INFO: Run Behavior\BuildLiteBehavior [ RunTime:0.000028s ]
INFO: [ app_init ] --END-- [ RunTime:0.000759s ]
ERR: 无法加载模块:Public

[ 2018-03-24T16:56:11+08:00 ] 127.0.0.1 /Public/Home/picture/nophoto.gif
INFO: [ app_init ] --START--
INFO: Run Behavior\BuildLiteBehavior [ RunTime:0.000035s ]
INFO: [ app_init ] --END-- [ RunTime:0.000942s ]
ERR: 无法加载模块:Public

[ 2018-03-24T16:56:44+08:00 ] 127.0.0.1 /Public/Home/picture/nophoto.gif
INFO: [ app_init ] --START--
INFO: Run Behavior\BuildLiteBehavior [ RunTime:0.000032s ]
INFO: [ app_init ] --END-- [ RunTime:0.000980s ]
ERR: 无法加载模块:Public

[ 2018-03-24T16:58:04+08:00 ] 127.0.0.1 /Public/Home/picture/nophoto.gif
INFO: [ app_init ] --START--
INFO: Run Behavior\BuildLiteBehavior [ RunTime:0.000035s ]
INFO: [ app_init ] --END-- [ RunTime:0.000846s ]
ERR: 无法加载模块:Public

[ 2018-03-24T16:59:39+08:00 ] 127.0.0.1 /Public/Home/picture/nophoto.gif
INFO: [ app_init ] --START--
INFO: Run Behavior\BuildLiteBehavior [ RunTime:0.000030s ]
INFO: [ app_init ] --END-- [ RunTime:0.000738s ]
ERR: 无法加载模块:Public

[ 2018-03-24T16:59:52+08:00 ] 127.0.0.1 /Public/Home/picture/nophoto.gif
INFO: [ app_init ] --START--
INFO: Run Behavior\BuildLiteBehavior [ RunTime:0.000031s ]
INFO: [ app_init ] --END-- [ RunTime:0.000993s ]
ERR: 无法加载模块:Public

[ 2018-03-24T17:00:05+08:00 ] 127.0.0.1 /Public/Home/picture/nophoto.gif
INFO: [ app_init ] --START--
INFO: Run Behavior\BuildLiteBehavior [ RunTime:0.000134s ]
INFO: [ app_init ] --END-- [ RunTime:0.001393s ]
ERR: 无法加载模块:Public

[ 2018-03-24T17:00:08+08:00 ] 127.0.0.1 /Public/Home/picture/nophoto.gif
INFO: [ app_init ] --START--
INFO: Run Behavior\BuildLiteBehavior [ RunTime:0.000029s ]
INFO: [ app_init ] --END-- [ RunTime:0.000751s ]
ERR: 无法加载模块:Public

[ 2018-03-24T17:00:10+08:00 ] 127.0.0.1 /Public/Home/picture/nophoto.gif
INFO: [ app_init ] --START--
INFO: Run Behavior\BuildLiteBehavior [ RunTime:0.000027s ]
INFO: [ app_init ] --END-- [ RunTime:0.000775s ]
ERR: 无法加载模块:Public

[ 2018-03-24T17:00:22+08:00 ] 127.0.0.1 /Public/Home/picture/nophoto.gif
INFO: [ app_init ] --START--
INFO: Run Behavior\BuildLiteBehavior [ RunTime:0.000028s ]
INFO: [ app_init ] --END-- [ RunTime:0.000689s ]
ERR: 无法加载模块:Public

[ 2018-03-24T17:00:52+08:00 ] 127.0.0.1 /Public/Home/picture/nophoto.gif
INFO: [ app_init ] --START--
INFO: Run Behavior\BuildLiteBehavior [ RunTime:0.000033s ]
INFO: [ app_init ] --END-- [ RunTime:0.000820s ]
ERR: 无法加载模块:Public

[ 2018-03-24T17:01:07+08:00 ] 127.0.0.1 /Public/Home/picture/nophoto.gif
INFO: [ app_init ] --START--
INFO: Run Behavior\BuildLiteBehavior [ RunTime:0.000031s ]
INFO: [ app_init ] --END-- [ RunTime:0.000856s ]
ERR: 无法加载模块:Public

[ 2018-03-24T17:01:36+08:00 ] 127.0.0.1 /Public/Home/picture/nophoto.gif
INFO: [ app_init ] --START--
INFO: Run Behavior\BuildLiteBehavior [ RunTime:0.000029s ]
INFO: [ app_init ] --END-- [ RunTime:0.000710s ]
ERR: 无法加载模块:Public

[ 2018-03-24T17:02:32+08:00 ] 127.0.0.1 /Public/Home/picture/nophoto.gif
INFO: [ app_init ] --START--
INFO: Run Behavior\BuildLiteBehavior [ RunTime:0.000028s ]
INFO: [ app_init ] --END-- [ RunTime:0.000792s ]
ERR: 无法加载模块:Public

[ 2018-03-24T17:02:36+08:00 ] 127.0.0.1 /Public/Home/picture/nophoto.gif
INFO: [ app_init ] --START--
INFO: Run Behavior\BuildLiteBehavior [ RunTime:0.000036s ]
INFO: [ app_init ] --END-- [ RunTime:0.000890s ]
ERR: 无法加载模块:Public

[ 2018-03-24T17:02:54+08:00 ] 127.0.0.1 /Public/Home/picture/nophoto.gif
INFO: [ app_init ] --START--
INFO: Run Behavior\BuildLiteBehavior [ RunTime:0.000031s ]
INFO: [ app_init ] --END-- [ RunTime:0.001411s ]
ERR: 无法加载模块:Public

[ 2018-03-24T17:03:35+08:00 ] 127.0.0.1 /Public/Home/picture/nophoto.gif
INFO: [ app_init ] --START--
INFO: Run Behavior\BuildLiteBehavior [ RunTime:0.000031s ]
INFO: [ app_init ] --END-- [ RunTime:0.001653s ]
ERR: 无法加载模块:Public

[ 2018-03-24T17:03:39+08:00 ] 127.0.0.1 /Public/Home/picture/nophoto.gif
INFO: [ app_init ] --START--
INFO: Run Behavior\BuildLiteBehavior [ RunTime:0.000028s ]
INFO: [ app_init ] --END-- [ RunTime:0.000752s ]
ERR: 无法加载模块:Public

[ 2018-03-24T17:04:28+08:00 ] 127.0.0.1 /Public/Home/picture/nophoto.gif
INFO: [ app_init ] --START--
INFO: Run Behavior\BuildLiteBehavior [ RunTime:0.000031s ]
INFO: [ app_init ] --END-- [ RunTime:0.000910s ]
ERR: 无法加载模块:Public

[ 2018-03-24T17:04:58+08:00 ] 127.0.0.1 /Public/Home/picture/nophoto.gif
INFO: [ app_init ] --START--
INFO: Run Behavior\BuildLiteBehavior [ RunTime:0.000031s ]
INFO: [ app_init ] --END-- [ RunTime:0.000870s ]
ERR: 无法加载模块:Public

[ 2018-03-24T17:08:14+08:00 ] 127.0.0.1 /Public/Home/picture/nophoto.gif
INFO: [ app_init ] --START--
INFO: Run Behavior\BuildLiteBehavior [ RunTime:0.000028s ]
INFO: [ app_init ] --END-- [ RunTime:0.000938s ]
ERR: 无法加载模块:Public

[ 2018-03-24T17:08:37+08:00 ] 127.0.0.1 /Public/Home/picture/nophoto.gif
INFO: [ app_init ] --START--
INFO: Run Behavior\BuildLiteBehavior [ RunTime:0.000036s ]
INFO: [ app_init ] --END-- [ RunTime:0.000832s ]
ERR: 无法加载模块:Public

[ 2018-03-24T17:23:19+08:00 ] 127.0.0.1 /Public/Home/picture/nophoto.gif
INFO: [ app_init ] --START--
INFO: Run Behavior\BuildLiteBehavior [ RunTime:0.000032s ]
INFO: [ app_init ] --END-- [ RunTime:0.000976s ]
ERR: 无法加载模块:Public

[ 2018-03-24T17:23:34+08:00 ] 127.0.0.1 /Public/Home/picture/nophoto.gif
INFO: [ app_init ] --START--
INFO: Run Behavior\BuildLiteBehavior [ RunTime:0.000037s ]
INFO: [ app_init ] --END-- [ RunTime:0.000995s ]
ERR: 无法加载模块:Public

[ 2018-03-24T17:24:05+08:00 ] 127.0.0.1 /Public/Home/picture/nophoto.gif
INFO: [ app_init ] --START--
INFO: Run Behavior\BuildLiteBehavior [ RunTime:0.000029s ]
INFO: [ app_init ] --END-- [ RunTime:0.000737s ]
ERR: 无法加载模块:Public

[ 2018-03-24T17:25:08+08:00 ] 127.0.0.1 /Public/Home/images/search_.png
INFO: [ app_init ] --START--
INFO: Run Behavior\BuildLiteBehavior [ RunTime:0.000025s ]
INFO: [ app_init ] --END-- [ RunTime:0.000816s ]
ERR: 无法加载模块:Public

[ 2018-03-24T17:25:12+08:00 ] 127.0.0.1 /Public/Home/picture/nophoto.gif
INFO: [ app_init ] --START--
INFO: Run Behavior\BuildLiteBehavior [ RunTime:0.000027s ]
INFO: [ app_init ] --END-- [ RunTime:0.000997s ]
ERR: 无法加载模块:Public

[ 2018-03-24T17:25:27+08:00 ] 127.0.0.1 /Public/Home/images/search_.png
INFO: [ app_init ] --START--
INFO: Run Behavior\BuildLiteBehavior [ RunTime:0.000025s ]
INFO: [ app_init ] --END-- [ RunTime:0.000786s ]
ERR: 无法加载模块:Public

[ 2018-03-24T17:26:43+08:00 ] 127.0.0.1 /Public/Home/picture/nophoto.gif
INFO: [ app_init ] --START--
INFO: Run Behavior\BuildLiteBehavior [ RunTime:0.000030s ]
INFO: [ app_init ] --END-- [ RunTime:0.000848s ]
ERR: 无法加载模块:Public

[ 2018-03-24T17:26:49+08:00 ] 127.0.0.1 /Public/Home/picture/nophoto.gif
INFO: [ app_init ] --START--
INFO: Run Behavior\BuildLiteBehavior [ RunTime:0.000034s ]
INFO: [ app_init ] --END-- [ RunTime:0.000817s ]
ERR: 无法加载模块:Public

[ 2018-03-24T17:26:55+08:00 ] 127.0.0.1 /Public/Home/picture/nophoto.gif
INFO: [ app_init ] --START--
INFO: Run Behavior\BuildLiteBehavior [ RunTime:0.000027s ]
INFO: [ app_init ] --END-- [ RunTime:0.000737s ]
ERR: 无法加载模块:Public

[ 2018-03-24T17:27:04+08:00 ] 127.0.0.1 /Public/Home/picture/nophoto.gif
INFO: [ app_init ] --START--
INFO: Run Behavior\BuildLiteBehavior [ RunTime:0.000203s ]
INFO: [ app_init ] --END-- [ RunTime:0.001529s ]
ERR: 无法加载模块:Public

[ 2018-03-24T17:33:40+08:00 ] 127.0.0.1 /Public/Home/picture/nophoto.gif
INFO: [ app_init ] --START--
INFO: Run Behavior\BuildLiteBehavior [ RunTime:0.000031s ]
INFO: [ app_init ] --END-- [ RunTime:0.001081s ]
ERR: 无法加载模块:Public

[ 2018-03-24T17:33:44+08:00 ] 127.0.0.1 /Public/Home/picture/fa24fd73b29d1abcfa2a22539074e045_6.jpg
INFO: [ app_init ] --START--
INFO: Run Behavior\BuildLiteBehavior [ RunTime:0.000030s ]
INFO: [ app_init ] --END-- [ RunTime:0.000785s ]
ERR: 无法加载模块:Public

[ 2018-03-24T17:33:44+08:00 ] 127.0.0.1 /Public/Home/images/shadow_villa.png
INFO: [ app_init ] --START--
INFO: Run Behavior\BuildLiteBehavior [ RunTime:0.000028s ]
INFO: [ app_init ] --END-- [ RunTime:0.000802s ]
ERR: 无法加载模块:Public

[ 2018-03-24T17:33:49+08:00 ] 127.0.0.1 /Public/Home/picture/fa24fd73b29d1abcfa2a22539074e045_6.jpg
INFO: [ app_init ] --START--
INFO: Run Behavior\BuildLiteBehavior [ RunTime:0.000028s ]
INFO: [ app_init ] --END-- [ RunTime:0.000900s ]
ERR: 无法加载模块:Public

[ 2018-03-24T17:33:49+08:00 ] 127.0.0.1 /Public/Home/images/shadow_villa.png
INFO: [ app_init ] --START--
INFO: Run Behavior\BuildLiteBehavior [ RunTime:0.000031s ]
INFO: [ app_init ] --END-- [ RunTime:0.001124s ]
ERR: 无法加载模块:Public

[ 2018-03-24T17:34:19+08:00 ] 127.0.0.1 /Public/Home/picture/fa24fd73b29d1abcfa2a22539074e045_6.jpg
INFO: [ app_init ] --START--
INFO: Run Behavior\BuildLiteBehavior [ RunTime:0.000027s ]
INFO: [ app_init ] --END-- [ RunTime:0.001149s ]
ERR: 无法加载模块:Public

[ 2018-03-24T17:34:19+08:00 ] 127.0.0.1 /Public/Home/images/shadow_villa.png
INFO: [ app_init ] --START--
INFO: Run Behavior\BuildLiteBehavior [ RunTime:0.000026s ]
INFO: [ app_init ] --END-- [ RunTime:0.000682s ]
ERR: 无法加载模块:Public

[ 2018-03-24T17:35:09+08:00 ] 127.0.0.1 /Public/Home/picture/fa24fd73b29d1abcfa2a22539074e045_6.jpg
INFO: [ app_init ] --START--
INFO: Run Behavior\BuildLiteBehavior [ RunTime:0.000026s ]
INFO: [ app_init ] --END-- [ RunTime:0.000643s ]
ERR: 无法加载模块:Public

[ 2018-03-24T17:35:10+08:00 ] 127.0.0.1 /Public/Home/images/shadow_villa.png
INFO: [ app_init ] --START--
INFO: Run Behavior\BuildLiteBehavior [ RunTime:0.000031s ]
INFO: [ app_init ] --END-- [ RunTime:0.001162s ]
ERR: 无法加载模块:Public

[ 2018-03-24T17:36:47+08:00 ] 127.0.0.1 /Public/Home/picture/nophoto.gif
INFO: [ app_init ] --START--
INFO: Run Behavior\BuildLiteBehavior [ RunTime:0.000026s ]
INFO: [ app_init ] --END-- [ RunTime:0.000652s ]
ERR: 无法加载模块:Public

[ 2018-03-24T17:36:50+08:00 ] 127.0.0.1 /Public/Home/picture/nophoto.gif
INFO: [ app_init ] --START--
INFO: Run Behavior\BuildLiteBehavior [ RunTime:0.000025s ]
INFO: [ app_init ] --END-- [ RunTime:0.000686s ]
ERR: 无法加载模块:Public

[ 2018-03-24T17:36:53+08:00 ] 127.0.0.1 /Public/Home/picture/nophoto.gif
INFO: [ app_init ] --START--
INFO: Run Behavior\BuildLiteBehavior [ RunTime:0.000029s ]
INFO: [ app_init ] --END-- [ RunTime:0.000767s ]
ERR: 无法加载模块:Public

[ 2018-03-24T17:36:55+08:00 ] 127.0.0.1 /Public/Home/picture/nophoto.gif
INFO: [ app_init ] --START--
INFO: Run Behavior\BuildLiteBehavior [ RunTime:0.000033s ]
INFO: [ app_init ] --END-- [ RunTime:0.000871s ]
ERR: 无法加载模块:Public

[ 2018-03-24T17:37:07+08:00 ] 127.0.0.1 /Public/Home/picture/fa24fd73b29d1abcfa2a22539074e045_6.jpg
INFO: [ app_init ] --START--
INFO: Run Behavior\BuildLiteBehavior [ RunTime:0.000033s ]
INFO: [ app_init ] --END-- [ RunTime:0.000738s ]
ERR: 无法加载模块:Public

[ 2018-03-24T17:37:07+08:00 ] 127.0.0.1 /Public/Home/images/shadow_villa.png
INFO: [ app_init ] --START--
INFO: Run Behavior\BuildLiteBehavior [ RunTime:0.000026s ]
INFO: [ app_init ] --END-- [ RunTime:0.000711s ]
ERR: 无法加载模块:Public

[ 2018-03-24T17:37:12+08:00 ] 127.0.0.1 /Public/Home/picture/nophoto.gif
INFO: [ app_init ] --START--
INFO: Run Behavior\BuildLiteBehavior [ RunTime:0.000055s ]
INFO: [ app_init ] --END-- [ RunTime:0.001409s ]
ERR: 无法加载模块:Public

[ 2018-03-24T17:37:14+08:00 ] 127.0.0.1 /Public/Home/picture/fa24fd73b29d1abcfa2a22539074e045_6.jpg
INFO: [ app_init ] --START--
INFO: Run Behavior\BuildLiteBehavior [ RunTime:0.000028s ]
INFO: [ app_init ] --END-- [ RunTime:0.000699s ]
ERR: 无法加载模块:Public

[ 2018-03-24T17:37:14+08:00 ] 127.0.0.1 /Public/Home/images/shadow_villa.png
INFO: [ app_init ] --START--
INFO: Run Behavior\BuildLiteBehavior [ RunTime:0.000026s ]
INFO: [ app_init ] --END-- [ RunTime:0.000678s ]
ERR: 无法加载模块:Public

[ 2018-03-24T17:39:25+08:00 ] 127.0.0.1 /Public/Home/picture/nophoto.gif
INFO: [ app_init ] --START--
INFO: Run Behavior\BuildLiteBehavior [ RunTime:0.000025s ]
INFO: [ app_init ] --END-- [ RunTime:0.000751s ]
ERR: 无法加载模块:Public

[ 2018-03-24T17:39:29+08:00 ] 127.0.0.1 /Public/Home/picture/fa24fd73b29d1abcfa2a22539074e045_6.jpg
INFO: [ app_init ] --START--
INFO: Run Behavior\BuildLiteBehavior [ RunTime:0.000036s ]
INFO: [ app_init ] --END-- [ RunTime:0.000877s ]
ERR: 无法加载模块:Public

[ 2018-03-24T17:39:29+08:00 ] 127.0.0.1 /Public/Home/images/shadow_villa.png
INFO: [ app_init ] --START--
INFO: Run Behavior\BuildLiteBehavior [ RunTime:0.000026s ]
INFO: [ app_init ] --END-- [ RunTime:0.000698s ]
ERR: 无法加载模块:Public

[ 2018-03-24T17:39:50+08:00 ] 127.0.0.1 /Public/Home/picture/fa24fd73b29d1abcfa2a22539074e045_6.jpg
INFO: [ app_init ] --START--
INFO: Run Behavior\BuildLiteBehavior [ RunTime:0.000030s ]
INFO: [ app_init ] --END-- [ RunTime:0.000998s ]
ERR: 无法加载模块:Public

[ 2018-03-24T17:39:50+08:00 ] 127.0.0.1 /Public/Home/images/shadow_villa.png
INFO: [ app_init ] --START--
INFO: Run Behavior\BuildLiteBehavior [ RunTime:0.000029s ]
INFO: [ app_init ] --END-- [ RunTime:0.000858s ]
ERR: 无法加载模块:Public

[ 2018-03-24T17:40:30+08:00 ] 127.0.0.1 /Public/Home/picture/fa24fd73b29d1abcfa2a22539074e045_6.jpg
INFO: [ app_init ] --START--
INFO: Run Behavior\BuildLiteBehavior [ RunTime:0.000025s ]
INFO: [ app_init ] --END-- [ RunTime:0.000713s ]
ERR: 无法加载模块:Public

[ 2018-03-24T17:40:31+08:00 ] 127.0.0.1 /Public/Home/images/shadow_villa.png
INFO: [ app_init ] --START--
INFO: Run Behavior\BuildLiteBehavior [ RunTime:0.000031s ]
INFO: [ app_init ] --END-- [ RunTime:0.000812s ]
ERR: 无法加载模块:Public

[ 2018-03-24T17:42:18+08:00 ] 127.0.0.1 /Public/Home/picture/fa24fd73b29d1abcfa2a22539074e045_6.jpg
INFO: [ app_init ] --START--
INFO: Run Behavior\BuildLiteBehavior [ RunTime:0.000034s ]
INFO: [ app_init ] --END-- [ RunTime:0.002852s ]
ERR: 无法加载模块:Public

[ 2018-03-24T17:42:18+08:00 ] 127.0.0.1 /Public/Home/images/shadow_villa.png
INFO: [ app_init ] --START--
INFO: Run Behavior\BuildLiteBehavior [ RunTime:0.000101s ]
INFO: [ app_init ] --END-- [ RunTime:0.002143s ]
ERR: 无法加载模块:Public

[ 2018-03-24T17:42:45+08:00 ] 127.0.0.1 /Public/Home/picture/fa24fd73b29d1abcfa2a22539074e045_6.jpg
INFO: [ app_init ] --START--
INFO: Run Behavior\BuildLiteBehavior [ RunTime:0.000026s ]
INFO: [ app_init ] --END-- [ RunTime:0.000795s ]
ERR: 无法加载模块:Public

[ 2018-03-24T17:42:46+08:00 ] 127.0.0.1 /Public/Home/images/shadow_villa.png
INFO: [ app_init ] --START--
INFO: Run Behavior\BuildLiteBehavior [ RunTime:0.000026s ]
INFO: [ app_init ] --END-- [ RunTime:0.000761s ]
ERR: 无法加载模块:Public

[ 2018-03-24T17:43:05+08:00 ] 127.0.0.1 /Public/Home/picture/fa24fd73b29d1abcfa2a22539074e045_6.jpg
INFO: [ app_init ] --START--
INFO: Run Behavior\BuildLiteBehavior [ RunTime:0.000036s ]
INFO: [ app_init ] --END-- [ RunTime:0.001178s ]
ERR: 无法加载模块:Public

[ 2018-03-24T17:43:06+08:00 ] 127.0.0.1 /Public/Home/images/shadow_villa.png
INFO: [ app_init ] --START--
INFO: Run Behavior\BuildLiteBehavior [ RunTime:0.000035s ]
INFO: [ app_init ] --END-- [ RunTime:0.001719s ]
ERR: 无法加载模块:Public

[ 2018-03-24T17:46:19+08:00 ] 127.0.0.1 /Public/Home/picture/fa24fd73b29d1abcfa2a22539074e045_6.jpg
INFO: [ app_init ] --START--
INFO: Run Behavior\BuildLiteBehavior [ RunTime:0.000057s ]
INFO: [ app_init ] --END-- [ RunTime:0.001201s ]
ERR: 无法加载模块:Public

[ 2018-03-24T17:46:19+08:00 ] 127.0.0.1 /Public/Home/images/shadow_villa.png
INFO: [ app_init ] --START--
INFO: Run Behavior\BuildLiteBehavior [ RunTime:0.000158s ]
INFO: [ app_init ] --END-- [ RunTime:0.001692s ]
ERR: 无法加载模块:Public

[ 2018-03-24T17:46:20+08:00 ] 127.0.0.1 /Public/Home//Public/Home/css/style_2_portal_list_7.css
INFO: [ app_init ] --START--
INFO: Run Behavior\BuildLiteBehavior [ RunTime:0.000029s ]
INFO: [ app_init ] --END-- [ RunTime:0.000701s ]
ERR: 无法加载模块:Public

[ 2018-03-24T17:46:20+08:00 ] 127.0.0.1 /Public/Home//Public/Home/css/style_2_common_7.css
INFO: [ app_init ] --START--
INFO: Run Behavior\BuildLiteBehavior [ RunTime:0.000028s ]
INFO: [ app_init ] --END-- [ RunTime:0.000849s ]
ERR: 无法加载模块:Public

[ 2018-03-24T17:46:20+08:00 ] 127.0.0.1 /Public/Home//Public/Home/css/animate.min_7.css
INFO: [ app_init ] --START--
INFO: Run Behavior\BuildLiteBehavior [ RunTime:0.000028s ]
INFO: [ app_init ] --END-- [ RunTime:0.000877s ]
ERR: 无法加载模块:Public

[ 2018-03-24T17:46:20+08:00 ] 127.0.0.1 /Public/Home/picture/327a6422fdf3b4290a6d4f2095f1abdf_6.jpg
INFO: [ app_init ] --START--
INFO: Run Behavior\BuildLiteBehavior [ RunTime:0.000060s ]
INFO: [ app_init ] --END-- [ RunTime:0.001632s ]
ERR: 无法加载模块:Public

[ 2018-03-24T17:46:21+08:00 ] 127.0.0.1 /Public/Home/picture/ddd1a8e299dfbc0605cb42c8d5ab1c39_7.jpg
INFO: [ app_init ] --START--
INFO: Run Behavior\BuildLiteBehavior [ RunTime:0.000027s ]
INFO: [ app_init ] --END-- [ RunTime:0.001132s ]
ERR: 无法加载模块:Public

[ 2018-03-24T17:46:21+08:00 ] 127.0.0.1 /Public/Home/picture/aa8aa40a569e0c2d5803a2e337037e04_6.jpg
INFO: [ app_init ] --START--
INFO: Run Behavior\BuildLiteBehavior [ RunTime:0.000030s ]
INFO: [ app_init ] --END-- [ RunTime:0.000868s ]
ERR: 无法加载模块:Public

[ 2018-03-24T17:46:21+08:00 ] 127.0.0.1 /Public/Home//Public/Home/css/style_2_portal_list_7.css
INFO: [ app_init ] --START--
INFO: Run Behavior\BuildLiteBehavior [ RunTime:0.000035s ]
INFO: [ app_init ] --END-- [ RunTime:0.000862s ]
ERR: 无法加载模块:Public

[ 2018-03-24T17:46:21+08:00 ] 127.0.0.1 /Public/Home//Public/Home/css/style_2_common_7.css
INFO: [ app_init ] --START--
INFO: Run Behavior\BuildLiteBehavior [ RunTime:0.000032s ]
INFO: [ app_init ] --END-- [ RunTime:0.000847s ]
ERR: 无法加载模块:Public

[ 2018-03-24T17:46:21+08:00 ] 127.0.0.1 /Public/Home//Public/Home/css/animate.min_7.css
INFO: [ app_init ] --START--
INFO: Run Behavior\BuildLiteBehavior [ RunTime:0.000025s ]
INFO: [ app_init ] --END-- [ RunTime:0.000640s ]
ERR: 无法加载模块:Public

[ 2018-03-24T17:46:40+08:00 ] 127.0.0.1 /Public/Home/picture/fa24fd73b29d1abcfa2a22539074e045_6.jpg
INFO: [ app_init ] --START--
INFO: Run Behavior\BuildLiteBehavior [ RunTime:0.000030s ]
INFO: [ app_init ] --END-- [ RunTime:0.000734s ]
ERR: 无法加载模块:Public

[ 2018-03-24T17:46:40+08:00 ] 127.0.0.1 /Public/Home/images/shadow_villa.png
INFO: [ app_init ] --START--
INFO: Run Behavior\BuildLiteBehavior [ RunTime:0.000032s ]
INFO: [ app_init ] --END-- [ RunTime:0.000931s ]
ERR: 无法加载模块:Public

[ 2018-03-24T17:46:42+08:00 ] 127.0.0.1 /Public/Home//Public/Home/css/style_2_portal_list_7.css
INFO: [ app_init ] --START--
INFO: Run Behavior\BuildLiteBehavior [ RunTime:0.000033s ]
INFO: [ app_init ] --END-- [ RunTime:0.000752s ]
ERR: 无法加载模块:Public

[ 2018-03-24T17:46:42+08:00 ] 127.0.0.1 /Public/Home//Public/Home/css/style_2_common_7.css
INFO: [ app_init ] --START--
INFO: Run Behavior\BuildLiteBehavior [ RunTime:0.000030s ]
INFO: [ app_init ] --END-- [ RunTime:0.000778s ]
ERR: 无法加载模块:Public

[ 2018-03-24T17:46:42+08:00 ] 127.0.0.1 /Public/Home//Public/Home/css/animate.min_7.css
INFO: [ app_init ] --START--
INFO: Run Behavior\BuildLiteBehavior [ RunTime:0.000030s ]
INFO: [ app_init ] --END-- [ RunTime:0.000795s ]
ERR: 无法加载模块:Public

[ 2018-03-24T17:46:42+08:00 ] 127.0.0.1 /Public/Home/picture/327a6422fdf3b4290a6d4f2095f1abdf_6.jpg
INFO: [ app_init ] --START--
INFO: Run Behavior\BuildLiteBehavior [ RunTime:0.000023s ]
INFO: [ app_init ] --END-- [ RunTime:0.000636s ]
ERR: 无法加载模块:Public

[ 2018-03-24T17:46:42+08:00 ] 127.0.0.1 /Public/Home/picture/ddd1a8e299dfbc0605cb42c8d5ab1c39_7.jpg
INFO: [ app_init ] --START--
INFO: Run Behavior\BuildLiteBehavior [ RunTime:0.000029s ]
INFO: [ app_init ] --END-- [ RunTime:0.000755s ]
ERR: 无法加载模块:Public

[ 2018-03-24T17:46:42+08:00 ] 127.0.0.1 /Public/Home/picture/aa8aa40a569e0c2d5803a2e337037e04_6.jpg
INFO: [ app_init ] --START--
INFO: Run Behavior\BuildLiteBehavior [ RunTime:0.000020s ]
INFO: [ app_init ] --END-- [ RunTime:0.000763s ]
ERR: 无法加载模块:Public

[ 2018-03-24T17:46:42+08:00 ] 127.0.0.1 /Public/Home//Public/Home/css/animate.min_7.css
INFO: [ app_init ] --START--
INFO: Run Behavior\BuildLiteBehavior [ RunTime:0.000025s ]
INFO: [ app_init ] --END-- [ RunTime:0.000661s ]
ERR: 无法加载模块:Public

[ 2018-03-24T17:46:45+08:00 ] 127.0.0.1 /Public/Home//Public/Home/css/style_2_common_7.css
INFO: [ app_init ] --START--
INFO: Run Behavior\BuildLiteBehavior [ RunTime:0.000026s ]
INFO: [ app_init ] --END-- [ RunTime:0.000674s ]
ERR: 无法加载模块:Public

[ 2018-03-24T17:46:45+08:00 ] 127.0.0.1 /Public/Home//Public/Home/css/animate.min_7.css
INFO: [ app_init ] --START--
INFO: Run Behavior\BuildLiteBehavior [ RunTime:0.000060s ]
INFO: [ app_init ] --END-- [ RunTime:0.000748s ]
ERR: 无法加载模块:Public

[ 2018-03-24T17:46:45+08:00 ] 127.0.0.1 /Public/Home//Public/Home/css/style_2_portal_list_7.css
INFO: [ app_init ] --START--
INFO: Run Behavior\BuildLiteBehavior [ RunTime:0.000025s ]
INFO: [ app_init ] --END-- [ RunTime:0.000969s ]
ERR: 无法加载模块:Public

[ 2018-03-24T17:46:45+08:00 ] 127.0.0.1 /Public/Home/picture/327a6422fdf3b4290a6d4f2095f1abdf_6.jpg
INFO: [ app_init ] --START--
INFO: Run Behavior\BuildLiteBehavior [ RunTime:0.000175s ]
INFO: [ app_init ] --END-- [ RunTime:0.000968s ]
ERR: 无法加载模块:Public

[ 2018-03-24T17:46:45+08:00 ] 127.0.0.1 /Public/Home/picture/aa8aa40a569e0c2d5803a2e337037e04_6.jpg
INFO: [ app_init ] --START--
INFO: Run Behavior\BuildLiteBehavior [ RunTime:0.000024s ]
INFO: [ app_init ] --END-- [ RunTime:0.000732s ]
ERR: 无法加载模块:Public

[ 2018-03-24T17:46:45+08:00 ] 127.0.0.1 /Public/Home//Public/Home/css/style_2_portal_list_7.css
INFO: [ app_init ] --START--
INFO: Run Behavior\BuildLiteBehavior [ RunTime:0.000033s ]
INFO: [ app_init ] --END-- [ RunTime:0.000789s ]
ERR: 无法加载模块:Public

[ 2018-03-24T17:46:45+08:00 ] 127.0.0.1 /Public/Home//Public/Home/css/style_2_common_7.css
INFO: [ app_init ] --START--
INFO: Run Behavior\BuildLiteBehavior [ RunTime:0.000028s ]
INFO: [ app_init ] --END-- [ RunTime:0.000704s ]
ERR: 无法加载模块:Public

[ 2018-03-24T17:46:45+08:00 ] 127.0.0.1 /Public/Home//Public/Home/css/animate.min_7.css
INFO: [ app_init ] --START--
INFO: Run Behavior\BuildLiteBehavior [ RunTime:0.000026s ]
INFO: [ app_init ] --END-- [ RunTime:0.000677s ]
ERR: 无法加载模块:Public

[ 2018-03-24T17:46:51+08:00 ] 127.0.0.1 /Public/Home//Public/Home/css/animate.min_7.css
INFO: [ app_init ] --START--
INFO: Run Behavior\BuildLiteBehavior [ RunTime:0.000031s ]
INFO: [ app_init ] --END-- [ RunTime:0.001365s ]
ERR: 无法加载模块:Public

[ 2018-03-24T17:46:51+08:00 ] 127.0.0.1 /Public/Home//Public/Home/css/style_2_common_7.css
INFO: [ app_init ] --START--
INFO: Run Behavior\BuildLiteBehavior [ RunTime:0.000100s ]
INFO: [ app_init ] --END-- [ RunTime:0.000811s ]
ERR: 无法加载模块:Public

[ 2018-03-24T17:50:18+08:00 ] 127.0.0.1 /Public/Home//Public/Home/css/style_2_common_7.css
INFO: [ app_init ] --START--
INFO: Run Behavior\BuildLiteBehavior [ RunTime:0.000029s ]
INFO: [ app_init ] --END-- [ RunTime:0.000730s ]
ERR: 无法加载模块:Public

[ 2018-03-24T17:50:18+08:00 ] 127.0.0.1 /Public/Home//Public/Home/css/style_2_portal_list_7.css
INFO: [ app_init ] --START--
INFO: Run Behavior\BuildLiteBehavior [ RunTime:0.000102s ]
INFO: [ app_init ] --END-- [ RunTime:0.001956s ]
ERR: 无法加载模块:Public

[ 2018-03-24T17:50:18+08:00 ] 127.0.0.1 /Public/Home//Public/Home/css/animate.min_7.css
INFO: [ app_init ] --START--
INFO: Run Behavior\BuildLiteBehavior [ RunTime:0.000029s ]
INFO: [ app_init ] --END-- [ RunTime:0.000867s ]
ERR: 无法加载模块:Public

[ 2018-03-24T17:50:18+08:00 ] 127.0.0.1 /Public/Home/picture/327a6422fdf3b4290a6d4f2095f1abdf_6.jpg
INFO: [ app_init ] --START--
INFO: Run Behavior\BuildLiteBehavior [ RunTime:0.000026s ]
INFO: [ app_init ] --END-- [ RunTime:0.000700s ]
ERR: 无法加载模块:Public

[ 2018-03-24T17:50:18+08:00 ] 127.0.0.1 /Public/Home/picture/ddd1a8e299dfbc0605cb42c8d5ab1c39_7.jpg
INFO: [ app_init ] --START--
INFO: Run Behavior\BuildLiteBehavior [ RunTime:0.000098s ]
INFO: [ app_init ] --END-- [ RunTime:0.001662s ]
ERR: 无法加载模块:Public

[ 2018-03-24T17:50:18+08:00 ] 127.0.0.1 /Public/Home/picture/aa8aa40a569e0c2d5803a2e337037e04_6.jpg
INFO: [ app_init ] --START--
INFO: Run Behavior\BuildLiteBehavior [ RunTime:0.000030s ]
INFO: [ app_init ] --END-- [ RunTime:0.000896s ]
ERR: 无法加载模块:Public

[ 2018-03-24T17:50:30+08:00 ] 127.0.0.1 /Public/Home//Public/Home/css/style_2_common_7.css
INFO: [ app_init ] --START--
INFO: Run Behavior\BuildLiteBehavior [ RunTime:0.000031s ]
INFO: [ app_init ] --END-- [ RunTime:0.000883s ]
ERR: 无法加载模块:Public

[ 2018-03-24T17:50:30+08:00 ] 127.0.0.1 /Public/Home//Public/Home/css/style_2_portal_list_7.css
INFO: [ app_init ] --START--
INFO: Run Behavior\BuildLiteBehavior [ RunTime:0.000027s ]
INFO: [ app_init ] --END-- [ RunTime:0.000645s ]
ERR: 无法加载模块:Public

[ 2018-03-24T17:50:30+08:00 ] 127.0.0.1 /Public/Home//Public/Home/css/animate.min_7.css
INFO: [ app_init ] --START--
INFO: Run Behavior\BuildLiteBehavior [ RunTime:0.000028s ]
INFO: [ app_init ] --END-- [ RunTime:0.000741s ]
ERR: 无法加载模块:Public

[ 2018-03-24T17:50:30+08:00 ] 127.0.0.1 /Public/Home/picture/327a6422fdf3b4290a6d4f2095f1abdf_6.jpg
INFO: [ app_init ] --START--
INFO: Run Behavior\BuildLiteBehavior [ RunTime:0.000033s ]
INFO: [ app_init ] --END-- [ RunTime:0.001477s ]
ERR: 无法加载模块:Public

[ 2018-03-24T17:50:30+08:00 ] 127.0.0.1 /Public/Home/picture/ddd1a8e299dfbc0605cb42c8d5ab1c39_7.jpg
INFO: [ app_init ] --START--
INFO: Run Behavior\BuildLiteBehavior [ RunTime:0.000031s ]
INFO: [ app_init ] --END-- [ RunTime:0.000730s ]
ERR: 无法加载模块:Public

[ 2018-03-24T17:50:30+08:00 ] 127.0.0.1 /Public/Home/picture/aa8aa40a569e0c2d5803a2e337037e04_6.jpg
INFO: [ app_init ] --START--
INFO: Run Behavior\BuildLiteBehavior [ RunTime:0.000059s ]
INFO: [ app_init ] --END-- [ RunTime:0.001071s ]
ERR: 无法加载模块:Public

[ 2018-03-24T17:51:38+08:00 ] 127.0.0.1 /Public/Home/picture/fa24fd73b29d1abcfa2a22539074e045_6.jpg
INFO: [ app_init ] --START--
INFO: Run Behavior\BuildLiteBehavior [ RunTime:0.000029s ]
INFO: [ app_init ] --END-- [ RunTime:0.000715s ]
ERR: 无法加载模块:Public

[ 2018-03-24T17:51:39+08:00 ] 127.0.0.1 /Public/Home/images/shadow_villa.png
INFO: [ app_init ] --START--
INFO: Run Behavior\BuildLiteBehavior [ RunTime:0.000028s ]
INFO: [ app_init ] --END-- [ RunTime:0.000834s ]
ERR: 无法加载模块:Public

[ 2018-03-24T17:51:41+08:00 ] 127.0.0.1 /Public/Home//Public/Home/css/style_2_portal_list_7.css
INFO: [ app_init ] --START--
INFO: Run Behavior\BuildLiteBehavior [ RunTime:0.000028s ]
INFO: [ app_init ] --END-- [ RunTime:0.000664s ]
ERR: 无法加载模块:Public

[ 2018-03-24T17:51:41+08:00 ] 127.0.0.1 /Public/Home//Public/Home/css/animate.min_7.css
INFO: [ app_init ] --START--
INFO: Run Behavior\BuildLiteBehavior [ RunTime:0.000032s ]
INFO: [ app_init ] --END-- [ RunTime:0.000820s ]
ERR: 无法加载模块:Public

[ 2018-03-24T17:51:41+08:00 ] 127.0.0.1 /Public/Home//Public/Home/css/style_2_common_7.css
INFO: [ app_init ] --START--
INFO: Run Behavior\BuildLiteBehavior [ RunTime:0.000083s ]
INFO: [ app_init ] --END-- [ RunTime:0.001893s ]
ERR: 无法加载模块:Public

[ 2018-03-24T17:51:41+08:00 ] 127.0.0.1 /Public/Home/picture/327a6422fdf3b4290a6d4f2095f1abdf_6.jpg
INFO: [ app_init ] --START--
INFO: Run Behavior\BuildLiteBehavior [ RunTime:0.000056s ]
INFO: [ app_init ] --END-- [ RunTime:0.001307s ]
ERR: 无法加载模块:Public

[ 2018-03-24T17:51:42+08:00 ] 127.0.0.1 /Public/Home/picture/ddd1a8e299dfbc0605cb42c8d5ab1c39_7.jpg
INFO: [ app_init ] --START--
INFO: Run Behavior\BuildLiteBehavior [ RunTime:0.000028s ]
INFO: [ app_init ] --END-- [ RunTime:0.000729s ]
ERR: 无法加载模块:Public

[ 2018-03-24T17:51:42+08:00 ] 127.0.0.1 /Public/Home/picture/aa8aa40a569e0c2d5803a2e337037e04_6.jpg
INFO: [ app_init ] --START--
INFO: Run Behavior\BuildLiteBehavior [ RunTime:0.000028s ]
INFO: [ app_init ] --END-- [ RunTime:0.000744s ]
ERR: 无法加载模块:Public

[ 2018-03-24T17:51:42+08:00 ] 127.0.0.1 /Public/Home//Public/Home/css/style_2_common_7.css
INFO: [ app_init ] --START--
INFO: Run Behavior\BuildLiteBehavior [ RunTime:0.000032s ]
INFO: [ app_init ] --END-- [ RunTime:0.000784s ]
ERR: 无法加载模块:Public

[ 2018-03-24T17:51:42+08:00 ] 127.0.0.1 /Public/Home//Public/Home/css/style_2_portal_list_7.css
INFO: [ app_init ] --START--
INFO: Run Behavior\BuildLiteBehavior [ RunTime:0.000032s ]
INFO: [ app_init ] --END-- [ RunTime:0.000878s ]
ERR: 无法加载模块:Public

[ 2018-03-24T17:51:42+08:00 ] 127.0.0.1 /Public/Home//Public/Home/css/animate.min_7.css
INFO: [ app_init ] --START--
INFO: Run Behavior\BuildLiteBehavior [ RunTime:0.000027s ]
INFO: [ app_init ] --END-- [ RunTime:0.000678s ]
ERR: 无法加载模块:Public

[ 2018-03-24T17:52:23+08:00 ] 127.0.0.1 /Public/Home//Public/Home/css/style_2_common_7.css
INFO: [ app_init ] --START--
INFO: Run Behavior\BuildLiteBehavior [ RunTime:0.000026s ]
INFO: [ app_init ] --END-- [ RunTime:0.000692s ]
ERR: 无法加载模块:Public

[ 2018-03-24T17:52:23+08:00 ] 127.0.0.1 /Public/Home//Public/Home/css/animate.min_7.css
INFO: [ app_init ] --START--
INFO: Run Behavior\BuildLiteBehavior [ RunTime:0.000029s ]
INFO: [ app_init ] --END-- [ RunTime:0.000998s ]
ERR: 无法加载模块:Public

[ 2018-03-24T17:52:23+08:00 ] 127.0.0.1 /Public/Home//Public/Home/css/style_2_portal_list_7.css
INFO: [ app_init ] --START--
INFO: Run Behavior\BuildLiteBehavior [ RunTime:0.000025s ]
INFO: [ app_init ] --END-- [ RunTime:0.000837s ]
ERR: 无法加载模块:Public

[ 2018-03-24T17:52:24+08:00 ] 127.0.0.1 /Public/Home/picture/327a6422fdf3b4290a6d4f2095f1abdf_6.jpg
INFO: [ app_init ] --START--
INFO: Run Behavior\BuildLiteBehavior [ RunTime:0.000031s ]
INFO: [ app_init ] --END-- [ RunTime:0.000780s ]
ERR: 无法加载模块:Public

[ 2018-03-24T17:52:24+08:00 ] 127.0.0.1 /Public/Home/picture/ddd1a8e299dfbc0605cb42c8d5ab1c39_7.jpg
INFO: [ app_init ] --START--
INFO: Run Behavior\BuildLiteBehavior [ RunTime:0.000027s ]
INFO: [ app_init ] --END-- [ RunTime:0.000659s ]
ERR: 无法加载模块:Public

[ 2018-03-24T17:52:24+08:00 ] 127.0.0.1 /Public/Home/picture/aa8aa40a569e0c2d5803a2e337037e04_6.jpg
INFO: [ app_init ] --START--
INFO: Run Behavior\BuildLiteBehavior [ RunTime:0.000038s ]
INFO: [ app_init ] --END-- [ RunTime:0.007963s ]
ERR: 无法加载模块:Public

[ 2018-03-24T17:52:24+08:00 ] 127.0.0.1 /Public/Home//Public/Home/css/style_2_portal_list_7.css
INFO: [ app_init ] --START--
INFO: Run Behavior\BuildLiteBehavior [ RunTime:0.000030s ]
INFO: [ app_init ] --END-- [ RunTime:0.000792s ]
ERR: 无法加载模块:Public

[ 2018-03-24T17:52:24+08:00 ] 127.0.0.1 /Public/Home//Public/Home/css/style_2_common_7.css
INFO: [ app_init ] --START--
INFO: Run Behavior\BuildLiteBehavior [ RunTime:0.000035s ]
INFO: [ app_init ] --END-- [ RunTime:0.001024s ]
ERR: 无法加载模块:Public

[ 2018-03-24T17:52:25+08:00 ] 127.0.0.1 /Public/Home//Public/Home/css/animate.min_7.css
INFO: [ app_init ] --START--
INFO: Run Behavior\BuildLiteBehavior [ RunTime:0.000026s ]
INFO: [ app_init ] --END-- [ RunTime:0.000666s ]
ERR: 无法加载模块:Public

[ 2018-03-24T17:52:32+08:00 ] 127.0.0.1 /Public/Home/picture/nophoto.gif
INFO: [ app_init ] --START--
INFO: Run Behavior\BuildLiteBehavior [ RunTime:0.000027s ]
INFO: [ app_init ] --END-- [ RunTime:0.000880s ]
ERR: 无法加载模块:Public

[ 2018-03-24T17:53:56+08:00 ] 127.0.0.1 /Public/Home//Public/Home/css/animate.min_7.css
INFO: [ app_init ] --START--
INFO: Run Behavior\BuildLiteBehavior [ RunTime:0.000025s ]
INFO: [ app_init ] --END-- [ RunTime:0.000691s ]
ERR: 无法加载模块:Public

blic

[ 2018-03-24T17:53:56+08:00 ] 127.0.0.1 /Public/Home//Public/Home/css/style_2_common_7.css
INFO: [ app_init ] --START--
INFO: Run Behavior\BuildLiteBehavior [ RunTime:0.000030s ]
INFO: [ app_init ] --END-- [ RunTime:0.000792s ]
ERR: 无法加载模块:Public

[ 2018-03-24T17:53:56+08:00 ] 127.0.0.1 /Public/Home/picture/327a6422fdf3b4290a6d4f2095f1abdf_6.jpg
INFO: [ app_init ] --START--
INFO: Run Behavior\BuildLiteBehavior [ RunTime:0.000031s ]
INFO: [ app_init ] --END-- [ RunTime:0.000769s ]
ERR: 无法加载模块:Public

[ 2018-03-24T17:53:56+08:00 ] 127.0.0.1 /Public/Home/picture/ddd1a8e299dfbc0605cb42c8d5ab1c39_7.jpg
INFO: [ app_init ] --START--
INFO: Run Behavior\BuildLiteBehavior [ RunTime:0.000028s ]
INFO: [ app_init ] --END-- [ RunTime:0.000679s ]
ERR: 无法加载模块:Public

[ 2018-03-24T17:53:56+08:00 ] 127.0.0.1 /Public/Home/picture/aa8aa40a569e0c2d5803a2e337037e04_6.jpg
INFO: [ app_init ] --START--
INFO: Run Behavior\BuildLiteBehavior [ RunTime:0.000029s ]
INFO: [ app_init ] --END-- [ RunTime:0.000730s ]
ERR: 无法加载模块:Public

[ 2018-03-24T17:53:56+08:00 ] 127.0.0.1 /Public/Home//Public/Home/css/style_2_portal_list_7.css
INFO: [ app_init ] --START--
INFO: Run Behavior\BuildLiteBehavior [ RunTime:0.000028s ]
INFO: [ app_init ] --END-- [ RunTime:0.000684s ]
ERR: 无法加载模块:Public

[ 2018-03-24T17:53:56+08:00 ] 127.0.0.1 /Public/Home//Public/Home/css/style_2_common_7.css
INFO: [ app_init ] --START--
INFO: Run Behavior\BuildLiteBehavior [ RunTime:0.000029s ]
INFO: [ app_init ] --END-- [ RunTime:0.000678s ]
ERR: 无法加载模块:Public

[ 2018-03-24T17:53:56+08:00 ] 127.0.0.1 /Public/Home//Public/Home/css/animate.min_7.css
INFO: [ app_init ] --START--
INFO: Run Behavior\BuildLiteBehavior [ RunTime:0.000034s ]
INFO: [ app_init ] --END-- [ RunTime:0.000903s ]
ERR: 无法加载模块:Public

[ 2018-03-24T17:56:32+08:00 ] 127.0.0.1 /Public/Home/picture/093840uhdaa7hqxdbqddvv.jpg.thumb_5.jpg
INFO: [ app_init ] --START--
INFO: Run Behavior\BuildLiteBehavior [ RunTime:0.000029s ]
INFO: [ app_init ] --END-- [ RunTime:0.001309s ]
ERR: 无法加载模块:Public

[ 2018-03-24T17:59:34+08:00 ] 127.0.0.1 /Public/Home/picture/093840uhdaa7hqxdbqddvv.jpg.thumb_5.jpg
INFO: [ app_init ] --START--
INFO: Run Behavior\BuildLiteBehavior [ RunTime:0.000032s ]
INFO: [ app_init ] --END-- [ RunTime:0.000802s ]
ERR: 无法加载模块:Public

[ 2018-03-24T18:01:57+08:00 ] 127.0.0.1 /Public/Home/picture/093840uhdaa7hqxdbqddvv.jpg.thumb_5.jpg
INFO: [ app_init ] --START--
INFO: Run Behavior\BuildLiteBehavior [ RunTime:0.000029s ]
INFO: [ app_init ] --END-- [ RunTime:0.000925s ]
ERR: 无法加载模块:Public

[ 2018-03-24T18:03:44+08:00 ] 127.0.0.1 /Public/Home/picture/093840uhdaa7hqxdbqddvv.jpg.thumb_5.jpg
INFO: [ app_init ] --START--
INFO: Run Behavior\BuildLiteBehavior [ RunTime:0.000027s ]
INFO: [ app_init ] --END-- [ RunTime:0.000790s ]
ERR: 无法加载模块:Public

[ 2018-03-24T18:05:38+08:00 ] 127.0.0.1 /Public/Home/picture/093840uhdaa7hqxdbqddvv.jpg.thumb_5.jpg
INFO: [ app_init ] --START--
INFO: Run Behavior\BuildLiteBehavior [ RunTime:0.000035s ]
INFO: [ app_init ] --END-- [ RunTime:0.001135s ]
ERR: 无法加载模块:Public

[ 2018-03-24T18:06:46+08:00 ] 127.0.0.1 /Public/Home/picture/093840uhdaa7hqxdbqddvv.jpg.thumb_5.jpg
INFO: [ app_init ] --START--
INFO: Run Behavior\BuildLiteBehavior [ RunTime:0.000041s ]
INFO: [ app_init ] --END-- [ RunTime:0.000964s ]
ERR: 无法加载模块:Public

[ 2018-03-24T18:06:49+08:00 ] 127.0.0.1 /Public/Home//Public/Home/css/style_2_common_7.css
INFO: [ app_init ] --START--
INFO: Run Behavior\BuildLiteBehavior [ RunTime:0.000072s ]
INFO: [ app_init ] --END-- [ RunTime:0.001638s ]
ERR: 无法加载模块:Public

[ 2018-03-24T18:06:49+08:00 ] 127.0.0.1 /Public/Home//Public/Home/css/animate.min_7.css
INFO: [ app_init ] --START--
INFO: Run Behavior\BuildLiteBehavior [ RunTime:0.000028s ]
INFO: [ app_init ] --END-- [ RunTime:0.000762s ]
ERR: 无法加载模块:Public

[ 2018-03-24T18:06:49+08:00 ] 127.0.0.1 /Public/Home//Public/Home/css/style_2_portal_list_7.css
INFO: [ app_init ] --START--
INFO: Run Behavior\BuildLiteBehavior [ RunTime:0.000048s ]
INFO: [ app_init ] --END-- [ RunTime:0.001084s ]
ERR: 无法加载模块:Public

[ 2018-03-24T18:06:49+08:00 ] 127.0.0.1 /Public/Home/picture/327a6422fdf3b4290a6d4f2095f1abdf_6.jpg
INFO: [ app_init ] --START--
INFO: Run Behavior\BuildLiteBehavior [ RunTime:0.000028s ]
INFO: [ app_init ] --END-- [ RunTime:0.000704s ]
ERR: 无法加载模块:Public

[ 2018-03-24T18:06:49+08:00 ] 127.0.0.1 /Public/Home//Public/Home/css/animate.min_7.css
INFO: [ app_init ] --START--
INFO: Run Behavior\BuildLiteBehavior [ RunTime:0.000032s ]
INFO: [ app_init ] --END-- [ RunTime:0.000727s ]
ERR: 无法加载模块:Public

[ 2018-03-24T18:06:49+08:00 ] 127.0.0.1 /Public/Home/picture/ddd1a8e299dfbc0605cb42c8d5ab1c39_7.jpg
INFO: [ app_init ] --START--
INFO: Run Behavior\BuildLiteBehavior [ RunTime:0.000028s ]
INFO: [ app_init ] --END-- [ RunTime:0.000693s ]
ERR: 无法加载模块:Public

[ 2018-03-24T18:06:49+08:00 ] 127.0.0.1 /Public/Home/picture/aa8aa40a569e0c2d5803a2e337037e04_6.jpg
INFO: [ app_init ] --START--
INFO: Run Behavior\BuildLiteBehavior [ RunTime:0.000034s ]
INFO: [ app_init ] --END-- [ RunTime:0.001142s ]
ERR: 无法加载模块:Public

[ 2018-03-24T18:06:49+08:00 ] 127.0.0.1 /Public/Home/picture/fa24fd73b29d1abcfa2a22539074e045_6.jpg
INFO: [ app_init ] --START--
INFO: Run Behavior\BuildLiteBehavior [ RunTime:0.000045s ]
INFO: [ app_init ] --END-- [ RunTime:0.000842s ]
ERR: 无法加载模块:Public

[ 2018-03-24T18:06:50+08:00 ] 127.0.0.1 /Public/Home/images/shadow_villa.png
INFO: [ app_init ] --START--
INFO: Run Behavior\BuildLiteBehavior [ RunTime:0.000035s ]
INFO: [ app_init ] --END-- [ RunTime:0.002276s ]
ERR: 无法加载模块:Public

[ 2018-03-24T18:06:50+08:00 ] 127.0.0.1 /Public/Home/picture/nophoto.gif
INFO: [ app_init ] --START--
INFO: Run Behavior\BuildLiteBehavior [ RunTime:0.000053s ]
INFO: [ app_init ] --END-- [ RunTime:0.000863s ]
ERR: 无法加载模块:Public

[ 2018-03-24T18:07:07+08:00 ] 127.0.0.1 /Public/Home/picture/nophoto.gif
INFO: [ app_init ] --START--
INFO: Run Behavior\BuildLiteBehavior [ RunTime:0.000034s ]
INFO: [ app_init ] --END-- [ RunTime:0.000861s ]
ERR: 无法加载模块:Public

[ 2018-03-24T18:09:30+08:00 ] 127.0.0.1 /Public/Home/picture/fa24fd73b29d1abcfa2a22539074e045_6.jpg
INFO: [ app_init ] --START--
INFO: Run Behavior\BuildLiteBehavior [ RunTime:0.000028s ]
INFO: [ app_init ] --END-- [ RunTime:0.000745s ]
ERR: 无法加载模块:Public

[ 2018-03-24T18:09:30+08:00 ] 127.0.0.1 /Public/Home/images/shadow_villa.png
INFO: [ app_init ] --START--
INFO: Run Behavior\BuildLiteBehavior [ RunTime:0.000020s ]
INFO: [ app_init ] --END-- [ RunTime:0.000485s ]
ERR: 无法加载模块:Public

[ 2018-03-24T18:09:31+08:00 ] 127.0.0.1 /Public/Home//Public/Home/css/style_2_common_7.css
INFO: [ app_init ] --START--
INFO: Run Behavior\BuildLiteBehavior [ RunTime:0.000024s ]
INFO: [ app_init ] --END-- [ RunTime:0.000605s ]
ERR: 无法加载模块:Public

[ 2018-03-24T18:09:31+08:00 ] 127.0.0.1 /Public/Home//Public/Home/css/animate.min_7.css
INFO: [ app_init ] --START--
INFO: Run Behavior\BuildLiteBehavior [ RunTime:0.000026s ]
INFO: [ app_init ] --END-- [ RunTime:0.000958s ]
ERR: 无法加载模块:Public

[ 2018-03-24T18:09:31+08:00 ] 127.0.0.1 /Public/Home//Public/Home/css/style_2_portal_list_7.css
INFO: [ app_init ] --START--
INFO: Run Behavior\BuildLiteBehavior [ RunTime:0.000028s ]
INFO: [ app_init ] --END-- [ RunTime:0.000830s ]
ERR: 无法加载模块:Public

[ 2018-03-24T18:09:31+08:00 ] 127.0.0.1 /Public/Home/picture/327a6422fdf3b4290a6d4f2095f1abdf_6.jpg
INFO: [ app_init ] --START--
INFO: Run Behavior\BuildLiteBehavior [ RunTime:0.000030s ]
INFO: [ app_init ] --END-- [ RunTime:0.000745s ]
ERR: 无法加载模块:Public

[ 2018-03-24T18:09:31+08:00 ] 127.0.0.1 /Public/Home/picture/ddd1a8e299dfbc0605cb42c8d5ab1c39_7.jpg
INFO: [ app_init ] --START--
INFO: Run Behavior\BuildLiteBehavior [ RunTime:0.000029s ]
INFO: [ app_init ] --END-- [ RunTime:0.000731s ]
ERR: 无法加载模块:Public

[ 2018-03-24T18:09:31+08:00 ] 127.0.0.1 /Public/Home/picture/aa8aa40a569e0c2d5803a2e337037e04_6.jpg
INFO: [ app_init ] --START--
INFO: Run Behavior\BuildLiteBehavior [ RunTime:0.000034s ]
INFO: [ app_init ] --END-- [ RunTime:0.001605s ]
ERR: 无法加载模块:Public

[ 2018-03-24T18:09:31+08:00 ] 127.0.0.1 /Public/Home//Public/Home/css/animate.min_7.css
INFO: [ app_init ] --START--
INFO: Run Behavior\BuildLiteBehavior [ RunTime:0.000031s ]
INFO: [ app_init ] --END-- [ RunTime:0.001193s ]
ERR: 无法加载模块:Public

[ 2018-03-24T18:09:33+08:00 ] 127.0.0.1 /Public/Home//Public/Home/css/style_2_portal_list_7.css
INFO: [ app_init ] --START--
INFO: Run Behavior\BuildLiteBehavior [ RunTime:0.000031s ]
INFO: [ app_init ] --END-- [ RunTime:0.000734s ]
ERR: 无法加载模块:Public

[ 2018-03-24T18:09:33+08:00 ] 127.0.0.1 /Public/Home//Public/Home/css/style_2_common_7.css
INFO: [ app_init ] --START--
INFO: Run Behavior\BuildLiteBehavior [ RunTime:0.000026s ]
INFO: [ app_init ] --END-- [ RunTime:0.000694s ]
ERR: 无法加载模块:Public

[ 2018-03-24T18:09:33+08:00 ] 127.0.0.1 /Public/Home//Public/Home/css/animate.min_7.css
INFO: [ app_init ] --START--
INFO: Run Behavior\BuildLiteBehavior [ RunTime:0.000027s ]
INFO: [ app_init ] --END-- [ RunTime:0.000685s ]
ERR: 无法加载模块:Public

[ 2018-03-24T18:09:34+08:00 ] 127.0.0.1 /Public/Home/picture/327a6422fdf3b4290a6d4f2095f1abdf_6.jpg
INFO: [ app_init ] --START--
INFO: Run Behavior\BuildLiteBehavior [ RunTime:0.000029s ]
INFO: [ app_init ] --END-- [ RunTime:0.000775s ]
ERR: 无法加载模块:Public

[ 2018-03-24T18:09:34+08:00 ] 127.0.0.1 /Public/Home/picture/ddd1a8e299dfbc0605cb42c8d5ab1c39_7.jpg
INFO: [ app_init ] --START--
INFO: Run Behavior\BuildLiteBehavior [ RunTime:0.000032s ]
INFO: [ app_init ] --END-- [ RunTime:0.000695s ]
ERR: 无法加载模块:Public

[ 2018-03-24T18:09:34+08:00 ] 127.0.0.1 /Public/Home/picture/aa8aa40a569e0c2d5803a2e337037e04_6.jpg
INFO: [ app_init ] --START--
INFO: Run Behavior\BuildLiteBehavior [ RunTime:0.000028s ]
INFO: [ app_init ] --END-- [ RunTime:0.000721s ]
ERR: 无法加载模块:Public

[ 2018-03-24T18:09:34+08:00 ] 127.0.0.1 /Public/Home//Public/Home/css/style_2_portal_list_7.css
INFO: [ app_init ] --START--
INFO: Run Behavior\BuildLiteBehavior [ RunTime:0.000032s ]
INFO: [ app_init ] --END-- [ RunTime:0.000732s ]
ERR: 无法加载模块:Public

[ 2018-03-24T18:09:34+08:00 ] 127.0.0.1 /Public/Home//Public/Home/css/style_2_common_7.css
INFO: [ app_init ] --START--
INFO: Run Behavior\BuildLiteBehavior [ RunTime:0.000032s ]
INFO: [ app_init ] --END-- [ RunTime:0.001299s ]
ERR: 无法加载模块:Public

[ 2018-03-24T18:09:34+08:00 ] 127.0.0.1 /Public/Home//Public/Home/css/animate.min_7.css
INFO: [ app_init ] --START--
INFO: Run Behavior\BuildLiteBehavior [ RunTime:0.000029s ]
INFO: [ app_init ] --END-- [ RunTime:0.000772s ]
ERR: 无法加载模块:Public

[ 2018-03-24T18:09:36+08:00 ] 127.0.0.1 /Public/Home/picture/fa24fd73b29d1abcfa2a22539074e045_6.jpg
INFO: [ app_init ] --START--
INFO: Run Behavior\BuildLiteBehavior [ RunTime:0.000032s ]
INFO: [ app_init ] --END-- [ RunTime:0.000786s ]
ERR: 无法加载模块:Public

[ 2018-03-24T18:09:36+08:00 ] 127.0.0.1 /Public/Home/images/shadow_villa.png
INFO: [ app_init ] --START--
INFO: Run Behavior\BuildLiteBehavior [ RunTime:0.000030s ]
INFO: [ app_init ] --END-- [ RunTime:0.000784s ]
ERR: 无法加载模块:Public

[ 2018-03-24T18:10:01+08:00 ] 127.0.0.1 /Public/Home/picture/fa24fd73b29d1abcfa2a22539074e045_6.jpg
INFO: [ app_init ] --START--
INFO: Run Behavior\BuildLiteBehavior [ RunTime:0.000033s ]
INFO: [ app_init ] --END-- [ RunTime:0.000897s ]
ERR: 无法加载模块:Public

[ 2018-03-24T18:10:01+08:00 ] 127.0.0.1 /Public/Home/images/shadow_villa.png
INFO: [ app_init ] --START--
INFO: Run Behavior\BuildLiteBehavior [ RunTime:0.000032s ]
INFO: [ app_init ] --END-- [ RunTime:0.001421s ]
ERR: 无法加载模块:Public

[ 2018-03-24T18:10:39+08:00 ] 127.0.0.1 /Public/Home//Public/Home/css/style_2_common_7.css
INFO: [ app_init ] --START--
INFO: Run Behavior\BuildLiteBehavior [ RunTime:0.000029s ]
INFO: [ app_init ] --END-- [ RunTime:0.021481s ]
ERR: 无法加载模块:Public

[ 2018-03-24T18:10:39+08:00 ] 127.0.0.1 /Public/Home//Public/Home/css/animate.min_7.css
INFO: [ app_init ] --START--
INFO: Run Behavior\BuildLiteBehavior [ RunTime:0.000031s ]
INFO: [ app_init ] --END-- [ RunTime:0.000959s ]
ERR: 无法加载模块:Public

[ 2018-03-24T18:10:39+08:00 ] 127.0.0.1 /Public/Home//Public/Home/css/style_2_portal_list_7.css
INFO: [ app_init ] --START--
INFO: Run Behavior\BuildLiteBehavior [ RunTime:0.000031s ]
INFO: [ app_init ] --END-- [ RunTime:0.005494s ]
ERR: 无法加载模块:Public

[ 2018-03-24T18:10:39+08:00 ] 127.0.0.1 /Public/Home/picture/327a6422fdf3b4290a6d4f2095f1abdf_6.jpg
INFO: [ app_init ] --START--
INFO: Run Behavior\BuildLiteBehavior [ RunTime:0.000034s ]
INFO: [ app_init ] --END-- [ RunTime:0.007196s ]
ERR: 无法加载模块:Public

[ 2018-03-24T18:10:40+08:00 ] 127.0.0.1 /Public/Home/picture/ddd1a8e299dfbc0605cb42c8d5ab1c39_7.jpg
INFO: [ app_init ] --START--
INFO: Run Behavior\BuildLiteBehavior [ RunTime:0.000030s ]
INFO: [ app_init ] --END-- [ RunTime:0.000740s ]
ERR: 无法加载模块:Public

[ 2018-03-24T18:10:40+08:00 ] 127.0.0.1 /Public/Home//Public/Home/css/style_2_common_7.css
INFO: [ app_init ] --START--
INFO: Run Behavior\BuildLiteBehavior [ RunTime:0.000029s ]
INFO: [ app_init ] --END-- [ RunTime:0.000744s ]
ERR: 无法加载模块:Public

[ 2018-03-24T18:10:40+08:00 ] 127.0.0.1 /Public/Home//Public/Home/css/style_2_portal_list_7.css
INFO: [ app_init ] --START--
INFO: Run Behavior\BuildLiteBehavior [ RunTime:0.000027s ]
INFO: [ app_init ] --END-- [ RunTime:0.011085s ]
ERR: 无法加载模块:Public

[ 2018-03-24T18:10:40+08:00 ] 127.0.0.1 /Public/Home/picture/aa8aa40a569e0c2d5803a2e337037e04_6.jpg
INFO: [ app_init ] --START--
INFO: Run Behavior\BuildLiteBehavior [ RunTime:0.000041s ]
INFO: [ app_init ] --END-- [ RunTime:0.002406s ]
ERR: 无法加载模块:Public

[ 2018-03-24T18:10:40+08:00 ] 127.0.0.1 /Public/Home//Public/Home/css/animate.min_7.css
INFO: [ app_init ] --START--
INFO: Run Behavior\BuildLiteBehavior [ RunTime:0.000025s ]
INFO: [ app_init ] --END-- [ RunTime:0.000717s ]
ERR: 无法加载模块:Public

[ 2018-03-24T18:11:50+08:00 ] 127.0.0.1 /Public/Home/picture/fa24fd73b29d1abcfa2a22539074e045_6.jpg
INFO: [ app_init ] --START--
INFO: Run Behavior\BuildLiteBehavior [ RunTime:0.000035s ]
INFO: [ app_init ] --END-- [ RunTime:0.000910s ]
ERR: 无法加载模块:Public

[ 2018-03-24T18:11:51+08:00 ] 127.0.0.1 /Public/Home/images/shadow_villa.png
INFO: [ app_init ] --START--
INFO: Run Behavior\BuildLiteBehavior [ RunTime:0.000073s ]
INFO: [ app_init ] --END-- [ RunTime:0.001598s ]
ERR: 无法加载模块:Public

[ 2018-03-24T18:12:41+08:00 ] 127.0.0.1 /Public/Home//Public/Home/css/animate.min_7.css
INFO: [ app_init ] --START--
INFO: Run Behavior\BuildLiteBehavior [ RunTime:0.000264s ]
INFO: [ app_init ] --END-- [ RunTime:0.001076s ]
ERR: 无法加载模块:Public

[ 2018-03-24T18:12:41+08:00 ] 127.0.0.1 /Public/Home//Public/Home/css/style_2_common_7.css
INFO: [ app_init ] --START--
INFO: Run Behavior\BuildLiteBehavior [ RunTime:0.000029s ]
INFO: [ app_init ] --END-- [ RunTime:0.000925s ]
ERR: 无法加载模块:Public

[ 2018-03-24T18:12:41+08:00 ] 127.0.0.1 /Public/Home//Public/Home/css/style_2_portal_list_7.css
INFO: [ app_init ] --START--
INFO: Run Behavior\BuildLiteBehavior [ RunTime:0.000028s ]
INFO: [ app_init ] --END-- [ RunTime:0.000942s ]
ERR: 无法加载模块:Public

[ 2018-03-24T18:12:41+08:00 ] 127.0.0.1 /Public/Home/picture/327a6422fdf3b4290a6d4f2095f1abdf_6.jpg
INFO: [ app_init ] --START--
INFO: Run Behavior\BuildLiteBehavior [ RunTime:0.000031s ]
INFO: [ app_init ] --END-- [ RunTime:0.000819s ]
ERR: 无法加载模块:Public

[ 2018-03-24T18:12:41+08:00 ] 127.0.0.1 /Public/Home/picture/ddd1a8e299dfbc0605cb42c8d5ab1c39_7.jpg
INFO: [ app_init ] --START--
INFO: Run Behavior\BuildLiteBehavior [ RunTime:0.000036s ]
INFO: [ app_init ] --END-- [ RunTime:0.000675s ]
ERR: 无法加载模块:Public

[ 2018-03-24T18:12:41+08:00 ] 127.0.0.1 /Public/Home/picture/aa8aa40a569e0c2d5803a2e337037e04_6.jpg
INFO: [ app_init ] --START--
INFO: Run Behavior\BuildLiteBehavior [ RunTime:0.000031s ]
INFO: [ app_init ] --END-- [ RunTime:0.000799s ]
ERR: 无法加载模块:Public

[ 2018-03-24T18:12:42+08:00 ] 127.0.0.1 /Public/Home//Public/Home/css/style_2_common_7.css
INFO: [ app_init ] --START--
INFO: Run Behavior\BuildLiteBehavior [ RunTime:0.000029s ]
INFO: [ app_init ] --END-- [ RunTime:0.000785s ]
ERR: 无法加载模块:Public

[ 2018-03-24T18:12:42+08:00 ] 127.0.0.1 /Public/Home//Public/Home/css/style_2_portal_list_7.css
INFO: [ app_init ] --START--
INFO: Run Behavior\BuildLiteBehavior [ RunTime:0.000030s ]
INFO: [ app_init ] --END-- [ RunTime:0.000778s ]
ERR: 无法加载模块:Public

[ 2018-03-24T18:12:42+08:00 ] 127.0.0.1 /Public/Home//Public/Home/css/animate.min_7.css
INFO: [ app_init ] --START--
INFO: Run Behavior\BuildLiteBehavior [ RunTime:0.000030s ]
INFO: [ app_init ] --END-- [ RunTime:0.000726s ]
ERR: 无法加载模块:Public

[ 2018-03-24T18:39:29+08:00 ] 127.0.0.1 /Public/Home/picture/nophoto.gif
INFO: [ app_init ] --START--
INFO: Run Behavior\BuildLiteBehavior [ RunTime:0.000080s ]
INFO: [ app_init ] --END-- [ RunTime:0.001861s ]
ERR: 无法加载模块:Public

[ 2018-03-24T18:39:30+08:00 ] 127.0.0.1 /Public/Home/picture/fa24fd73b29d1abcfa2a22539074e045_6.jpg
INFO: [ app_init ] --START--
INFO: Run Behavior\BuildLiteBehavior [ RunTime:0.000028s ]
INFO: [ app_init ] --END-- [ RunTime:0.000718s ]
ERR: 无法加载模块:Public

[ 2018-03-24T18:39:30+08:00 ] 127.0.0.1 /Public/Home/images/shadow_villa.png
INFO: [ app_init ] --START--
INFO: Run Behavior\BuildLiteBehavior [ RunTime:0.000030s ]
INFO: [ app_init ] --END-- [ RunTime:0.000785s ]
ERR: 无法加载模块:Public

[ 2018-03-24T18:39:31+08:00 ] 127.0.0.1 /Public/Home//Public/Home/css/style_2_common_7.css
INFO: [ app_init ] --START--
INFO: Run Behavior\BuildLiteBehavior [ RunTime:0.000033s ]
INFO: [ app_init ] --END-- [ RunTime:0.001018s ]
ERR: 无法加载模块:Public

[ 2018-03-24T18:39:31+08:00 ] 127.0.0.1 /Public/Home//Public/Home/css/animate.min_7.css
INFO: [ app_init ] --START--
INFO: Run Behavior\BuildLiteBehavior [ RunTime:0.000025s ]
INFO: [ app_init ] --END-- [ RunTime:0.000753s ]
ERR: 无法加载模块:Public

[ 2018-03-24T18:39:31+08:00 ] 127.0.0.1 /Public/Home//Public/Home/css/style_2_portal_list_7.css
INFO: [ app_init ] --START--
INFO: Run Behavior\BuildLiteBehavior [ RunTime:0.000072s ]
INFO: [ app_init ] --END-- [ RunTime:0.000711s ]
ERR: 无法加载模块:Public

[ 2018-03-24T18:39:31+08:00 ] 127.0.0.1 /Public/Home/picture/327a6422fdf3b4290a6d4f2095f1abdf_6.jpg
INFO: [ app_init ] --START--
INFO: Run Behavior\BuildLiteBehavior [ RunTime:0.000048s ]
INFO: [ app_init ] --END-- [ RunTime:0.000717s ]
ERR: 无法加载模块:Public

[ 2018-03-24T18:39:31+08:00 ] 127.0.0.1 /Public/Home//Public/Home/css/animate.min_7.css
INFO: [ app_init ] --START--
INFO: Run Behavior\BuildLiteBehavior [ RunTime:0.000024s ]
INFO: [ app_init ] --END-- [ RunTime:0.000695s ]
ERR: 无法加载模块:Public

[ 2018-03-24T18:39:31+08:00 ] 127.0.0.1 /Public/Home/picture/aa8aa40a569e0c2d5803a2e337037e04_6.jpg
INFO: [ app_init ] --START--
INFO: Run Behavior\BuildLiteBehavior [ RunTime:0.000030s ]
INFO: [ app_init ] --END-- [ RunTime:0.000887s ]
ERR: 无法加载模块:Public

[ 2018-03-24T18:39:36+08:00 ] 127.0.0.1 /Public/Home/picture/093840uhdaa7hqxdbqddvv.jpg.thumb_5.jpg
INFO: [ app_init ] --START--
INFO: Run Behavior\BuildLiteBehavior [ RunTime:0.000029s ]
INFO: [ app_init ] --END-- [ RunTime:0.000706s ]
ERR: 无法加载模块:Public

[ 2018-03-24T20:48:29+08:00 ] 127.0.0.1 /Public/Home/picture/nophoto.gif
INFO: [ app_init ] --START--
INFO: Run Behavior\BuildLiteBehavior [ RunTime:0.000028s ]
INFO: [ app_init ] --END-- [ RunTime:0.000775s ]
ERR: 无法加载模块:Public

[ 2018-03-24T20:48:30+08:00 ] 127.0.0.1 /Public/Home/picture/fa24fd73b29d1abcfa2a22539074e045_6.jpg
INFO: [ app_init ] --START--
INFO: Run Behavior\BuildLiteBehavior [ RunTime:0.000029s ]
INFO: [ app_init ] --END-- [ RunTime:0.000790s ]
ERR: 无法加载模块:Public

[ 2018-03-24T20:48:30+08:00 ] 127.0.0.1 /Public/Home/images/shadow_villa.png
INFO: [ app_init ] --START--
INFO: Run Behavior\BuildLiteBehavior [ RunTime:0.000031s ]
INFO: [ app_init ] --END-- [ RunTime:0.000847s ]
ERR: 无法加载模块:Public

[ 2018-03-24T20:49:30+08:00 ] 127.0.0.1 /Public/Home//Public/Home/css/style_2_common_7.css
INFO: [ app_init ] --START--
INFO: Run Behavior\BuildLiteBehavior [ RunTime:0.000030s ]
INFO: [ app_init ] --END-- [ RunTime:0.000726s ]
ERR: 无法加载模块:Public

[ 2018-03-24T20:49:30+08:00 ] 127.0.0.1 /Public/Home//Public/Home/css/style_2_portal_list_7.css
INFO: [ app_init ] --START--
INFO: Run Behavior\BuildLiteBehavior [ RunTime:0.000028s ]
INFO: [ app_init ] --END-- [ RunTime:0.000700s ]
ERR: 无法加载模块:Public

[ 2018-03-24T20:49:30+08:00 ] 127.0.0.1 /Public/Home//Public/Home/css/animate.min_7.css
INFO: [ app_init ] --START--
INFO: Run Behavior\BuildLiteBehavior [ RunTime:0.000152s ]
INFO: [ app_init ] --END-- [ RunTime:0.001422s ]
ERR: 无法加载模块:Public

[ 2018-03-24T20:49:31+08:00 ] 127.0.0.1 /Public/Home/picture/327a6422fdf3b4290a6d4f2095f1abdf_6.jpg
INFO: [ app_init ] --START--
INFO: Run Behavior\BuildLiteBehavior [ RunTime:0.000025s ]
INFO: [ app_init ] --END-- [ RunTime:0.000749s ]
ERR: 无法加载模块:Public

[ 2018-03-24T20:49:31+08:00 ] 127.0.0.1 /Public/Home/picture/ddd1a8e299dfbc0605cb42c8d5ab1c39_7.jpg
INFO: [ app_init ] --START--
INFO: Run Behavior\BuildLiteBehavior [ RunTime:0.000032s ]
INFO: [ app_init ] --END-- [ RunTime:0.001018s ]
ERR: 无法加载模块:Public

[ 2018-03-24T20:49:31+08:00 ] 127.0.0.1 /Public/Home/picture/aa8aa40a569e0c2d5803a2e337037e04_6.jpg
INFO: [ app_init ] --START--
INFO: Run Behavior\BuildLiteBehavior [ RunTime:0.000028s ]
INFO: [ app_init ] --END-- [ RunTime:0.000716s ]
ERR: 无法加载模块:Public

[ 2018-03-24T20:49:31+08:00 ] 127.0.0.1 /Public/Home//Public/Home/css/animate.min_7.css
INFO: [ app_init ] --START--
INFO: Run Behavior\BuildLiteBehavior [ RunTime:0.000028s ]
INFO: [ app_init ] --END-- [ RunTime:0.000730s ]
ERR: 无法加载模块:Public

[ 2018-03-24T21:02:36+08:00 ] 127.0.0.1 /Public/Home/picture/nophoto.gif
INFO: [ app_init ] --START--
INFO: Run Behavior\BuildLiteBehavior [ RunTime:0.000029s ]
INFO: [ app_init ] --END-- [ RunTime:0.000816s ]
ERR: 无法加载模块:Public

[ 2018-03-24T21:02:38+08:00 ] 127.0.0.1 /Public/Home/picture/nophoto.gif
INFO: [ app_init ] --START--
INFO: Run Behavior\BuildLiteBehavior [ RunTime:0.000032s ]
INFO: [ app_init ] --END-- [ RunTime:0.000835s ]
ERR: 无法加载模块:Public

[ 2018-03-24T21:02:38+08:00 ] 127.0.0.1 /Public/Home/picture/fa24fd73b29d1abcfa2a22539074e045_6.jpg
INFO: [ app_init ] --START--
INFO: Run Behavior\BuildLiteBehavior [ RunTime:0.000035s ]
INFO: [ app_init ] --END-- [ RunTime:0.000780s ]
ERR: 无法加载模块:Public

[ 2018-03-24T21:02:39+08:00 ] 127.0.0.1 /Public/Home/images/shadow_villa.png
INFO: [ app_init ] --START--
INFO: Run Behavior\BuildLiteBehavior [ RunTime:0.000029s ]
INFO: [ app_init ] --END-- [ RunTime:0.000811s ]
ERR: 无法加载模块:Public

[ 2018-03-24T21:02:41+08:00 ] 127.0.0.1 /Public/Home//Public/Home/css/style_2_common_7.css
INFO: [ app_init ] --START--
INFO: Run Behavior\BuildLiteBehavior [ RunTime:0.000032s ]
INFO: [ app_init ] --END-- [ RunTime:0.001409s ]
ERR: 无法加载模块:Public

[ 2018-03-24T21:02:41+08:00 ] 127.0.0.1 /Public/Home//Public/Home/css/animate.min_7.css
INFO: [ app_init ] --START--
INFO: Run Behavior\BuildLiteBehavior [ RunTime:0.000028s ]
INFO: [ app_init ] --END-- [ RunTime:0.000925s ]
ERR: 无法加载模块:Public

[ 2018-03-24T21:02:41+08:00 ] 127.0.0.1 /Public/Home//Public/Home/css/style_2_portal_list_7.css
INFO: [ app_init ] --START--
INFO: Run Behavior\BuildLiteBehavior [ RunTime:0.000032s ]
INFO: [ app_init ] --END-- [ RunTime:0.001264s ]
ERR: 无法加载模块:Public

[ 2018-03-24T21:02:42+08:00 ] 127.0.0.1 /Public/Home/picture/327a6422fdf3b4290a6d4f2095f1abdf_6.jpg
INFO: [ app_init ] --START--
INFO: Run Behavior\BuildLiteBehavior [ RunTime:0.000028s ]
INFO: [ app_init ] --END-- [ RunTime:0.001190s ]
ERR: 无法加载模块:Public

[ 2018-03-24T21:02:42+08:00 ] 127.0.0.1 /Public/Home/picture/ddd1a8e299dfbc0605cb42c8d5ab1c39_7.jpg
INFO: [ app_init ] --START--
INFO: Run Behavior\BuildLiteBehavior [ RunTime:0.000029s ]
INFO: [ app_init ] --END-- [ RunTime:0.000815s ]
ERR: 无法加载模块:Public

[ 2018-03-24T21:02:42+08:00 ] 127.0.0.1 /Public/Home//Public/Home/css/animate.min_7.css
INFO: [ app_init ] --START--
INFO: Run Behavior\BuildLiteBehavior [ RunTime:0.000030s ]
INFO: [ app_init ] --END-- [ RunTime:0.000975s ]
ERR: 无法加载模块:Public

[ 2018-03-24T21:02:42+08:00 ] 127.0.0.1 /Public/Home/picture/aa8aa40a569e0c2d5803a2e337037e04_6.jpg
INFO: [ app_init ] --START--
INFO: Run Behavior\BuildLiteBehavior [ RunTime:0.000027s ]
INFO: [ app_init ] --END-- [ RunTime:0.000816s ]
ERR: 无法加载模块:Public

[ 2018-03-24T21:02:51+08:00 ] 127.0.0.1 /Public/Home/picture/093840uhdaa7hqxdbqddvv.jpg.thumb_5.jpg
INFO: [ app_init ] --START--
INFO: Run Behavior\BuildLiteBehavior [ RunTime:0.000031s ]
INFO: [ app_init ] --END-- [ RunTime:0.000764s ]
ERR: 无法加载模块:Public

[ 2018-03-24T21:03:08+08:00 ] 127.0.0.1 /Public/Home/picture/nophoto.gif
INFO: [ app_init ] --START--
INFO: Run Behavior\BuildLiteBehavior [ RunTime:0.000103s ]
INFO: [ app_init ] --END-- [ RunTime:0.001275s ]
ERR: 无法加载模块:Public

[ 2018-03-24T21:07:56+08:00 ] 127.0.0.1 /Public/Home/picture/nophoto.gif
INFO: [ app_init ] --START--
INFO: Run Behavior\BuildLiteBehavior [ RunTime:0.000036s ]
INFO: [ app_init ] --END-- [ RunTime:0.000844s ]
ERR: 无法加载模块:Public

[ 2018-03-24T21:11:06+08:00 ] 127.0.0.1 /Public/Home/picture/nophoto.gif
INFO: [ app_init ] --START--
INFO: Run Behavior\BuildLiteBehavior [ RunTime:0.000031s ]
INFO: [ app_init ] --END-- [ RunTime:0.000769s ]
ERR: 无法加载模块:Public

[ 2018-03-24T21:11:11+08:00 ] 127.0.0.1 /Public/Home/picture/fa24fd73b29d1abcfa2a22539074e045_6.jpg
INFO: [ app_init ] --START--
INFO: Run Behavior\BuildLiteBehavior [ RunTime:0.000039s ]
INFO: [ app_init ] --END-- [ RunTime:0.001209s ]
ERR: 无法加载模块:Public

[ 2018-03-24T21:11:12+08:00 ] 127.0.0.1 /Public/Home/images/shadow_villa.png
INFO: [ app_init ] --START--
INFO: Run Behavior\BuildLiteBehavior [ RunTime:0.000027s ]
INFO: [ app_init ] --END-- [ RunTime:0.000706s ]
ERR: 无法加载模块:Public

[ 2018-03-24T21:11:12+08:00 ] 127.0.0.1 /Public/Home//Public/Home/css/style_2_common_7.css
INFO: [ app_init ] --START--
INFO: Run Behavior\BuildLiteBehavior [ RunTime:0.000030s ]
INFO: [ app_init ] --END-- [ RunTime:0.000751s ]
ERR: 无法加载模块:Public

[ 2018-03-24T21:11:12+08:00 ] 127.0.0.1 /Public/Home//Public/Home/css/style_2_portal_list_7.css
INFO: [ app_init ] --START--
INFO: Run Behavior\BuildLiteBehavior [ RunTime:0.000031s ]
INFO: [ app_init ] --END-- [ RunTime:0.000842s ]
ERR: 无法加载模块:Public

[ 2018-03-24T21:11:12+08:00 ] 127.0.0.1 /Public/Home//Public/Home/css/animate.min_7.css
INFO: [ app_init ] --START--
INFO: Run Behavior\BuildLiteBehavior [ RunTime:0.000025s ]
INFO: [ app_init ] --END-- [ RunTime:0.000787s ]
ERR: 无法加载模块:Public

[ 2018-03-24T21:11:12+08:00 ] 127.0.0.1 /Public/Home/picture/327a6422fdf3b4290a6d4f2095f1abdf_6.jpg
INFO: [ app_init ] --START--
INFO: Run Behavior\BuildLiteBehavior [ RunTime:0.000033s ]
INFO: [ app_init ] --END-- [ RunTime:0.000859s ]
ERR: 无法加载模块:Public

[ 2018-03-24T21:11:12+08:00 ] 127.0.0.1 /Public/Home/picture/ddd1a8e299dfbc0605cb42c8d5ab1c39_7.jpg
INFO: [ app_init ] --START--
INFO: Run Behavior\BuildLiteBehavior [ RunTime:0.000030s ]
INFO: [ app_init ] --END-- [ RunTime:0.000789s ]
ERR: 无法加载模块:Public

[ 2018-03-24T21:11:12+08:00 ] 127.0.0.1 /Public/Home/picture/aa8aa40a569e0c2d5803a2e337037e04_6.jpg
INFO: [ app_init ] --START--
INFO: Run Behavior\BuildLiteBehavior [ RunTime:0.000028s ]
INFO: [ app_init ] --END-- [ RunTime:0.001147s ]
ERR: 无法加载模块:Public

[ 2018-03-24T21:11:13+08:00 ] 127.0.0.1 /Public/Home/picture/fa24fd73b29d1abcfa2a22539074e045_6.jpg
INFO: [ app_init ] --START--
INFO: Run Behavior\BuildLiteBehavior [ RunTime:0.000028s ]
INFO: [ app_init ] --END-- [ RunTime:0.000984s ]
ERR: 无法加载模块:Public

[ 2018-03-24T21:11:13+08:00 ] 127.0.0.1 /Public/Home/images/shadow_villa.png
INFO: [ app_init ] --START--
INFO: Run Behavior\BuildLiteBehavior [ RunTime:0.000031s ]
INFO: [ app_init ] --END-- [ RunTime:0.000903s ]
ERR: 无法加载模块:Public

[ 2018-03-24T21:11:14+08:00 ] 127.0.0.1 /Public/Home/picture/nophoto.gif
INFO: [ app_init ] --START--
INFO: Run Behavior\BuildLiteBehavior [ RunTime:0.000048s ]
INFO: [ app_init ] --END-- [ RunTime:0.001301s ]
ERR: 无法加载模块:Public

[ 2018-03-24T21:11:34+08:00 ] 127.0.0.1 /Public/Home/picture/nophoto.gif
INFO: [ app_init ] --START--
INFO: Run Behavior\BuildLiteBehavior [ RunTime:0.000033s ]
INFO: [ app_init ] --END-- [ RunTime:0.000951s ]
ERR: 无法加载模块:Public

[ 2018-03-24T21:12:14+08:00 ] 127.0.0.1 /Public/Home/picture/fa24fd73b29d1abcfa2a22539074e045_6.jpg
INFO: [ app_init ] --START--
INFO: Run Behavior\BuildLiteBehavior [ RunTime:0.000031s ]
INFO: [ app_init ] --END-- [ RunTime:0.000796s ]
ERR: 无法加载模块:Public

[ 2018-03-24T21:12:14+08:00 ] 127.0.0.1 /Public/Home/images/shadow_villa.png
INFO: [ app_init ] --START--
INFO: Run Behavior\BuildLiteBehavior [ RunTime:0.000032s ]
INFO: [ app_init ] --END-- [ RunTime:0.000798s ]
ERR: 无法加载模块:Public

[ 2018-03-24T21:12:15+08:00 ] 127.0.0.1 /Public/Home/picture/nophoto.gif
INFO: [ app_init ] --START--
INFO: Run Behavior\BuildLiteBehavior [ RunTime:0.000064s ]
INFO: [ app_init ] --END-- [ RunTime:0.001313s ]
ERR: 无法加载模块:Public

[ 2018-03-24T21:12:16+08:00 ] 127.0.0.1 /Public/Home/picture/fa24fd73b29d1abcfa2a22539074e045_6.jpg
INFO: [ app_init ] --START--
INFO: Run Behavior\BuildLiteBehavior [ RunTime:0.000027s ]
INFO: [ app_init ] --END-- [ RunTime:0.000700s ]
ERR: 无法加载模块:Public

[ 2018-03-24T21:12:17+08:00 ] 127.0.0.1 /Public/Home/images/shadow_villa.png
INFO: [ app_init ] --START--
INFO: Run Behavior\BuildLiteBehavior [ RunTime:0.000071s ]
INFO: [ app_init ] --END-- [ RunTime:0.004253s ]
ERR: 无法加载模块:Public

[ 2018-03-24T21:12:17+08:00 ] 127.0.0.1 /Public/Home//Public/Home/css/style_2_common_7.css
INFO: [ app_init ] --START--
INFO: Run Behavior\BuildLiteBehavior [ RunTime:0.000027s ]
INFO: [ app_init ] --END-- [ RunTime:0.000730s ]
ERR: 无法加载模块:Public

[ 2018-03-24T21:12:17+08:00 ] 127.0.0.1 /Public/Home//Public/Home/css/style_2_portal_list_7.css
INFO: [ app_init ] --START--
INFO: Run Behavior\BuildLiteBehavior [ RunTime:0.000035s ]
INFO: [ app_init ] --END-- [ RunTime:0.001213s ]
ERR: 无法加载模块:Public

[ 2018-03-24T21:12:17+08:00 ] 127.0.0.1 /Public/Home/picture/327a6422fdf3b4290a6d4f2095f1abdf_6.jpg
INFO: [ app_init ] --START--
INFO: Run Behavior\BuildLiteBehavior [ RunTime:0.000027s ]
INFO: [ app_init ] --END-- [ RunTime:0.000880s ]
ERR: 无法加载模块:Public

[ 2018-03-24T21:12:17+08:00 ] 127.0.0.1 /Public/Home/picture/ddd1a8e299dfbc0605cb42c8d5ab1c39_7.jpg
INFO: [ app_init ] --START--
INFO: Run Behavior\BuildLiteBehavior [ RunTime:0.000027s ]
INFO: [ app_init ] --END-- [ RunTime:0.000713s ]
ERR: 无法加载模块:Public

[ 2018-03-24T21:12:17+08:00 ] 127.0.0.1 /Public/Home/picture/aa8aa40a569e0c2d5803a2e337037e04_6.jpg
INFO: [ app_init ] --START--
INFO: Run Behavior\BuildLiteBehavior [ RunTime:0.000027s ]
INFO: [ app_init ] --END-- [ RunTime:0.000736s ]
ERR: 无法加载模块:Public

[ 2018-03-24T21:12:17+08:00 ] 127.0.0.1 /Public/Home//Public/Home/css/animate.min_7.css
INFO: [ app_init ] --START--
INFO: Run Behavior\BuildLiteBehavior [ RunTime:0.000045s ]
INFO: [ app_init ] --END-- [ RunTime:0.001036s ]
ERR: 无法加载模块:Public

[ 2018-03-24T21:12:20+08:00 ] 127.0.0.1 /Public/Home/picture/093840uhdaa7hqxdbqddvv.jpg.thumb_5.jpg
INFO: [ app_init ] --START--
INFO: Run Behavior\BuildLiteBehavior [ RunTime:0.000030s ]
INFO: [ app_init ] --END-- [ RunTime:0.000840s ]
ERR: 无法加载模块:Public

[ 2018-03-24T21:12:23+08:00 ] 127.0.0.1 /Public/Home//Public/Home/css/animate.min_7.css
INFO: [ app_init ] --START--
INFO: Run Behavior\BuildLiteBehavior [ RunTime:0.000023s ]
INFO: [ app_init ] --END-- [ RunTime:0.000636s ]
ERR: 无法加载模块:Public

[ 2018-03-24T21:12:23+08:00 ] 127.0.0.1 /Public/Home//Public/Home/css/style_2_portal_list_7.css
INFO: [ app_init ] --START--
INFO: Run Behavior\BuildLiteBehavior [ RunTime:0.000104s ]
INFO: [ app_init ] --END-- [ RunTime:0.002184s ]
ERR: 无法加载模块:Public

[ 2018-03-24T21:12:23+08:00 ] 127.0.0.1 /Public/Home/picture/aa8aa40a569e0c2d5803a2e337037e04_6.jpg
INFO: [ app_init ] --START--
INFO: Run Behavior\BuildLiteBehavior [ RunTime:0.000032s ]
INFO: [ app_init ] --END-- [ RunTime:0.000900s ]
ERR: 无法加载模块:Public

[ 2018-03-24T21:12:23+08:00 ] 127.0.0.1 /Public/Home/picture/327a6422fdf3b4290a6d4f2095f1abdf_6.jpg
INFO: [ app_init ] --START--
INFO: Run Behavior\BuildLiteBehavior [ RunTime:0.000030s ]
INFO: [ app_init ] --END-- [ RunTime:0.000824s ]
ERR: 无法加载模块:Public

[ 2018-03-24T21:12:23+08:00 ] 127.0.0.1 /Public/Home/picture/ddd1a8e299dfbc0605cb42c8d5ab1c39_7.jpg
INFO: [ app_init ] --START--
INFO: Run Behavior\BuildLiteBehavior [ RunTime:0.000038s ]
INFO: [ app_init ] --END-- [ RunTime:0.000864s ]
ERR: 无法加载模块:Public

[ 2018-03-24T21:12:23+08:00 ] 127.0.0.1 /Public/Home//Public/Home/css/animate.min_7.css
INFO: [ app_init ] --START--
INFO: Run Behavior\BuildLiteBehavior [ RunTime:0.000034s ]
INFO: [ app_init ] --END-- [ RunTime:0.002263s ]
ERR: 无法加载模块:Public

[ 2018-03-24T21:12:23+08:00 ] 127.0.0.1 /Public/Home/picture/fa24fd73b29d1abcfa2a22539074e045_6.jpg
INFO: [ app_init ] --START--
INFO: Run Behavior\BuildLiteBehavior [ RunTime:0.000029s ]
INFO: [ app_init ] --END-- [ RunTime:0.000748s ]
ERR: 无法加载模块:Public

[ 2018-03-24T21:12:23+08:00 ] 127.0.0.1 /Public/Home/images/shadow_villa.png
INFO: [ app_init ] --START--
INFO: Run Behavior\BuildLiteBehavior [ RunTime:0.000081s ]
INFO: [ app_init ] --END-- [ RunTime:0.001504s ]
ERR: 无法加载模块:Public

[ 2018-03-24T21:12:26+08:00 ] 127.0.0.1 /Public/Home/picture/nophoto.gif
INFO: [ app_init ] --START--
INFO: Run Behavior\BuildLiteBehavior [ RunTime:0.000033s ]
INFO: [ app_init ] --END-- [ RunTime:0.000862s ]
ERR: 无法加载模块:Public

[ 2018-03-24T21:14:27+08:00 ] 127.0.0.1 /Public/Home/picture/fa24fd73b29d1abcfa2a22539074e045_6.jpg
INFO: [ app_init ] --START--
INFO: Run Behavior\BuildLiteBehavior [ RunTime:0.000028s ]
INFO: [ app_init ] --END-- [ RunTime:0.000823s ]
ERR: 无法加载模块:Public

[ 2018-03-24T21:14:27+08:00 ] 127.0.0.1 /Public/Home/images/shadow_villa.png
INFO: [ app_init ] --START--
INFO: Run Behavior\BuildLiteBehavior [ RunTime:0.000026s ]
INFO: [ app_init ] --END-- [ RunTime:0.000665s ]
ERR: 无法加载模块:Public

[ 2018-03-24T21:14:28+08:00 ] 127.0.0.1 /Public/Home//Public/Home/css/style_2_common_7.css
INFO: [ app_init ] --START--
INFO: Run Behavior\BuildLiteBehavior [ RunTime:0.000024s ]
INFO: [ app_init ] --END-- [ RunTime:0.000606s ]
ERR: 无法加载模块:Public

[ 2018-03-24T21:14:28+08:00 ] 127.0.0.1 /Public/Home//Public/Home/css/animate.min_7.css
INFO: [ app_init ] --START--
INFO: Run Behavior\BuildLiteBehavior [ RunTime:0.000031s ]
INFO: [ app_init ] --END-- [ RunTime:0.003295s ]
ERR: 无法加载模块:Public

[ 2018-03-24T21:14:28+08:00 ] 127.0.0.1 /Public/Home//Public/Home/css/style_2_portal_list_7.css
INFO: [ app_init ] --START--
INFO: Run Behavior\BuildLiteBehavior [ RunTime:0.000027s ]
INFO: [ app_init ] --END-- [ RunTime:0.000894s ]
ERR: 无法加载模块:Public

[ 2018-03-24T21:14:28+08:00 ] 127.0.0.1 /Public/Home/picture/327a6422fdf3b4290a6d4f2095f1abdf_6.jpg
INFO: [ app_init ] --START--
INFO: Run Behavior\BuildLiteBehavior [ RunTime:0.000032s ]
INFO: [ app_init ] --END-- [ RunTime:0.001437s ]
ERR: 无法加载模块:Public

[ 2018-03-24T21:14:28+08:00 ] 127.0.0.1 /Public/Home/picture/ddd1a8e299dfbc0605cb42c8d5ab1c39_7.jpg
INFO: [ app_init ] --START--
INFO: Run Behavior\BuildLiteBehavior [ RunTime:0.000032s ]
INFO: [ app_init ] --END-- [ RunTime:0.000776s ]
ERR: 无法加载模块:Public

[ 2018-03-24T21:14:28+08:00 ] 127.0.0.1 /Public/Home/picture/aa8aa40a569e0c2d5803a2e337037e04_6.jpg
INFO: [ app_init ] --START--
INFO: Run Behavior\BuildLiteBehavior [ RunTime:0.000029s ]
INFO: [ app_init ] --END-- [ RunTime:0.000792s ]
ERR: 无法加载模块:Public

[ 2018-03-24T21:14:28+08:00 ] 127.0.0.1 /Public/Home//Public/Home/css/animate.min_7.css
INFO: [ app_init ] --START--
INFO: Run Behavior\BuildLiteBehavior [ RunTime:0.000029s ]
INFO: [ app_init ] --END-- [ RunTime:0.000872s ]
ERR: 无法加载模块:Public

[ 2018-03-24T21:15:01+08:00 ] 127.0.0.1 /Public/Home/picture/fa24fd73b29d1abcfa2a22539074e045_6.jpg
INFO: [ app_init ] --START--
INFO: Run Behavior\BuildLiteBehavior [ RunTime:0.000044s ]
INFO: [ app_init ] --END-- [ RunTime:0.000883s ]
ERR: 无法加载模块:Public

[ 2018-03-24T21:15:01+08:00 ] 127.0.0.1 /Public/Home/images/shadow_villa.png
INFO: [ app_init ] --START--
INFO: Run Behavior\BuildLiteBehavior [ RunTime:0.000032s ]
INFO: [ app_init ] --END-- [ RunTime:0.001921s ]
ERR: 无法加载模块:Public

[ 2018-03-24T21:15:02+08:00 ] 127.0.0.1 /Public/Home/picture/nophoto.gif
INFO: [ app_init ] --START--
INFO: Run Behavior\BuildLiteBehavior [ RunTime:0.000031s ]
INFO: [ app_init ] --END-- [ RunTime:0.000745s ]
ERR: 无法加载模块:Public

[ 2018-03-24T21:15:09+08:00 ] 127.0.0.1 /Public/Home/picture/nophoto.gif
INFO: [ app_init ] --START--
INFO: Run Behavior\BuildLiteBehavior [ RunTime:0.000032s ]
INFO: [ app_init ] --END-- [ RunTime:0.000786s ]
ERR: 无法加载模块:Public

[ 2018-03-24T21:25:23+08:00 ] 127.0.0.1 /Public/Home/picture/nophoto.gif
INFO: [ app_init ] --START--
INFO: Run Behavior\BuildLiteBehavior [ RunTime:0.000031s ]
INFO: [ app_init ] --END-- [ RunTime:0.000785s ]
ERR: 无法加载模块:Public

[ 2018-03-24T21:25:24+08:00 ] 127.0.0.1 /Public/Home/picture/fa24fd73b29d1abcfa2a22539074e045_6.jpg
INFO: [ app_init ] --START--
INFO: Run Behavior\BuildLiteBehavior [ RunTime:0.000050s ]
INFO: [ app_init ] --END-- [ RunTime:0.000974s ]
ERR: 无法加载模块:Public

[ 2018-03-24T21:25:24+08:00 ] 127.0.0.1 /Public/Home/images/shadow_villa.png
INFO: [ app_init ] --START--
INFO: Run Behavior\BuildLiteBehavior [ RunTime:0.000030s ]
INFO: [ app_init ] --END-- [ RunTime:0.000788s ]
ERR: 无法加载模块:Public

[ 2018-03-24T21:25:25+08:00 ] 127.0.0.1 /Public/Home//Public/Home/css/style_2_portal_list_7.css
INFO: [ app_init ] --START--
INFO: Run Behavior\BuildLiteBehavior [ RunTime:0.000029s ]
INFO: [ app_init ] --END-- [ RunTime:0.000731s ]
ERR: 无法加载模块:Public

[ 2018-03-24T21:25:25+08:00 ] 127.0.0.1 /Public/Home//Public/Home/css/style_2_common_7.css
INFO: [ app_init ] --START--
INFO: Run Behavior\BuildLiteBehavior [ RunTime:0.000027s ]
INFO: [ app_init ] --END-- [ RunTime:0.000720s ]
ERR: 无法加载模块:Public

[ 2018-03-24T21:25:25+08:00 ] 127.0.0.1 /Public/Home//Public/Home/css/animate.min_7.css
INFO: [ app_init ] --START--
INFO: Run Behavior\BuildLiteBehavior [ RunTime:0.000027s ]
INFO: [ app_init ] --END-- [ RunTime:0.001009s ]
ERR: 无法加载模块:Public

[ 2018-03-24T21:25:25+08:00 ] 127.0.0.1 /Public/Home//Public/Home/css/style_2_portal_list_7.css
INFO: [ app_init ] --START--
INFO: Run Behavior\BuildLiteBehavior [ RunTime:0.000057s ]
INFO: [ app_init ] --END-- [ RunTime:0.000964s ]
ERR: 无法加载模块:Public

[ 2018-03-24T21:25:25+08:00 ] 127.0.0.1 /Public/Home/picture/ddd1a8e299dfbc0605cb42c8d5ab1c39_7.jpg
INFO: [ app_init ] --START--
INFO: Run Behavior\BuildLiteBehavior [ RunTime:0.000030s ]
INFO: [ app_init ] --END-- [ RunTime:0.001068s ]
ERR: 无法加载模块:Public

[ 2018-03-24T21:25:25+08:00 ] 127.0.0.1 /Public/Home/picture/327a6422fdf3b4290a6d4f2095f1abdf_6.jpg
INFO: [ app_init ] --START--
INFO: Run Behavior\BuildLiteBehavior [ RunTime:0.000026s ]
INFO: [ app_init ] --END-- [ RunTime:0.000693s ]
ERR: 无法加载模块:Public

[ 2018-03-24T21:25:25+08:00 ] 127.0.0.1 /Public/Home/picture/aa8aa40a569e0c2d5803a2e337037e04_6.jpg
INFO: [ app_init ] --START--
INFO: Run Behavior\BuildLiteBehavior [ RunTime:0.000093s ]
INFO: [ app_init ] --END-- [ RunTime:0.004050s ]
ERR: 无法加载模块:Public

[ 2018-03-24T21:25:25+08:00 ] 127.0.0.1 /Public/Home//Public/Home/css/animate.min_7.css
INFO: [ app_init ] --START--
INFO: Run Behavior\BuildLiteBehavior [ RunTime:0.000026s ]
INFO: [ app_init ] --END-- [ RunTime:0.000710s ]
ERR: 无法加载模块:Public

[ 2018-03-24T21:25:43+08:00 ] 127.0.0.1 /Public/Home/picture/nophoto.gif
INFO: [ app_init ] --START--
INFO: Run Behavior\BuildLiteBehavior [ RunTime:0.000053s ]
INFO: [ app_init ] --END-- [ RunTime:0.000822s ]
ERR: 无法加载模块:Public

[ 2018-03-24T21:25:51+08:00 ] 127.0.0.1 /Public/Home//Public/Home/css/style_2_common_7.css
INFO: [ app_init ] --START--
INFO: Run Behavior\BuildLiteBehavior [ RunTime:0.000027s ]
INFO: [ app_init ] --END-- [ RunTime:0.000755s ]
ERR: 无法加载模块:Public

[ 2018-03-24T21:25:52+08:00 ] 127.0.0.1 /Public/Home//Public/Home/css/animate.min_7.css
INFO: [ app_init ] --START--
INFO: Run Behavior\BuildLiteBehavior [ RunTime:0.000031s ]
INFO: [ app_init ] --END-- [ RunTime:0.000760s ]
ERR: 无法加载模块:Public

[ 2018-03-24T21:25:52+08:00 ] 127.0.0.1 /Public/Home//Public/Home/css/style_2_portal_list_7.css
INFO: [ app_init ] --START--
INFO: Run Behavior\BuildLiteBehavior [ RunTime:0.000031s ]
INFO: [ app_init ] --END-- [ RunTime:0.000769s ]
ERR: 无法加载模块:Public

[ 2018-03-24T21:25:52+08:00 ] 127.0.0.1 /Public/Home/picture/327a6422fdf3b4290a6d4f2095f1abdf_6.jpg
INFO: [ app_init ] --START--
INFO: Run Behavior\BuildLiteBehavior [ RunTime:0.000030s ]
INFO: [ app_init ] --END-- [ RunTime:0.001500s ]
ERR: 无法加载模块:Public

[ 2018-03-24T21:25:52+08:00 ] 127.0.0.1 /Public/Home/picture/ddd1a8e299dfbc0605cb42c8d5ab1c39_7.jpg
INFO: [ app_init ] --START--
INFO: Run Behavior\BuildLiteBehavior [ RunTime:0.000028s ]
INFO: [ app_init ] --END-- [ RunTime:0.000695s ]
ERR: 无法加载模块:Public

[ 2018-03-24T21:25:52+08:00 ] 127.0.0.1 /Public/Home/picture/aa8aa40a569e0c2d5803a2e337037e04_6.jpg
INFO: [ app_init ] --START--
INFO: Run Behavior\BuildLiteBehavior [ RunTime:0.000032s ]
INFO: [ app_init ] --END-- [ RunTime:0.000819s ]
ERR: 无法加载模块:Public

[ 2018-03-24T21:25:52+08:00 ] 127.0.0.1 /Public/Home//Public/Home/css/animate.min_7.css
INFO: [ app_init ] --START--
INFO: Run Behavior\BuildLiteBehavior [ RunTime:0.000034s ]
INFO: [ app_init ] --END-- [ RunTime:0.001065s ]
ERR: 无法加载模块:Public

[ 2018-03-24T21:26:29+08:00 ] 127.0.0.1 /Public/Home/picture/093840uhdaa7hqxdbqddvv.jpg.thumb_5.jpg
INFO: [ app_init ] --START--
INFO: Run Behavior\BuildLiteBehavior [ RunTime:0.000034s ]
INFO: [ app_init ] --END-- [ RunTime:0.000897s ]
ERR: 无法加载模块:Public

[ 2018-03-24T21:26:47+08:00 ] 127.0.0.1 /Public/Home//Public/Home/css/style_2_common_7.css
INFO: [ app_init ] --START--
INFO: Run Behavior\BuildLiteBehavior [ RunTime:0.000027s ]
INFO: [ app_init ] --END-- [ RunTime:0.000688s ]
ERR: 无法加载模块:Public

[ 2018-03-24T21:26:47+08:00 ] 127.0.0.1 /Public/Home//Public/Home/css/animate.min_7.css
INFO: [ app_init ] --START--
INFO: Run Behavior\BuildLiteBehavior [ RunTime:0.000028s ]
INFO: [ app_init ] --END-- [ RunTime:0.000737s ]
ERR: 无法加载模块:Public

[ 2018-03-24T21:26:47+08:00 ] 127.0.0.1 /Public/Home//Public/Home/css/style_2_portal_list_7.css
INFO: [ app_init ] --START--
INFO: Run Behavior\BuildLiteBehavior [ RunTime:0.000024s ]
INFO: [ app_init ] --END-- [ RunTime:0.000811s ]
ERR: 无法加载模块:Public

[ 2018-03-24T21:26:47+08:00 ] 127.0.0.1 /Public/Home/picture/327a6422fdf3b4290a6d4f2095f1abdf_6.jpg
INFO: [ app_init ] --START--
INFO: Run Behavior\BuildLiteBehavior [ RunTime:0.000071s ]
INFO: [ app_init ] --END-- [ RunTime:0.000860s ]
ERR: 无法加载模块:Public

[ 2018-03-24T21:26:47+08:00 ] 127.0.0.1 /Public/Home//Public/Home/css/animate.min_7.css
INFO: [ app_init ] --START--
INFO: Run Behavior\BuildLiteBehavior [ RunTime:0.000027s ]
INFO: [ app_init ] --END-- [ RunTime:0.000714s ]
ERR: 无法加载模块:Public

[ 2018-03-24T21:26:47+08:00 ] 127.0.0.1 /Public/Home/picture/aa8aa40a569e0c2d5803a2e337037e04_6.jpg
INFO: [ app_init ] --START--
INFO: Run Behavior\BuildLiteBehavior [ RunTime:0.000052s ]
INFO: [ app_init ] --END-- [ RunTime:0.000774s ]
ERR: 无法加载模块:Public

[ 2018-03-24T21:26:47+08:00 ] 127.0.0.1 /Public/Home/picture/ddd1a8e299dfbc0605cb42c8d5ab1c39_7.jpg
INFO: [ app_init ] --START--
INFO: Run Behavior\BuildLiteBehavior [ RunTime:0.000028s ]
INFO: [ app_init ] --END-- [ RunTime:0.000795s ]
ERR: 无法加载模块:Public

[ 2018-03-24T21:28:53+08:00 ] 127.0.0.1 /Public/Home/picture/nophoto.gif
INFO: [ app_init ] --START--
INFO: Run Behavior\BuildLiteBehavior [ RunTime:0.000089s ]
INFO: [ app_init ] --END-- [ RunTime:0.002052s ]
ERR: 无法加载模块:Public

[ 2018-03-24T21:28:55+08:00 ] 127.0.0.1 /Public/Home/picture/fa24fd73b29d1abcfa2a22539074e045_6.jpg
INFO: [ app_init ] --START--
INFO: Run Behavior\BuildLiteBehavior [ RunTime:0.000027s ]
INFO: [ app_init ] --END-- [ RunTime:0.000784s ]
ERR: 无法加载模块:Public

[ 2018-03-24T21:28:55+08:00 ] 127.0.0.1 /Public/Home/images/shadow_villa.png
INFO: [ app_init ] --START--
INFO: Run Behavior\BuildLiteBehavior [ RunTime:0.000027s ]
INFO: [ app_init ] --END-- [ RunTime:0.000709s ]
ERR: 无法加载模块:Public

[ 2018-03-24T21:29:17+08:00 ] 127.0.0.1 /Public/Home//Public/Home/css/style_2_common_7.css
INFO: [ app_init ] --START--
INFO: Run Behavior\BuildLiteBehavior [ RunTime:0.000038s ]
INFO: [ app_init ] --END-- [ RunTime:0.000891s ]
ERR: 无法加载模块:Public

[ 2018-03-24T21:29:17+08:00 ] 127.0.0.1 /Public/Home//Public/Home/css/animate.min_7.css
INFO: [ app_init ] --START--
INFO: Run Behavior\BuildLiteBehavior [ RunTime:0.000032s ]
INFO: [ app_init ] --END-- [ RunTime:0.000906s ]
ERR: 无法加载模块:Public

[ 2018-03-24T21:29:17+08:00 ] 127.0.0.1 /Public/Home//Public/Home/css/style_2_portal_list_7.css
INFO: [ app_init ] --START--
INFO: Run Behavior\BuildLiteBehavior [ RunTime:0.000144s ]
INFO: [ app_init ] --END-- [ RunTime:0.002667s ]
ERR: 无法加载模块:Public

[ 2018-03-24T21:29:17+08:00 ] 127.0.0.1 /Public/Home/picture/327a6422fdf3b4290a6d4f2095f1abdf_6.jpg
INFO: [ app_init ] --START--
INFO: Run Behavior\BuildLiteBehavior [ RunTime:0.000027s ]
INFO: [ app_init ] --END-- [ RunTime:0.000759s ]
ERR: 无法加载模块:Public

[ 2018-03-24T21:29:17+08:00 ] 127.0.0.1 /Public/Home//Public/Home/css/animate.min_7.css
INFO: [ app_init ] --START--
INFO: Run Behavior\BuildLiteBehavior [ RunTime:0.000030s ]
INFO: [ app_init ] --END-- [ RunTime:0.000717s ]
ERR: 无法加载模块:Public

[ 2018-03-24T21:29:17+08:00 ] 127.0.0.1 /Public/Home/picture/aa8aa40a569e0c2d5803a2e337037e04_6.jpg
INFO: [ app_init ] --START--
INFO: Run Behavior\BuildLiteBehavior [ RunTime:0.000031s ]
INFO: [ app_init ] --END-- [ RunTime:0.000869s ]
ERR: 无法加载模块:Public

[ 2018-03-24T21:29:17+08:00 ] 127.0.0.1 /Public/Home/picture/ddd1a8e299dfbc0605cb42c8d5ab1c39_7.jpg
INFO: [ app_init ] --START--
INFO: Run Behavior\BuildLiteBehavior [ RunTime:0.000030s ]
INFO: [ app_init ] --END-- [ RunTime:0.000758s ]
ERR: 无法加载模块:Public

[ 2018-03-24T21:29:43+08:00 ] 127.0.0.1 /Public/Home/picture/093840uhdaa7hqxdbqddvv.jpg.thumb_5.jpg
INFO: [ app_init ] --START--
INFO: Run Behavior\BuildLiteBehavior [ RunTime:0.000026s ]
INFO: [ app_init ] --END-- [ RunTime:0.000679s ]
ERR: 无法加载模块:Public

