[ 2018-03-31T15:22:55+08:00 ] 127.0.0.1 /index.php/Admin/Article/add
INFO: [ app_init ] --START--
INFO: Run Behavior\BuildLiteBehavior [ RunTime:0.000039s ]
INFO: [ app_init ] --END-- [ RunTime:0.001052s ]
INFO: [ app_begin ] --START--
INFO: Run Behavior\ReadHtmlCacheBehavior [ RunTime:0.001646s ]
INFO: [ app_begin ] --END-- [ RunTime:0.001774s ]

[ 2018-03-31T15:22:56+08:00 ] 127.0.0.1 /index.php/Admin/Login/login.html
INFO: [ app_init ] --START--
INFO: Run Behavior\BuildLiteBehavior [ RunTime:0.000029s ]
INFO: [ app_init ] --END-- [ RunTime:0.000732s ]
INFO: [ app_begin ] --START--
INFO: Run Behavior\ReadHtmlCacheBehavior [ RunTime:0.005488s ]
INFO: [ app_begin ] --END-- [ RunTime:0.005750s ]
INFO: [ view_parse ] --START--
INFO: [ template_filter ] --START--
INFO: Run Behavior\ContentReplaceBehavior [ RunTime:0.011741s ]
INFO: [ template_filter ] --END-- [ RunTime:0.011855s ]
INFO: Run Behavior\ParseTemplateBehavior [ RunTime:0.051909s ]
INFO: [ view_parse ] --END-- [ RunTime:0.052081s ]
INFO: [ view_filter ] --START--
INFO: Run Behavior\WriteHtmlCacheBehavior [ RunTime:0.000597s ]
INFO: [ view_filter ] --END-- [ RunTime:0.000650s ]
INFO: [ app_end ] --START--
INFO: Run Behavior\ShowPageTraceBehavior [ RunTime:0.000954s ]
INFO: [ app_end ] --END-- [ RunTime:0.001016s ]

[ 2018-03-31T15:23:02+08:00 ] 127.0.0.1 /index.php/Admin/Login/login.html
INFO: [ app_init ] --START--
INFO: Run Behavior\BuildLiteBehavior [ RunTime:0.000016s ]
INFO: [ app_init ] --END-- [ RunTime:0.000426s ]
INFO: [ app_begin ] --START--
INFO: Run Behavior\ReadHtmlCacheBehavior [ RunTime:0.000542s ]
INFO: [ app_begin ] --END-- [ RunTime:0.000593s ]
INFO: [ view_parse ] --START--
INFO: [ template_filter ] --START--
INFO: Run Behavior\ContentReplaceBehavior [ RunTime:0.000044s ]
INFO: [ template_filter ] --END-- [ RunTime:0.000102s ]
INFO: Run Behavior\ParseTemplateBehavior [ RunTime:0.005648s ]
INFO: [ view_parse ] --END-- [ RunTime:0.005702s ]
INFO: [ view_filter ] --START--
INFO: Run Behavior\WriteHtmlCacheBehavior [ RunTime:0.000347s ]
INFO: [ view_filter ] --END-- [ RunTime:0.000385s ]
INFO: [ app_end ] --START--
INFO: Run Behavior\ShowPageTraceBehavior [ RunTime:0.000724s ]
INFO: [ app_end ] --END-- [ RunTime:0.000814s ]

[ 2018-03-31T16:13:33+08:00 ] 127.0.0.1 /index.php/Admin/Login/login.html
INFO: [ app_init ] --START--
INFO: Run Behavior\BuildLiteBehavior [ RunTime:0.000018s ]
INFO: [ app_init ] --END-- [ RunTime:0.000541s ]
INFO: [ app_begin ] --START--
INFO: Run Behavior\ReadHtmlCacheBehavior [ RunTime:0.000859s ]
INFO: [ app_begin ] --END-- [ RunTime:0.000920s ]
SQL: SHOW COLUMNS FROM `bbs_admin` [ RunTime:0.0700s ]
SQL: SELECT * FROM `bbs_admin` WHERE `admin_name` = 'admin' LIMIT 1   [ RunTime:0.0033s ]
INFO: [ view_parse ] --START--
INFO: [ template_filter ] --START--
INFO: Run Behavior\ContentReplaceBehavior [ RunTime:0.000041s ]
INFO: [ template_filter ] --END-- [ RunTime:0.000098s ]
INFO: Run Behavior\ParseTemplateBehavior [ RunTime:0.037679s ]
INFO: [ view_parse ] --END-- [ RunTime:0.037769s ]
INFO: [ view_filter ] --START--
INFO: Run Behavior\WriteHtmlCacheBehavior [ RunTime:0.000400s ]
INFO: [ view_filter ] --END-- [ RunTime:0.000432s ]
INFO: [ app_end ] --START--
INFO: Run Behavior\ShowPageTraceBehavior [ RunTime:0.000613s ]
INFO: [ app_end ] --END-- [ RunTime:0.000648s ]

[ 2018-03-31T16:13:33+08:00 ] 127.0.0.1 /index.php/Admin/Public/js/x-layui.js
INFO: [ app_init ] --START--
INFO: Run Behavior\BuildLiteBehavior [ RunTime:0.000039s ]
INFO: [ app_init ] --END-- [ RunTime:0.001177s ]
INFO: [ app_begin ] --START--
INFO: Run Behavior\ReadHtmlCacheBehavior [ RunTime:0.001545s ]
INFO: [ app_begin ] --END-- [ RunTime:0.001763s ]
ERR: 无法加载控制器:Public

[ 2018-03-31T16:13:34+08:00 ] 127.0.0.1 /index.php/Admin/Public/js/x-admin.js
INFO: [ app_init ] --START--
INFO: Run Behavior\BuildLiteBehavior [ RunTime:0.000030s ]
INFO: [ app_init ] --END-- [ RunTime:0.000743s ]
INFO: [ app_begin ] --START--
INFO: Run Behavior\ReadHtmlCacheBehavior [ RunTime:0.001850s ]
INFO: [ app_begin ] --END-- [ RunTime:0.001962s ]
ERR: 无法加载控制器:Public

[ 2018-03-31T16:13:36+08:00 ] 127.0.0.1 /index.php/Admin/Index/index.html
INFO: [ app_init ] --START--
INFO: Run Behavior\BuildLiteBehavior [ RunTime:0.000017s ]
INFO: [ app_init ] --END-- [ RunTime:0.000406s ]
INFO: [ app_begin ] --START--
INFO: Run Behavior\ReadHtmlCacheBehavior [ RunTime:0.001164s ]
INFO: [ app_begin ] --END-- [ RunTime:0.001289s ]
SQL: SHOW COLUMNS FROM `bbs_auth` [ RunTime:0.0440s ]
SQL: SELECT * FROM `bbs_auth` WHERE ( pid=0 and shows=0 )  [ RunTime:0.0114s ]
SQL: SELECT * FROM `bbs_auth` WHERE ( pid>0 and shows=0 )  [ RunTime:0.0007s ]
INFO: [ view_parse ] --START--
INFO: [ template_filter ] --START--
INFO: Run Behavior\ContentReplaceBehavior [ RunTime:0.000048s ]
INFO: [ template_filter ] --END-- [ RunTime:0.000090s ]
INFO: Run Behavior\ParseTemplateBehavior [ RunTime:0.054925s ]
INFO: [ view_parse ] --END-- [ RunTime:0.055117s ]
INFO: [ view_filter ] --START--
INFO: Run Behavior\WriteHtmlCacheBehavior [ RunTime:0.000848s ]
INFO: [ view_filter ] --END-- [ RunTime:0.000909s ]
INFO: [ app_end ] --START--
INFO: Run Behavior\ShowPageTraceBehavior [ RunTime:0.000541s ]
INFO: [ app_end ] --END-- [ RunTime:0.000572s ]

[ 2018-03-31T16:13:37+08:00 ] 127.0.0.1 /index.php/Admin/We/index?a=1
INFO: [ app_init ] --START--
INFO: Run Behavior\BuildLiteBehavior [ RunTime:0.000030s ]
INFO: [ app_init ] --END-- [ RunTime:0.000822s ]
INFO: [ app_begin ] --START--
INFO: Run Behavior\ReadHtmlCacheBehavior [ RunTime:0.001213s ]
INFO: [ app_begin ] --END-- [ RunTime:0.001336s ]
SQL: SHOW COLUMNS FROM `bbs_auth` [ RunTime:0.0051s ]
SQL: SELECT * FROM `bbs_auth` WHERE ( pid=0 and shows=0 )  [ RunTime:0.0007s ]
SQL: SELECT * FROM `bbs_auth` WHERE ( pid>0 and shows=0 )  [ RunTime:0.0006s ]
INFO: [ view_parse ] --START--
INFO: [ template_filter ] --START--
INFO: Run Behavior\ContentReplaceBehavior [ RunTime:0.000122s ]
INFO: [ template_filter ] --END-- [ RunTime:0.000216s ]
INFO: Run Behavior\ParseTemplateBehavior [ RunTime:0.051356s ]
INFO: [ view_parse ] --END-- [ RunTime:0.051492s ]
INFO: [ view_filter ] --START--
INFO: Run Behavior\WriteHtmlCacheBehavior [ RunTime:0.000739s ]
INFO: [ view_filter ] --END-- [ RunTime:0.000829s ]
INFO: [ app_end ] --START--
INFO: Run Behavior\ShowPageTraceBehavior [ RunTime:0.002119s ]
INFO: [ app_end ] --END-- [ RunTime:0.003788s ]

[ 2018-03-31T16:13:43+08:00 ] 127.0.0.1 /index.php/Admin/Banner/lis
INFO: [ app_init ] --START--
INFO: Run Behavior\BuildLiteBehavior [ RunTime:0.005951s ]
INFO: [ app_init ] --END-- [ RunTime:0.014323s ]
INFO: [ app_begin ] --START--
INFO: Run Behavior\ReadHtmlCacheBehavior [ RunTime:0.007413s ]
INFO: [ app_begin ] --END-- [ RunTime:0.011094s ]
SQL: SHOW COLUMNS FROM `bbs_auth` [ RunTime:0.0126s ]
SQL: SELECT * FROM `bbs_auth` WHERE ( pid=0 and shows=0 )  [ RunTime:0.0006s ]
SQL: SELECT * FROM `bbs_auth` WHERE ( pid>0 and shows=0 )  [ RunTime:0.0005s ]
SQL: SHOW COLUMNS FROM `bbs_sheave` [ RunTime:0.0573s ]
SQL: SELECT * FROM `bbs_sheave`  [ RunTime:0.0008s ]
INFO: [ view_parse ] --START--
INFO: [ template_filter ] --START--
INFO: Run Behavior\ContentReplaceBehavior [ RunTime:0.000065s ]
INFO: [ template_filter ] --END-- [ RunTime:0.000104s ]
INFO: Run Behavior\ParseTemplateBehavior [ RunTime:0.031160s ]
INFO: [ view_parse ] --END-- [ RunTime:0.031239s ]
INFO: [ view_filter ] --START--
INFO: Run Behavior\WriteHtmlCacheBehavior [ RunTime:0.000298s ]
INFO: [ view_filter ] --END-- [ RunTime:0.000327s ]
INFO: [ app_end ] --START--
INFO: Run Behavior\ShowPageTraceBehavior [ RunTime:0.000542s ]
INFO: [ app_end ] --END-- [ RunTime:0.000585s ]

[ 2018-03-31T16:13:49+08:00 ] 127.0.0.1 /index.php/Admin/Banner/state?a1=1&id=27
INFO: [ app_init ] --START--
INFO: Run Behavior\BuildLiteBehavior [ RunTime:0.000013s ]
INFO: [ app_init ] --END-- [ RunTime:0.000314s ]
INFO: [ app_begin ] --START--
INFO: Run Behavior\ReadHtmlCacheBehavior [ RunTime:0.000426s ]
INFO: [ app_begin ] --END-- [ RunTime:0.000465s ]
SQL: SHOW COLUMNS FROM `bbs_auth` [ RunTime:0.0101s ]
SQL: SELECT * FROM `bbs_auth` WHERE ( pid=0 and shows=0 )  [ RunTime:0.0006s ]
SQL: SELECT * FROM `bbs_auth` WHERE ( pid>0 and shows=0 )  [ RunTime:0.0006s ]
SQL: SHOW COLUMNS FROM `bbs_sheave` [ RunTime:0.0034s ]
SQL: UPDATE `bbs_sheave` SET `show_pic`='1' WHERE `id` = 27 [ RunTime:0.0007s ]

[ 2018-03-31T16:13:51+08:00 ] 127.0.0.1 /index.php/Admin/Banner/lis
INFO: [ app_init ] --START--
INFO: Run Behavior\BuildLiteBehavior [ RunTime:0.000018s ]
INFO: [ app_init ] --END-- [ RunTime:0.000530s ]
INFO: [ app_begin ] --START--
INFO: Run Behavior\ReadHtmlCacheBehavior [ RunTime:0.000638s ]
INFO: [ app_begin ] --END-- [ RunTime:0.000693s ]
SQL: SHOW COLUMNS FROM `bbs_auth` [ RunTime:0.0130s ]
SQL: SELECT * FROM `bbs_auth` WHERE ( pid=0 and shows=0 )  [ RunTime:0.0006s ]
SQL: SELECT * FROM `bbs_auth` WHERE ( pid>0 and shows=0 )  [ RunTime:0.0006s ]
SQL: SHOW COLUMNS FROM `bbs_sheave` [ RunTime:0.0060s ]
SQL: SELECT * FROM `bbs_sheave`  [ RunTime:0.0008s ]
INFO: [ view_parse ] --START--
INFO: [ template_filter ] --START--
INFO: Run Behavior\ContentReplaceBehavior [ RunTime:0.000087s ]
INFO: [ template_filter ] --END-- [ RunTime:0.000138s ]
INFO: Run Behavior\ParseTemplateBehavior [ RunTime:0.008159s ]
INFO: [ view_parse ] --END-- [ RunTime:0.008241s ]
INFO: [ view_filter ] --START--
INFO: Run Behavior\WriteHtmlCacheBehavior [ RunTime:0.000330s ]
INFO: [ view_filter ] --END-- [ RunTime:0.000372s ]
INFO: [ app_end ] --START--
INFO: Run Behavior\ShowPageTraceBehavior [ RunTime:0.000949s ]
INFO: [ app_end ] --END-- [ RunTime:0.001019s ]

[ 2018-03-31T16:13:53+08:00 ] 127.0.0.1 /index.php/Admin/Banner/state?a1=2&id=27
INFO: [ app_init ] --START--
INFO: Run Behavior\BuildLiteBehavior [ RunTime:0.000018s ]
INFO: [ app_init ] --END-- [ RunTime:0.000451s ]
INFO: [ app_begin ] --START--
INFO: Run Behavior\ReadHtmlCacheBehavior [ RunTime:0.000557s ]
INFO: [ app_begin ] --END-- [ RunTime:0.000608s ]
SQL: SHOW COLUMNS FROM `bbs_auth` [ RunTime:0.0067s ]
SQL: SELECT * FROM `bbs_auth` WHERE ( pid=0 and shows=0 )  [ RunTime:0.0006s ]
SQL: SELECT * FROM `bbs_auth` WHERE ( pid>0 and shows=0 )  [ RunTime:0.0006s ]
SQL: SHOW COLUMNS FROM `bbs_sheave` [ RunTime:0.0052s ]
SQL: UPDATE `bbs_sheave` SET `show_pic`='0' WHERE `id` = 27 [ RunTime:0.0006s ]

[ 2018-03-31T16:13:56+08:00 ] 127.0.0.1 /index.php/Admin/Banner/lis
INFO: [ app_init ] --START--
INFO: Run Behavior\BuildLiteBehavior [ RunTime:0.000027s ]
INFO: [ app_init ] --END-- [ RunTime:0.000715s ]
INFO: [ app_begin ] --START--
INFO: Run Behavior\ReadHtmlCacheBehavior [ RunTime:0.000916s ]
INFO: [ app_begin ] --END-- [ RunTime:0.001002s ]
SQL: SHOW COLUMNS FROM `bbs_auth` [ RunTime:0.0098s ]
SQL: SELECT * FROM `bbs_auth` WHERE ( pid=0 and shows=0 )  [ RunTime:0.0017s ]
SQL: SELECT * FROM `bbs_auth` WHERE ( pid>0 and shows=0 )  [ RunTime:0.0011s ]
SQL: SHOW COLUMNS FROM `bbs_sheave` [ RunTime:0.0102s ]
SQL: SELECT * FROM `bbs_sheave`  [ RunTime:0.0009s ]
INFO: [ view_parse ] --START--
INFO: [ template_filter ] --START--
INFO: Run Behavior\ContentReplaceBehavior [ RunTime:0.000152s ]
INFO: [ template_filter ] --END-- [ RunTime:0.000247s ]
INFO: Run Behavior\ParseTemplateBehavior [ RunTime:0.014240s ]
INFO: [ view_parse ] --END-- [ RunTime:0.014370s ]
INFO: [ view_filter ] --START--
INFO: Run Behavior\WriteHtmlCacheBehavior [ RunTime:0.000526s ]
INFO: [ view_filter ] --END-- [ RunTime:0.000600s ]
INFO: [ app_end ] --START--
INFO: Run Behavior\ShowPageTraceBehavior [ RunTime:0.001192s ]
INFO: [ app_end ] --END-- [ RunTime:0.001286s ]

[ 2018-03-31T16:13:58+08:00 ] 127.0.0.1 /index.php/Admin/Banner/add
INFO: [ app_init ] --START--
INFO: Run Behavior\BuildLiteBehavior [ RunTime:0.000035s ]
INFO: [ app_init ] --END-- [ RunTime:0.000878s ]
INFO: [ app_begin ] --START--
INFO: Run Behavior\ReadHtmlCacheBehavior [ RunTime:0.001469s ]
INFO: [ app_begin ] --END-- [ RunTime:0.001850s ]
SQL: SHOW COLUMNS FROM `bbs_auth` [ RunTime:0.0050s ]
SQL: SELECT * FROM `bbs_auth` WHERE ( pid=0 and shows=0 )  [ RunTime:0.0006s ]
SQL: SELECT * FROM `bbs_auth` WHERE ( pid>0 and shows=0 )  [ RunTime:0.0005s ]
INFO: [ view_parse ] --START--
INFO: [ template_filter ] --START--
INFO: Run Behavior\ContentReplaceBehavior [ RunTime:0.000056s ]
INFO: [ template_filter ] --END-- [ RunTime:0.000108s ]
INFO: Run Behavior\ParseTemplateBehavior [ RunTime:0.046985s ]
INFO: [ view_parse ] --END-- [ RunTime:0.047067s ]
INFO: [ view_filter ] --START--
INFO: Run Behavior\WriteHtmlCacheBehavior [ RunTime:0.000365s ]
INFO: [ view_filter ] --END-- [ RunTime:0.000417s ]
INFO: [ app_end ] --START--
INFO: Run Behavior\ShowPageTraceBehavior [ RunTime:0.000745s ]
INFO: [ app_end ] --END-- [ RunTime:0.000797s ]

[ 2018-03-31T16:14:11+08:00 ] 127.0.0.1 /index.php/Admin/Banner/add
INFO: [ app_init ] --START--
INFO: Run Behavior\BuildLiteBehavior [ RunTime:0.000084s ]
INFO: [ app_init ] --END-- [ RunTime:0.001804s ]
INFO: [ app_begin ] --START--
INFO: Run Behavior\ReadHtmlCacheBehavior [ RunTime:0.002256s ]
INFO: [ app_begin ] --END-- [ RunTime:0.002528s ]
SQL: SHOW COLUMNS FROM `bbs_auth` [ RunTime:0.0124s ]
SQL: SELECT * FROM `bbs_auth` WHERE ( pid=0 and shows=0 )  [ RunTime:0.0008s ]
SQL: SELECT * FROM `bbs_auth` WHERE ( pid>0 and shows=0 )  [ RunTime:0.0008s ]
NOTIC: [8] Undefined index: description I:\www\bbs\Application\Admin\Controller\BannerController.class.php 第 14 行.
SQL: SHOW COLUMNS FROM `bbs_sheave` [ RunTime:0.0070s ]
NOTIC: [2] call_user_func() expects parameter 1 to be a valid callback, no array or string given I:\www\bbs\ThinkPHP\Library\Think\Upload.class.php 第 170 行.
SQL: SHOW COLUMNS FROM `bbs_sheave` [ RunTime:0.0119s ]
SQL: INSERT INTO `bbs_sheave` (`sheave_pic`,`thumbnail`) VALUES ('/Public/Admin/sheaveup/2018-03-31/big_5abf4352b7921.jpg','/Public/Admin/sheaveup/2018-03-31/small_5abf4352b7921.jpg') [ RunTime:0.0008s ]

[ 2018-03-31T16:14:17+08:00 ] 127.0.0.1 /index.php/Admin/Banner/add
INFO: [ app_init ] --START--
INFO: Run Behavior\BuildLiteBehavior [ RunTime:0.000032s ]
INFO: [ app_init ] --END-- [ RunTime:0.001599s ]
INFO: [ app_begin ] --START--
INFO: Run Behavior\ReadHtmlCacheBehavior [ RunTime:0.004014s ]
INFO: [ app_begin ] --END-- [ RunTime:0.004373s ]
SQL: SHOW COLUMNS FROM `bbs_auth` [ RunTime:0.0034s ]
SQL: SELECT * FROM `bbs_auth` WHERE ( pid=0 and shows=0 )  [ RunTime:0.0004s ]
SQL: SELECT * FROM `bbs_auth` WHERE ( pid>0 and shows=0 )  [ RunTime:0.0005s ]
SQL: SHOW COLUMNS FROM `bbs_sheave` [ RunTime:0.0034s ]
SQL: UPDATE `bbs_sheave` SET `id`='37',`description`='1123' WHERE `id` = 37 [ RunTime:0.0004s ]

[ 2018-03-31T16:14:19+08:00 ] 127.0.0.1 /index.php/Admin/Banner/lis
INFO: [ app_init ] --START--
INFO: Run Behavior\BuildLiteBehavior [ RunTime:0.000096s ]
INFO: [ app_init ] --END-- [ RunTime:0.003593s ]
INFO: [ app_begin ] --START--
INFO: Run Behavior\ReadHtmlCacheBehavior [ RunTime:0.002463s ]
INFO: [ app_begin ] --END-- [ RunTime:0.002569s ]
SQL: SHOW COLUMNS FROM `bbs_auth` [ RunTime:0.0049s ]
SQL: SELECT * FROM `bbs_auth` WHERE ( pid=0 and shows=0 )  [ RunTime:0.0006s ]
SQL: SELECT * FROM `bbs_auth` WHERE ( pid>0 and shows=0 )  [ RunTime:0.0007s ]
SQL: SHOW COLUMNS FROM `bbs_sheave` [ RunTime:0.0037s ]
SQL: SELECT * FROM `bbs_sheave`  [ RunTime:0.0006s ]
INFO: [ view_parse ] --START--
INFO: [ template_filter ] --START--
INFO: Run Behavior\ContentReplaceBehavior [ RunTime:0.000097s ]
INFO: [ template_filter ] --END-- [ RunTime:0.000165s ]
INFO: Run Behavior\ParseTemplateBehavior [ RunTime:0.010918s ]
INFO: [ view_parse ] --END-- [ RunTime:0.010993s ]
INFO: [ view_filter ] --START--
INFO: Run Behavior\WriteHtmlCacheBehavior [ RunTime:0.001714s ]
INFO: [ view_filter ] --END-- [ RunTime:0.001756s ]
INFO: [ app_end ] --START--
INFO: Run Behavior\ShowPageTraceBehavior [ RunTime:0.002153s ]
INFO: [ app_end ] --END-- [ RunTime:0.002231s ]

[ 2018-03-31T16:14:42+08:00 ] 127.0.0.1 /index.php/Admin/Banner/del
INFO: [ app_init ] --START--
INFO: Run Behavior\BuildLiteBehavior [ RunTime:0.000015s ]
INFO: [ app_init ] --END-- [ RunTime:0.000474s ]
INFO: [ app_begin ] --START--
INFO: Run Behavior\ReadHtmlCacheBehavior [ RunTime:0.000684s ]
INFO: [ app_begin ] --END-- [ RunTime:0.000730s ]
SQL: SHOW COLUMNS FROM `bbs_auth` [ RunTime:0.0108s ]
SQL: SELECT * FROM `bbs_auth` WHERE ( pid=0 and shows=0 )  [ RunTime:0.0005s ]
SQL: SELECT * FROM `bbs_auth` WHERE ( pid>0 and shows=0 )  [ RunTime:0.0005s ]
SQL: SHOW COLUMNS FROM `bbs_sheave` [ RunTime:0.0035s ]
SQL: SELECT * FROM `bbs_sheave` WHERE `id` = 37 LIMIT 1   [ RunTime:0.0006s ]
SQL: DELETE FROM `bbs_sheave` WHERE `id` = 37 [ RunTime:0.0007s ]

[ 2018-03-31T16:15:11+08:00 ] 127.0.0.1 /index.php/Admin/Banner/state?a1=1&id=27
INFO: [ app_init ] --START--
INFO: Run Behavior\BuildLiteBehavior [ RunTime:0.000013s ]
INFO: [ app_init ] --END-- [ RunTime:0.000413s ]
INFO: [ app_begin ] --START--
INFO: Run Behavior\ReadHtmlCacheBehavior [ RunTime:0.000966s ]
INFO: [ app_begin ] --END-- [ RunTime:0.001056s ]
SQL: SHOW COLUMNS FROM `bbs_auth` [ RunTime:0.0043s ]
SQL: SELECT * FROM `bbs_auth` WHERE ( pid=0 and shows=0 )  [ RunTime:0.0006s ]
SQL: SELECT * FROM `bbs_auth` WHERE ( pid>0 and shows=0 )  [ RunTime:0.0005s ]
SQL: SHOW COLUMNS FROM `bbs_sheave` [ RunTime:0.0056s ]
SQL: UPDATE `bbs_sheave` SET `show_pic`='1' WHERE `id` = 27 [ RunTime:0.0005s ]

[ 2018-03-31T16:21:27+08:00 ] 127.0.0.1 /index.php/Admin/Index/index.html
INFO: [ app_init ] --START--
INFO: Run Behavior\BuildLiteBehavior [ RunTime:0.000037s ]
INFO: [ app_init ] --END-- [ RunTime:0.001267s ]
INFO: [ app_begin ] --START--
INFO: Run Behavior\ReadHtmlCacheBehavior [ RunTime:0.001247s ]
INFO: [ app_begin ] --END-- [ RunTime:0.001338s ]
SQL: SHOW COLUMNS FROM `bbs_auth` [ RunTime:0.0293s ]
SQL: SELECT * FROM `bbs_auth` WHERE ( pid=0 and shows=0 )  [ RunTime:0.0008s ]
SQL: SELECT * FROM `bbs_auth` WHERE ( pid>0 and shows=0 )  [ RunTime:0.0012s ]
INFO: [ view_parse ] --START--
INFO: [ template_filter ] --START--
INFO: Run Behavior\ContentReplaceBehavior [ RunTime:0.000117s ]
INFO: [ template_filter ] --END-- [ RunTime:0.000206s ]
INFO: Run Behavior\ParseTemplateBehavior [ RunTime:0.017721s ]
INFO: [ view_parse ] --END-- [ RunTime:0.017820s ]
INFO: [ view_filter ] --START--
INFO: Run Behavior\WriteHtmlCacheBehavior [ RunTime:0.000565s ]
INFO: [ view_filter ] --END-- [ RunTime:0.000619s ]
INFO: [ app_end ] --START--
INFO: Run Behavior\ShowPageTraceBehavior [ RunTime:0.001086s ]
INFO: [ app_end ] --END-- [ RunTime:0.001140s ]

[ 2018-03-31T16:21:28+08:00 ] 127.0.0.1 /index.php/Admin/We/index?a=1
INFO: [ app_init ] --START--
INFO: Run Behavior\BuildLiteBehavior [ RunTime:0.000025s ]
INFO: [ app_init ] --END-- [ RunTime:0.000598s ]
INFO: [ app_begin ] --START--
INFO: Run Behavior\ReadHtmlCacheBehavior [ RunTime:0.000938s ]
INFO: [ app_begin ] --END-- [ RunTime:0.001041s ]
SQL: SHOW COLUMNS FROM `bbs_auth` [ RunTime:0.0138s ]
SQL: SELECT * FROM `bbs_auth` WHERE ( pid=0 and shows=0 )  [ RunTime:0.0006s ]
SQL: SELECT * FROM `bbs_auth` WHERE ( pid>0 and shows=0 )  [ RunTime:0.0006s ]
INFO: [ view_parse ] --START--
INFO: [ template_filter ] --START--
INFO: Run Behavior\ContentReplaceBehavior [ RunTime:0.000151s ]
INFO: [ template_filter ] --END-- [ RunTime:0.000264s ]
INFO: Run Behavior\ParseTemplateBehavior [ RunTime:0.012860s ]
INFO: [ view_parse ] --END-- [ RunTime:0.012952s ]
INFO: [ view_filter ] --START--
INFO: Run Behavior\WriteHtmlCacheBehavior [ RunTime:0.000480s ]
INFO: [ view_filter ] --END-- [ RunTime:0.000549s ]
INFO: [ app_end ] --START--
INFO: Run Behavior\ShowPageTraceBehavior [ RunTime:0.000977s ]
INFO: [ app_end ] --END-- [ RunTime:0.001065s ]

[ 2018-03-31T16:21:40+08:00 ] 127.0.0.1 /index.php/Admin/Category/category
INFO: [ app_init ] --START--
INFO: Run Behavior\BuildLiteBehavior [ RunTime:0.000022s ]
INFO: [ app_init ] --END-- [ RunTime:0.000430s ]
INFO: [ app_begin ] --START--
INFO: Run Behavior\ReadHtmlCacheBehavior [ RunTime:0.001188s ]
INFO: [ app_begin ] --END-- [ RunTime:0.001288s ]
SQL: SHOW COLUMNS FROM `bbs_auth` [ RunTime:0.0142s ]
SQL: SELECT * FROM `bbs_auth` WHERE ( pid=0 and shows=0 )  [ RunTime:0.0006s ]
SQL: SELECT * FROM `bbs_auth` WHERE ( pid>0 and shows=0 )  [ RunTime:0.0007s ]
SQL: SHOW COLUMNS FROM `bbs_forumtype` [ RunTime:0.0548s ]
SQL: SELECT * FROM `bbs_forumtype`  [ RunTime:0.0006s ]
INFO: [ view_parse ] --START--
INFO: [ template_filter ] --START--
INFO: Run Behavior\ContentReplaceBehavior [ RunTime:0.000069s ]
INFO: [ template_filter ] --END-- [ RunTime:0.000119s ]
INFO: Run Behavior\ParseTemplateBehavior [ RunTime:0.044439s ]
INFO: [ view_parse ] --END-- [ RunTime:0.044598s ]
INFO: [ view_filter ] --START--
INFO: Run Behavior\WriteHtmlCacheBehavior [ RunTime:0.001692s ]
INFO: [ view_filter ] --END-- [ RunTime:0.001832s ]
INFO: [ app_end ] --START--
INFO: Run Behavior\ShowPageTraceBehavior [ RunTime:0.006360s ]
INFO: [ app_end ] --END-- [ RunTime:0.006599s ]

[ 2018-03-31T19:25:24+08:00 ] 127.0.0.1 /index.php/Admin/ArDSF
INFO: [ app_init ] --START--
INFO: Run Behavior\BuildLiteBehavior [ RunTime:0.000014s ]
INFO: [ app_init ] --END-- [ RunTime:0.000406s ]
INFO: [ app_begin ] --START--
INFO: Run Behavior\ReadHtmlCacheBehavior [ RunTime:0.001065s ]
INFO: [ app_begin ] --END-- [ RunTime:0.001139s ]
ERR: 无法加载控制器:ArDSF

[ 2018-03-31T19:25:44+08:00 ] 127.0.0.1 /index.php/Admin/ArDSF
ERR: 无法加载控制器:ArDSF

[ 2018-03-31T19:26:15+08:00 ] 127.0.0.1 /index.php/Admin/asdfsdfdsafsadfdsaf
ERR: 无法加载控制器:Asdfsdfdsafsadfdsaf

