[ 2018-03-23T10:20:59+08:00 ] 127.0.0.1 /
INFO: [ app_init ] --START--
INFO: Run Behavior\BuildLiteBehavior [ RunTime:0.000014s ]
INFO: [ app_init ] --END-- [ RunTime:0.016970s ]
INFO: [ app_begin ] --START--
INFO: Run Behavior\ReadHtmlCacheBehavior [ RunTime:0.005945s ]
INFO: [ app_begin ] --END-- [ RunTime:0.006011s ]

[ 2018-03-23T10:21:00+08:00 ] 127.0.0.1 /index.php/Admin/Login/login.html
INFO: [ app_init ] --START--
INFO: Run Behavior\BuildLiteBehavior [ RunTime:0.000011s ]
INFO: [ app_init ] --END-- [ RunTime:0.000325s ]
INFO: [ app_begin ] --START--
INFO: Run Behavior\ReadHtmlCacheBehavior [ RunTime:0.000402s ]
INFO: [ app_begin ] --END-- [ RunTime:0.000444s ]
INFO: [ view_parse ] --START--
INFO: [ template_filter ] --START--
INFO: Run Behavior\ContentReplaceBehavior [ RunTime:0.015393s ]
INFO: [ template_filter ] --END-- [ RunTime:0.015490s ]
INFO: Run Behavior\ParseTemplateBehavior [ RunTime:0.107273s ]
INFO: [ view_parse ] --END-- [ RunTime:0.107356s ]
INFO: [ view_filter ] --START--
INFO: Run Behavior\WriteHtmlCacheBehavior [ RunTime:0.019251s ]
INFO: [ view_filter ] --END-- [ RunTime:0.019331s ]
INFO: [ app_end ] --START--
INFO: Run Behavior\ShowPageTraceBehavior [ RunTime:0.037873s ]
INFO: [ app_end ] --END-- [ RunTime:0.037959s ]

[ 2018-03-23T10:22:59+08:00 ] 127.0.0.1 /index.php/Admin/Login/login.html
INFO: [ app_init ] --START--
INFO: Run Behavior\BuildLiteBehavior [ RunTime:0.000011s ]
INFO: [ app_init ] --END-- [ RunTime:0.000351s ]
INFO: [ app_begin ] --START--
INFO: Run Behavior\ReadHtmlCacheBehavior [ RunTime:0.000524s ]
INFO: [ app_begin ] --END-- [ RunTime:0.000580s ]
SQL: SHOW COLUMNS FROM `bbs_admin` [ RunTime:0.0569s ]
SQL: SELECT * FROM `bbs_admin` WHERE `admin_name` = 'admin' LIMIT 1   [ RunTime:0.0008s ]
INFO: [ view_parse ] --START--
INFO: [ template_filter ] --START--
INFO: Run Behavior\ContentReplaceBehavior [ RunTime:0.000028s ]
INFO: [ template_filter ] --END-- [ RunTime:0.000066s ]
INFO: Run Behavior\ParseTemplateBehavior [ RunTime:0.018570s ]
INFO: [ view_parse ] --END-- [ RunTime:0.018606s ]
INFO: [ view_filter ] --START--
INFO: Run Behavior\WriteHtmlCacheBehavior [ RunTime:0.000189s ]
INFO: [ view_filter ] --END-- [ RunTime:0.000212s ]
INFO: [ app_end ] --START--
INFO: Run Behavior\ShowPageTraceBehavior [ RunTime:0.000370s ]
INFO: [ app_end ] --END-- [ RunTime:0.000397s ]

[ 2018-03-23T10:22:59+08:00 ] 127.0.0.1 /index.php/Admin/Public/js/x-layui.js
INFO: [ app_init ] --START--
INFO: Run Behavior\BuildLiteBehavior [ RunTime:0.000022s ]
INFO: [ app_init ] --END-- [ RunTime:0.000577s ]
INFO: [ app_begin ] --START--
INFO: Run Behavior\ReadHtmlCacheBehavior [ RunTime:0.000508s ]
INFO: [ app_begin ] --END-- [ RunTime:0.000573s ]
ERR: 无法加载控制器:Public

[ 2018-03-23T10:23:00+08:00 ] 127.0.0.1 /index.php/Admin/Public/js/x-admin.js
INFO: [ app_init ] --START--
INFO: Run Behavior\BuildLiteBehavior [ RunTime:0.000010s ]
INFO: [ app_init ] --END-- [ RunTime:0.000341s ]
INFO: [ app_begin ] --START--
INFO: Run Behavior\ReadHtmlCacheBehavior [ RunTime:0.000381s ]
INFO: [ app_begin ] --END-- [ RunTime:0.000418s ]
ERR: 无法加载控制器:Public

[ 2018-03-23T10:23:02+08:00 ] 127.0.0.1 /index.php/Admin/Index/index.html
INFO: [ app_init ] --START--
INFO: Run Behavior\BuildLiteBehavior [ RunTime:0.000009s ]
INFO: [ app_init ] --END-- [ RunTime:0.000273s ]
INFO: [ app_begin ] --START--
INFO: Run Behavior\ReadHtmlCacheBehavior [ RunTime:0.000311s ]
INFO: [ app_begin ] --END-- [ RunTime:0.000346s ]
SQL: SHOW COLUMNS FROM `bbs_auth` [ RunTime:0.0438s ]
SQL: SELECT * FROM `bbs_auth` WHERE ( pid=0 and shows=0 )  [ RunTime:0.0115s ]
SQL: SELECT * FROM `bbs_auth` WHERE ( pid>0 and shows=0 )  [ RunTime:0.0007s ]
INFO: [ view_parse ] --START--
INFO: [ template_filter ] --START--
INFO: Run Behavior\ContentReplaceBehavior [ RunTime:0.000047s ]
INFO: [ template_filter ] --END-- [ RunTime:0.000085s ]
INFO: Run Behavior\ParseTemplateBehavior [ RunTime:0.062042s ]
INFO: [ view_parse ] --END-- [ RunTime:0.062099s ]
INFO: [ view_filter ] --START--
INFO: Run Behavior\WriteHtmlCacheBehavior [ RunTime:0.000281s ]
INFO: [ view_filter ] --END-- [ RunTime:0.000314s ]
INFO: [ app_end ] --START--
INFO: Run Behavior\ShowPageTraceBehavior [ RunTime:0.000520s ]
INFO: [ app_end ] --END-- [ RunTime:0.000553s ]

[ 2018-03-23T10:23:03+08:00 ] 127.0.0.1 /index.php/Admin/We/index?a=1
INFO: [ app_init ] --START--
INFO: Run Behavior\BuildLiteBehavior [ RunTime:0.000016s ]
INFO: [ app_init ] --END-- [ RunTime:0.000478s ]
INFO: [ app_begin ] --START--
INFO: Run Behavior\ReadHtmlCacheBehavior [ RunTime:0.000678s ]
INFO: [ app_begin ] --END-- [ RunTime:0.000762s ]
SQL: SHOW COLUMNS FROM `bbs_auth` [ RunTime:0.0106s ]
SQL: SELECT * FROM `bbs_auth` WHERE ( pid=0 and shows=0 )  [ RunTime:0.0006s ]
SQL: SELECT * FROM `bbs_auth` WHERE ( pid>0 and shows=0 )  [ RunTime:0.0006s ]
INFO: [ view_parse ] --START--
INFO: [ template_filter ] --START--
INFO: Run Behavior\ContentReplaceBehavior [ RunTime:0.000058s ]
INFO: [ template_filter ] --END-- [ RunTime:0.000096s ]
INFO: Run Behavior\ParseTemplateBehavior [ RunTime:0.046872s ]
INFO: [ view_parse ] --END-- [ RunTime:0.046907s ]
INFO: [ view_filter ] --START--
INFO: Run Behavior\WriteHtmlCacheBehavior [ RunTime:0.000189s ]
INFO: [ view_filter ] --END-- [ RunTime:0.000214s ]
INFO: [ app_end ] --START--
INFO: Run Behavior\ShowPageTraceBehavior [ RunTime:0.000381s ]
INFO: [ app_end ] --END-- [ RunTime:0.000418s ]

[ 2018-03-23T10:23:07+08:00 ] 127.0.0.1 /index.php/Admin/Article/lis
INFO: [ app_init ] --START--
INFO: Run Behavior\BuildLiteBehavior [ RunTime:0.000011s ]
INFO: [ app_init ] --END-- [ RunTime:0.000311s ]
INFO: [ app_begin ] --START--
INFO: Run Behavior\ReadHtmlCacheBehavior [ RunTime:0.000329s ]
INFO: [ app_begin ] --END-- [ RunTime:0.000374s ]
SQL: SHOW COLUMNS FROM `bbs_auth` [ RunTime:0.0107s ]
SQL: SELECT * FROM `bbs_auth` WHERE ( pid=0 and shows=0 )  [ RunTime:0.0006s ]
SQL: SELECT * FROM `bbs_auth` WHERE ( pid>0 and shows=0 )  [ RunTime:0.0006s ]
SQL: SHOW COLUMNS FROM `bbs_article` [ RunTime:0.0364s ]
SQL: SELECT a.id,a.titile,a.cate_id,a.content,u.name,a.createtime,a.pv FROM bbs_article a left join bbs_user as u on a.user_id=u.id   [ RunTime:0.0911s ]
INFO: [ view_parse ] --START--
INFO: [ template_filter ] --START--
INFO: Run Behavior\ContentReplaceBehavior [ RunTime:0.000053s ]
INFO: [ template_filter ] --END-- [ RunTime:0.000087s ]
INFO: Run Behavior\ParseTemplateBehavior [ RunTime:0.021143s ]
INFO: [ view_parse ] --END-- [ RunTime:0.021221s ]
INFO: [ view_filter ] --START--
INFO: Run Behavior\WriteHtmlCacheBehavior [ RunTime:0.000183s ]
INFO: [ view_filter ] --END-- [ RunTime:0.000209s ]
INFO: [ app_end ] --START--
INFO: Run Behavior\ShowPageTraceBehavior [ RunTime:0.000442s ]
INFO: [ app_end ] --END-- [ RunTime:0.000480s ]

[ 2018-03-23T16:26:14+08:00 ] 127.0.0.1 /index.php/Admin/Category/category
INFO: [ app_init ] --START--
INFO: Run Behavior\BuildLiteBehavior [ RunTime:0.000019s ]
INFO: [ app_init ] --END-- [ RunTime:0.033486s ]
INFO: [ app_begin ] --START--
INFO: Run Behavior\ReadHtmlCacheBehavior [ RunTime:0.004784s ]
INFO: [ app_begin ] --END-- [ RunTime:0.004843s ]
SQL: SHOW COLUMNS FROM `bbs_auth` [ RunTime:0.0392s ]
SQL: SELECT * FROM `bbs_auth` WHERE ( pid=0 and shows=0 )  [ RunTime:0.0007s ]
SQL: SELECT * FROM `bbs_auth` WHERE ( pid>0 and shows=0 )  [ RunTime:0.0006s ]
SQL: SHOW COLUMNS FROM `bbs_forumtype` [ RunTime:0.0229s ]
SQL: SELECT * FROM `bbs_forumtype`  [ RunTime:0.0008s ]
INFO: [ view_parse ] --START--
INFO: [ template_filter ] --START--
INFO: Run Behavior\ContentReplaceBehavior [ RunTime:0.000069s ]
INFO: [ template_filter ] --END-- [ RunTime:0.000108s ]
INFO: Run Behavior\ParseTemplateBehavior [ RunTime:0.068551s ]
INFO: [ view_parse ] --END-- [ RunTime:0.068607s ]
INFO: [ view_filter ] --START--
INFO: Run Behavior\WriteHtmlCacheBehavior [ RunTime:0.034416s ]
INFO: [ view_filter ] --END-- [ RunTime:0.034473s ]
INFO: [ app_end ] --START--
INFO: Run Behavior\ShowPageTraceBehavior [ RunTime:0.015454s ]
INFO: [ app_end ] --END-- [ RunTime:0.015503s ]

[ 2018-03-23T16:30:26+08:00 ] 127.0.0.1 /index.php/Admin/Admin/role
INFO: [ app_init ] --START--
INFO: Run Behavior\BuildLiteBehavior [ RunTime:0.000012s ]
INFO: [ app_init ] --END-- [ RunTime:0.000375s ]
INFO: [ app_begin ] --START--
INFO: Run Behavior\ReadHtmlCacheBehavior [ RunTime:0.000372s ]
INFO: [ app_begin ] --END-- [ RunTime:0.000411s ]
SQL: SHOW COLUMNS FROM `bbs_auth` [ RunTime:0.0116s ]
SQL: SELECT * FROM `bbs_auth` WHERE ( pid=0 and shows=0 )  [ RunTime:0.0007s ]
SQL: SELECT * FROM `bbs_auth` WHERE ( pid>0 and shows=0 )  [ RunTime:0.0007s ]
SQL: SHOW COLUMNS FROM `bbs_role` [ RunTime:0.0613s ]
SQL: SELECT * FROM `bbs_role`  [ RunTime:0.0373s ]
INFO: [ view_parse ] --START--
INFO: [ template_filter ] --START--
INFO: Run Behavior\ContentReplaceBehavior [ RunTime:0.000076s ]
INFO: [ template_filter ] --END-- [ RunTime:0.000137s ]
INFO: Run Behavior\ParseTemplateBehavior [ RunTime:0.038952s ]
INFO: [ view_parse ] --END-- [ RunTime:0.039029s ]
INFO: [ view_filter ] --START--
INFO: Run Behavior\WriteHtmlCacheBehavior [ RunTime:0.000452s ]
INFO: [ view_filter ] --END-- [ RunTime:0.000498s ]
INFO: [ app_end ] --START--
INFO: Run Behavior\ShowPageTraceBehavior [ RunTime:0.000805s ]
INFO: [ app_end ] --END-- [ RunTime:0.000872s ]

[ 2018-03-23T16:30:27+08:00 ] 127.0.0.1 /index.php/Admin/Admin/rule
INFO: [ app_init ] --START--
INFO: Run Behavior\BuildLiteBehavior [ RunTime:0.000012s ]
INFO: [ app_init ] --END-- [ RunTime:0.000414s ]
INFO: [ app_begin ] --START--
INFO: Run Behavior\ReadHtmlCacheBehavior [ RunTime:0.000552s ]
INFO: [ app_begin ] --END-- [ RunTime:0.000597s ]
SQL: SHOW COLUMNS FROM `bbs_auth` [ RunTime:0.0136s ]
SQL: SELECT * FROM `bbs_auth` WHERE ( pid=0 and shows=0 )  [ RunTime:0.0012s ]
SQL: SELECT * FROM `bbs_auth` WHERE ( pid>0 and shows=0 )  [ RunTime:0.0007s ]
SQL: SHOW COLUMNS FROM `bbs_auth` [ RunTime:0.0040s ]
SQL: SELECT * FROM `bbs_auth`  [ RunTime:0.0010s ]
SQL: SELECT COUNT(*) AS tp_count FROM `bbs_auth` LIMIT 1   [ RunTime:0.0009s ]
SQL: SELECT * FROM `bbs_auth` WHERE ( pid=0 )  [ RunTime:0.0031s ]
INFO: [ view_parse ] --START--
INFO: [ template_filter ] --START--
INFO: Run Behavior\ContentReplaceBehavior [ RunTime:0.000201s ]
INFO: [ template_filter ] --END-- [ RunTime:0.000295s ]
INFO: Run Behavior\ParseTemplateBehavior [ RunTime:0.083531s ]
INFO: [ view_parse ] --END-- [ RunTime:0.083634s ]
INFO: [ view_filter ] --START--
INFO: Run Behavior\WriteHtmlCacheBehavior [ RunTime:0.000829s ]
INFO: [ view_filter ] --END-- [ RunTime:0.000918s ]
INFO: [ app_end ] --START--
INFO: Run Behavior\ShowPageTraceBehavior [ RunTime:0.001385s ]
INFO: [ app_end ] --END-- [ RunTime:0.001501s ]

[ 2018-03-23T16:30:29+08:00 ] 127.0.0.1 /index.php/Admin/Admin/lis
INFO: [ app_init ] --START--
INFO: Run Behavior\BuildLiteBehavior [ RunTime:0.000011s ]
INFO: [ app_init ] --END-- [ RunTime:0.000415s ]
INFO: [ app_begin ] --START--
INFO: Run Behavior\ReadHtmlCacheBehavior [ RunTime:0.000466s ]
INFO: [ app_begin ] --END-- [ RunTime:0.000505s ]
SQL: SHOW COLUMNS FROM `bbs_auth` [ RunTime:0.0136s ]
SQL: SELECT * FROM `bbs_auth` WHERE ( pid=0 and shows=0 )  [ RunTime:0.0007s ]
SQL: SELECT * FROM `bbs_auth` WHERE ( pid>0 and shows=0 )  [ RunTime:0.0007s ]
SQL: SHOW COLUMNS FROM `bbs_admin` [ RunTime:0.0660s ]
SQL: SELECT a.*,r.role_name FROM bbs_admin a left join bbs_role as r  on a.admin_role=r.id   [ RunTime:0.0008s ]
SQL: SELECT COUNT(*) AS tp_count FROM `bbs_admin` LIMIT 1   [ RunTime:0.0004s ]
INFO: [ view_parse ] --START--
INFO: [ template_filter ] --START--
INFO: Run Behavior\ContentReplaceBehavior [ RunTime:0.000217s ]
INFO: [ template_filter ] --END-- [ RunTime:0.000310s ]
INFO: Run Behavior\ParseTemplateBehavior [ RunTime:0.045337s ]
INFO: [ view_parse ] --END-- [ RunTime:0.045436s ]
INFO: [ view_filter ] --START--
INFO: Run Behavior\WriteHtmlCacheBehavior [ RunTime:0.000622s ]
INFO: [ view_filter ] --END-- [ RunTime:0.000703s ]
INFO: [ app_end ] --START--
INFO: Run Behavior\ShowPageTraceBehavior [ RunTime:0.001026s ]
INFO: [ app_end ] --END-- [ RunTime:0.001113s ]

[ 2018-03-23T16:30:30+08:00 ] 127.0.0.1 /index.php/Admin/User/kiss
INFO: [ app_init ] --START--
INFO: Run Behavior\BuildLiteBehavior [ RunTime:0.000011s ]
INFO: [ app_init ] --END-- [ RunTime:0.000345s ]
INFO: [ app_begin ] --START--
INFO: Run Behavior\ReadHtmlCacheBehavior [ RunTime:0.000439s ]
INFO: [ app_begin ] --END-- [ RunTime:0.000478s ]
NOTIC: [2048] Declaration of Admin\Controller\UserController::show() should be compatible with Think\Controller::show($content, $charset = '', $contentType = '', $prefix = '') I:\www\bbs\Application\Admin\Controller\UserController.class.php 第 4 行.
SQL: SHOW COLUMNS FROM `bbs_auth` [ RunTime:0.0105s ]
SQL: SELECT * FROM `bbs_auth` WHERE ( pid=0 and shows=0 )  [ RunTime:0.0006s ]
SQL: SELECT * FROM `bbs_auth` WHERE ( pid>0 and shows=0 )  [ RunTime:0.0006s ]
SQL: SHOW COLUMNS FROM `bbs_score` [ RunTime:0.0582s ]
SQL: SELECT s.id,s.user_id,s.incident,s.detail,s.score,u.name FROM bbs_score s left join bbs_user as u on s.user_id = u.id   [ RunTime:0.0167s ]
INFO: [ view_parse ] --START--
INFO: [ template_filter ] --START--
INFO: Run Behavior\ContentReplaceBehavior [ RunTime:0.000056s ]
INFO: [ template_filter ] --END-- [ RunTime:0.000096s ]
INFO: Run Behavior\ParseTemplateBehavior [ RunTime:0.041485s ]
INFO: [ view_parse ] --END-- [ RunTime:0.041560s ]
INFO: [ view_filter ] --START--
INFO: Run Behavior\WriteHtmlCacheBehavior [ RunTime:0.000405s ]
INFO: [ view_filter ] --END-- [ RunTime:0.000448s ]
INFO: [ app_end ] --START--
INFO: Run Behavior\ShowPageTraceBehavior [ RunTime:0.000568s ]
INFO: [ app_end ] --END-- [ RunTime:0.000619s ]

[ 2018-03-23T16:33:43+08:00 ] 127.0.0.1 /index.php/Admin/Index/index.html
INFO: [ app_init ] --START--
INFO: Run Behavior\BuildLiteBehavior [ RunTime:0.000021s ]
INFO: [ app_init ] --END-- [ RunTime:0.000710s ]
INFO: [ app_begin ] --START--
INFO: Run Behavior\ReadHtmlCacheBehavior [ RunTime:0.000672s ]
INFO: [ app_begin ] --END-- [ RunTime:0.000729s ]
SQL: SHOW COLUMNS FROM `bbs_auth` [ RunTime:0.0130s ]
SQL: SELECT * FROM `bbs_auth` WHERE ( pid=0 and shows=0 )  [ RunTime:0.0017s ]
SQL: SELECT * FROM `bbs_auth` WHERE ( pid>0 and shows=0 )  [ RunTime:0.0007s ]
INFO: [ view_parse ] --START--
INFO: [ template_filter ] --START--
INFO: Run Behavior\ContentReplaceBehavior [ RunTime:0.000046s ]
INFO: [ template_filter ] --END-- [ RunTime:0.000087s ]
INFO: Run Behavior\ParseTemplateBehavior [ RunTime:2.241885s ]
INFO: [ view_parse ] --END-- [ RunTime:2.241957s ]
INFO: [ view_filter ] --START--
INFO: Run Behavior\WriteHtmlCacheBehavior [ RunTime:0.000584s ]
INFO: [ view_filter ] --END-- [ RunTime:0.000631s ]
INFO: [ app_end ] --START--
INFO: Run Behavior\ShowPageTraceBehavior [ RunTime:0.000580s ]
INFO: [ app_end ] --END-- [ RunTime:0.000635s ]

[ 2018-03-23T16:33:44+08:00 ] 127.0.0.1 /index.php/Admin/We/index?a=1
INFO: [ app_init ] --START--
INFO: Run Behavior\BuildLiteBehavior [ RunTime:0.000032s ]
INFO: [ app_init ] --END-- [ RunTime:0.001017s ]
INFO: [ app_begin ] --START--
INFO: Run Behavior\ReadHtmlCacheBehavior [ RunTime:0.001324s ]
INFO: [ app_begin ] --END-- [ RunTime:0.001523s ]
SQL: SHOW COLUMNS FROM `bbs_auth` [ RunTime:0.0125s ]
SQL: SELECT * FROM `bbs_auth` WHERE ( pid=0 and shows=0 )  [ RunTime:0.0008s ]
SQL: SELECT * FROM `bbs_auth` WHERE ( pid>0 and shows=0 )  [ RunTime:0.0006s ]
INFO: [ view_parse ] --START--
INFO: [ template_filter ] --START--
INFO: Run Behavior\ContentReplaceBehavior [ RunTime:0.000093s ]
INFO: [ template_filter ] --END-- [ RunTime:0.000160s ]
INFO: Run Behavior\ParseTemplateBehavior [ RunTime:0.021080s ]
INFO: [ view_parse ] --END-- [ RunTime:0.021160s ]
INFO: [ view_filter ] --START--
INFO: Run Behavior\WriteHtmlCacheBehavior [ RunTime:0.000403s ]
INFO: [ view_filter ] --END-- [ RunTime:0.000459s ]
INFO: [ app_end ] --START--
INFO: Run Behavior\ShowPageTraceBehavior [ RunTime:0.000836s ]
INFO: [ app_end ] --END-- [ RunTime:0.000919s ]

[ 2018-03-23T16:33:47+08:00 ] 127.0.0.1 /index.php/Admin/Category/category
INFO: [ app_init ] --START--
INFO: Run Behavior\BuildLiteBehavior [ RunTime:0.000022s ]
INFO: [ app_init ] --END-- [ RunTime:0.000629s ]
INFO: [ app_begin ] --START--
INFO: Run Behavior\ReadHtmlCacheBehavior [ RunTime:0.001119s ]
INFO: [ app_begin ] --END-- [ RunTime:0.001220s ]
SQL: SHOW COLUMNS FROM `bbs_auth` [ RunTime:0.0056s ]
SQL: SELECT * FROM `bbs_auth` WHERE ( pid=0 and shows=0 )  [ RunTime:0.0005s ]
SQL: SELECT * FROM `bbs_auth` WHERE ( pid>0 and shows=0 )  [ RunTime:0.0004s ]
SQL: SHOW COLUMNS FROM `bbs_forumtype` [ RunTime:0.0034s ]
SQL: SELECT * FROM `bbs_forumtype`  [ RunTime:0.0005s ]
INFO: [ view_parse ] --START--
INFO: [ template_filter ] --START--
INFO: Run Behavior\ContentReplaceBehavior [ RunTime:0.000067s ]
INFO: [ template_filter ] --END-- [ RunTime:0.000115s ]
INFO: Run Behavior\ParseTemplateBehavior [ RunTime:0.011063s ]
INFO: [ view_parse ] --END-- [ RunTime:0.011115s ]
INFO: [ view_filter ] --START--
INFO: Run Behavior\WriteHtmlCacheBehavior [ RunTime:0.000247s ]
INFO: [ view_filter ] --END-- [ RunTime:0.000280s ]
INFO: [ app_end ] --START--
INFO: Run Behavior\ShowPageTraceBehavior [ RunTime:0.000465s ]
INFO: [ app_end ] --END-- [ RunTime:0.000511s ]

[ 2018-03-23T16:33:48+08:00 ] 127.0.0.1 /index.php/Admin/Admin/lis
INFO: [ app_init ] --START--
INFO: Run Behavior\BuildLiteBehavior [ RunTime:0.000015s ]
INFO: [ app_init ] --END-- [ RunTime:0.000497s ]
INFO: [ app_begin ] --START--
INFO: Run Behavior\ReadHtmlCacheBehavior [ RunTime:0.001443s ]
INFO: [ app_begin ] --END-- [ RunTime:0.001676s ]
SQL: SHOW COLUMNS FROM `bbs_auth` [ RunTime:0.0037s ]
SQL: SELECT * FROM `bbs_auth` WHERE ( pid=0 and shows=0 )  [ RunTime:0.0006s ]
SQL: SELECT * FROM `bbs_auth` WHERE ( pid>0 and shows=0 )  [ RunTime:0.0006s ]
SQL: SHOW COLUMNS FROM `bbs_admin` [ RunTime:0.0042s ]
SQL: SELECT a.*,r.role_name FROM bbs_admin a left join bbs_role as r  on a.admin_role=r.id   [ RunTime:0.0008s ]
SQL: SELECT COUNT(*) AS tp_count FROM `bbs_admin` LIMIT 1   [ RunTime:0.0005s ]
INFO: [ view_parse ] --START--
INFO: [ template_filter ] --START--
INFO: Run Behavior\ContentReplaceBehavior [ RunTime:0.000084s ]
INFO: [ template_filter ] --END-- [ RunTime:0.000120s ]
INFO: Run Behavior\ParseTemplateBehavior [ RunTime:0.006717s ]
INFO: [ view_parse ] --END-- [ RunTime:0.006771s ]
INFO: [ view_filter ] --START--
INFO: Run Behavior\WriteHtmlCacheBehavior [ RunTime:0.000290s ]
INFO: [ view_filter ] --END-- [ RunTime:0.000317s ]
INFO: [ app_end ] --START--
INFO: Run Behavior\ShowPageTraceBehavior [ RunTime:0.000606s ]
INFO: [ app_end ] --END-- [ RunTime:0.000658s ]

[ 2018-03-23T16:33:52+08:00 ] 127.0.0.1 /index.php/Admin/Admin/role
INFO: [ app_init ] --START--
INFO: Run Behavior\BuildLiteBehavior [ RunTime:0.000011s ]
INFO: [ app_init ] --END-- [ RunTime:0.000282s ]
INFO: [ app_begin ] --START--
INFO: Run Behavior\ReadHtmlCacheBehavior [ RunTime:0.000320s ]
INFO: [ app_begin ] --END-- [ RunTime:0.000353s ]
SQL: SHOW COLUMNS FROM `bbs_auth` [ RunTime:0.0107s ]
SQL: SELECT * FROM `bbs_auth` WHERE ( pid=0 and shows=0 )  [ RunTime:0.0006s ]
SQL: SELECT * FROM `bbs_auth` WHERE ( pid>0 and shows=0 )  [ RunTime:0.0006s ]
SQL: SHOW COLUMNS FROM `bbs_role` [ RunTime:0.0040s ]
SQL: SELECT * FROM `bbs_role`  [ RunTime:0.0007s ]
INFO: [ view_parse ] --START--
INFO: [ template_filter ] --START--
INFO: Run Behavior\ContentReplaceBehavior [ RunTime:0.000050s ]
INFO: [ template_filter ] --END-- [ RunTime:0.000090s ]
INFO: Run Behavior\ParseTemplateBehavior [ RunTime:0.006038s ]
INFO: [ view_parse ] --END-- [ RunTime:0.006116s ]
INFO: [ view_filter ] --START--
INFO: Run Behavior\WriteHtmlCacheBehavior [ RunTime:0.000218s ]
INFO: [ view_filter ] --END-- [ RunTime:0.000246s ]
INFO: [ app_end ] --START--
INFO: Run Behavior\ShowPageTraceBehavior [ RunTime:0.000411s ]
INFO: [ app_end ] --END-- [ RunTime:0.000446s ]

[ 2018-03-23T16:33:53+08:00 ] 127.0.0.1 /index.php/Admin/User/lis
INFO: [ app_init ] --START--
INFO: Run Behavior\BuildLiteBehavior [ RunTime:0.000023s ]
INFO: [ app_init ] --END-- [ RunTime:0.000586s ]
INFO: [ app_begin ] --START--
INFO: Run Behavior\ReadHtmlCacheBehavior [ RunTime:0.000499s ]
INFO: [ app_begin ] --END-- [ RunTime:0.000558s ]
NOTIC: [2048] Declaration of Admin\Controller\UserController::show() should be compatible with Think\Controller::show($content, $charset = '', $contentType = '', $prefix = '') I:\www\bbs\Application\Admin\Controller\UserController.class.php 第 4 行.
SQL: SHOW COLUMNS FROM `bbs_auth` [ RunTime:0.0041s ]
SQL: SELECT * FROM `bbs_auth` WHERE ( pid=0 and shows=0 )  [ RunTime:0.0006s ]
SQL: SELECT * FROM `bbs_auth` WHERE ( pid>0 and shows=0 )  [ RunTime:0.0005s ]
SQL: SHOW COLUMNS FROM `bbs_user` [ RunTime:0.0040s ]
SQL: SELECT u.id,u.del,u.name,i.sex,i.phone,u.email,i.domicile,u.createtime FROM bbs_user u join bbs_info as i on u.id = i.id  WHERE `del` = '0'  [ RunTime:0.0354s ]
INFO: [ view_parse ] --START--
INFO: [ template_filter ] --START--
INFO: Run Behavior\ContentReplaceBehavior [ RunTime:0.000068s ]
INFO: [ template_filter ] --END-- [ RunTime:0.000107s ]
INFO: Run Behavior\ParseTemplateBehavior [ RunTime:0.013728s ]
INFO: [ view_parse ] --END-- [ RunTime:0.013791s ]
INFO: [ view_filter ] --START--
INFO: Run Behavior\WriteHtmlCacheBehavior [ RunTime:0.000273s ]
INFO: [ view_filter ] --END-- [ RunTime:0.000314s ]
INFO: [ app_end ] --START--
INFO: Run Behavior\ShowPageTraceBehavior [ RunTime:0.000535s ]
INFO: [ app_end ] --END-- [ RunTime:0.000588s ]

[ 2018-03-23T16:34:03+08:00 ] 127.0.0.1 /index.php/Admin/User/add
INFO: [ app_init ] --START--
INFO: Run Behavior\BuildLiteBehavior [ RunTime:0.000023s ]
INFO: [ app_init ] --END-- [ RunTime:0.000651s ]
INFO: [ app_begin ] --START--
INFO: Run Behavior\ReadHtmlCacheBehavior [ RunTime:0.001071s ]
INFO: [ app_begin ] --END-- [ RunTime:0.001260s ]
NOTIC: [2048] Declaration of Admin\Controller\UserController::show() should be compatible with Think\Controller::show($content, $charset = '', $contentType = '', $prefix = '') I:\www\bbs\Application\Admin\Controller\UserController.class.php 第 4 行.
SQL: SHOW COLUMNS FROM `bbs_auth` [ RunTime:0.0119s ]
SQL: SELECT * FROM `bbs_auth` WHERE ( pid=0 and shows=0 )  [ RunTime:0.0015s ]
SQL: SELECT * FROM `bbs_auth` WHERE ( pid>0 and shows=0 )  [ RunTime:0.0007s ]
INFO: [ view_parse ] --START--
INFO: [ template_filter ] --START--
INFO: Run Behavior\ContentReplaceBehavior [ RunTime:0.000050s ]
INFO: [ template_filter ] --END-- [ RunTime:0.000095s ]
INFO: Run Behavior\ParseTemplateBehavior [ RunTime:0.030725s ]
INFO: [ view_parse ] --END-- [ RunTime:0.030912s ]
INFO: [ view_filter ] --START--
INFO: Run Behavior\WriteHtmlCacheBehavior [ RunTime:0.000322s ]
INFO: [ view_filter ] --END-- [ RunTime:0.000359s ]
INFO: [ app_end ] --START--
INFO: Run Behavior\ShowPageTraceBehavior [ RunTime:0.000367s ]
INFO: [ app_end ] --END-- [ RunTime:0.000395s ]

[ 2018-03-23T16:52:25+08:00 ] 127.0.0.1 /index.php/Admin/Login/login
INFO: [ app_init ] --START--
INFO: Run Behavior\BuildLiteBehavior [ RunTime:0.000013s ]
INFO: [ app_init ] --END-- [ RunTime:0.000481s ]
INFO: [ app_begin ] --START--
INFO: Run Behavior\ReadHtmlCacheBehavior [ RunTime:0.000597s ]
INFO: [ app_begin ] --END-- [ RunTime:0.000648s ]
INFO: [ view_parse ] --START--
INFO: [ template_filter ] --START--
INFO: Run Behavior\ContentReplaceBehavior [ RunTime:0.000045s ]
INFO: [ template_filter ] --END-- [ RunTime:0.000084s ]
INFO: Run Behavior\ParseTemplateBehavior [ RunTime:0.025756s ]
INFO: [ view_parse ] --END-- [ RunTime:0.025802s ]
INFO: [ view_filter ] --START--
INFO: Run Behavior\WriteHtmlCacheBehavior [ RunTime:0.000306s ]
INFO: [ view_filter ] --END-- [ RunTime:0.000339s ]
INFO: [ app_end ] --START--
INFO: Run Behavior\ShowPageTraceBehavior [ RunTime:0.000561s ]
INFO: [ app_end ] --END-- [ RunTime:0.000615s ]

[ 2018-03-23T16:52:58+08:00 ] 127.0.0.1 /index.php/Admin/Login/login
INFO: [ app_init ] --START--
INFO: Run Behavior\BuildLiteBehavior [ RunTime:0.000013s ]
INFO: [ app_init ] --END-- [ RunTime:0.000442s ]
INFO: [ app_begin ] --START--
INFO: Run Behavior\ReadHtmlCacheBehavior [ RunTime:0.000336s ]
INFO: [ app_begin ] --END-- [ RunTime:0.000383s ]
SQL: SHOW COLUMNS FROM `bbs_admin` [ RunTime:0.0106s ]
SQL: SELECT * FROM `bbs_admin` WHERE `admin_name` = 'admin' LIMIT 1   [ RunTime:0.0007s ]
INFO: [ view_parse ] --START--
INFO: [ template_filter ] --START--
INFO: Run Behavior\ContentReplaceBehavior [ RunTime:0.000028s ]
INFO: [ template_filter ] --END-- [ RunTime:0.000064s ]
INFO: Run Behavior\ParseTemplateBehavior [ RunTime:0.036093s ]
INFO: [ view_parse ] --END-- [ RunTime:0.036129s ]
INFO: [ view_filter ] --START--
INFO: Run Behavior\WriteHtmlCacheBehavior [ RunTime:0.000221s ]
INFO: [ view_filter ] --END-- [ RunTime:0.000245s ]
INFO: [ app_end ] --START--
INFO: Run Behavior\ShowPageTraceBehavior [ RunTime:0.000331s ]
INFO: [ app_end ] --END-- [ RunTime:0.000358s ]

[ 2018-03-23T16:52:58+08:00 ] 127.0.0.1 /index.php/Admin/Public/js/x-layui.js
INFO: [ app_init ] --START--
INFO: Run Behavior\BuildLiteBehavior [ RunTime:0.000022s ]
INFO: [ app_init ] --END-- [ RunTime:0.000534s ]
INFO: [ app_begin ] --START--
INFO: Run Behavior\ReadHtmlCacheBehavior [ RunTime:0.000737s ]
INFO: [ app_begin ] --END-- [ RunTime:0.000854s ]
ERR: 无法加载控制器:Public

[ 2018-03-23T16:52:59+08:00 ] 127.0.0.1 /index.php/Admin/Public/js/x-admin.js
INFO: [ app_init ] --START--
INFO: Run Behavior\BuildLiteBehavior [ RunTime:0.000009s ]
INFO: [ app_init ] --END-- [ RunTime:0.000297s ]
INFO: [ app_begin ] --START--
INFO: Run Behavior\ReadHtmlCacheBehavior [ RunTime:0.000335s ]
INFO: [ app_begin ] --END-- [ RunTime:0.000370s ]
ERR: 无法加载控制器:Public

[ 2018-03-23T16:53:01+08:00 ] 127.0.0.1 /index.php/Admin/Index/index.html
INFO: [ app_init ] --START--
INFO: Run Behavior\BuildLiteBehavior [ RunTime:0.000016s ]
INFO: [ app_init ] --END-- [ RunTime:0.000442s ]
INFO: [ app_begin ] --START--
INFO: Run Behavior\ReadHtmlCacheBehavior [ RunTime:0.000336s ]
INFO: [ app_begin ] --END-- [ RunTime:0.000374s ]
SQL: SHOW COLUMNS FROM `bbs_auth` [ RunTime:0.0113s ]
SQL: SELECT * FROM `bbs_auth` WHERE ( pid=0 and shows=0 )  [ RunTime:0.0007s ]
SQL: SELECT * FROM `bbs_auth` WHERE ( pid>0 and shows=0 )  [ RunTime:0.0006s ]
INFO: [ view_parse ] --START--
INFO: [ template_filter ] --START--
INFO: Run Behavior\ContentReplaceBehavior [ RunTime:0.000044s ]
INFO: [ template_filter ] --END-- [ RunTime:0.000088s ]
INFO: Run Behavior\ParseTemplateBehavior [ RunTime:0.006081s ]
INFO: [ view_parse ] --END-- [ RunTime:0.006119s ]
INFO: [ view_filter ] --START--
INFO: Run Behavior\WriteHtmlCacheBehavior [ RunTime:0.000190s ]
INFO: [ view_filter ] --END-- [ RunTime:0.000214s ]
INFO: [ app_end ] --START--
INFO: Run Behavior\ShowPageTraceBehavior [ RunTime:0.000316s ]
INFO: [ app_end ] --END-- [ RunTime:0.000342s ]

[ 2018-03-23T16:53:02+08:00 ] 127.0.0.1 /index.php/Admin/We/index?a=1
INFO: [ app_init ] --START--
INFO: Run Behavior\BuildLiteBehavior [ RunTime:0.000017s ]
INFO: [ app_init ] --END-- [ RunTime:0.000451s ]
INFO: [ app_begin ] --START--
INFO: Run Behavior\ReadHtmlCacheBehavior [ RunTime:0.000538s ]
INFO: [ app_begin ] --END-- [ RunTime:0.000600s ]
SQL: SHOW COLUMNS FROM `bbs_auth` [ RunTime:0.0106s ]
SQL: SELECT * FROM `bbs_auth` WHERE ( pid=0 and shows=0 )  [ RunTime:0.0006s ]
SQL: SELECT * FROM `bbs_auth` WHERE ( pid>0 and shows=0 )  [ RunTime:0.0006s ]
INFO: [ view_parse ] --START--
INFO: [ template_filter ] --START--
INFO: Run Behavior\ContentReplaceBehavior [ RunTime:0.000064s ]
INFO: [ template_filter ] --END-- [ RunTime:0.000116s ]
INFO: Run Behavior\ParseTemplateBehavior [ RunTime:0.005480s ]
INFO: [ view_parse ] --END-- [ RunTime:0.005522s ]
INFO: [ view_filter ] --START--
INFO: Run Behavior\WriteHtmlCacheBehavior [ RunTime:0.000203s ]
INFO: [ view_filter ] --END-- [ RunTime:0.000229s ]
INFO: [ app_end ] --START--
INFO: Run Behavior\ShowPageTraceBehavior [ RunTime:0.000404s ]
INFO: [ app_end ] --END-- [ RunTime:0.000443s ]

[ 2018-03-23T16:53:13+08:00 ] 127.0.0.1 /index.php/Admin/User/del
INFO: [ app_init ] --START--
INFO: Run Behavior\BuildLiteBehavior [ RunTime:0.000011s ]
INFO: [ app_init ] --END-- [ RunTime:0.000275s ]
INFO: [ app_begin ] --START--
INFO: Run Behavior\ReadHtmlCacheBehavior [ RunTime:0.000352s ]
INFO: [ app_begin ] --END-- [ RunTime:0.000387s ]
NOTIC: [2048] Declaration of Admin\Controller\UserController::show() should be compatible with Think\Controller::show($content, $charset = '', $contentType = '', $prefix = '') I:\www\bbs\Application\Admin\Controller\UserController.class.php 第 4 行.
SQL: SHOW COLUMNS FROM `bbs_auth` [ RunTime:0.0102s ]
SQL: SELECT * FROM `bbs_auth` WHERE ( pid=0 and shows=0 )  [ RunTime:0.0006s ]
SQL: SELECT * FROM `bbs_auth` WHERE ( pid>0 and shows=0 )  [ RunTime:0.0006s ]
SQL: SHOW COLUMNS FROM `bbs_user` [ RunTime:0.0040s ]
SQL: SELECT u.id,u.del,u.name,i.sex,i.phone,u.email,i.domicile,u.createtime FROM bbs_user u join bbs_info as i on u.id=i.id  WHERE `del` = '1'  [ RunTime:0.0009s ]
INFO: [ view_parse ] --START--
INFO: [ template_filter ] --START--
INFO: Run Behavior\ContentReplaceBehavior [ RunTime:0.000052s ]
INFO: [ template_filter ] --END-- [ RunTime:0.000088s ]
INFO: Run Behavior\ParseTemplateBehavior [ RunTime:0.045503s ]
INFO: [ view_parse ] --END-- [ RunTime:0.045542s ]
INFO: [ view_filter ] --START--
INFO: Run Behavior\WriteHtmlCacheBehavior [ RunTime:0.000194s ]
INFO: [ view_filter ] --END-- [ RunTime:0.000218s ]
INFO: [ app_end ] --START--
INFO: Run Behavior\ShowPageTraceBehavior [ RunTime:0.000450s ]
INFO: [ app_end ] --END-- [ RunTime:0.000489s ]

[ 2018-03-23T16:53:15+08:00 ] 127.0.0.1 /index.php/Admin/User/lis
INFO: [ app_init ] --START--
INFO: Run Behavior\BuildLiteBehavior [ RunTime:0.000010s ]
INFO: [ app_init ] --END-- [ RunTime:0.000306s ]
INFO: [ app_begin ] --START--
INFO: Run Behavior\ReadHtmlCacheBehavior [ RunTime:0.000329s ]
INFO: [ app_begin ] --END-- [ RunTime:0.000363s ]
NOTIC: [2048] Declaration of Admin\Controller\UserController::show() should be compatible with Think\Controller::show($content, $charset = '', $contentType = '', $prefix = '') I:\www\bbs\Application\Admin\Controller\UserController.class.php 第 4 行.
SQL: SHOW COLUMNS FROM `bbs_auth` [ RunTime:0.0104s ]
SQL: SELECT * FROM `bbs_auth` WHERE ( pid=0 and shows=0 )  [ RunTime:0.0006s ]
SQL: SELECT * FROM `bbs_auth` WHERE ( pid>0 and shows=0 )  [ RunTime:0.0011s ]
SQL: SHOW COLUMNS FROM `bbs_user` [ RunTime:0.0039s ]
SQL: SELECT u.id,u.del,u.name,i.sex,i.phone,u.email,i.domicile,u.createtime FROM bbs_user u join bbs_info as i on u.id = i.id  WHERE `del` = '0'  [ RunTime:0.0006s ]
INFO: [ view_parse ] --START--
INFO: [ template_filter ] --START--
INFO: Run Behavior\ContentReplaceBehavior [ RunTime:0.000069s ]
INFO: [ template_filter ] --END-- [ RunTime:0.000105s ]
INFO: Run Behavior\ParseTemplateBehavior [ RunTime:0.006197s ]
INFO: [ view_parse ] --END-- [ RunTime:0.006244s ]
INFO: [ view_filter ] --START--
INFO: Run Behavior\WriteHtmlCacheBehavior [ RunTime:0.000228s ]
INFO: [ view_filter ] --END-- [ RunTime:0.000254s ]
INFO: [ app_end ] --START--
INFO: Run Behavior\ShowPageTraceBehavior [ RunTime:0.000503s ]
INFO: [ app_end ] --END-- [ RunTime:0.000555s ]

[ 2018-03-23T17:28:06+08:00 ] 127.0.0.1 /index.php/Admin/Article/lis
INFO: [ app_init ] --START--
INFO: Run Behavior\BuildLiteBehavior [ RunTime:0.000010s ]
INFO: [ app_init ] --END-- [ RunTime:0.000375s ]
INFO: [ app_begin ] --START--
INFO: Run Behavior\ReadHtmlCacheBehavior [ RunTime:0.000464s ]
INFO: [ app_begin ] --END-- [ RunTime:0.000503s ]
SQL: SHOW COLUMNS FROM `bbs_auth` [ RunTime:0.0106s ]
SQL: SELECT * FROM `bbs_auth` WHERE ( pid=0 and shows=0 )  [ RunTime:0.0006s ]
SQL: SELECT * FROM `bbs_auth` WHERE ( pid>0 and shows=0 )  [ RunTime:0.0006s ]
SQL: SHOW COLUMNS FROM `bbs_article` [ RunTime:0.0558s ]
SQL: SELECT a.id,a.titile,a.cate_id,a.content,u.name,a.createtime,a.pv FROM bbs_article a left join bbs_user as u on a.user_id=u.id   [ RunTime:0.0210s ]
INFO: [ view_parse ] --START--
INFO: [ template_filter ] --START--
INFO: Run Behavior\ContentReplaceBehavior [ RunTime:0.000067s ]
INFO: [ template_filter ] --END-- [ RunTime:0.000104s ]
INFO: Run Behavior\ParseTemplateBehavior [ RunTime:0.022649s ]
INFO: [ view_parse ] --END-- [ RunTime:0.022698s ]
INFO: [ view_filter ] --START--
INFO: Run Behavior\WriteHtmlCacheBehavior [ RunTime:0.000286s ]
INFO: [ view_filter ] --END-- [ RunTime:0.000312s ]
INFO: [ app_end ] --START--
INFO: Run Behavior\ShowPageTraceBehavior [ RunTime:0.000514s ]
INFO: [ app_end ] --END-- [ RunTime:0.000556s ]

[ 2018-03-23T17:29:00+08:00 ] 127.0.0.1 /index.php/Admin/Banner/lis
INFO: [ app_init ] --START--
INFO: Run Behavior\BuildLiteBehavior [ RunTime:0.000013s ]
INFO: [ app_init ] --END-- [ RunTime:0.000496s ]
INFO: [ app_begin ] --START--
INFO: Run Behavior\ReadHtmlCacheBehavior [ RunTime:0.000717s ]
INFO: [ app_begin ] --END-- [ RunTime:0.000844s ]
SQL: SHOW COLUMNS FROM `bbs_auth` [ RunTime:0.0107s ]
SQL: SELECT * FROM `bbs_auth` WHERE ( pid=0 and shows=0 )  [ RunTime:0.0006s ]
SQL: SELECT * FROM `bbs_auth` WHERE ( pid>0 and shows=0 )  [ RunTime:0.0006s ]
SQL: SHOW COLUMNS FROM `bbs_sheave` [ RunTime:0.0425s ]
SQL: SELECT * FROM `bbs_sheave`  [ RunTime:0.0008s ]
INFO: [ view_parse ] --START--
INFO: [ template_filter ] --START--
INFO: Run Behavior\ContentReplaceBehavior [ RunTime:0.000055s ]
INFO: [ template_filter ] --END-- [ RunTime:0.000092s ]
INFO: Run Behavior\ParseTemplateBehavior [ RunTime:0.006072s ]
INFO: [ view_parse ] --END-- [ RunTime:0.006151s ]
INFO: [ view_filter ] --START--
INFO: Run Behavior\WriteHtmlCacheBehavior [ RunTime:0.000332s ]
INFO: [ view_filter ] --END-- [ RunTime:0.000378s ]
INFO: [ app_end ] --START--
INFO: Run Behavior\ShowPageTraceBehavior [ RunTime:0.000669s ]
INFO: [ app_end ] --END-- [ RunTime:0.000746s ]

[ 2018-03-23T17:39:40+08:00 ] 127.0.0.1 /index.php/Admin/Admin/lis
INFO: [ app_init ] --START--
INFO: Run Behavior\BuildLiteBehavior [ RunTime:0.000114s ]
INFO: [ app_init ] --END-- [ RunTime:0.001955s ]
INFO: [ app_begin ] --START--
INFO: Run Behavior\ReadHtmlCacheBehavior [ RunTime:0.000556s ]
INFO: [ app_begin ] --END-- [ RunTime:0.000609s ]
SQL: SHOW COLUMNS FROM `bbs_auth` [ RunTime:0.0107s ]
SQL: SELECT * FROM `bbs_auth` WHERE ( pid=0 and shows=0 )  [ RunTime:0.0007s ]
SQL: SELECT * FROM `bbs_auth` WHERE ( pid>0 and shows=0 )  [ RunTime:0.0006s ]
SQL: SHOW COLUMNS FROM `bbs_admin` [ RunTime:0.0040s ]
SQL: SELECT a.*,r.role_name FROM bbs_admin a left join bbs_role as r  on a.admin_role=r.id   [ RunTime:0.0016s ]
SQL: SELECT COUNT(*) AS tp_count FROM `bbs_admin` LIMIT 1   [ RunTime:0.0004s ]
INFO: [ view_parse ] --START--
INFO: [ template_filter ] --START--
INFO: Run Behavior\ContentReplaceBehavior [ RunTime:0.000257s ]
INFO: [ template_filter ] --END-- [ RunTime:0.000399s ]
INFO: Run Behavior\ParseTemplateBehavior [ RunTime:1.435268s ]
INFO: [ view_parse ] --END-- [ RunTime:1.435391s ]
INFO: [ view_filter ] --START--
INFO: Run Behavior\WriteHtmlCacheBehavior [ RunTime:0.001186s ]
INFO: [ view_filter ] --END-- [ RunTime:0.001272s ]
INFO: [ app_end ] --START--
INFO: Run Behavior\ShowPageTraceBehavior [ RunTime:0.000980s ]
INFO: [ app_end ] --END-- [ RunTime:0.001063s ]

[ 2018-03-23T17:40:10+08:00 ] 127.0.0.1 /index.php/Admin/Category/category
INFO: [ app_init ] --START--
INFO: Run Behavior\BuildLiteBehavior [ RunTime:0.000015s ]
INFO: [ app_init ] --END-- [ RunTime:0.000431s ]
INFO: [ app_begin ] --START--
INFO: Run Behavior\ReadHtmlCacheBehavior [ RunTime:0.000878s ]
INFO: [ app_begin ] --END-- [ RunTime:0.000966s ]
SQL: SHOW COLUMNS FROM `bbs_auth` [ RunTime:0.0115s ]
SQL: SELECT * FROM `bbs_auth` WHERE ( pid=0 and shows=0 )  [ RunTime:0.0006s ]
SQL: SELECT * FROM `bbs_auth` WHERE ( pid>0 and shows=0 )  [ RunTime:0.0006s ]
SQL: SHOW COLUMNS FROM `bbs_forumtype` [ RunTime:0.0039s ]
SQL: SELECT * FROM `bbs_forumtype`  [ RunTime:0.0006s ]
INFO: [ view_parse ] --START--
INFO: [ template_filter ] --START--
INFO: Run Behavior\ContentReplaceBehavior [ RunTime:0.000064s ]
INFO: [ template_filter ] --END-- [ RunTime:0.000103s ]
INFO: Run Behavior\ParseTemplateBehavior [ RunTime:0.007365s ]
INFO: [ view_parse ] --END-- [ RunTime:0.007429s ]
INFO: [ view_filter ] --START--
INFO: Run Behavior\WriteHtmlCacheBehavior [ RunTime:0.000329s ]
INFO: [ view_filter ] --END-- [ RunTime:0.000385s ]
INFO: [ app_end ] --START--
INFO: Run Behavior\ShowPageTraceBehavior [ RunTime:0.000556s ]
INFO: [ app_end ] --END-- [ RunTime:0.000615s ]

[ 2018-03-23T17:40:12+08:00 ] 127.0.0.1 /index.php/Admin/Admin/rule
INFO: [ app_init ] --START--
INFO: Run Behavior\BuildLiteBehavior [ RunTime:0.000011s ]
INFO: [ app_init ] --END-- [ RunTime:0.000294s ]
INFO: [ app_begin ] --START--
INFO: Run Behavior\ReadHtmlCacheBehavior [ RunTime:0.000343s ]
INFO: [ app_begin ] --END-- [ RunTime:0.000378s ]
SQL: SHOW COLUMNS FROM `bbs_auth` [ RunTime:0.0133s ]
SQL: SELECT * FROM `bbs_auth` WHERE ( pid=0 and shows=0 )  [ RunTime:0.0007s ]
SQL: SELECT * FROM `bbs_auth` WHERE ( pid>0 and shows=0 )  [ RunTime:0.0007s ]
SQL: SHOW COLUMNS FROM `bbs_auth` [ RunTime:0.0058s ]
SQL: SELECT * FROM `bbs_auth`  [ RunTime:0.0011s ]
SQL: SELECT COUNT(*) AS tp_count FROM `bbs_auth` LIMIT 1   [ RunTime:0.0009s ]
SQL: SELECT * FROM `bbs_auth` WHERE ( pid=0 )  [ RunTime:0.0011s ]
INFO: [ view_parse ] --START--
INFO: [ template_filter ] --START--
INFO: Run Behavior\ContentReplaceBehavior [ RunTime:0.000090s ]
INFO: [ template_filter ] --END-- [ RunTime:0.000147s ]
INFO: Run Behavior\ParseTemplateBehavior [ RunTime:0.010328s ]
INFO: [ view_parse ] --END-- [ RunTime:0.010422s ]
INFO: [ view_filter ] --START--
INFO: Run Behavior\WriteHtmlCacheBehavior [ RunTime:0.000441s ]
INFO: [ view_filter ] --END-- [ RunTime:0.000503s ]
INFO: [ app_end ] --START--
INFO: Run Behavior\ShowPageTraceBehavior [ RunTime:0.000793s ]
INFO: [ app_end ] --END-- [ RunTime:0.000874s ]

[ 2018-03-23T17:40:51+08:00 ] 127.0.0.1 /index.php/Admin/User/kiss
INFO: [ app_init ] --START--
INFO: Run Behavior\BuildLiteBehavior [ RunTime:0.000010s ]
INFO: [ app_init ] --END-- [ RunTime:0.000332s ]
INFO: [ app_begin ] --START--
INFO: Run Behavior\ReadHtmlCacheBehavior [ RunTime:0.000363s ]
INFO: [ app_begin ] --END-- [ RunTime:0.000397s ]
NOTIC: [2048] Declaration of Admin\Controller\UserController::show() should be compatible with Think\Controller::show($content, $charset = '', $contentType = '', $prefix = '') I:\www\bbs\Application\Admin\Controller\UserController.class.php 第 4 行.
SQL: SHOW COLUMNS FROM `bbs_auth` [ RunTime:0.0103s ]
SQL: SELECT * FROM `bbs_auth` WHERE ( pid=0 and shows=0 )  [ RunTime:0.0005s ]
SQL: SELECT * FROM `bbs_auth` WHERE ( pid>0 and shows=0 )  [ RunTime:0.0006s ]
SQL: SHOW COLUMNS FROM `bbs_score` [ RunTime:0.0040s ]
SQL: SELECT s.id,s.user_id,s.incident,s.detail,s.score,u.name FROM bbs_score s left join bbs_user as u on s.user_id = u.id   [ RunTime:0.0006s ]
INFO: [ view_parse ] --START--
INFO: [ template_filter ] --START--
INFO: Run Behavior\ContentReplaceBehavior [ RunTime:0.000046s ]
INFO: [ template_filter ] --END-- [ RunTime:0.000084s ]
INFO: Run Behavior\ParseTemplateBehavior [ RunTime:0.005712s ]
INFO: [ view_parse ] --END-- [ RunTime:0.005769s ]
INFO: [ view_filter ] --START--
INFO: Run Behavior\WriteHtmlCacheBehavior [ RunTime:0.000208s ]
INFO: [ view_filter ] --END-- [ RunTime:0.000233s ]
INFO: [ app_end ] --START--
INFO: Run Behavior\ShowPageTraceBehavior [ RunTime:0.000330s ]
INFO: [ app_end ] --END-- [ RunTime:0.000357s ]

