[ 2018-03-16T15:37:38+08:00 ] 127.0.0.1 /index.php/Admin/Admin/role_add
ERR: 1406:Data too long for column 'auth_id' at row 1
 [ SQL语句 ] : INSERT INTO `bbs_role` (`auth_id`,`auth`,`role_name`) VALUES ('1,3,79,2,5,7,75,95,96,4,97,98,99,100,101,104,103,105,106,107,80,81,82,83,84,86,87,88,89,90,91,92,93','Article-add,Article-del,Article-lis,Article-edit,Article-lis,Article-edit,Admin-add,Admin-lis,Admin-edit,Admin-delete,Admin-del,Admin-restore,Admin-kiss,Admin-thorough,Admin-kissadd,Admin-kissdel,Admin-kissedit,Admin-lis,Admin-add,Admin-edit,Admin-admin_del,Admin-admin_state,Admin-rule_del,Admin-rule_edit,Admin-rule,Admin-role,Admin-role_del,Admin-role_edit,Admin-role_add,Admin-delAll','root管理员')
ERR: 1406:Data too long for column 'auth_id' at row 1
 [ SQL语句 ] : INSERT INTO `bbs_role` (`auth_id`,`auth`,`role_name`) VALUES ('1,3,79,2,5,7,75,95,96,4,97,98,99,100,101,104,103,105,106,107,80,81,82,83,84,86,87,88,89,90,91,92,93','Article-add,Article-del,Article-lis,Article-edit,Article-lis,Article-edit,Admin-add,Admin-lis,Admin-edit,Admin-delete,Admin-del,Admin-restore,Admin-kiss,Admin-thorough,Admin-kissadd,Admin-kissdel,Admin-kissedit,Admin-lis,Admin-add,Admin-edit,Admin-admin_del,Admin-admin_state,Admin-rule_del,Admin-rule_edit,Admin-rule,Admin-role,Admin-role_del,Admin-role_edit,Admin-role_add,Admin-delAll','root管理员')

[ 2018-03-16T15:37:38+08:00 ] 127.0.0.1 /index.php/Admin/Admin/role_add
ERR: 1406:Data too long for column 'auth_id' at row 1
 [ SQL语句 ] : INSERT INTO `bbs_role` (`auth_id`,`auth`,`role_name`) VALUES ('1,3,79,2,5,7,75,95,96,4,97,98,99,100,101,104,103,105,106,107,80,81,82,83,84,86,87,88,89,90,91,92,93','Article-add,Article-del,Article-lis,Article-edit,Article-lis,Article-edit,Admin-add,Admin-lis,Admin-edit,Admin-delete,Admin-del,Admin-restore,Admin-kiss,Admin-thorough,Admin-kissadd,Admin-kissdel,Admin-kissedit,Admin-lis,Admin-add,Admin-edit,Admin-admin_del,Admin-admin_state,Admin-rule_del,Admin-rule_edit,Admin-rule,Admin-role,Admin-role_del,Admin-role_edit,Admin-role_add,Admin-delAll','root管理员')
ERR: 1406:Data too long for column 'auth_id' at row 1
 [ SQL语句 ] : INSERT INTO `bbs_role` (`auth_id`,`auth`,`role_name`) VALUES ('1,3,79,2,5,7,75,95,96,4,97,98,99,100,101,104,103,105,106,107,80,81,82,83,84,86,87,88,89,90,91,92,93','Article-add,Article-del,Article-lis,Article-edit,Article-lis,Article-edit,Admin-add,Admin-lis,Admin-edit,Admin-delete,Admin-del,Admin-restore,Admin-kiss,Admin-thorough,Admin-kissadd,Admin-kissdel,Admin-kissedit,Admin-lis,Admin-add,Admin-edit,Admin-admin_del,Admin-admin_state,Admin-rule_del,Admin-rule_edit,Admin-rule,Admin-role,Admin-role_del,Admin-role_edit,Admin-role_add,Admin-delAll','root管理员')

[ 2018-03-16T15:37:40+08:00 ] 127.0.0.1 /index.php/Admin/Admin/role_add
ERR: 1406:Data too long for column 'auth_id' at row 1
 [ SQL语句 ] : INSERT INTO `bbs_role` (`auth_id`,`auth`,`role_name`) VALUES ('1,3,79,2,5,7,75,95,96,4,97,98,99,100,101,104,103,105,106,107,80,81,82,83,84,86,87,88,89,90,91,92,93','Article-add,Article-del,Article-lis,Article-edit,Article-lis,Article-edit,Admin-add,Admin-lis,Admin-edit,Admin-delete,Admin-del,Admin-restore,Admin-kiss,Admin-thorough,Admin-kissadd,Admin-kissdel,Admin-kissedit,Admin-lis,Admin-add,Admin-edit,Admin-admin_del,Admin-admin_state,Admin-rule_del,Admin-rule_edit,Admin-rule,Admin-role,Admin-role_del,Admin-role_edit,Admin-role_add,Admin-delAll','root管理员')
ERR: 1406:Data too long for column 'auth_id' at row 1
 [ SQL语句 ] : INSERT INTO `bbs_role` (`auth_id`,`auth`,`role_name`) VALUES ('1,3,79,2,5,7,75,95,96,4,97,98,99,100,101,104,103,105,106,107,80,81,82,83,84,86,87,88,89,90,91,92,93','Article-add,Article-del,Article-lis,Article-edit,Article-lis,Article-edit,Admin-add,Admin-lis,Admin-edit,Admin-delete,Admin-del,Admin-restore,Admin-kiss,Admin-thorough,Admin-kissadd,Admin-kissdel,Admin-kissedit,Admin-lis,Admin-add,Admin-edit,Admin-admin_del,Admin-admin_state,Admin-rule_del,Admin-rule_edit,Admin-rule,Admin-role,Admin-role_del,Admin-role_edit,Admin-role_add,Admin-delAll','root管理员')

[ 2018-03-16T15:37:57+08:00 ] 127.0.0.1 /index.php/Admin/Admin/role_add
ERR: 1406:Data too long for column 'auth_id' at row 1
 [ SQL语句 ] : INSERT INTO `bbs_role` (`auth_id`,`auth`,`role_name`) VALUES ('1,3,79,2,5,7,75,95,96,4,97,98,99,100,101,104,103,105,106,107,80,81,82,83,84,86,87,88,89,90,91,92,93','Article-add,Article-del,Article-lis,Article-edit,Article-lis,Article-edit,Admin-add,Admin-lis,Admin-edit,Admin-delete,Admin-del,Admin-restore,Admin-kiss,Admin-thorough,Admin-kissadd,Admin-kissdel,Admin-kissedit,Admin-lis,Admin-add,Admin-edit,Admin-admin_del,Admin-admin_state,Admin-rule_del,Admin-rule_edit,Admin-rule,Admin-role,Admin-role_del,Admin-role_edit,Admin-role_add,Admin-delAll','root管理员')
ERR: 1406:Data too long for column 'auth_id' at row 1
 [ SQL语句 ] : INSERT INTO `bbs_role` (`auth_id`,`auth`,`role_name`) VALUES ('1,3,79,2,5,7,75,95,96,4,97,98,99,100,101,104,103,105,106,107,80,81,82,83,84,86,87,88,89,90,91,92,93','Article-add,Article-del,Article-lis,Article-edit,Article-lis,Article-edit,Admin-add,Admin-lis,Admin-edit,Admin-delete,Admin-del,Admin-restore,Admin-kiss,Admin-thorough,Admin-kissadd,Admin-kissdel,Admin-kissedit,Admin-lis,Admin-add,Admin-edit,Admin-admin_del,Admin-admin_state,Admin-rule_del,Admin-rule_edit,Admin-rule,Admin-role,Admin-role_del,Admin-role_edit,Admin-role_add,Admin-delAll','root管理员')

[ 2018-03-16T15:38:21+08:00 ] 127.0.0.1 /index.php/Admin/Admin/role_add
ERR: 1406:Data too long for column 'auth_id' at row 1
 [ SQL语句 ] : INSERT INTO `bbs_role` (`auth_id`,`auth`,`role_name`) VALUES ('1,3,79,2,5,7,75,95,96,4,97,98,99,100,101,104,103,105,106,107,80,81,82,83,84,86,87,88,89,90,91,92,93','Article-add,Article-del,Article-lis,Article-edit,Article-lis,Article-edit,Admin-add,Admin-lis,Admin-edit,Admin-delete,Admin-del,Admin-restore,Admin-kiss,Admin-thorough,Admin-kissadd,Admin-kissdel,Admin-kissedit,Admin-lis,Admin-add,Admin-edit,Admin-admin_del,Admin-admin_state,Admin-rule_del,Admin-rule_edit,Admin-rule,Admin-role,Admin-role_del,Admin-role_edit,Admin-role_add,Admin-delAll','root管理员')
ERR: 1406:Data too long for column 'auth_id' at row 1
 [ SQL语句 ] : INSERT INTO `bbs_role` (`auth_id`,`auth`,`role_name`) VALUES ('1,3,79,2,5,7,75,95,96,4,97,98,99,100,101,104,103,105,106,107,80,81,82,83,84,86,87,88,89,90,91,92,93','Article-add,Article-del,Article-lis,Article-edit,Article-lis,Article-edit,Admin-add,Admin-lis,Admin-edit,Admin-delete,Admin-del,Admin-restore,Admin-kiss,Admin-thorough,Admin-kissadd,Admin-kissdel,Admin-kissedit,Admin-lis,Admin-add,Admin-edit,Admin-admin_del,Admin-admin_state,Admin-rule_del,Admin-rule_edit,Admin-rule,Admin-role,Admin-role_del,Admin-role_edit,Admin-role_add,Admin-delAll','root管理员')

[ 2018-03-16T15:38:56+08:00 ] 127.0.0.1 /index.php/Admin/Admin/role_add
INFO: [ app_begin ] --START--
INFO: Run Behavior\ReadHtmlCacheBehavior [ RunTime:0.001221s ]
INFO: [ app_begin ] --END-- [ RunTime:0.001877s ]
SQL: SHOW COLUMNS FROM `bbs_role` [ RunTime:0.0138s ]
ERR: 1406:Data too long for column 'auth_id' at row 1
 [ SQL语句 ] : INSERT INTO `bbs_role` (`auth_id`,`auth`,`role_name`) VALUES ('1,3,79,2,5,7,75,95,96,4,97,98,99,100,101,104,103,105,106,107,80,81,82,83,84,86,87,88,89,90,91,92,93','Article-add,Article-del,Article-lis,Article-edit,Article-lis,Article-edit,Admin-add,Admin-lis,Admin-edit,Admin-delete,Admin-del,Admin-restore,Admin-kiss,Admin-thorough,Admin-kissadd,Admin-kissdel,Admin-kissedit,Admin-lis,Admin-add,Admin-edit,Admin-admin_del,Admin-admin_state,Admin-rule_del,Admin-rule_edit,Admin-rule,Admin-role,Admin-role_del,Admin-role_edit,Admin-role_add,Admin-delAll','root管理员')
ERR: 1406:Data too long for column 'auth_id' at row 1
 [ SQL语句 ] : INSERT INTO `bbs_role` (`auth_id`,`auth`,`role_name`) VALUES ('1,3,79,2,5,7,75,95,96,4,97,98,99,100,101,104,103,105,106,107,80,81,82,83,84,86,87,88,89,90,91,92,93','Article-add,Article-del,Article-lis,Article-edit,Article-lis,Article-edit,Admin-add,Admin-lis,Admin-edit,Admin-delete,Admin-del,Admin-restore,Admin-kiss,Admin-thorough,Admin-kissadd,Admin-kissdel,Admin-kissedit,Admin-lis,Admin-add,Admin-edit,Admin-admin_del,Admin-admin_state,Admin-rule_del,Admin-rule_edit,Admin-rule,Admin-role,Admin-role_del,Admin-role_edit,Admin-role_add,Admin-delAll','root管理员')

[ 2018-03-16T15:39:46+08:00 ] 127.0.0.1 /index.php/Admin/Admin/role_add
INFO: [ app_begin ] --START--
INFO: Run Behavior\ReadHtmlCacheBehavior [ RunTime:0.000876s ]
INFO: [ app_begin ] --END-- [ RunTime:0.001570s ]
SQL: SHOW COLUMNS FROM `bbs_role` [ RunTime:0.0117s ]
ERR: 1406:Data too long for column 'auth_id' at row 1
 [ SQL语句 ] : INSERT INTO `bbs_role` (`auth_id`,`auth`,`role_name`) VALUES ('1,3,79,2,5,7,75,95,96,4,97,98,99,100,101,104,103,105,106,107,80,81,82,83,84,86,87,88,89,90,91,92,93','Article-add,Article-del,Article-lis,Article-edit,Article-lis,Article-edit,Admin-add,Admin-lis,Admin-edit,Admin-delete,Admin-del,Admin-restore,Admin-kiss,Admin-thorough,Admin-kissadd,Admin-kissdel,Admin-kissedit,Admin-lis,Admin-add,Admin-edit,Admin-admin_del,Admin-admin_state,Admin-rule_del,Admin-rule_edit,Admin-rule,Admin-role,Admin-role_del,Admin-role_edit,Admin-role_add,Admin-delAll','root管理员')
ERR: 1406:Data too long for column 'auth_id' at row 1
 [ SQL语句 ] : INSERT INTO `bbs_role` (`auth_id`,`auth`,`role_name`) VALUES ('1,3,79,2,5,7,75,95,96,4,97,98,99,100,101,104,103,105,106,107,80,81,82,83,84,86,87,88,89,90,91,92,93','Article-add,Article-del,Article-lis,Article-edit,Article-lis,Article-edit,Admin-add,Admin-lis,Admin-edit,Admin-delete,Admin-del,Admin-restore,Admin-kiss,Admin-thorough,Admin-kissadd,Admin-kissdel,Admin-kissedit,Admin-lis,Admin-add,Admin-edit,Admin-admin_del,Admin-admin_state,Admin-rule_del,Admin-rule_edit,Admin-rule,Admin-role,Admin-role_del,Admin-role_edit,Admin-role_add,Admin-delAll','root管理员')

[ 2018-03-16T15:39:51+08:00 ] 127.0.0.1 /index.php/Admin/Admin/role_add
INFO: [ app_begin ] --START--
INFO: Run Behavior\ReadHtmlCacheBehavior [ RunTime:0.000400s ]
INFO: [ app_begin ] --END-- [ RunTime:0.000672s ]
SQL: SHOW COLUMNS FROM `bbs_role` [ RunTime:0.0106s ]
ERR: 1406:Data too long for column 'auth_id' at row 1
 [ SQL语句 ] : INSERT INTO `bbs_role` (`auth_id`,`auth`,`role_name`) VALUES ('1,3,79,2,5,7,75,95,96,4,97,98,99,100,101,104,103,105,106,107,80,81,82,83,84,86,87,88,89,90,91,92,93','Article-add,Article-del,Article-lis,Article-edit,Article-lis,Article-edit,Admin-add,Admin-lis,Admin-edit,Admin-delete,Admin-del,Admin-restore,Admin-kiss,Admin-thorough,Admin-kissadd,Admin-kissdel,Admin-kissedit,Admin-lis,Admin-add,Admin-edit,Admin-admin_del,Admin-admin_state,Admin-rule_del,Admin-rule_edit,Admin-rule,Admin-role,Admin-role_del,Admin-role_edit,Admin-role_add,Admin-delAll','root管理员')
ERR: 1406:Data too long for column 'auth_id' at row 1
 [ SQL语句 ] : INSERT INTO `bbs_role` (`auth_id`,`auth`,`role_name`) VALUES ('1,3,79,2,5,7,75,95,96,4,97,98,99,100,101,104,103,105,106,107,80,81,82,83,84,86,87,88,89,90,91,92,93','Article-add,Article-del,Article-lis,Article-edit,Article-lis,Article-edit,Admin-add,Admin-lis,Admin-edit,Admin-delete,Admin-del,Admin-restore,Admin-kiss,Admin-thorough,Admin-kissadd,Admin-kissdel,Admin-kissedit,Admin-lis,Admin-add,Admin-edit,Admin-admin_del,Admin-admin_state,Admin-rule_del,Admin-rule_edit,Admin-rule,Admin-role,Admin-role_del,Admin-role_edit,Admin-role_add,Admin-delAll','root管理员')

[ 2018-03-16T15:40:40+08:00 ] 127.0.0.1 /index.php/Admin/Admin/role_add
INFO: [ app_begin ] --START--
INFO: Run Behavior\ReadHtmlCacheBehavior [ RunTime:0.000525s ]
INFO: [ app_begin ] --END-- [ RunTime:0.000870s ]
SQL: SHOW COLUMNS FROM `bbs_role` [ RunTime:0.0082s ]
ERR: 1406:Data too long for column 'auth_id' at row 1
 [ SQL语句 ] : INSERT INTO `bbs_role` (`auth_id`,`auth`,`role_name`) VALUES ('1,3,79,2,5,7,75,95,96,4,97,98,99,100,101,104,103,105,106,107,80,81,82,83,84,86,87,88,89,90,91,92,93','Article-add,Article-del,Article-lis,Article-edit,Article-lis,Article-edit,Admin-add,Admin-lis,Admin-edit,Admin-delete,Admin-del,Admin-restore,Admin-kiss,Admin-thorough,Admin-kissadd,Admin-kissdel,Admin-kissedit,Admin-lis,Admin-add,Admin-edit,Admin-admin_del,Admin-admin_state,Admin-rule_del,Admin-rule_edit,Admin-rule,Admin-role,Admin-role_del,Admin-role_edit,Admin-role_add,Admin-delAll','root管理员')
ERR: 1406:Data too long for column 'auth_id' at row 1
 [ SQL语句 ] : INSERT INTO `bbs_role` (`auth_id`,`auth`,`role_name`) VALUES ('1,3,79,2,5,7,75,95,96,4,97,98,99,100,101,104,103,105,106,107,80,81,82,83,84,86,87,88,89,90,91,92,93','Article-add,Article-del,Article-lis,Article-edit,Article-lis,Article-edit,Admin-add,Admin-lis,Admin-edit,Admin-delete,Admin-del,Admin-restore,Admin-kiss,Admin-thorough,Admin-kissadd,Admin-kissdel,Admin-kissedit,Admin-lis,Admin-add,Admin-edit,Admin-admin_del,Admin-admin_state,Admin-rule_del,Admin-rule_edit,Admin-rule,Admin-role,Admin-role_del,Admin-role_edit,Admin-role_add,Admin-delAll','root管理员')

[ 2018-03-16T15:42:04+08:00 ] 127.0.0.1 /index.php/Admin/Admin/role_add
INFO: [ app_begin ] --START--
INFO: Run Behavior\ReadHtmlCacheBehavior [ RunTime:0.000770s ]
INFO: [ app_begin ] --END-- [ RunTime:0.001203s ]
SQL: SHOW COLUMNS FROM `bbs_role` [ RunTime:0.0108s ]
ERR: 1406:Data too long for column 'auth_id' at row 1
 [ SQL语句 ] : INSERT INTO `bbs_role` (`auth_id`,`auth`,`role_name`) VALUES ('1,3,79,2,5,7,75,95,96,4,97,98,99,100,101,104,103,105,106,107,80,81,82,83,84,86,87,88,89,90,91,92,93','Article-add,Article-del,Article-lis,Article-edit,Article-lis,Article-edit,Admin-add,Admin-lis,Admin-edit,Admin-delete,Admin-del,Admin-restore,Admin-kiss,Admin-thorough,Admin-kissadd,Admin-kissdel,Admin-kissedit,Admin-lis,Admin-add,Admin-edit,Admin-admin_del,Admin-admin_state,Admin-rule_del,Admin-rule_edit,Admin-rule,Admin-role,Admin-role_del,Admin-role_edit,Admin-role_add,Admin-delAll','root管理员')
ERR: 1406:Data too long for column 'auth_id' at row 1
 [ SQL语句 ] : INSERT INTO `bbs_role` (`auth_id`,`auth`,`role_name`) VALUES ('1,3,79,2,5,7,75,95,96,4,97,98,99,100,101,104,103,105,106,107,80,81,82,83,84,86,87,88,89,90,91,92,93','Article-add,Article-del,Article-lis,Article-edit,Article-lis,Article-edit,Admin-add,Admin-lis,Admin-edit,Admin-delete,Admin-del,Admin-restore,Admin-kiss,Admin-thorough,Admin-kissadd,Admin-kissdel,Admin-kissedit,Admin-lis,Admin-add,Admin-edit,Admin-admin_del,Admin-admin_state,Admin-rule_del,Admin-rule_edit,Admin-rule,Admin-role,Admin-role_del,Admin-role_edit,Admin-role_add,Admin-delAll','root管理员')

[ 2018-03-16T15:42:09+08:00 ] 127.0.0.1 /index.php/Admin/Admin/role_add
INFO: [ app_begin ] --START--
INFO: Run Behavior\ReadHtmlCacheBehavior [ RunTime:0.000628s ]
INFO: [ app_begin ] --END-- [ RunTime:0.001113s ]
SQL: SHOW COLUMNS FROM `bbs_role` [ RunTime:0.0125s ]
ERR: 1406:Data too long for column 'auth_id' at row 1
 [ SQL语句 ] : INSERT INTO `bbs_role` (`auth_id`,`auth`,`role_name`) VALUES ('1,3,79,2,5,7,75,95,96,4,97,98,99,100,101,104,103,105,106,107,80,81,82,83,84,86,87,88,89,90,91,92,93','Article-add,Article-del,Article-lis,Article-edit,Article-lis,Article-edit,Admin-add,Admin-lis,Admin-edit,Admin-delete,Admin-del,Admin-restore,Admin-kiss,Admin-thorough,Admin-kissadd,Admin-kissdel,Admin-kissedit,Admin-lis,Admin-add,Admin-edit,Admin-admin_del,Admin-admin_state,Admin-rule_del,Admin-rule_edit,Admin-rule,Admin-role,Admin-role_del,Admin-role_edit,Admin-role_add,Admin-delAll','root管理员')
ERR: 1406:Data too long for column 'auth_id' at row 1
 [ SQL语句 ] : INSERT INTO `bbs_role` (`auth_id`,`auth`,`role_name`) VALUES ('1,3,79,2,5,7,75,95,96,4,97,98,99,100,101,104,103,105,106,107,80,81,82,83,84,86,87,88,89,90,91,92,93','Article-add,Article-del,Article-lis,Article-edit,Article-lis,Article-edit,Admin-add,Admin-lis,Admin-edit,Admin-delete,Admin-del,Admin-restore,Admin-kiss,Admin-thorough,Admin-kissadd,Admin-kissdel,Admin-kissedit,Admin-lis,Admin-add,Admin-edit,Admin-admin_del,Admin-admin_state,Admin-rule_del,Admin-rule_edit,Admin-rule,Admin-role,Admin-role_del,Admin-role_edit,Admin-role_add,Admin-delAll','root管理员')

[ 2018-03-16T15:43:26+08:00 ] 127.0.0.1 /index.php/Admin/Admin/role_add
INFO: [ app_begin ] --START--
INFO: Run Behavior\ReadHtmlCacheBehavior [ RunTime:0.000457s ]
INFO: [ app_begin ] --END-- [ RunTime:0.001073s ]
SQL: SHOW COLUMNS FROM `bbs_role` [ RunTime:0.0049s ]
SQL: INSERT INTO `bbs_role` (`auth_id`,`auth`,`role_name`) VALUES ('1,3,79,2,5,7,75,95,96,4,97,98,99,100,101,104,103,105,106,107,80,81,82,83,84,86,87,88,89,90,91,92,93','Article-add,Article-del,Article-lis,Article-edit,Article-lis,Article-edit,Admin-add,Admin-lis,Admin-edit,Admin-delete,Admin-del,Admin-restore,Admin-kiss,Admin-thorough,Admin-kissadd,Admin-kissdel,Admin-kissedit,Admin-lis,Admin-add,Admin-edit,Admin-admin_del,Admin-admin_state,Admin-rule_del,Admin-rule_edit,Admin-rule,Admin-role,Admin-role_del,Admin-role_edit,Admin-role_add,Admin-delAll','root管理员') [ RunTime:0.0007s ]

[ 2018-03-16T15:44:03+08:00 ] 127.0.0.1 /index.php/Admin/Admin/role_del
INFO: [ app_begin ] --START--
INFO: Run Behavior\ReadHtmlCacheBehavior [ RunTime:0.000927s ]
INFO: [ app_begin ] --END-- [ RunTime:0.001562s ]
SQL: SHOW COLUMNS FROM `bbs_role` [ RunTime:0.0046s ]
SQL: DELETE FROM `bbs_role` WHERE `id` = 10 [ RunTime:0.0006s ]

[ 2018-03-16T15:44:04+08:00 ] 127.0.0.1 /index.php/Admin/Admin/role_del
INFO: [ app_begin ] --START--
INFO: Run Behavior\ReadHtmlCacheBehavior [ RunTime:0.000684s ]
INFO: [ app_begin ] --END-- [ RunTime:0.001272s ]
SQL: SHOW COLUMNS FROM `bbs_role` [ RunTime:0.0117s ]
SQL: DELETE FROM `bbs_role` WHERE `id` = 10 [ RunTime:0.0004s ]

[ 2018-03-16T15:44:21+08:00 ] 127.0.0.1 /index.php/Admin/Admin/role_add
INFO: [ app_begin ] --START--
INFO: Run Behavior\ReadHtmlCacheBehavior [ RunTime:0.000661s ]
INFO: [ app_begin ] --END-- [ RunTime:0.001006s ]
SQL: SHOW COLUMNS FROM `bbs_role` [ RunTime:0.0108s ]
SQL: INSERT INTO `bbs_role` (`auth_id`,`auth`,`role_name`) VALUES ('1,3,79,2,5,7,75,95,96,4,97,98,99,100,101,104,103,105,106,107,80,81,82,83,84,86,87,88,89,90,91,92,93','Article-add,Article-del,Article-lis,Article-edit,Article-lis,Article-edit,Admin-add,Admin-lis,Admin-edit,Admin-delete,Admin-del,Admin-restore,Admin-kiss,Admin-thorough,Admin-kissadd,Admin-kissdel,Admin-kissedit,Admin-lis,Admin-add,Admin-edit,Admin-admin_del,Admin-admin_state,Admin-rule_del,Admin-rule_edit,Admin-rule,Admin-role,Admin-role_del,Admin-role_edit,Admin-role_add,Admin-delAll','root') [ RunTime:0.0006s ]

[ 2018-03-16T15:44:50+08:00 ] 127.0.0.1 /index.php/Admin/Admin/role_del
INFO: [ app_begin ] --START--
INFO: Run Behavior\ReadHtmlCacheBehavior [ RunTime:0.000567s ]
INFO: [ app_begin ] --END-- [ RunTime:0.000901s ]
SQL: SHOW COLUMNS FROM `bbs_role` [ RunTime:0.0053s ]
SQL: DELETE FROM `bbs_role` WHERE `id` = 11 [ RunTime:0.0009s ]

[ 2018-03-16T15:44:52+08:00 ] 127.0.0.1 /index.php/Admin/Admin/role_del
INFO: [ app_begin ] --START--
INFO: Run Behavior\ReadHtmlCacheBehavior [ RunTime:0.000621s ]
INFO: [ app_begin ] --END-- [ RunTime:0.001086s ]
SQL: SHOW COLUMNS FROM `bbs_role` [ RunTime:0.0111s ]
SQL: DELETE FROM `bbs_role` WHERE `id` = 11 [ RunTime:0.0004s ]

[ 2018-03-16T15:45:11+08:00 ] 127.0.0.1 /index.php/Admin/Admin/role_add
INFO: [ app_begin ] --START--
INFO: Run Behavior\ReadHtmlCacheBehavior [ RunTime:0.000981s ]
INFO: [ app_begin ] --END-- [ RunTime:0.001590s ]
SQL: SHOW COLUMNS FROM `bbs_role` [ RunTime:0.0199s ]
SQL: INSERT INTO `bbs_role` (`auth_id`,`auth`,`role_name`) VALUES ('1,3,79,2,5,7,75,95,96,4,97,98,99,100,101,104,103,105,106,107,80,81,82,83,84,86,87,88,89,90,91,92,93','Article-add,Article-del,Article-lis,Article-edit,Article-lis,Article-edit,Admin-add,Admin-lis,Admin-edit,Admin-delete,Admin-del,Admin-restore,Admin-kiss,Admin-thorough,Admin-kissadd,Admin-kissdel,Admin-kissedit,Admin-lis,Admin-add,Admin-edit,Admin-admin_del,Admin-admin_state,Admin-rule_del,Admin-rule_edit,Admin-rule,Admin-role,Admin-role_del,Admin-role_edit,Admin-role_add,Admin-delAll','root') [ RunTime:0.0041s ]

[ 2018-03-16T15:45:30+08:00 ] 127.0.0.1 /index.php/Admin/Admin/role_edit
INFO: [ app_begin ] --START--
INFO: Run Behavior\ReadHtmlCacheBehavior [ RunTime:0.000442s ]
INFO: [ app_begin ] --END-- [ RunTime:0.000717s ]
SQL: SHOW COLUMNS FROM `bbs_role` [ RunTime:0.0041s ]
SQL: UPDATE `bbs_role` SET `auth_id`='1,3,79,2,5,7,75,95,96,4,97,98,99,100,101,104,103,105,106,107,80,81,82,83,84,86,87,88,89,90,91,92,93',`auth`='Article-add,Article-del,Article-lis,Article-edit,Article-lis,Article-edit,Admin-add,Admin-lis,Admin-edit,Admin-delete,Admin-del,Admin-restore,Admin-kiss,Admin-thorough,Admin-kissadd,Admin-kissdel,Admin-kissedit,Admin-lis,Admin-add,Admin-edit,Admin-admin_del,Admin-admin_state,Admin-rule_del,Admin-rule_edit,Admin-rule,Admin-role,Admin-role_del,Admin-role_edit,Admin-role_add,Admin-delAll',`role_name`='root' WHERE `id` = 12 [ RunTime:0.0006s ]
NOTIC: [8] Use of undefined constant res - assumed 'res' I:\www\bbs\Application\Admin\Controller\AdminController.class.php 第 170 行.

[ 2018-03-16T15:45:55+08:00 ] 127.0.0.1 /index.php/Admin/Admin/role_edit
INFO: [ app_begin ] --START--
INFO: Run Behavior\ReadHtmlCacheBehavior [ RunTime:0.000597s ]
INFO: [ app_begin ] --END-- [ RunTime:0.000924s ]
SQL: SHOW COLUMNS FROM `bbs_role` [ RunTime:0.0110s ]
SQL: UPDATE `bbs_role` SET `auth_id`='1,3,79,2,5,7,75,95,96,4,97,98,99,100,101,104,103,105,106,107,80,81,82,83,84,86,87,88,89,90,91,92,93',`auth`='Article-add,Article-del,Article-lis,Article-edit,Article-lis,Article-edit,Admin-add,Admin-lis,Admin-edit,Admin-delete,Admin-del,Admin-restore,Admin-kiss,Admin-thorough,Admin-kissadd,Admin-kissdel,Admin-kissedit,Admin-lis,Admin-add,Admin-edit,Admin-admin_del,Admin-admin_state,Admin-rule_del,Admin-rule_edit,Admin-rule,Admin-role,Admin-role_del,Admin-role_edit,Admin-role_add,Admin-delAll',`role_name`='root' WHERE `id` = 12 [ RunTime:0.0007s ]
NOTIC: [8] Use of undefined constant res - assumed 'res' I:\www\bbs\Application\Admin\Controller\AdminController.class.php 第 170 行.

[ 2018-03-16T15:46:27+08:00 ] 127.0.0.1 /index.php/Admin/Admin/role_add
INFO: [ app_begin ] --START--
INFO: Run Behavior\ReadHtmlCacheBehavior [ RunTime:0.000603s ]
INFO: [ app_begin ] --END-- [ RunTime:0.001032s ]
SQL: SHOW COLUMNS FROM `bbs_role` [ RunTime:0.0107s ]
SQL: INSERT INTO `bbs_role` (`auth_id`,`auth`,`role_name`) VALUES ('1,3,79,2,5,7,75,95,96,4,97,98,99,100,101,104,103,105,106,107,80,81,82,83,84,86,87,88,89,90,91,92,93','Article-add,Article-del,Article-lis,Article-edit,Article-lis,Article-edit,Admin-add,Admin-lis,Admin-edit,Admin-delete,Admin-del,Admin-restore,Admin-kiss,Admin-thorough,Admin-kissadd,Admin-kissdel,Admin-kissedit,Admin-lis,Admin-add,Admin-edit,Admin-admin_del,Admin-admin_state,Admin-rule_del,Admin-rule_edit,Admin-rule,Admin-role,Admin-role_del,Admin-role_edit,Admin-role_add,Admin-delAll','123') [ RunTime:0.0006s ]

[ 2018-03-16T15:47:03+08:00 ] 127.0.0.1 /index.php/Admin/Admin/role_edit
INFO: [ app_begin ] --START--
INFO: Run Behavior\ReadHtmlCacheBehavior [ RunTime:0.000652s ]
INFO: [ app_begin ] --END-- [ RunTime:0.000956s ]
SQL: SHOW COLUMNS FROM `bbs_role` [ RunTime:0.0164s ]
SQL: UPDATE `bbs_role` SET `auth_id`='1,3,79,2,5,7,75,95,96,4,97,98,99,100,101,104,103,105,106,107,80,81,82,83,84,86,87,88,89,90,91,92,93',`auth`='Article-add,Article-del,Article-lis,Article-edit,Article-lis,Article-edit,Admin-add,Admin-lis,Admin-edit,Admin-delete,Admin-del,Admin-restore,Admin-kiss,Admin-thorough,Admin-kissadd,Admin-kissdel,Admin-kissedit,Admin-lis,Admin-add,Admin-edit,Admin-admin_del,Admin-admin_state,Admin-rule_del,Admin-rule_edit,Admin-rule,Admin-role,Admin-role_del,Admin-role_edit,Admin-role_add,Admin-delAll',`role_name`='123' WHERE `id` = 13 [ RunTime:0.0005s ]
NOTIC: [8] Use of undefined constant res - assumed 'res' I:\www\bbs\Application\Admin\Controller\AdminController.class.php 第 170 行.

[ 2018-03-16T15:47:09+08:00 ] 127.0.0.1 /index.php/Admin/Admin/role_del
INFO: [ app_begin ] --START--
INFO: Run Behavior\ReadHtmlCacheBehavior [ RunTime:0.001239s ]
INFO: [ app_begin ] --END-- [ RunTime:0.001849s ]
SQL: SHOW COLUMNS FROM `bbs_role` [ RunTime:0.0106s ]
SQL: DELETE FROM `bbs_role` WHERE `id` = 12 [ RunTime:0.0006s ]

[ 2018-03-16T15:47:13+08:00 ] 127.0.0.1 /index.php/Admin/Admin/role_del
INFO: [ app_begin ] --START--
INFO: Run Behavior\ReadHtmlCacheBehavior [ RunTime:0.001635s ]
INFO: [ app_begin ] --END-- [ RunTime:0.002051s ]
SQL: SHOW COLUMNS FROM `bbs_role` [ RunTime:0.0121s ]
SQL: DELETE FROM `bbs_role` WHERE `id` = 13 [ RunTime:0.0007s ]

[ 2018-03-16T15:48:49+08:00 ] 127.0.0.1 /index.php/Admin/Admin/role_add
INFO: [ app_begin ] --START--
INFO: Run Behavior\ReadHtmlCacheBehavior [ RunTime:0.001009s ]
INFO: [ app_begin ] --END-- [ RunTime:0.002229s ]
SQL: SHOW COLUMNS FROM `bbs_role` [ RunTime:0.0108s ]
SQL: INSERT INTO `bbs_role` (`auth_id`,`auth`,`role_name`) VALUES ('79,88,89,90,91,92,93','Admin-rule,Admin-role,Admin-role_del,Admin-role_edit,Admin-role_add,Admin-delAll','123') [ RunTime:0.0005s ]

[ 2018-03-16T17:13:34+08:00 ] 127.0.0.1 /index.php/Admin/Admin/role_edit
INFO: [ app_begin ] --START--
INFO: Run Behavior\ReadHtmlCacheBehavior [ RunTime:0.000615s ]
INFO: [ app_begin ] --END-- [ RunTime:0.000958s ]
SQL: SHOW COLUMNS FROM `bbs_role` [ RunTime:0.0106s ]
SQL: UPDATE `bbs_role` SET `auth_id`='3,79,4,97,98,99,100,101,104,103,105,106,107,80,81,82,83,84,86,87,88,89,90,91,92,93',`auth`='Admin-add,Admin-lis,Admin-edit,Admin-delete,Admin-del,Admin-restore,Admin-kiss,Admin-thorough,Admin-kissadd,Admin-kissdel,Admin-kissedit,Admin-lis,Admin-add,Admin-edit,Admin-admin_del,Admin-admin_state,Admin-rule_del,Admin-rule_edit,Admin-rule,Admin-role,Admin-role_del,Admin-role_edit,Admin-role_add,Admin-delAll',`role_name`='123' WHERE `id` = 14 [ RunTime:0.0006s ]
NOTIC: [8] Use of undefined constant res - assumed 'res' I:\www\bbs\Application\Admin\Controller\AdminController.class.php 第 170 行.

[ 2018-03-16T17:14:00+08:00 ] 127.0.0.1 /index.php/Admin/Admin/role_edit
INFO: [ app_begin ] --START--
INFO: Run Behavior\ReadHtmlCacheBehavior [ RunTime:0.000927s ]
INFO: [ app_begin ] --END-- [ RunTime:0.001499s ]
SQL: SHOW COLUMNS FROM `bbs_role` [ RunTime:0.0120s ]
SQL: UPDATE `bbs_role` SET `auth_id`='1,3,79,2,5,7,75,95,96,4,97,98,99,100,101,104,103,105,106,107,80,81,82,83,84,86,87,88,89,90,91,92,93',`auth`='Article-add,Article-del,Article-lis,Article-edit,Article-lis,Article-edit,Admin-add,Admin-lis,Admin-edit,Admin-delete,Admin-del,Admin-restore,Admin-kiss,Admin-thorough,Admin-kissadd,Admin-kissdel,Admin-kissedit,Admin-lis,Admin-add,Admin-edit,Admin-admin_del,Admin-admin_state,Admin-rule_del,Admin-rule_edit,Admin-rule,Admin-role,Admin-role_del,Admin-role_edit,Admin-role_add,Admin-delAll',`role_name`='123' WHERE `id` = 14 [ RunTime:0.0006s ]
NOTIC: [8] Use of undefined constant res - assumed 'res' I:\www\bbs\Application\Admin\Controller\AdminController.class.php 第 170 行.

[ 2018-03-16T17:14:03+08:00 ] 127.0.0.1 /index.php/Admin/Admin/role_edit
INFO: [ app_begin ] --START--
INFO: Run Behavior\ReadHtmlCacheBehavior [ RunTime:0.000941s ]
INFO: [ app_begin ] --END-- [ RunTime:0.001418s ]
SQL: SHOW COLUMNS FROM `bbs_role` [ RunTime:0.0103s ]
SQL: UPDATE `bbs_role` SET `auth_id`='1,3,79,2,5,7,75,95,96,4,97,98,99,100,101,104,103,105,106,107,80,81,82,83,84,86,87,88,89,90,91,92,93',`auth`='Article-add,Article-del,Article-lis,Article-edit,Article-lis,Article-edit,Admin-add,Admin-lis,Admin-edit,Admin-delete,Admin-del,Admin-restore,Admin-kiss,Admin-thorough,Admin-kissadd,Admin-kissdel,Admin-kissedit,Admin-lis,Admin-add,Admin-edit,Admin-admin_del,Admin-admin_state,Admin-rule_del,Admin-rule_edit,Admin-rule,Admin-role,Admin-role_del,Admin-role_edit,Admin-role_add,Admin-delAll',`role_name`='123' WHERE `id` = 14 [ RunTime:0.0006s ]
NOTIC: [8] Use of undefined constant res - assumed 'res' I:\www\bbs\Application\Admin\Controller\AdminController.class.php 第 170 行.

[ 2018-03-16T17:15:32+08:00 ] 127.0.0.1 /index.php/Admin/Admin/role_edit
INFO: [ app_begin ] --START--
INFO: Run Behavior\ReadHtmlCacheBehavior [ RunTime:0.000688s ]
INFO: [ app_begin ] --END-- [ RunTime:0.001051s ]
SQL: SHOW COLUMNS FROM `bbs_role` [ RunTime:0.0106s ]
SQL: UPDATE `bbs_role` SET `auth_id`='1,3,79,2,5,7,75,95,96,4,97,98,99,100,101,104,103,105,106,107,80,81,82,83,84,86,87',`auth`='Article-add,Article-del,Article-lis,Article-edit,Article-lis,Article-edit,Admin-add,Admin-lis,Admin-edit,Admin-delete,Admin-del,Admin-restore,Admin-kiss,Admin-thorough,Admin-kissadd,Admin-kissdel,Admin-kissedit,Admin-lis,Admin-add,Admin-edit,Admin-admin_del,Admin-admin_state,Admin-rule_del,Admin-rule_edit',`role_name`='123' WHERE `id` = 14 [ RunTime:0.0006s ]
NOTIC: [8] Use of undefined constant res - assumed 'res' I:\www\bbs\Application\Admin\Controller\AdminController.class.php 第 170 行.

[ 2018-03-16T17:15:44+08:00 ] 127.0.0.1 /index.php/Admin/Admin/role_edit
INFO: [ app_begin ] --START--
INFO: Run Behavior\ReadHtmlCacheBehavior [ RunTime:0.000749s ]
INFO: [ app_begin ] --END-- [ RunTime:0.001190s ]
SQL: SHOW COLUMNS FROM `bbs_role` [ RunTime:0.0106s ]
SQL: UPDATE `bbs_role` SET `auth_id`='1,3,79,2,5,7,75,95,96,4,97,98,99,100,101,104,103,105,106,107,80,81,82,83,84,86,87,88,89,90,91,92,93',`auth`='Article-add,Article-del,Article-lis,Article-edit,Article-lis,Article-edit,Admin-add,Admin-lis,Admin-edit,Admin-delete,Admin-del,Admin-restore,Admin-kiss,Admin-thorough,Admin-kissadd,Admin-kissdel,Admin-kissedit,Admin-lis,Admin-add,Admin-edit,Admin-admin_del,Admin-admin_state,Admin-rule_del,Admin-rule_edit,Admin-rule,Admin-role,Admin-role_del,Admin-role_edit,Admin-role_add,Admin-delAll',`role_name`='123' WHERE `id` = 14 [ RunTime:0.0006s ]
NOTIC: [8] Use of undefined constant res - assumed 'res' I:\www\bbs\Application\Admin\Controller\AdminController.class.php 第 170 行.

[ 2018-03-16T17:17:22+08:00 ] 127.0.0.1 /index.php/Admin/Admin/role_edit
INFO: [ app_begin ] --START--
INFO: Run Behavior\ReadHtmlCacheBehavior [ RunTime:0.000790s ]
INFO: [ app_begin ] --END-- [ RunTime:0.001185s ]
SQL: SHOW COLUMNS FROM `bbs_role` [ RunTime:0.0118s ]
SQL: UPDATE `bbs_role` SET `auth_id`='1,3,79,2,5,7,75,95,96,4,97,98,99,100,101,104,103,105,106,107,80,81,82,83,84,86,89,93',`auth`='Article-add,Article-del,Article-lis,Article-edit,Article-lis,Article-edit,Admin-add,Admin-lis,Admin-edit,Admin-delete,Admin-del,Admin-restore,Admin-kiss,Admin-thorough,Admin-kissadd,Admin-kissdel,Admin-kissedit,Admin-lis,Admin-add,Admin-edit,Admin-admin_del,Admin-admin_state,Admin-rule_del,Admin-role,Admin-delAll',`role_name`='123' WHERE `id` = 14 [ RunTime:0.0006s ]
NOTIC: [8] Use of undefined constant res - assumed 'res' I:\www\bbs\Application\Admin\Controller\AdminController.class.php 第 170 行.

[ 2018-03-16T17:36:31+08:00 ] 127.0.0.1 /index.php/Admin/Admin/role_del
INFO: [ app_begin ] --START--
INFO: Run Behavior\ReadHtmlCacheBehavior [ RunTime:0.000704s ]
INFO: [ app_begin ] --END-- [ RunTime:0.001042s ]
SQL: SHOW COLUMNS FROM `bbs_role` [ RunTime:0.0107s ]
SQL: DELETE FROM `bbs_role` WHERE `id` = 14 [ RunTime:0.0006s ]

[ 2018-03-16T17:36:42+08:00 ] 127.0.0.1 /index.php/admin/index/echart.html
ERR: 非法操作:echart

[ 2018-03-16T17:37:00+08:00 ] 127.0.0.1 /index.php/Admin/Category/add
INFO: [ app_begin ] --START--
INFO: Run Behavior\ReadHtmlCacheBehavior [ RunTime:0.000798s ]
INFO: [ app_begin ] --END-- [ RunTime:0.001319s ]
SQL: SHOW COLUMNS FROM `bbs_forumtype` [ RunTime:0.0106s ]
SQL: INSERT INTO `bbs_forumtype` (`name`) VALUES ('88') [ RunTime:0.0007s ]
SQL: SELECT * FROM `bbs_forumtype` WHERE `name` = '88' LIMIT 1   [ RunTime:0.0009s ]
SQL: UPDATE `bbs_forumtype` SET `pid`='3' WHERE `id` = 3 [ RunTime:0.0004s ]

[ 2018-03-16T17:37:07+08:00 ] 127.0.0.1 /index.php/Admin/Category/del
INFO: [ app_begin ] --START--
INFO: Run Behavior\ReadHtmlCacheBehavior [ RunTime:0.000707s ]
INFO: [ app_begin ] --END-- [ RunTime:0.001062s ]
SQL: SHOW COLUMNS FROM `bbs_forumtype` [ RunTime:0.0109s ]
NOTIC: [2] Illegal string offset 'name' I:\www\bbs\Application\Admin\Controller\CategoryController.class.php 第 52 行.
NOTIC: [8] Uninitialized string offset: 0 I:\www\bbs\Application\Admin\Controller\CategoryController.class.php 第 52 行.
SQL: DELETE FROM `bbs_forumtype` WHERE `name` = '' [ RunTime:0.0005s ]

[ 2018-03-16T17:37:08+08:00 ] 127.0.0.1 /index.php/Admin/Category/del
INFO: [ app_begin ] --START--
INFO: Run Behavior\ReadHtmlCacheBehavior [ RunTime:0.000492s ]
INFO: [ app_begin ] --END-- [ RunTime:0.000775s ]
SQL: SHOW COLUMNS FROM `bbs_forumtype` [ RunTime:0.0111s ]
NOTIC: [2] Illegal string offset 'name' I:\www\bbs\Application\Admin\Controller\CategoryController.class.php 第 52 行.
NOTIC: [8] Uninitialized string offset: 0 I:\www\bbs\Application\Admin\Controller\CategoryController.class.php 第 52 行.
SQL: DELETE FROM `bbs_forumtype` WHERE `name` = '' [ RunTime:0.0004s ]

[ 2018-03-16T17:37:10+08:00 ] 127.0.0.1 /index.php/Admin/Category/del
INFO: [ app_begin ] --START--
INFO: Run Behavior\ReadHtmlCacheBehavior [ RunTime:0.000711s ]
INFO: [ app_begin ] --END-- [ RunTime:0.001101s ]
SQL: SHOW COLUMNS FROM `bbs_forumtype` [ RunTime:0.0111s ]
NOTIC: [2] Illegal string offset 'name' I:\www\bbs\Application\Admin\Controller\CategoryController.class.php 第 52 行.
NOTIC: [8] Uninitialized string offset: 0 I:\www\bbs\Application\Admin\Controller\CategoryController.class.php 第 52 行.
SQL: DELETE FROM `bbs_forumtype` WHERE `name` = '' [ RunTime:0.0006s ]

[ 2018-03-16T20:44:54+08:00 ] 127.0.0.1 /index.php/admin/index/member-view.html
ERR: 非法操作:member-view

[ 2018-03-16T20:58:00+08:00 ] 127.0.0.1 /index.php/Admin/Article/add
INFO: [ app_begin ] --START--
INFO: Run Behavior\ReadHtmlCacheBehavior [ RunTime:0.001216s ]
INFO: [ app_begin ] --END-- [ RunTime:0.001740s ]
SQL: SHOW COLUMNS FROM `bbs_article` [ RunTime:0.0059s ]
SQL: SHOW COLUMNS FROM `bbs_user` [ RunTime:0.0053s ]
SQL: SELECT `id`,`name` FROM `bbs_user`  [ RunTime:0.0006s ]
SQL: SHOW COLUMNS FROM `bbs_forumtype` [ RunTime:0.0041s ]
SQL: SELECT `id`,`name` FROM `bbs_forumtype`  [ RunTime:0.0006s ]
INFO: [ view_parse ] --START--
INFO: [ template_filter ] --START--
INFO: Run Behavior\ContentReplaceBehavior [ RunTime:0.000067s ]
INFO: [ template_filter ] --END-- [ RunTime:0.000113s ]
INFO: Run Behavior\ParseTemplateBehavior [ RunTime:0.006599s ]
INFO: [ view_parse ] --END-- [ RunTime:0.006642s ]
INFO: [ view_filter ] --START--
INFO: Run Behavior\WriteHtmlCacheBehavior [ RunTime:0.000236s ]
INFO: [ view_filter ] --END-- [ RunTime:0.000261s ]
INFO: [ app_end ] --START--
INFO: Run Behavior\ShowPageTraceBehavior [ RunTime:0.000417s ]
INFO: [ app_end ] --END-- [ RunTime:0.000444s ]

[ 2018-03-16T21:00:42+08:00 ] 127.0.0.1 /index.php/Admin/Article/add
INFO: [ app_begin ] --START--
INFO: Run Behavior\ReadHtmlCacheBehavior [ RunTime:0.000489s ]
INFO: [ app_begin ] --END-- [ RunTime:0.000788s ]
SQL: SHOW COLUMNS FROM `bbs_article` [ RunTime:0.0110s ]
SQL: INSERT INTO `bbs_article` (`user_id`,`titile`,`content`,`createtime`,`cate_id`,`uptime`) VALUES ('1','asfd','sdf','2018-03-16 21:00:41','1','2018-03-16 21:00:41') [ RunTime:0.0006s ]

[ 2018-03-16T21:00:48+08:00 ] 127.0.0.1 /index.php/Admin/Article/del
INFO: [ app_begin ] --START--
INFO: Run Behavior\ReadHtmlCacheBehavior [ RunTime:0.000953s ]
INFO: [ app_begin ] --END-- [ RunTime:0.001410s ]
ERR: 非法操作:del

[ 2018-03-16T21:00:52+08:00 ] 127.0.0.1 /index.php/Admin/Article/del
INFO: [ app_begin ] --START--
INFO: Run Behavior\ReadHtmlCacheBehavior [ RunTime:0.000604s ]
INFO: [ app_begin ] --END-- [ RunTime:0.000964s ]
ERR: 非法操作:del

[ 2018-03-16T21:31:17+08:00 ] 127.0.0.1 /index.php/Admin/Index/index.html
ERR: XML标签语法错误 : condition=" $v.id eq  $i.pid"
          <dl class="layui-nav-child"

[ 2018-03-16T21:31:30+08:00 ] 127.0.0.1 /index.php/Admin/Index/index.html
ERR: XML标签语法错误 : condition=" v.id eq  i.pid"
          <dl class="layui-nav-child"

[ 2018-03-16T21:33:09+08:00 ] 127.0.0.1 /index.php/Admin/Index/index.html
ERR: 1054:Unknown column 'Array' in 'where clause'
 [ SQL语句 ] : SELECT * FROM `bbs_auth` WHERE ( id in (Array) and pid=0 and shows=0 ) 

[ 2018-03-16T21:33:40+08:00 ] 127.0.0.1 /index.php/Admin/Index/index.html
ERR: 1054:Unknown column 'Array' in 'where clause'
 [ SQL语句 ] : SELECT * FROM `bbs_auth` WHERE ( id in (Array) and pid=0 and shows=0 ) 

[ 2018-03-16T21:34:58+08:00 ] 127.0.0.1 /index.php/Admin/Index/index.html
ERR: 1054:Unknown column 'Array' in 'where clause'
 [ SQL语句 ] : SELECT * FROM `bbs_auth` WHERE ( id in (Array) and pid=0 and shows=0 ) 

[ 2018-03-16T21:35:00+08:00 ] 127.0.0.1 /index.php/Admin/Index/index.html
ERR: 1054:Unknown column 'Array' in 'where clause'
 [ SQL语句 ] : SELECT * FROM `bbs_auth` WHERE ( id in (Array) and pid=0 and shows=0 ) 

[ 2018-03-16T21:36:22+08:00 ] 127.0.0.1 /index.php/Admin/Index/index.html
ERR: 1054:Unknown column 'Array' in 'where clause'
 [ SQL语句 ] : SELECT * FROM `bbs_auth` WHERE ( id in (Array) and pid=0 and shows=0 ) 

[ 2018-03-16T21:53:25+08:00 ] 127.0.0.1 /index.php/Admin/Index/index.html
ERR: XML标签语法错误 : name='<?php echo (session('second')); ?

[ 2018-03-16T22:06:12+08:00 ] 127.0.0.1 /index.php/Admin/Index/undefined
ERR: 非法操作:undefined

[ 2018-03-16T22:06:14+08:00 ] 127.0.0.1 /index.php/Admin/Index/undefined
ERR: 非法操作:undefined

[ 2018-03-16T22:06:16+08:00 ] 127.0.0.1 /index.php/Admin/Index/undefined
ERR: 非法操作:undefined

[ 2018-03-16T22:08:50+08:00 ] 127.0.0.1 /index.php/Admin/Index/undefined
ERR: 非法操作:undefined

[ 2018-03-16T22:08:52+08:00 ] 127.0.0.1 /index.php/Admin/Index/undefined
ERR: 非法操作:undefined

[ 2018-03-16T22:15:48+08:00 ] 127.0.0.1 /index.php/Admin/Index/undefined
ERR: 非法操作:undefined

[ 2018-03-16T22:15:51+08:00 ] 127.0.0.1 /index.php/Admin/Index/undefined
ERR: 非法操作:undefined

[ 2018-03-16T22:19:59+08:00 ] 127.0.0.1 /index.php/Admin/Index/undefined
ERR: 非法操作:undefined

